/usr/bin/python /Users/sahara/PycharmProjects/Kmeans/testKmeans.py
初始化数组
afkmc2
seed array
[array([  2.,  12.,   3.,  12.,   1.,   5.,   3.,   4.,   1.,  11.,   1.]), array([ 1.,  8.,  2.,  7.,  4.,  4.,  1.,  1.,  1.,  2.,  0.]), array([  4.,  10.,   4.,   8.,   1.,   1.,   4.,   4.,   4.,  12.,   0.]), array([  3.,   2.,   4.,   3.,   1.,  13.,   4.,   2.,   4.,   9.,   1.]), array([  3.,  13.,   2.,   5.,   2.,   2.,   1.,   8.,   1.,   2.,   1.]), array([  2.,   8.,   1.,   4.,   3.,   6.,   1.,  11.,   4.,   8.,   1.]), array([  4.,   8.,   2.,  11.,   3.,   6.,   3.,  12.,   1.,   2.,   0.])]
将numpy 数组 转化为 多维空间 point
开始 Kmeans
划定聚类中心
开始迭代
迭代中....
迭代结束
迭代次数 count=68
[2.5415624131220462, 8.6777870447595227, 2.5184876285793716, 8.7806505421184315, 2.5312760633861551, 10.572699471782041, 2.4798443147067002, 5.7759243814289682, 2.4934667778704478, 10.197108701695857, 0.74923547400611623]
[2.5099812850904555, 9.5945102932002495, 2.4706799750467874, 9.848721147847785, 2.5165315034310667, 6.2595134123518399, 2.5109170305676858, 4.0708047411104182, 2.5118527760449156, 3.5667498440424206, 0.56550218340611358]
[2.5238341968911917, 6.9238341968911916, 2.5088082901554403, 7.4075129533678759, 2.495077720207254, 3.2841968911917099, 2.517616580310881, 4.6831606217616581, 2.4696891191709844, 10.300259067357512, 0.57901554404145072]
[2.4815325248070561, 4.5079933847850056, 2.4619625137816978, 4.2196802646085994, 2.5231532524807054, 8.9977949283351712, 2.5088202866593163, 4.0410694597574421, 2.5231532524807054, 4.7285005512679161, 0.72216097023153247]
[2.4564761405348716, 10.359465128474042, 2.5251704247509177, 4.2108023072889358, 2.4900367068694282, 6.1004195070791818, 2.4837441006816992, 9.7299423177766133, 2.4876769795490299, 5.0977975878342949, 0.58363922391190348]
[2.5082242363209128, 4.254447801275596, 2.4944612286002013, 4.0305471634776771, 2.5397784491440079, 7.8731117824773413, 2.5018462571332662, 10.213494461228601, 2.5139308492782813, 9.9315206445115809, 0.54044981537428671]
[2.5392256749872644, 4.5112073357106466, 2.4987264391237902, 10.264136525725929, 2.4859908303616911, 6.4401426388181351, 2.4724910850738664, 10.068772287315333, 2.4890473764645948, 5.1148751910341312, 0.5950076413652573]
kpp
seed array
[array([  4.,  10.,   1.,  11.,   2.,   1.,   4.,  12.,   3.,   5.,   0.]), array([ 1.,  9.,  4.,  7.,  3.,  5.,  3.,  9.,  1.,  8.,  1.]), array([  4.,   3.,   4.,  13.,   3.,   2.,   4.,   1.,   4.,  11.,   0.]), array([  1.,   1.,   1.,   4.,   4.,   1.,   4.,  10.,   1.,   2.,   1.]), array([  4.,  12.,   1.,   9.,   1.,   6.,   2.,   7.,   4.,   3.,   0.]), array([  3.,   4.,   4.,   4.,   3.,  13.,   4.,   2.,   1.,   1.,   1.]), array([  2.,   9.,   1.,  12.,   1.,  13.,   3.,   6.,   4.,   8.,   0.])]
将numpy 数组 转化为 多维空间 point
开始 Kmeans
划定聚类中心
开始迭代
迭代中....
迭代结束
迭代次数 count=80
[2.5089372765680857, 9.4910627234319147, 2.5333116672083196, 10.202794930126746, 2.5073123171920702, 4.8241793955151122, 2.4705882352941178, 9.7292817679558006, 2.5027624309392267, 4.3350666233344164, 0.59441013974650636]
[2.497570194384449, 10.008909287257019, 2.4954103671706265, 4.6938444924406051, 2.4964902807775378, 5.6444384449244058, 2.5197084233261338, 9.1884449244060473, 2.4951403887688985, 10.167386609071274, 0.62553995680345575]
[2.5158955802532956, 5.2755233910571206, 2.509175497544585, 9.4466270354096658, 2.5021969501163093, 3.493150684931507, 2.5125355388989403, 4.2160765055569911, 2.4897906435771517, 8.3468596536572761, 0.61126906177306795]
[2.5254976820289063, 4.1780747204799562, 2.4949550040905373, 4.1527133896918462, 2.5164985001363513, 6.6670302699754567, 2.4930460867193891, 9.4826833924188705, 2.4832287973820564, 3.9931824379601855, 0.68311971638941915]
[2.4890862944162437, 10.198223350253807, 2.4710659898477156, 6.1675126903553297, 2.5263959390862945, 8.697208121827412, 2.4992385786802029, 3.8238578680203044, 2.5142131979695432, 4.3208121827411166, 0.54949238578680204]
[2.5231167151632721, 4.6091173617846755, 2.5050113158745555, 3.7833818299385711, 2.5033947623666344, 9.4041383769802778, 2.4998383446492078, 4.5809893307468474, 2.508567733591982, 9.8273520853540255, 0.57775622373100555]
[2.5046448087431692, 5.056010928961749, 2.4833333333333334, 10.61912568306011, 2.5172131147540981, 10.479781420765027, 2.471584699453552, 8.0163934426229506, 2.4893442622950821, 7.8639344262295081, 0.70136612021857925]
afkmc2_with_weight
kpp
seed array
[array([ 2.,  4.,  2.,  5.,  4.,  6.,  4.,  5.,  1.,  7.,  1.]), array([  3.,   1.,   1.,  10.,   3.,   3.,   3.,   7.,   4.,   7.,   1.]), array([  4.,   9.,   2.,  10.,   2.,  11.,   2.,   7.,   3.,  13.,   0.]), array([  2.,  13.,   1.,  11.,   1.,   2.,   2.,   9.,   4.,  12.,   0.]), array([  2.,   4.,   4.,  10.,   1.,   1.,   2.,  13.,   4.,   1.,   1.]), array([  3.,   2.,   1.,   9.,   1.,  10.,   3.,   3.,   2.,  13.,   0.]), array([  2.,   7.,   1.,  13.,   3.,  11.,   3.,  12.,   3.,  13.,   1.])]
将numpy 数组 转化为 多维空间 point
开始 Kmeans
划定聚类中心
开始迭代
迭代中..
迭代结束
迭代次数 count=5
[2.5082666666666666, 5.7664, 2.4813333333333332, 2.7685333333333335, 2.5077333333333334, 6.9383999999999997, 2.4997333333333334, 5.4405333333333337, 2.4914666666666667, 4.5138666666666669, 0.76746666666666663]
[2.5407450523864958, 4.0232828870779977, 2.5133876600698488, 10.030849825378347, 2.4985448195576252, 3.688882421420256, 2.4857392316647262, 5.4132712456344585, 2.4612922002328288, 6.3338183934807919, 0.60506402793946445]
[2.5045992115637321, 10.838633377135348, 2.5067017082785807, 7.6515111695137978, 2.5303547963206308, 10.366885676741131, 2.481471747700394, 4.9884362680683312, 2.4951379763469119, 6.8825229960578183, 0.64257555847568992]
[2.4957005563985839, 9.9076884167931212, 2.4779969650986344, 6.5751138088012135, 2.505563985837127, 3.5925644916540214, 2.5275670207384926, 7.3077895801719777, 2.5098634294385431, 10.144916540212444, 0.5791603439554881]
[2.4989798892451178, 8.8408627222384144, 2.5330807344797437, 7.611774992713495, 2.4867385601865344, 5.3628679685222966, 2.4890702419119792, 10.256484989798892, 2.5158845817545905, 3.0288545613523752, 0.55290002914602154]
[2.5028149190710769, 3.8314567206192822, 2.484517945109078, 7.2751583391977483, 2.4912033779028855, 9.752638986629135, 2.4933145672061929, 3.6284306826178749, 2.4862772695285011, 9.6798029556650249, 0.49753694581280788]
[2.5113396624472575, 4.7112341772151902, 2.4891877637130801, 7.5614451476793247, 2.543512658227848, 9.7473628691983123, 2.4910337552742616, 10.878428270042194, 2.5163502109704643, 8.2397151898734169, 0.66772151898734178]
min_dist=55.5250172502
seed array
[array([  2.,   5.,   1.,   7.,   2.,   9.,   4.,   4.,   1.,  10.,   0.]), array([ 4.,  3.,  2.,  9.,  4.,  2.,  2.,  3.,  1.,  6.,  1.]), array([  3.,  10.,   1.,   5.,   1.,   4.,   1.,  10.,   3.,   3.,   1.]), array([  2.,   6.,   3.,   9.,   4.,   9.,   1.,  10.,   2.,   7.,   1.]), array([  2.,  12.,   3.,   6.,   4.,  12.,   1.,   6.,   1.,   7.,   2.]), array([  3.,  11.,   3.,   6.,   1.,   3.,   2.,   6.,   4.,  13.,   1.]), array([  3.,  10.,   1.,   6.,   2.,   9.,   3.,   5.,   2.,  10.,   1.])]
将numpy 数组 转化为 多维空间 point
开始 Kmeans
划定聚类中心
开始迭代
迭代中..
迭代结束
迭代次数 count=58
[2.5092281879194629, 3.5654362416107381, 2.4860178970917226, 3.6034675615212528, 2.5078299776286355, 8.4398769574944073, 2.5145413870246087, 4.4558165548098438, 2.4958053691275168, 7.0497762863534676, 0.68680089485458617]
[2.5165526675786594, 5.4082079343365255, 2.4779753761969903, 9.9679890560875517, 2.5042407660738712, 3.9521203830369358, 2.490013679890561, 3.6161422708618329, 2.4741450068399451, 7.0845417236662103, 0.59179206566347464]
[2.4822445107075088, 8.7413933315261581, 2.5253456221198158, 4.2881539712659258, 2.4795337489834646, 4.7644348061805371, 2.4903767958796421, 9.0666847384114941, 2.4966115478449442, 3.516400108430469, 0.61751152073732718]
[2.5072108843537415, 3.8440816326530611, 2.4827210884353743, 8.6715646258503405, 2.5472108843537415, 10.069931972789115, 2.4761904761904763, 9.9945578231292522, 2.489795918367347, 6.5785034013605443, 0.60081632653061223]
[2.4983904009364939, 10.127889961954931, 2.5013169446883232, 9.728124085455077, 2.5086333040678959, 9.5220954053263096, 2.4732221246707637, 5.4293239683933274, 2.5068773778167985, 4.2508047995317533, 0.60257535850160959]
[2.504335260115607, 7.2419075144508671, 2.5248554913294798, 8.2537572254335263, 2.4838150289017342, 3.8017341040462429, 2.5141618497109826, 10.311849710982658, 2.5164739884393064, 10.039306358381502, 0.61965317919075147]
[2.5438100621820237, 10.287167891464104, 2.4867156585641603, 4.6975692481628037, 2.5398530243075186, 8.6274731486715659, 2.5135669869983039, 5.6732617297908421, 2.5033917467495761, 10.351893725268514, 0.62945166760881854]
error_afkmc2             = 1130454.60645    during_afkmc2 = 165.527213097
error_kpp                = 1126090.71685    during_kpp = 196.913017988
error_afkmc2_with_weight = 1128973.28125    during_afkmc2_with_weight = 162.10271287

Process finished with exit code 0
