/usr/bin/python /Users/sahara/PycharmProjects/Kmeans/testKmeans.py
初始化数组
afkmc2
seed array
[array([  4.,   9.,   4.,  10.,   1.,   1.,   4.,  13.,   1.,   9.,   1.]), array([  4.,  13.,   4.,   7.,   3.,   5.,   2.,   6.,   1.,  11.,   0.]), array([ 1.,  3.,  3.,  8.,  1.,  8.,  2.,  2.,  3.,  7.,  1.]), array([  3.,   8.,   4.,  10.,   2.,   5.,   1.,  12.,   3.,  13.,   0.]), array([  1.,   5.,   3.,   3.,   2.,   4.,   3.,  10.,   1.,   3.,   1.]), array([  3.,  13.,   4.,   7.,   2.,   9.,   4.,   9.,   3.,  11.,   1.]), array([  4.,   7.,   2.,   6.,   2.,  10.,   2.,  12.,   3.,  10.,   1.])]
将numpy 数组 转化为 多维空间 point
开始 Kmeans
划定聚类中心
开始迭代
迭代中.
迭代结束
迭代次数 count=105
[2.5075934579439254, 9.5516939252336446, 2.4959112149532712, 10.327978971962617, 2.520443925233645, 7.2707359813084116, 2.4632009345794392, 8.9737149532710276, 2.5020443925233646, 3.6460280373831777, 0.62091121495327106]
[2.5107794361525704, 8.4654505251520185, 2.4842454394693201, 4.9903261470425653, 2.4944720840243226, 3.3941404090657823, 2.5071862907683804, 3.8844665561083471, 2.4980652294085131, 8.5707573244886675, 0.65201768933112214]
[2.4920472036942023, 3.4892252437147255, 2.45638789122627, 9.645715751667522, 2.4974345818368393, 7.8963571062083115, 2.5059004617752692, 3.8293996921498206, 2.4599794766546945, 5.9476654694715236, 0.59543355566957412]
[2.5390898483080515, 6.9136522753792296, 2.5207117852975496, 9.6665694282380397, 2.4746207701283547, 4.0589264877479581, 2.5043757292882147, 9.6464410735122517, 2.5134189031505252, 10.102975495915986, 0.62427071178529758]
[2.496304407336436, 5.8346564467560906, 2.5173829728989872, 3.6955926635641938, 2.4987681357788118, 5.8858472488365727, 2.515466739666028, 9.3813304133588833, 2.4749520941691761, 3.5494114426498768, 0.66465918423213799]
[2.501559398922597, 10.229089878083357, 2.5154522256875533, 5.8500141763538416, 2.5429543521406295, 10.467252622625461, 2.5043946696909556, 4.0365749929118229, 2.5372838106039128, 7.2047065494754747, 0.57244116813155654]
[2.5170421721548237, 4.8887926054303872, 2.4985557481224725, 4.9503177354130559, 2.5450606585788562, 10.149046793760832, 2.4676487579433855, 9.3440207972270368, 2.5008665511265167, 9.9511842865395721, 0.61871750433275563]
kpp
seed array
[array([ 2.,  5.,  1.,  6.,  2.,  3.,  3.,  7.,  3.,  3.,  1.]), array([  4.,   1.,   2.,   2.,   2.,  13.,   4.,   8.,   4.,   4.,   0.]), array([  1.,  12.,   1.,   9.,   2.,   8.,   1.,   4.,   2.,   9.,   1.]), array([  2.,   3.,   4.,   4.,   1.,  11.,   4.,  12.,   4.,   6.,   0.]), array([  4.,   5.,   1.,  10.,   4.,   3.,   4.,   1.,   3.,   2.,   0.]), array([  4.,   8.,   1.,  13.,   3.,   5.,   1.,   5.,   2.,   3.,   1.]), array([  4.,  12.,   1.,   9.,   3.,  13.,   1.,  12.,   2.,  11.,   1.])]
将numpy 数组 转化为 多维空间 point
开始 Kmeans
划定聚类中心
开始迭代
迭代中....
迭代结束
迭代次数 count=100
[2.4822281167108753, 8.3809018567639253, 2.5291777188328912, 4.092572944297082, 2.476657824933687, 4.7164456233421754, 2.4973474801061006, 9.4119363395225459, 2.4976127320954906, 3.9408488063660476, 0.60795755968169762]
[2.4803536345776029, 4.2334643091028159, 2.4662737393582188, 4.1168958742632613, 2.5216110019646365, 9.6250818598559267, 2.5098231827111985, 4.4561231172233136, 2.5098231827111985, 4.5841519318925998, 0.67714472822527827]
[2.5220862160723789, 9.8797232570516229, 2.490154337413518, 4.6423629590207556, 2.5399148483235763, 7.3347525279403936, 2.5359233634912188, 4.243480574773816, 2.4909526343799895, 10.159659393294305, 0.57876530069185739]
[2.5208057248873574, 4.0612244897959187, 2.483699973495892, 6.4304267161410023, 2.5523456135701035, 9.4781341107871722, 2.4823747680890538, 10.098595282268752, 2.4943016167505965, 9.4566657831963958, 0.61277498012191889]
[2.5234735413839893, 3.9438263229308004, 2.4971506105834465, 9.509633649932157, 2.4862957937584804, 4.2309362279511538, 2.5044776119402985, 4.1584803256445051, 2.4762550881953866, 7.2116689280868389, 0.62578018995929441]
[2.5151987529228372, 9.3037152507144718, 2.4975318264484283, 10.268641205507924, 2.5284489477786436, 9.7116134060795005, 2.4712912444790853, 6.3803585346843334, 2.5076643283969862, 4.2626656274356973, 0.61106780982073261]
[2.5126561999359178, 8.8535725728933041, 2.5174623518103174, 9.9801345722524832, 2.4588272989426465, 3.8295418135213071, 2.469080422941365, 9.8071131047741105, 2.5081704581864788, 9.1121435437359821, 0.6504325536686959]
afkmc2_with_weight
kpp
seed array
[array([  2.,  11.,   4.,  12.,   2.,   1.,   2.,   9.,   2.,  12.,   1.]), array([  3.,   9.,   4.,   9.,   2.,   8.,   2.,  11.,   2.,   4.,   1.]), array([  2.,  10.,   1.,   8.,   3.,  12.,   3.,   2.,   2.,  12.,   1.]), array([  1.,   2.,   1.,   6.,   3.,  12.,   3.,   6.,   4.,  10.,   1.]), array([  3.,   7.,   1.,  12.,   2.,  11.,   1.,   5.,   2.,  13.,   0.]), array([  3.,  12.,   2.,   1.,   2.,  13.,   3.,   3.,   3.,   6.,   0.]), array([  1.,   2.,   2.,  12.,   4.,   1.,   4.,   3.,   3.,   2.,   1.])]
将numpy 数组 转化为 多维空间 point
开始 Kmeans
划定聚类中心
开始迭代
迭代中..
迭代结束
迭代次数 count=5
[2.5104462213051328, 8.5919525406241934, 2.5076089760123805, 7.1924168171266443, 2.4787206603043592, 3.228011348981171, 2.5174103688418881, 8.8712922362651536, 2.4983234459633739, 10.145989166881609, 0.56925457828217696]
[2.5020040080160322, 8.0501002004008022, 2.5142785571142285, 8.074649298597194, 2.5042585170340681, 7.2224448897795588, 2.4804609218436875, 10.840931863727455, 2.5210420841683367, 3.4501503006012024, 0.60145290581162325]
[2.5176169122357464, 10.500320307495196, 2.4849455477258169, 7.1784112748238309, 2.5317104420243433, 9.0214606021780916, 2.501601537475977, 4.1255605381165923, 2.501601537475977, 9.8955797565663044, 0.66335682254964767]
[2.5362025316455696, 3.4797468354430379, 2.5030379746835445, 3.3605063291139241, 2.5253164556962027, 8.4797468354430379, 2.4956962025316454, 7.8440506329113928, 2.4994936708860758, 8.4339240506329105, 0.60227848101265824]
[2.5085218469166408, 4.3873566780291293, 2.5010845986984815, 10.804772234273319, 2.5184381778741867, 9.9429810969941119, 2.4896188410288191, 6.7672761078400994, 2.4917880384257827, 8.7195537651069106, 0.62317942361326306]
[2.4759391493325054, 9.6764979819931707, 2.4908413536168892, 3.7932319155541756, 2.5203352995963986, 8.0192486805339964, 2.5032598571872091, 4.78795405153679, 2.5082272586153369, 3.7739832350201801, 0.58491151816206144]
[2.5062137531068767, 4.8746202706434687, 2.4772162386081193, 8.9853631593482461, 2.4993095829881247, 4.004694835680751, 2.4843965755316213, 4.0972107152720243, 2.4592653962993647, 4.5642087821043908, 0.71306268986467825]
min_dist=51.0633618998
seed array
[array([  2.,   7.,   2.,  10.,   4.,   4.,   1.,   6.,   1.,   4.,   1.]), array([  3.,   5.,   2.,  12.,   4.,  11.,   2.,   7.,   1.,   8.,   0.]), array([ 1.,  8.,  2.,  1.,  2.,  8.,  2.,  5.,  3.,  4.,  1.]), array([  2.,   3.,   3.,   3.,   2.,   8.,   4.,   9.,   4.,  11.,   1.]), array([  1.,   7.,   1.,  10.,   2.,  10.,   3.,   6.,   1.,   9.,   1.]), array([  2.,   6.,   2.,  11.,   3.,   7.,   2.,  12.,   2.,   4.,   0.]), array([ 2.,  4.,  3.,  9.,  1.,  5.,  3.,  1.,  3.,  5.,  1.])]
将numpy 数组 转化为 多维空间 point
开始 Kmeans
划定聚类中心
开始迭代
迭代中...
迭代结束
迭代次数 count=71
[2.5077424612876937, 10.06465634338495, 2.4811192610703614, 8.807117631078512, 2.5031241510459115, 4.2233088834555828, 2.511002444987775, 3.7071447976093452, 2.5061124694376526, 5.9606085302906822, 0.55419722901385493]
[2.5017100762957116, 4.1068139963167587, 2.4838200473559588, 10.330965535385426, 2.5122336227308604, 10.19468560905025, 2.4853985793212314, 5.6732438831886345, 2.4772428308339909, 7.3278084714548806, 0.56064193633254411]
[2.4801797040169133, 7.8213530655391121, 2.5240486257928119, 3.9706659619450315, 2.5200845665961946, 9.2629492600422836, 2.4754228329809727, 9.322938689217759, 2.5, 3.6958245243128962, 0.56342494714587743]
[2.5192102454642478, 6.3415154749199569, 2.4845250800426895, 5.7462646744930632, 2.5093383137673424, 4.8175026680896478, 2.5352187833511204, 10.214781216648879, 2.5146744930629668, 10.663553895410885, 0.59364994663820703]
[2.5296113510178904, 10.199568167797656, 2.5055521283158546, 5.692473781616286, 2.541024059222702, 10.12646514497224, 2.4978408389882789, 5.298272671190623, 2.4756323257248614, 9.9750154225786556, 0.69093152375077116]
[2.5346326836581707, 6.9319340329835084, 2.5049475262368817, 10.357121439280359, 2.510344827586207, 4.9319340329835084, 2.463568215892054, 10.417391304347825, 2.5055472263868066, 4.5406296851574215, 0.58950524737631183]
[2.4928341620356829, 3.7274056741737351, 2.5019011406844105, 4.1474115238373797, 2.4764551038315297, 5.4820122842936527, 2.5007312079555426, 3.7844398947060545, 2.5007312079555426, 6.700789704591986, 0.81924539338988012]
error_afkmc2             = 1129919.17621    during_afkmc2 = 247.810865879
error_kpp                = 1128632.30705    during_kpp = 236.465891838
error_afkmc2_with_weight = 1131613.66948    during_afkmc2_with_weight = 190.946259022

Process finished with exit code 0
