/usr/bin/python /Users/sahara/PycharmProjects/Kmeans/testKmeans.py
初始化数组
afkmc2
seed array
[array([  3.,   4.,   4.,  11.,   4.,  12.,   1.,   9.,   4.,   7.,   0.]), array([  1.,  11.,   4.,   9.,   2.,   9.,   1.,  13.,   3.,  12.,   1.]), array([  1.,  10.,   3.,  10.,   1.,  13.,   1.,   1.,   2.,   1.,   2.]), array([  1.,   3.,   2.,  10.,   1.,  10.,   4.,  11.,   2.,   8.,   1.]), array([  2.,  11.,   1.,   6.,   3.,   9.,   4.,  13.,   1.,   2.,   0.]), array([ 3.,  3.,  4.,  2.,  4.,  7.,  3.,  1.,  2.,  7.,  1.]), array([  2.,  13.,   3.,   3.,   4.,  10.,   2.,   6.,   4.,   8.,   0.])]
将numpy 数组 转化为 多维空间 point
开始 Kmeans
划定聚类中心
开始迭代
迭代中....
迭代结束
迭代次数 count=60
[2.4975045967953768, 4.0717100078802204, 2.4901497241922774, 10.250328342526924, 2.5135277121092723, 10.44602048857368, 2.4736012608353035, 6.5681639085894403, 2.5011820330969265, 7.2098765432098766, 0.58576306803257161]
[2.5074135090609557, 9.6820428336079072, 2.5016474464579903, 8.6839648544755637, 2.4868204283360789, 4.296540362438221, 2.5244371224601867, 8.6507413509060953, 2.49780340472268, 10.333058758923668, 0.68478857770455792]
[2.5181638974936638, 9.908194874683188, 2.479301605181639, 10.15601239087581, 2.5257673894677555, 6.2188116023655304, 2.488313151225007, 5.0107012109264994, 2.4964798648268092, 3.7896367220501266, 0.54350887074063647]
[2.5511856564488142, 3.2513013302486988, 2.4754193175245809, 5.9791787160208214, 2.5080971659919027, 5.5355696934644305, 2.4855407750144591, 10.751012145748987, 2.5294968189705034, 7.1272411798727591, 0.56477732793522262]
[2.4556677890011223, 9.2962962962962958, 2.5255331088664423, 4.115319865319865, 2.5232884399551065, 8.4161054994388333, 2.4710998877665546, 9.5479797979797976, 2.4789562289562288, 3.8041526374859709, 0.56285072951739623]
[2.5068220579874927, 4.3703808982376353, 2.4968732234223991, 5.4494030699260945, 2.4829448550312678, 4.0545764638999433, 2.5008527572484365, 3.4323479249573623, 2.4920409323479249, 6.5426378624218309, 0.83769187038089821]
[2.5270893371757923, 8.4305475504322764, 2.5152737752161385, 4.0913544668587898, 2.5317002881844379, 9.9492795389049, 2.5291066282420749, 4.6242074927953887, 2.4855907780979827, 9.9074927953890484, 0.56916426512968299]
kpp
seed array
[array([  4.,   4.,   3.,   9.,   2.,   1.,   1.,  13.,   4.,   2.,   0.]), array([  4.,  10.,   4.,   6.,   4.,   7.,   4.,   2.,   1.,   9.,   0.]), array([  1.,   5.,   4.,   1.,   3.,  12.,   4.,  13.,   4.,   4.,   0.]), array([  3.,  13.,   3.,   7.,   3.,   2.,   1.,  13.,   4.,   1.,   1.]), array([  1.,  13.,   3.,  13.,   3.,   7.,   3.,  12.,   2.,  13.,   3.]), array([  2.,  10.,   1.,   3.,   2.,   8.,   3.,  10.,   1.,  13.,   1.]), array([  3.,  13.,   1.,   3.,   4.,   7.,   3.,  11.,   1.,   7.,   1.])]
将numpy 数组 转化为 多维空间 point
开始 Kmeans
划定聚类中心
开始迭代
迭代中..
迭代结束
迭代次数 count=98
[2.5081545064377684, 3.8409155937052932, 2.4978540772532187, 8.324463519313305, 2.4812589413447781, 3.7662374821173104, 2.4998569384835481, 3.8426323319027182, 2.4818311874105867, 7.044349070100143, 0.72618025751072957]
[2.5060472787245738, 5.9529961517317211, 2.5016492578339746, 6.247938427707532, 2.5362836723474436, 10.273227047828478, 2.4854315557998898, 3.7410665200659703, 2.4791094007696537, 9.9708631115997797, 0.54782847718526662]
[2.5143540669856459, 3.6757044125465179, 2.4835194045720361, 6.7769803296119084, 2.5441254651780967, 8.6788942052099944, 2.4938862307283358, 9.6488569909622548, 2.5058479532163744, 3.7091972355130252, 0.58187134502923976]
[2.4977457168620378, 9.9194469492034862, 2.4944394349263601, 9.882476705740908, 2.5169822663059813, 9.8479110309588211, 2.4929365795010519, 5.5190862639014124, 2.5070634204989481, 4.4159903817252779, 0.61647129546137658]
[2.5528807140925074, 8.690559913443332, 2.5374628076819041, 10.480659994590209, 2.4701109007303219, 4.1796050852042193, 2.4839058696240195, 9.3762510143359474, 2.5052745469299431, 8.7433053827427649, 0.64133080876386261]
[2.5092592592592591, 6.8954599761051378, 2.4770011947431301, 3.8130227001194745, 2.5462962962962963, 7.67741935483871, 2.5047789725209082, 10.412186379928315, 2.4991039426523298, 10.253584229390681, 0.60185185185185186]
[2.4720812182741119, 10.105530323270104, 2.4902484637990918, 3.6639059577878705, 2.4792946834090301, 4.893668180603794, 2.511087363077745, 5.9861074004808978, 2.5028052364413571, 4.7942826609671387, 0.63531926262356397]
afkmc2_with_weight
kpp
seed array
[array([  1.,   7.,   3.,  11.,   3.,   7.,   4.,   8.,   3.,  10.,   1.]), array([ 1.,  2.,  4.,  3.,  4.,  8.,  4.,  4.,  4.,  7.,  0.]), array([  2.,   4.,   4.,  10.,   3.,   5.,   1.,   8.,   2.,  10.,   1.]), array([  3.,   2.,   1.,   5.,   3.,  13.,   3.,   7.,   4.,   2.,   1.]), array([  3.,   5.,   2.,   5.,   3.,   7.,   4.,  11.,   4.,   6.,   1.]), array([  1.,  11.,   2.,  12.,   2.,  13.,   1.,   9.,   1.,  10.,   4.]), array([  1.,  13.,   4.,   1.,   1.,   5.,   1.,   2.,   1.,   1.,   1.])]
将numpy 数组 转化为 多维空间 point
开始 Kmeans
划定聚类中心
开始迭代
迭代中..
迭代结束
迭代次数 count=5
[2.5032100275145215, 10.284316722714767, 2.4863955976765517, 10.42525221644757, 2.4805869764597981, 3.9837970039743196, 2.5117701008865789, 6.2992968511158667, 2.4922042188933049, 7.9468052583307855, 0.56221339040048912]
[2.5170855690482914, 4.7551539113244843, 2.5224512849477549, 3.9265744140073426, 2.5182151934481785, 8.2109573566789038, 2.4978819542502118, 4.2304433775769557, 2.4752894662524709, 10.044620163795537, 0.59728890144027114]
[2.5551743853630646, 3.4028016009148083, 2.521440823327616, 10.053173241852488, 2.4931389365351628, 4.1163522012578619, 2.4731275014293881, 7.4951400800457408, 2.4811320754716979, 8.0540308747855924, 0.57632933104631223]
[2.5016198704103672, 4.0521058315334777, 2.4646328293736501, 8.4254859611231101, 2.539416846652268, 10.114470842332613, 2.4811015118790496, 6.6301295896328289, 2.5226781857451406, 3.7073434125269977, 0.56047516198704106]
[2.4897129186602869, 7.1174641148325355, 2.5117224880382776, 3.7619617224880382, 2.5014354066985645, 5.8308612440191387, 2.5155502392344498, 11.071291866028709, 2.4892344497607657, 6.6136363636363633, 0.58492822966507174]
[2.5124749067966734, 9.9277315744192709, 2.4964152566676225, 8.7702896472612561, 2.5227989675939204, 10.942930886148552, 2.4749067966733582, 7.8763980498996276, 2.4952681388012619, 8.2770289647261261, 0.82821909951247485]
[2.4845298888555121, 9.9705617302493241, 2.4782216881946528, 4.4274556924001205, 2.5142685491138481, 5.6845899669570441, 2.5160708921598078, 4.0633823971162508, 2.5268849504355662, 4.254731150495644, 0.64764193451486929]
min_dist=48.9587034929
seed array
[array([  1.,   8.,   2.,  11.,   1.,   4.,   2.,   6.,   3.,   8.,   1.]), array([  4.,   7.,   1.,   3.,   4.,   8.,   4.,  12.,   2.,   6.,   0.]), array([ 3.,  5.,  3.,  8.,  2.,  8.,  2.,  7.,  3.,  6.,  1.]), array([  2.,   5.,   3.,   8.,   3.,  11.,   2.,   9.,   1.,   2.,   0.]), array([  4.,  10.,   3.,  11.,   2.,   5.,   1.,   7.,   2.,   6.,   0.]), array([  4.,  11.,   4.,   5.,   1.,   6.,   3.,   3.,   3.,   2.,   0.]), array([  3.,   3.,   4.,   4.,   1.,   8.,   2.,   2.,   1.,  10.,   0.])]
将numpy 数组 转化为 多维空间 point
开始 Kmeans
划定聚类中心
开始迭代
迭代中.
迭代结束
迭代次数 count=41
[2.5012787723785168, 7.9929667519181589, 2.4932864450127878, 9.8391943734015346, 2.4859335038363173, 3.8174552429667519, 2.5, 4.2145140664961636, 2.5105498721227621, 9.8916240409207159, 0.54539641943734019]
[2.5031567389514136, 7.5495470765852319, 2.4902552841065058, 4.7710678012626957, 2.4847653033214385, 4.4139445511940707, 2.5333516332692834, 10.355750754872357, 2.5199011803458689, 9.8122426571506995, 0.58550645072742247]
[2.5321547527542916, 3.097104791186267, 2.4778375608506278, 10.701255444529849, 2.5201127337945168, 7.6720471432231614, 2.4722008711247758, 7.2024084037919547, 2.4622085575198565, 6.3458877786318215, 0.58211632077888809]
[2.4977635782747605, 4.6226837060702879, 2.48370607028754, 3.9463258785942492, 2.5345047923322683, 9.4073482428115014, 2.4968051118210863, 9.7875399361022364, 2.5217252396166132, 4.3607028753993609, 0.57699680511182105]
[2.5148801685541216, 10.453779299446932, 2.5101395838820122, 10.03292072688965, 2.5122465104029499, 8.3803002370292337, 2.4827495391098235, 8.5588622596786941, 2.493810903344746, 4.6963392151698713, 0.69449565446405059]
[2.4887387387387387, 8.0408220720720713, 2.5076013513513513, 4.5895270270270272, 2.4943693693693691, 4.6289414414414418, 2.4867680180180178, 4.2156531531531529, 2.4907094594594597, 3.689189189189189, 0.79560810810810811]
[2.5177599170339642, 7.1648949961109674, 2.5185377236193931, 4.8615504277936221, 2.5369458128078817, 10.306455794659062, 2.5019445164635727, 4.2789732953072335, 2.4905366865439462, 9.8776250972258239, 0.55872439719989631]
error_afkmc2             = 1132028.31555    during_afkmc2 = 142.478250027
error_kpp                = 1127270.55558    during_kpp = 233.010056019
error_afkmc2_with_weight = 1131017.33234    during_afkmc2_with_weight = 115.940284967

Process finished with exit code 0
