/usr/bin/python /Users/sahara/PycharmProjects/Kmeans/testKmeans.py
初始化数组
afkmc2
seed array
[array([  3.,   2.,   2.,   3.,   4.,  13.,   1.,   7.,   3.,   3.,   1.]), array([  3.,  13.,   3.,   2.,   1.,  10.,   4.,   4.,   3.,   7.,   0.]), array([  3.,   5.,   4.,   4.,   2.,   1.,   2.,  12.,   3.,  12.,   1.]), array([  3.,   3.,   2.,   1.,   2.,  12.,   1.,   8.,   3.,   8.,   1.]), array([  3.,   7.,   4.,  11.,   2.,   5.,   4.,   4.,   2.,   3.,   0.]), array([ 3.,  2.,  2.,  3.,  2.,  1.,  4.,  7.,  2.,  2.,  1.]), array([  3.,   7.,   4.,   1.,   1.,  10.,   2.,   3.,   2.,   7.,   1.])]
将numpy 数组 转化为 多维空间 point
开始 Kmeans
划定聚类中心
开始迭代
迭代中...
迭代结束
迭代次数 count=63
[2.4899097185342538, 6.2737652681890603, 2.4723844928305896, 9.962559745087626, 2.5294742432288899, 10.383961763143919, 2.449814126394052, 8.3093467870419548, 2.5236325013276688, 4.0533722782793413, 0.6104620286776421]
[2.4943676395289298, 10.423707117255505, 2.5120327700972864, 4.9685099846390166, 2.5332821300563237, 9.3256528417818743, 2.5348182283666154, 4.2247823860727083, 2.5174091141833079, 8.3842805939580138, 0.57168458781362008]
[2.5205921938088829, 7.9240915208613725, 2.510094212651413, 9.2640646029609695, 2.4815612382234185, 4.1948855989232836, 2.5022880215343202, 9.900403768506056, 2.5033647375504708, 9.9302826379542388, 0.66379542395693136]
[2.525835866261398, 4.5893279297534617, 2.5075987841945291, 4.2512664640324216, 2.5474501857480583, 9.7281323877068555, 2.4650455927051671, 9.9945964201283353, 2.4930766632894295, 9.5602836879432616, 0.58291117865585951]
[2.5319573901464714, 9.358854860186419, 2.4773635153129163, 9.7716378162450059, 2.5213049267643144, 3.9427430093209055, 2.5013315579227697, 4.3328894806924101, 2.4916777629826896, 4.3079227696404789, 0.57256990679094544]
[2.4847033785581272, 6.9672785315243413, 2.5102420856610799, 3.6254322958233574, 2.4878957169459963, 4.9861665336525673, 2.5200851290236765, 8.9135408353285452, 2.4801808991753127, 3.6528332003192339, 0.68608672519287039]
[2.5224416517055657, 3.4054885868171327, 2.4921774814054887, 7.3129007437804567, 2.4806360605283406, 6.3903565016670942, 2.491408053347012, 3.3187996922287768, 2.4701205437291613, 8.7850730956655561, 0.64426776096434979]
kpp
seed array
[array([  2.,   9.,   4.,   2.,   4.,  13.,   2.,  10.,   1.,  10.,   1.]), array([  3.,   6.,   3.,  13.,   4.,   1.,   2.,   1.,   1.,   5.,   1.]), array([  4.,   3.,   2.,  10.,   2.,   3.,   2.,   9.,   1.,  11.,   1.]), array([  3.,  13.,   2.,   7.,   3.,  10.,   1.,   3.,   4.,   4.,   0.]), array([  1.,   9.,   3.,   6.,   1.,   3.,   1.,  10.,   3.,   2.,   0.]), array([  2.,  12.,   1.,   7.,   2.,  11.,   3.,   1.,   2.,  10.,   0.]), array([  1.,   3.,   3.,  12.,   3.,   6.,   2.,   1.,   3.,   1.,   1.])]
将numpy 数组 转化为 多维空间 point
开始 Kmeans
划定聚类中心
开始迭代
迭代中.
迭代结束
迭代次数 count=85
[2.5052560189894879, 4.689047134621906, 2.4859274330281451, 4.6314004747371991, 2.555103424889793, 9.914886402170227, 2.4771108850457781, 10.010172939979654, 2.5015259409969479, 9.7558494404883014, 0.60122075279755849]
[2.5225075025008334, 9.3067689229743245, 2.488496165388463, 9.2904301433811263, 2.5285095031677227, 3.585195065021674, 2.4901633877959322, 4.0113371123707902, 2.4708236078692898, 4.7135711903967987, 0.57985995331777263]
[2.5346790890269153, 4.7606107660455486, 2.5240683229813663, 10.054089026915113, 2.4780020703933747, 4.2872670807453419, 2.4950828157349898, 7.8633540372670812, 2.5015527950310559, 9.8317805383022776, 0.56004140786749479]
[2.5134201435025245, 9.6409779431304816, 2.5152803614137658, 10.155195322880679, 2.5067765081052351, 10.579856497475419, 2.4794047302684028, 6.9348923731065639, 2.4998671272920543, 6.4079192133935692, 0.75312250863672603]
[2.4767719670825592, 9.5049110698168295, 2.5338465622511284, 4.3790814972126357, 2.4815503052827181, 4.8346164056278207, 2.4985399522166181, 10.316963100610565, 2.4996018051499869, 5.3716485266790546, 0.57738253251924609]
[2.4965897166841553, 8.0262329485834201, 2.4884575026232949, 3.7549842602308501, 2.5183630640083945, 7.5448583420776494, 2.5212486883525709, 3.3601783840503674, 2.5099685204616997, 9.4338929695697793, 0.57791185729275973]
[2.5134854771784232, 3.1475622406639006, 2.4442427385892116, 6.7510373443983402, 2.5173755186721993, 8.3200207468879661, 2.504149377593361, 6.2053941908713695, 2.4932572614107884, 3.353734439834025, 0.68646265560165975]
afkmc2_with_weight
kpp
seed array
[array([  2.,  13.,   2.,   8.,   3.,  12.,   4.,   2.,   3.,   9.,   0.]), array([ 1.,  7.,  3.,  4.,  1.,  3.,  2.,  5.,  2.,  2.,  0.]), array([  4.,  11.,   4.,   2.,   4.,   7.,   4.,  13.,   2.,   3.,   0.]), array([  2.,   3.,   4.,   2.,   3.,   3.,   3.,   2.,   1.,  13.,   2.]), array([  3.,  13.,   1.,  12.,   3.,  10.,   4.,  10.,   3.,   1.,   1.]), array([  2.,   9.,   1.,   1.,   1.,  11.,   1.,   5.,   3.,   5.,   1.]), array([  4.,   6.,   3.,  12.,   4.,   1.,   2.,   7.,   3.,  10.,   0.])]
将numpy 数组 转化为 多维空间 point
开始 Kmeans
划定聚类中心
开始迭代
迭代中..
迭代结束
迭代次数 count=5
[2.5440582053354892, 9.7167879277822689, 2.4982484505524116, 8.6553489625437887, 2.5146860684451631, 9.3850714093236327, 2.499326327135543, 3.737537052007545, 2.5192670439234708, 9.1554836971166793, 0.62624629479924554]
[2.5043149946062568, 6.9452535059331177, 2.470873786407767, 7.0331715210355989, 2.4948759439050701, 3.871359223300971, 2.494066882416397, 4.2370550161812295, 2.4738403451995685, 3.3586839266450919, 0.76779935275080902]
[2.4666666666666668, 9.8333333333333339, 2.5100529100529099, 4.0013227513227516, 2.4870370370370369, 5.8431216931216934, 2.5063492063492063, 10.538359788359788, 2.4986772486772488, 6.9986772486772484, 0.58650793650793653]
[2.5139318885448918, 4.931888544891641, 2.4932920536635708, 3.9711042311661506, 2.496044031647747, 4.8276573787409705, 2.4908840729274164, 4.9611283109735123, 2.4764361885104917, 10.538011695906432, 0.59821121431028557]
[2.5019044828596542, 7.4412540287137414, 2.4679167887489011, 10.475534720187518, 2.5385291532376209, 9.2024611778493988, 2.4846176384412542, 9.1555815997656023, 2.5092294169352476, 3.6489891590975683, 0.61382947553472023]
[2.4924980257962623, 4.4577520400105293, 2.5030271123979997, 4.1255593577257175, 2.550934456435904, 10.879968412740196, 2.4967096604369572, 6.8802316399052383, 2.5019742037378259, 6.0097394051066066, 0.55514609107659907]
[2.5398158179848322, 5.2275189599133265, 2.5371072589382448, 10.598862405200434, 2.4880823401950161, 4.7072047670639217, 2.4972914409534126, 8.7776273022751887, 2.4981040086673891, 9.570422535211268, 0.59696641386782234]
min_dist=59.5341431588
seed array
[array([  2.,   8.,   4.,  10.,   3.,  12.,   3.,   7.,   1.,   3.,   0.]), array([  1.,  11.,   2.,   2.,   2.,   7.,   2.,  10.,   2.,   8.,   0.]), array([ 3.,  9.,  3.,  2.,  1.,  5.,  4.,  8.,  4.,  7.,  0.]), array([  2.,  11.,   3.,   3.,   2.,   3.,   3.,   9.,   4.,   8.,   1.]), array([  2.,  11.,   2.,  10.,   2.,   9.,   2.,   6.,   3.,   8.,   0.]), array([  3.,   2.,   4.,  11.,   3.,   3.,   2.,   9.,   1.,  10.,   0.]), array([ 2.,  9.,  2.,  7.,  4.,  2.,  4.,  4.,  2.,  1.,  0.])]
将numpy 数组 转化为 多维空间 point
开始 Kmeans
划定聚类中心
开始迭代
迭代中..
迭代结束
迭代次数 count=66
[2.5199330917201004, 4.8455533872316696, 2.4613883468079174, 10.321438528017842, 2.5238360747142461, 9.1619737942570385, 2.4836911067744634, 8.4488430443267362, 2.5001393922497908, 4.0016727069974909, 0.60858656258712018]
[2.4968833481745327, 6.6052241021074503, 2.491540516473731, 3.7868803799346988, 2.5609973285841496, 10.570495696052241, 2.4778866132383497, 10.071534579994063, 2.4930246363906203, 6.6785396260017809, 0.57168299198575245]
[2.5009618026930474, 3.7716405605935694, 2.5116790327012914, 3.8996977191536137, 2.4833745534487495, 6.6114317120087938, 2.514427040395713, 3.6806815059082165, 2.4877713657598242, 6.8620500137400384, 0.77603737290464414]
[2.4768753525098703, 9.0970107163000566, 2.5008460236886632, 4.2507050197405531, 2.4808234630569657, 3.6457980823463059, 2.5016920473773268, 9.9545967287084043, 2.4895657078398195, 7.2165820642978007, 0.5781161872532431]
[2.5231843575418993, 9.6659217877094967, 2.504469273743017, 7.6421787709497204, 2.5248603351955308, 9.9209497206703912, 2.492737430167598, 4.4737430167597765, 2.5139664804469275, 10.041061452513967, 0.67625698324022343]
[2.5398492191707054, 5.0487345180398489, 2.5234248788368334, 10.255250403877222, 2.4808831448572968, 4.3486806677436727, 2.5029617662897148, 7.8311793214862684, 2.5002692514808831, 10.077275175013462, 0.55788906838987617]
[2.5015384615384617, 10.064055944055944, 2.4892307692307694, 8.6525874125874118, 2.5211188811188809, 5.1169230769230767, 2.4965034965034967, 4.3636363636363633, 2.496223776223776, 3.7339860139860139, 0.57594405594405595]
error_afkmc2             = 1128243.97378    during_afkmc2 = 144.890762091
error_kpp                = 1129238.60369    during_kpp = 197.372631073
error_afkmc2_with_weight = 1130749.19549    during_afkmc2_with_weight = 169.3224051

Process finished with exit code 0
