/usr/bin/python /Users/sahara/PycharmProjects/Kmeans/testKmeans.py
初始化数组
afkmc2
seed array
[array([  1.,   8.,   2.,   3.,   4.,   5.,   4.,  12.,   3.,  10.,   0.]), array([  2.,  12.,   1.,   2.,   3.,  11.,   4.,   1.,   3.,  12.,   1.]), array([  2.,   1.,   3.,  11.,   1.,   3.,   4.,   4.,   2.,  10.,   0.]), array([ 2.,  7.,  4.,  9.,  3.,  2.,  4.,  8.,  1.,  7.,  1.]), array([ 4.,  2.,  2.,  5.,  4.,  9.,  2.,  7.,  2.,  2.,  1.]), array([ 1.,  3.,  2.,  7.,  4.,  4.,  2.,  1.,  3.,  1.,  1.]), array([ 3.,  9.,  2.,  5.,  1.,  5.,  3.,  3.,  2.,  4.,  1.])]
将numpy 数组 转化为 多维空间 point
开始 Kmeans
划定聚类中心
开始迭代
迭代中....
迭代结束
迭代次数 count=64
[2.4731058415268943, 8.8779641411220354, 2.4875650665124351, 3.3906882591093117, 2.4921920185078079, 4.686524002313476, 2.5213996529786002, 10.165413533834586, 2.5005783689994217, 7.6229034123770969, 0.56419895893580108]
[2.5180590019299696, 8.2315963606286182, 2.4957264957264957, 4.0391508133443619, 2.5235732009925558, 8.9608491866556381, 2.5249517507582024, 4.1521918941273777, 2.4946236559139785, 10.152467604080508, 0.55748552522746075]
[2.5362040592430062, 3.8354360943499728, 2.5035655512890838, 9.9725726823916627, 2.5010970927043337, 6.3721886999451458, 2.4978058145913331, 5.9846407021393304, 2.4720241360394954, 10.359297860669226, 0.53949533735600663]
[2.544722461892436, 9.8196721311475414, 2.5248777681909691, 10.652861662352603, 2.5024446361806154, 4.690250215703192, 2.4797238999137186, 9.3226919758412432, 2.5171124532643083, 7.0255967788323268, 0.6905378199597354]
[2.5007637474541751, 3.89918533604888, 2.4882892057026478, 6.1593686354378816, 2.5325865580448066, 10.036405295315681, 2.4722505091649696, 9.9600305498981676, 2.5183299389002038, 5.2899694501018333, 0.56415478615071279]
[2.5021533161068046, 5.2704565030146426, 2.4898076370944588, 6.105081826012059, 2.5058857306919324, 3.8182601205857019, 2.492678725236865, 4.0826873385012918, 2.4648291702555269, 3.9959804766006317, 0.86477174849267868]
[2.4848127396048363, 9.6122087879681501, 2.4951341787083456, 8.9035682689472129, 2.5107637864936598, 10.160424653494545, 2.4842229430846356, 4.6714833382483043, 2.5128280743143616, 4.146269537009732, 0.57976997935712182]
kpp
seed array
[array([  4.,  12.,   4.,   6.,   1.,   3.,   2.,   5.,   4.,  13.,   0.]), array([  3.,   7.,   4.,   5.,   1.,   6.,   3.,  12.,   4.,   1.,   0.]), array([  4.,   5.,   3.,  12.,   4.,  10.,   3.,  10.,   2.,  12.,   2.]), array([  1.,   2.,   2.,   3.,   2.,  12.,   2.,  13.,   2.,   7.,   0.]), array([ 1.,  1.,  2.,  7.,  1.,  5.,  3.,  7.,  4.,  5.,  2.]), array([  4.,   8.,   2.,  11.,   3.,   6.,   3.,  12.,   1.,   2.,   0.]), array([  3.,  13.,   3.,   2.,   4.,   1.,   4.,   8.,   4.,  11.,   0.])]
将numpy 数组 转化为 多维空间 point
开始 Kmeans
划定聚类中心
开始迭代
迭代中...
迭代结束
迭代次数 count=67
[2.5186865990389751, 9.7554725040042705, 2.4970635344367325, 7.9420715429791775, 2.5269620928990926, 7.9044313934863855, 2.5013347570742126, 4.0368392952482646, 2.5061398825413774, 10.526428190069407, 0.60411105178857449]
[2.4689910521443998, 9.9984572662758406, 2.4683739586547362, 5.563097809318112, 2.5078679419932119, 8.886454797901882, 2.5112619561863623, 4.149645171243443, 2.5171243443381672, 3.5843875347115088, 0.55229867324899717]
[2.5402695079912254, 4.2221874020683172, 2.5330617361328738, 10.26668755875901, 2.5007834534628643, 7.4973362582262615, 2.4876214352867438, 9.2090253838921967, 2.4907552491382012, 10.121591977436541, 0.63334377937950481]
[2.5276170436612309, 3.7780115728563914, 2.4960547080483955, 3.8061546554445029, 2.5336664913203579, 10.112835349815887, 2.4955286691215148, 7.9965807469752761, 2.5007890583903207, 6.5794318779589691, 0.5547080483955813]
[2.5141091104541791, 3.9029830690674552, 2.4818597151303412, 8.0171996775060475, 2.5084654662725074, 4.2012899758129532, 2.4891158290782047, 3.6651437785541523, 2.4676162321956463, 5.7210427304488043, 0.77076054823972051]
[2.5072582854012597, 8.6447548616817311, 2.5217748562037796, 10.217474664475485, 2.509723363462065, 6.5718981101068197, 2.4697343193645578, 9.9383730484798694, 2.5069843878389482, 3.8586688578471651, 0.6220213640098603]
[2.4827774740295245, 8.7698195735374522, 2.4874248223072719, 3.6293056314926191, 2.4814106068890105, 4.1041552761071625, 2.5174958993985785, 9.6632039365773643, 2.4934390377255329, 8.3105522143247672, 0.6049753963914708]
afkmc2_with_weight
kpp
seed array
[array([  2.,   8.,   4.,   7.,   3.,   4.,   1.,   2.,   2.,  12.,   0.]), array([ 1.,  4.,  4.,  5.,  4.,  2.,  3.,  7.,  4.,  1.,  0.]), array([  4.,   4.,   3.,  11.,   2.,  12.,   4.,   5.,   4.,  12.,   1.]), array([  1.,   2.,   4.,   2.,   4.,  13.,   2.,  11.,   4.,   8.,   1.]), array([  4.,   2.,   3.,   7.,   3.,  12.,   4.,  10.,   3.,  11.,   0.]), array([  3.,  12.,   4.,   3.,   3.,   4.,   2.,   4.,   4.,   4.,   3.]), array([  2.,   8.,   3.,  13.,   1.,  10.,   3.,  12.,   4.,   6.,   0.])]
将numpy 数组 转化为 多维空间 point
开始 Kmeans
划定聚类中心
开始迭代
迭代中..
迭代结束
迭代次数 count=5
[2.5063091482649842, 8.6048895899053619, 2.5113038906414302, 6.9637223974763405, 2.4971083070452154, 3.90273396424816, 2.4931650893796005, 4.6629863301787591, 2.475552050473186, 10.598580441640378, 0.56177707676130384]
[2.5062678062678061, 3.674074074074074, 2.4806267806267805, 7.4037037037037035, 2.5188034188034187, 3.72022792022792, 2.4715099715099713, 6.6381766381766383, 2.4823361823361823, 4.0048433048433045, 0.76866096866096867]
[2.4937945603379985, 5.8320570372326381, 2.4808555584895697, 9.6511750726168479, 2.5252178505413254, 10.402165302350145, 2.4935304990757854, 3.641932928439398, 2.4914180089780831, 7.8502772643253236, 0.53974121996303137]
[2.5277611940298508, 5.3244776119402983, 2.5107462686567166, 3.3289552238805968, 2.5462686567164181, 10.574029850746269, 2.497910447761194, 8.0588059701492529, 2.4811940298507462, 5.5677611940298508, 0.56507462686567167]
[2.52372634643377, 4.8034934497816595, 2.4887918486171761, 6.5298398835516736, 2.5199417758369722, 6.8148471615720521, 2.5097525473071323, 10.555167394468704, 2.512372634643377, 10.740902474526928, 0.60989810771470165]
[2.4827384435342306, 10.864833235810416, 2.4991222937390285, 4.0956699824458749, 2.4827384435342306, 6.519602106495026, 2.5248683440608541, 5.4774722059684029, 2.5163838502047979, 4.4859566998244587, 0.57899356348741959]
[2.5218564490016191, 9.6500269832703722, 2.5124123043712898, 10.474365893146249, 2.4840798704803024, 7.2884511602806263, 2.4830005396654076, 9.936589314624932, 2.522935779816514, 5.1686454398273067, 0.72558014031300588]
min_dist=55.5637183004
seed array
[array([ 1.,  6.,  3.,  8.,  4.,  4.,  2.,  9.,  3.,  4.,  1.]), array([  1.,   6.,   4.,   9.,   1.,  10.,   4.,   2.,   4.,   7.,   0.]), array([ 3.,  2.,  4.,  7.,  4.,  4.,  4.,  5.,  1.,  3.,  0.]), array([  4.,  11.,   2.,   4.,   4.,   5.,   4.,   7.,   4.,   3.,   0.]), array([  3.,  11.,   2.,  10.,   4.,   9.,   3.,   9.,   3.,   8.,   1.]), array([  1.,   5.,   3.,   4.,   1.,   7.,   4.,  11.,   2.,  11.,   1.]), array([  2.,  12.,   2.,   4.,   2.,   6.,   4.,   4.,   1.,   6.,   2.])]
将numpy 数组 转化为 多维空间 point
开始 Kmeans
划定聚类中心
开始迭代
迭代中...
迭代结束
迭代次数 count=55
[2.5500159795461808, 3.864493448386066, 2.4749121124960052, 9.363055289229786, 2.5218919782678171, 7.2729306487695746, 2.4733141578779163, 10.241930329178651, 2.4937679769894534, 4.113454777884308, 0.57877916267178009]
[2.4976875642343268, 6.7880267214799588, 2.4925488180883866, 10.040082219938334, 2.5017985611510793, 10.498715313463515, 2.4922918807810892, 3.9306269270298047, 2.5084789311408016, 7.0652620760534433, 0.56063720452209664]
[2.5221768707482992, 4.9352380952380956, 2.4731972789115648, 6.7395918367346939, 2.4892517006802719, 3.7953741496598639, 2.4941496598639454, 3.4848979591836735, 2.4775510204081632, 5.1327891156462586, 0.82911564625850342]
[2.4537993116229813, 10.010060894890124, 2.5443473656341014, 4.4463860206513104, 2.5250198570293882, 7.9036272173682818, 2.476039184537993, 8.8763568970082076, 2.4935133703997883, 3.6211278792692614, 0.55493778130791638]
[2.5183716627015595, 9.4581020354216232, 2.5175786412899814, 10.122653978324081, 2.4805709754163363, 4.2149088025376686, 2.50700502246894, 8.7935500925191654, 2.4969600845889506, 9.0830029077451755, 0.6931007137192704]
[2.5269082921471719, 3.9088412959912135, 2.4892915980230641, 4.2394288852278965, 2.5323997803404721, 8.1606260296540363, 2.5035694673256454, 9.2602965403624378, 2.5049423393739705, 9.8289401427786931, 0.57029104887424487]
[2.4990359897172238, 9.7940231362467873, 2.4852185089974292, 3.7776349614395888, 2.5260282776349614, 7.1786632390745497, 2.526992287917738, 4.1648457583547556, 2.506426735218509, 9.9842544987146535, 0.54627249357326479]
error_afkmc2             = 1128156.13681    during_afkmc2 = 151.760518074
error_kpp                = 1131245.53199    during_kpp = 159.222553015
error_afkmc2_with_weight = 1130108.99535    during_afkmc2_with_weight = 147.571210146

Process finished with exit code 0
