/usr/bin/python /Users/sahara/PycharmProjects/Kmeans/testKmeans.py
初始化数组
afkmc2
seed array
[array([  1.,  10.,   2.,  10.,   4.,   1.,   3.,   5.,   3.,   2.,   1.]), array([  1.,  10.,   2.,   7.,   3.,   3.,   3.,  12.,   2.,   6.,   0.]), array([  2.,   1.,   2.,   5.,   3.,  10.,   1.,   8.,   2.,  11.,   0.]), array([  2.,  13.,   4.,  12.,   4.,   4.,   4.,  11.,   1.,  11.,   1.]), array([  2.,   8.,   2.,   2.,   4.,  11.,   2.,   3.,   4.,   9.,   0.]), array([  2.,   5.,   3.,   8.,   3.,  11.,   2.,   9.,   1.,   2.,   0.]), array([  2.,   4.,   1.,   1.,   1.,   5.,   2.,  12.,   1.,   6.,   0.])]
将numpy 数组 转化为 多维空间 point
开始 Kmeans
划定聚类中心
开始迭代
迭代中.
迭代结束
迭代次数 count=100
[2.4951820128479656, 6.8337794432548176, 2.4823340471092079, 8.4231798715203432, 2.5219486081370448, 3.5936830835117775, 2.4710920770877944, 3.6448072805139184, 2.4919700214132763, 4.4504817987152032, 0.71466809421841537]
[2.456932436759526, 9.9081011847582445, 2.5052833813640731, 3.7140569964777459, 2.4787063720781299, 4.6807556836375284, 2.5008005123278898, 9.9369196285622792, 2.4953570284982387, 5.7291066282420751, 0.57252641690682038]
[2.527613412228797, 4.056213017751479, 2.4953977646285339, 9.8126232741617354, 2.5069033530571994, 9.7587113740959897, 2.4832347140039448, 4.4240631163708084, 2.4842209072978303, 9.2830374753451679, 0.56147271531886922]
[2.5498776841533024, 6.1761348192443597, 2.5275890187550965, 9.5153574340853488, 2.4938842076651264, 4.0051644468605598, 2.5131829301440609, 9.7034520250067953, 2.5039412883935852, 9.8322913835281334, 0.60451209567817343]
[2.4993457210154411, 9.8296257524208315, 2.489924103637791, 4.4132426066474748, 2.5257785919916254, 8.4231876472127709, 2.5213294948966238, 4.1117508505626796, 2.5090290499869146, 9.4354880921224815, 0.58073802669458252]
[2.5209263392857144, 9.0599888392857135, 2.4810267857142856, 9.9595424107142865, 2.5270647321428572, 9.9104352678571423, 2.4704241071428572, 8.4958147321428577, 2.5078125, 4.1258370535714288, 0.669921875]
[2.5078260869565216, 3.3257142857142856, 2.5028571428571427, 3.7122981366459626, 2.5115527950310561, 8.7590062111801235, 2.507577639751553, 8.3637267080745339, 2.4872049689440994, 6.0539130434782606, 0.62732919254658381]
kpp
seed array
[array([  2.,  10.,   4.,  11.,   1.,   9.,   4.,   6.,   3.,   2.,   0.]), array([  1.,  11.,   2.,   5.,   2.,   3.,   2.,   2.,   2.,  13.,   0.]), array([  3.,  10.,   1.,   2.,   2.,  11.,   2.,   8.,   4.,   4.,   0.]), array([  1.,   2.,   3.,  10.,   2.,   9.,   4.,   8.,   1.,   5.,   0.]), array([  1.,  10.,   2.,   2.,   3.,   2.,   2.,   8.,   1.,  11.,   1.]), array([  2.,  13.,   1.,   6.,   2.,   3.,   1.,  12.,   4.,   3.,   1.]), array([ 1.,  3.,  3.,  1.,  4.,  2.,  3.,  3.,  2.,  2.,  2.])]
将numpy 数组 转化为 多维空间 point
开始 Kmeans
划定聚类中心
开始迭代
迭代中.
迭代结束
迭代次数 count=100
[2.4970911441499677, 10.07563025210084, 2.4877181641887525, 8.5788623141564315, 2.5058177117000646, 9.6645119586296051, 2.4757595345830641, 3.9893341952165482, 2.495475113122172, 4.2336780866192631, 0.54751131221719462]
[2.5169254263171292, 10.019343344362433, 2.4787477729702214, 5.6851616187325016, 2.5225248154746756, 4.9526597098498346, 2.5153983201832526, 4.3489437515907357, 2.5067447187579535, 9.8976838890302883, 0.57215576482565533]
[2.4835716077251067, 7.6874843240531732, 2.5048908954100826, 3.7905693503887634, 2.5638324554803109, 10.007273639327815, 2.4958615500376222, 10.171808377225984, 2.4998745924253827, 6.5793829947328817, 0.57812891898670682]
[2.5184577522559475, 4.1367240907847966, 2.514629477713973, 9.6915504511894994, 2.5116215477167079, 10.165983046212743, 2.4812687995624829, 5.7292863002461036, 2.4749794913863821, 9.2012578616352201, 0.61853978671041843]
[2.5242531320269834, 4.3739158368133637, 2.504657886283328, 6.9498875682621266, 2.5027304850626404, 3.9441053646000643, 2.4956633472534531, 9.642788307099261, 2.5008030838419533, 10.281400578220365, 0.54834564728557667]
[2.4997324772605674, 8.5492241840556442, 2.5058855002675227, 9.8049759229534512, 2.4938469769930443, 4.5831995719636165, 2.4756554307116105, 9.8788121990369184, 2.5184590690208668, 4.3483146067415728, 0.6187800963081862]
[2.5243413516609392, 3.7399770904925544, 2.4871134020618557, 5.069873997709049, 2.4619129438717069, 5.6062428407789229, 2.529209621993127, 4.5100229095074456, 2.4831042382588775, 4.0120274914089347, 0.86082474226804129]
afkmc2_with_weight
kpp
seed array
[array([  2.,   7.,   3.,  13.,   1.,  13.,   4.,   7.,   1.,   2.,   2.]), array([  2.,  10.,   4.,   6.,   4.,   8.,   2.,  12.,   1.,   7.,   0.]), array([ 3.,  1.,  2.,  3.,  2.,  1.,  1.,  6.,  2.,  8.,  1.]), array([  4.,  12.,   2.,   2.,   4.,   6.,   4.,   2.,   3.,   7.,   1.]), array([  3.,   5.,   2.,   1.,   4.,  12.,   1.,   4.,   1.,  12.,   1.]), array([  1.,   1.,   4.,   4.,   3.,  13.,   1.,   3.,   4.,  10.,   0.]), array([  1.,   3.,   1.,   6.,   3.,  13.,   1.,   1.,   3.,   1.,   1.])]
将numpy 数组 转化为 多维空间 point
开始 Kmeans
划定聚类中心
开始迭代
迭代中..
迭代结束
迭代次数 count=5
[2.5096660808435853, 8.0325131810193326, 2.4777387229056824, 10.929408318687756, 2.5328060925600471, 9.2264206209724655, 2.4663151728178092, 6.8075571177504397, 2.5149384885764499, 3.7044522554188637, 0.59871118922085531]
[2.4864172219374678, 9.9876986160943098, 2.5317785750896977, 6.5961045617631981, 2.4766786263454637, 5.432598667350077, 2.5115325474115839, 11.157098923628908, 2.5064069707842132, 6.7193746796514606, 0.67042542286007178]
[2.5520937188434698, 3.4404287138584246, 2.50024925224327, 7.3860917248255236, 2.4907776669990032, 3.0942173479561315, 2.4673479561316052, 7.6099202392821539, 2.4768195413758725, 7.7664506480558329, 0.65677966101694918]
[2.4989664082687337, 10.419896640826874, 2.4614987080103359, 6.8581395348837209, 2.5108527131782945, 4.1733850129198968, 2.5253229974160205, 3.6315245478036178, 2.5155038759689923, 7.0811369509043924, 0.55736434108527133]
[2.4970903522205208, 7.6015313935681474, 2.5234303215926492, 3.3473200612557426, 2.5577335375191423, 9.988055130168453, 2.4900459418070442, 6.733843797856049, 2.4955589586523739, 10.285758039816233, 0.57580398162327717]
[2.5211768509537666, 4.383446492078888, 2.5011315874555446, 10.111865502748142, 2.5118008406078243, 9.6621403168444875, 2.4982217911412867, 5.9996766892984157, 2.4801163918525702, 10.180407371483996, 0.60491432266408018]
[2.4936305732484074, 4.6470758540822237, 2.489287782281413, 4.0518239722061375, 2.5014475969889984, 9.1679212507237988, 2.5112912565141863, 6.2903879559930518, 2.4901563404748117, 3.3694267515923566, 0.67515923566878977]
min_dist=56.7679710957
seed array
[array([  1.,   2.,   3.,  12.,   3.,  10.,   2.,   5.,   1.,  10.,   1.]), array([  4.,   8.,   3.,  12.,   1.,  10.,   2.,   6.,   1.,   6.,   1.]), array([  4.,   9.,   2.,   3.,   4.,  12.,   3.,   6.,   1.,  12.,   1.]), array([ 2.,  5.,  1.,  9.,  4.,  1.,  2.,  8.,  4.,  7.,  0.]), array([  1.,  12.,   4.,   7.,   2.,   4.,   3.,   4.,   2.,   6.,   1.]), array([  3.,  12.,   2.,   6.,   2.,   8.,   2.,  11.,   2.,   7.,   0.]), array([  2.,   9.,   2.,   3.,   3.,   9.,   4.,   8.,   4.,  10.,   1.])]
将numpy 数组 转化为 多维空间 point
开始 Kmeans
划定聚类中心
开始迭代
迭代中.
迭代结束
迭代次数 count=100
[2.5122838944494994, 4.0175917500758267, 2.4956020624810433, 9.1640885653624515, 2.518653321201092, 10.066424021838035, 2.4764937822262665, 5.3597209584470731, 2.4937822262663025, 9.8158932362754019, 0.59447983014861994]
[2.5182042157131126, 9.6624692033944708, 2.4859019983575146, 10.059676977826443, 2.5283328770873257, 9.477142075006844, 2.4804270462633453, 7.6430331234601701, 2.4973993977552698, 3.9843963865316177, 0.65206679441554882]
[2.4948709978240595, 9.5732048492384205, 2.5156978551445448, 4.0034193347839606, 2.5275101025800435, 9.4650295306185885, 2.5166304009947154, 3.8713086726764065, 2.515387006527821, 8.6950575069940932, 0.53621386384830583]
[2.5506726457399105, 5.3602391629297461, 2.5414050822122571, 10.230493273542601, 2.4983557548579971, 4.0538116591928253, 2.4768310911808671, 10.049028400597907, 2.5097159940209268, 8.4466367713004491, 0.57727952167414054]
[2.5020616056269707, 7.0664564637399954, 2.4722289594955131, 7.7623089983022071, 2.4884792626728109, 3.2439970894979382, 2.5056997332039779, 3.2718894009216588, 2.4792626728110601, 6.0856172689788988, 0.72471501333980115]
[2.4696458684654301, 9.786958965711074, 2.4966273187183812, 3.9673974142776842, 2.5081506464305789, 4.8940415964024737, 2.5005621135469367, 10.066329398538505, 2.4893198426082068, 8.0005621135469358, 0.57729061270376614]
[2.5153261723866911, 3.5954938433324601, 2.4859837568771286, 3.9934503536809012, 2.5069426250982447, 8.5978517160073356, 2.5119203563007599, 8.5580298663872156, 2.5011789363374377, 4.5682473146450091, 0.65365470264605707]
error_afkmc2             = 1125274.44489    during_afkmc2 = 227.50255394
error_kpp                = 1130595.2715    during_kpp = 229.69461298
error_afkmc2_with_weight = 1126390.89846    during_afkmc2_with_weight = 271.549052954

Process finished with exit code 0
