/usr/bin/python /Users/sahara/PycharmProjects/Kmeans/testKmeans.py
初始化数组
afkmc2
seed array
[array([  4.,  12.,   3.,   4.,   1.,  11.,   3.,  11.,   1.,   2.,   1.]), array([  2.,   7.,   1.,  13.,   4.,   8.,   2.,   2.,   1.,   4.,   0.]), array([  1.,   8.,   3.,   6.,   2.,   6.,   3.,  10.,   1.,   6.,   3.]), array([  4.,   8.,   4.,   5.,   1.,   2.,   3.,   1.,   3.,  11.,   0.]), array([  1.,   3.,   1.,  11.,   3.,   6.,   2.,   6.,   3.,  12.,   1.]), array([ 3.,  3.,  2.,  1.,  4.,  7.,  3.,  1.,  3.,  5.,  1.]), array([  3.,  11.,   4.,   2.,   2.,  13.,   3.,   1.,   1.,   7.,   0.])]
将numpy 数组 转化为 多维空间 point
开始 Kmeans
划定聚类中心
开始迭代
迭代中.
迭代结束
迭代次数 count=100
[2.5058711520152332, 6.2475404633449703, 2.468422722945097, 10.058076801015551, 2.5379244684227231, 9.891463027610282, 2.461440812440495, 9.7791177403998724, 2.5103141859727072, 4.1707394477943511, 0.63218026023484608]
[2.5168631752125035, 7.3284891691801484, 2.4631203729092404, 9.6536879627090766, 2.5072662462297779, 4.9739511927611737, 2.4943789415958322, 3.7101727447216892, 2.5006854949273376, 3.7740608719495476, 0.60460652591170827]
[2.4665778961384821, 8.9778961384820235, 2.5166444740346203, 4.1113182423435424, 2.4878828229027961, 5.1272969374167774, 2.5001331557922768, 10.326498002663115, 2.4841544607190413, 4.9025299600532621, 0.59360852197070568]
[2.5180926614812309, 7.7494081839702398, 2.4802164355765979, 4.2198173824822458, 2.5055799797091649, 3.5583361515049035, 2.5120054108894148, 4.1602975989178219, 2.4815691579303349, 9.6479540074399726, 0.64863036861684142]
[2.5295670538542767, 5.2700633579725444, 2.5345828933474128, 10.039598732840549, 2.4831045406546992, 4.7008975712777188, 2.5052798310454065, 8.8980992608236544, 2.4960401267159451, 10.119060190073917, 0.60744456177402328]
[2.5061573259612966, 3.3329982407640109, 2.5059060065343051, 4.0738879115355617, 2.5194772555918572, 9.8693138979643127, 2.4986177431515455, 6.3563709474742396, 2.5099271173661726, 7.2166373460668511, 0.5855742648906761]
[2.5199571390302706, 10.363246718457004, 2.5049557996249665, 7.063755692472542, 2.5336190731315296, 10.518081971604607, 2.4971872488615054, 5.1459951781409057, 2.4966514867398875, 8.9065095097776581, 0.685775515671042]
kpp
seed array
[array([  1.,   6.,   4.,  12.,   1.,   3.,   1.,  10.,   1.,   5.,   0.]), array([  1.,  10.,   4.,   2.,   4.,  11.,   4.,  10.,   3.,   9.,   1.]), array([  2.,   2.,   4.,   2.,   3.,   1.,   1.,  10.,   1.,   6.,   1.]), array([  2.,   7.,   1.,   4.,   4.,  10.,   1.,   5.,   1.,  12.,   0.]), array([  1.,  13.,   1.,  10.,   1.,   3.,   1.,   9.,   4.,   4.,   0.]), array([  1.,   2.,   2.,   1.,   3.,  11.,   4.,   2.,   4.,   5.,   1.]), array([  1.,  10.,   4.,  11.,   3.,   3.,   2.,   5.,   1.,   2.,   0.])]
将numpy 数组 转化为 多维空间 point
开始 Kmeans
划定聚类中心
开始迭代
迭代中.
迭代结束
迭代次数 count=100
[2.5185185185185186, 3.7775205761316872, 2.4742798353909463, 9.5938786008230448, 2.5074588477366255, 8.1792695473251023, 2.4938271604938271, 10.004115226337449, 2.486625514403292, 5.3701131687242798, 0.60802469135802473]
[2.4571280991735538, 9.9354338842975203, 2.5235020661157024, 3.5922004132231407, 2.513171487603306, 7.9684917355371905, 2.4832128099173554, 9.8347107438016526, 2.4855371900826446, 5.8068181818181817, 0.55578512396694213]
[2.5305474742131713, 4.5263157894736841, 2.4911399100766993, 4.6963766199418142, 2.4911399100766993, 3.9761967733403862, 2.4966939962972758, 6.2517852419994711, 2.5033060037027242, 10.038085162655381, 0.60327955567310232]
[2.5327999999999999, 7.8776000000000002, 2.5127999999999999, 8.2423999999999999, 2.5207999999999999, 10.359999999999999, 2.4754666666666667, 4.2434666666666665, 2.5037333333333334, 10.129866666666667, 0.60746666666666671]
[2.5171609463512161, 9.5528157280906356, 2.5434855048317226, 10.018993668777075, 2.4688437187604131, 4.2305898033988667, 2.5011662779073642, 9.7154281906031326, 2.4951682772409196, 9.1179606797734092, 0.69710096634455176]
[2.4942722371967654, 4.1940700808625335, 2.4740566037735849, 4.0144878706199458, 2.5232479784366575, 9.4127358490566042, 2.5154986522911051, 4.6398247978436657, 2.5161725067385445, 4.2476415094339623, 0.71933962264150941]
[2.5106666666666668, 9.0728000000000009, 2.4690666666666665, 8.9512, 2.5415999999999999, 4.8672000000000004, 2.5112000000000001, 3.7805333333333335, 2.4949333333333334, 3.9637333333333333, 0.5954666666666667]
afkmc2_with_weight
kpp
seed array
[array([  2.,   7.,   2.,  12.,   1.,   2.,   3.,   1.,   2.,  10.,   0.]), array([  3.,   3.,   1.,  12.,   4.,   8.,   2.,   9.,   4.,   9.,   1.]), array([  3.,  10.,   1.,   6.,   4.,  12.,   1.,   8.,   2.,  12.,   1.]), array([  3.,   1.,   2.,   4.,   4.,  12.,   4.,  11.,   4.,  10.,   0.]), array([  4.,  12.,   1.,   1.,   4.,   8.,   3.,   4.,   3.,   2.,   0.]), array([  3.,   7.,   4.,  12.,   1.,   4.,   1.,  10.,   4.,   9.,   0.]), array([  4.,  13.,   3.,  12.,   4.,   7.,   3.,  10.,   2.,   1.,   0.])]
将numpy 数组 转化为 多维空间 point
开始 Kmeans
划定聚类中心
开始迭代
迭代中..
迭代结束
迭代次数 count=5
[2.4823336072308955, 6.3508627773212822, 2.4883593536017528, 8.440701177759518, 2.4894549438509999, 3.5236921391399618, 2.5015064365927144, 3.1955628594905505, 2.4913722267871816, 8.6663927691043554, 0.62065187619830187]
[2.5057342657342656, 3.4878321678321678, 2.4612587412587414, 10.366153846153846, 2.5275524475524476, 9.7351048951048949, 2.483076923076923, 6.3144055944055948, 2.4939860139860142, 6.2567832167832167, 0.558041958041958]
[2.5512528473804101, 10.025626423690206, 2.5028473804100226, 5.7360478359908882, 2.5464123006833712, 9.8385535307517085, 2.4980068337129842, 6.1808086560364464, 2.4846241457858769, 10.488325740318906, 0.69817767653758545]
[2.5228316671169955, 3.3547689813563903, 2.5241826533369358, 3.4779789246149688, 2.5182383139691975, 8.6400972710078356, 2.4982437179140771, 8.7268305863280187, 2.5025668738178872, 7.1861659011078087, 0.58794920291813024]
[2.4856574836694123, 8.8980403294518595, 2.5012780460096562, 3.4339676228344223, 2.5055381993751773, 6.3811417211019599, 2.5007100255609203, 5.2479409258733316, 2.507242260721386, 3.5126384549843794, 0.69128088611190008]
[2.5097831835007933, 7.1549444738233738, 2.5137493389740877, 7.8233738762559488, 2.476467477525119, 3.3114754098360657, 2.5092543627710207, 10.634849286092015, 2.501586462189318, 8.642517186673718, 0.58751983077736647]
[2.503671970624235, 10.183292533659731, 2.4902080783353733, 10.052937576499389, 2.5107099143206852, 8.0275397796817618, 2.4782741738066094, 8.1658506731946137, 2.4996940024479803, 3.5630354957160342, 0.6089351285189718]
min_dist=55.3527843728
seed array
[array([ 3.,  9.,  4.,  4.,  3.,  8.,  2.,  4.,  4.,  3.,  1.]), array([  2.,   3.,   3.,   5.,   3.,   9.,   2.,  11.,   1.,   5.,   1.]), array([  2.,  10.,   3.,   6.,   3.,  12.,   2.,   7.,   4.,   8.,   0.]), array([  2.,   4.,   3.,  12.,   2.,  11.,   4.,   5.,   2.,   6.,   0.]), array([  1.,   8.,   4.,   8.,   1.,   2.,   3.,  12.,   1.,  10.,   1.]), array([ 2.,  6.,  3.,  2.,  2.,  8.,  2.,  4.,  2.,  3.,  0.]), array([  1.,   7.,   3.,  10.,   3.,   4.,   3.,   5.,   3.,  11.,   0.])]
将numpy 数组 转化为 多维空间 point
开始 Kmeans
划定聚类中心
开始迭代
迭代中.
迭代结束
迭代次数 count=100
[2.4487993375655535, 10.292299199558377, 2.5062103229367927, 4.7126690587910574, 2.4915815622412367, 8.165056582942313, 2.4904775048302512, 5.9174717085288435, 2.5031741650565831, 3.3535743858680651, 0.59922715981231023]
[2.5145719489981784, 3.747115968427444, 2.4957498482088645, 4.5248937462052217, 2.5382513661202184, 9.2030965391621127, 2.5075895567698847, 10.028536733454766, 2.51578627808136, 5.1499696417729206, 0.58378870673952643]
[2.5095628415300548, 10.139617486338798, 2.4830601092896174, 4.6893442622950818, 2.5393442622950819, 7.4803278688524593, 2.5147540983606556, 8.6153005464480881, 2.4931693989071038, 10.59207650273224, 0.67103825136612016]
[2.5132492925135064, 5.4172883972215073, 2.4839207615127346, 10.313352199639825, 2.5024440442500642, 10.640854129148444, 2.4841780293285312, 4.9608952919989706, 2.5050167224080266, 7.5713918188834572, 0.61126833033187544]
[2.5650416771912101, 6.3601919676686034, 2.5281636776963881, 10.140439504925487, 2.483960596110129, 4.4016165698408685, 2.4938115685779239, 10.573124526395555, 2.5026521848951755, 6.3667592826471333, 0.58903763576660773]
[2.5075434101907201, 3.7680045545118133, 2.5069740962140621, 4.3413037290065475, 2.5126672359806435, 5.019072018218047, 2.4708226586962709, 4.3151152860802728, 2.4785083973811557, 8.6885852547680038, 0.74864787930543697]
[2.4954456733897201, 9.3474300585556271, 2.4749512036434611, 10.018867924528301, 2.5084580351333767, 3.8158750813272611, 2.5136629798308392, 3.6841249186727389, 2.4804814573845153, 6.8633702016916072, 0.53578399479505534]
error_afkmc2             = 1129857.00451    during_afkmc2 = 238.508172989
error_kpp                = 1131246.09067    during_kpp = 238.913423061
error_afkmc2_with_weight = 1127871.45162    during_afkmc2_with_weight = 256.942596912

Process finished with exit code 0
