/usr/bin/python /Users/sahara/PycharmProjects/Kmeans/testKmeans.py
初始化数组
afkmc2
seed array
[array([  1.,  12.,   3.,   1.,   1.,   2.,   4.,   6.,   4.,  13.,   0.]), array([  2.,  12.,   1.,   8.,   1.,  10.,   3.,  13.,   1.,   4.,   0.]), array([  2.,   2.,   3.,   5.,   2.,   8.,   1.,   4.,   2.,  10.,   0.]), array([  2.,   5.,   2.,   3.,   4.,   3.,   4.,  10.,   1.,   6.,   1.]), array([ 4.,  6.,  1.,  8.,  3.,  8.,  4.,  8.,  4.,  3.,  3.]), array([  2.,  13.,   1.,  10.,   4.,   5.,   2.,  10.,   1.,   2.,   1.]), array([  2.,  13.,   3.,   3.,   1.,  13.,   1.,   5.,   3.,   9.,   1.])]
将numpy 数组 转化为 多维空间 point
开始 Kmeans
划定聚类中心
开始迭代
迭代中.
迭代结束
迭代次数 count=100
[2.5009208103130756, 10.034683855125843, 2.4806629834254146, 4.2430939226519335, 2.49048496009822, 3.6224677716390423, 2.5135052179251076, 6.9100675260896258, 2.4769797421731123, 9.3689379987722532, 0.56752608962553719]
[2.5180244110133407, 5.6937269372693731, 2.5021288674425204, 4.7797331819472042, 2.5566278739710473, 10.026397956287255, 2.467783139369855, 10.066988362191314, 2.5097927902355948, 9.6568265682656822, 0.65086573942662507]
[2.5252712357766605, 4.6795448531357504, 2.5250066155067477, 9.9457528446679024, 2.4683778777454353, 4.3000793860809736, 2.5070124371526861, 5.9068536649907379, 2.4765811061127283, 9.9192908176766341, 0.53823762900238159]
[2.5228147333699833, 4.2405167674546451, 2.5021990104452998, 3.9496976360637714, 2.5016492578339746, 5.3554150632215505, 2.5181418361737218, 7.0032985156679493, 2.4749862561847169, 3.7111050027487629, 0.82847718526663006]
[2.5042386185243326, 4.0731554160125585, 2.4474097331240188, 10.26248037676609, 2.5180533751962324, 10.238304552590266, 2.4715855572998429, 6.2411302982731556, 2.5108320251177396, 4.9007849293563579, 0.55478806907378331]
[2.500130992926382, 10.082001571915116, 2.5027508514540213, 9.8247314645009176, 2.490175530521352, 5.5299973801414728, 2.4616190725700813, 8.9908304951532614, 2.5129682997118157, 4.2397170552790149, 0.64081739586062347]
[2.4895013123359582, 9.8771653543307085, 2.5139107611548557, 5.9372703412073493, 2.5475065616797901, 10.196587926509187, 2.5293963254593175, 3.5842519685039371, 2.5181102362204726, 7.0380577427821525, 0.55958005249343834]
kpp
seed array
[array([  3.,  11.,   1.,   2.,   4.,   2.,   4.,  10.,   4.,  13.,   1.]), array([  1.,   5.,   3.,  11.,   2.,  11.,   4.,   5.,   4.,   3.,   2.]), array([  1.,   1.,   4.,   6.,   3.,  12.,   1.,  13.,   3.,  13.,   1.]), array([  1.,  12.,   1.,   7.,   1.,   1.,   2.,   2.,   3.,   3.,   0.]), array([  1.,   1.,   2.,  12.,   1.,   7.,   2.,   3.,   3.,   7.,   1.]), array([  1.,   5.,   1.,   1.,   3.,   6.,   1.,  11.,   4.,   7.,   0.]), array([  3.,  13.,   4.,  13.,   2.,   9.,   4.,   9.,   1.,   5.,   2.])]
将numpy 数组 转化为 多维空间 point
开始 Kmeans
划定聚类中心
开始迭代
迭代中.
迭代结束
迭代次数 count=100
[2.5110767645543532, 10.439721792890262, 2.4948480164863471, 3.9546625450798558, 2.5437918598660483, 7.4742400824317361, 2.515713549716641, 6.9649665121071616, 2.4904688304997422, 9.995878413189077, 0.59144770736733643]
[2.5005165289256199, 6.7009297520661155, 2.4697830578512399, 9.0539772727272734, 2.5116219008264462, 10.695764462809917, 2.5082644628099175, 3.705578512396694, 2.5139462809917354, 5.4979338842975203, 0.54183884297520657]
[2.523076923076923, 3.6373158756137478, 2.49721767594108, 6.1803600654664486, 2.5135842880523733, 10.180687397708674, 2.4877250409165304, 9.0549918166939438, 2.509328968903437, 10.00556464811784, 0.59410801963993454]
[2.483490566037736, 9.8969002695417796, 2.4760781671159031, 7.2540431266846364, 2.5188679245283021, 3.8234501347708894, 2.5060646900269541, 3.6482479784366575, 2.4730458221024261, 4.4969676549865225, 0.61219676549865232]
[2.5192465192465194, 4.0652470652470649, 2.534807534807535, 8.3551733551733545, 2.4777504777504777, 3.6524706524706523, 2.4812994812994811, 5.4122304122304126, 2.476931476931477, 9.677313677313677, 0.60060060060060061]
[2.5025046137621936, 5.1935143685736884, 2.4951225942525705, 3.7569206432902718, 2.5061956235170051, 6.7906670181914048, 2.5014500395465329, 8.9514895860796209, 2.4977590297917214, 3.405220142367519, 0.69733720010545741]
[2.5191951284087901, 8.8435266084193813, 2.5133703997881915, 10.524225575853853, 2.5003971405877681, 6.1977760127084984, 2.4702144559173949, 10.584061424410908, 2.5160180037066455, 5.7633042096902303, 0.70532168387609218]
afkmc2_with_weight
kpp
seed array
[array([  1.,  13.,   2.,   5.,   4.,   2.,   1.,   6.,   3.,   1.,   0.]), array([  4.,   6.,   2.,  11.,   2.,  10.,   1.,   5.,   1.,   9.,   0.]), array([ 3.,  1.,  4.,  7.,  3.,  4.,  2.,  4.,  1.,  8.,  1.]), array([  2.,  10.,   1.,  10.,   4.,   2.,   2.,  11.,   3.,  13.,   1.]), array([  4.,   8.,   1.,   5.,   2.,  13.,   1.,   8.,   4.,   1.,   1.]), array([  4.,   9.,   3.,   2.,   3.,  12.,   1.,   2.,   2.,  13.,   1.]), array([ 4.,  7.,  2.,  2.,  2.,  5.,  4.,  2.,  4.,  3.,  1.])]
将numpy 数组 转化为 多维空间 point
开始 Kmeans
划定聚类中心
开始迭代
迭代中..
迭代结束
迭代次数 count=5
[2.5104261106074341, 10.005741915986704, 2.5358114233907525, 9.0356603203384704, 2.5086128739800544, 4.0546993049259594, 2.4593532789362347, 7.4514959202175888, 2.4814143245693563, 3.5862798428528255, 0.53278936234511942]
[2.4941730721547235, 6.3220927349367715, 2.4877262583684603, 10.858666005454996, 2.5058269278452765, 10.191172824200347, 2.4830151252169599, 4.8990825688073398, 2.4889660302504337, 7.5271510042152245, 0.62211753037441109]
[2.5648148148148149, 2.7914094650205761, 2.4976851851851851, 7.630915637860082, 2.4933127572016462, 3.8173868312757202, 2.4902263374485596, 7.2584876543209873, 2.4768518518518516, 7.8209876543209873, 0.63220164609053497]
[2.5026178010471205, 9.5127981384525881, 2.4877835951134379, 7.7321116928446774, 2.4889470622454914, 4.3446771378708551, 2.5375218150087262, 9.3179173938336248, 2.5232693426410706, 10.442990110529378, 0.67335660267597441]
[2.4838457529963525, 6.1060448150078166, 2.4872329338196977, 5.514069828035435, 2.5450755601875978, 10.025273579989578, 2.4874934861907243, 10.502605523710265, 2.5059927045336114, 4.3929129755080769, 0.56591974986972382]
[2.5195035460992909, 7.8631796690307327, 2.5165484633569739, 3.6669621749408985, 2.5449172576832151, 9.3847517730496453, 2.4961583924349884, 5.4660165484633572, 2.4985224586288415, 10.656914893617021, 0.56914893617021278]
[2.4817307692307691, 7.289423076923077, 2.4737179487179488, 3.8169871794871795, 2.4817307692307691, 6.6961538461538463, 2.5227564102564104, 3.2544871794871795, 2.5099358974358976, 4.0641025641025639, 0.76666666666666672]
min_dist=52.5547002454
seed array
[array([  3.,   6.,   1.,   4.,   3.,  12.,   2.,   4.,   3.,  10.,   1.]), array([  4.,   6.,   4.,  11.,   1.,  10.,   3.,   4.,   3.,   7.,   0.]), array([  4.,   9.,   2.,  10.,   4.,   2.,   2.,   8.,   4.,   3.,   0.]), array([ 4.,  6.,  3.,  2.,  3.,  8.,  1.,  4.,  2.,  6.,  1.]), array([  3.,   8.,   1.,   7.,   2.,   6.,   1.,  10.,   2.,  11.,   0.]), array([ 2.,  8.,  4.,  3.,  2.,  9.,  2.,  3.,  2.,  5.,  1.]), array([  4.,   7.,   3.,   1.,   1.,   8.,   2.,   6.,   3.,  10.,   0.])]
将numpy 数组 转化为 多维空间 point
开始 Kmeans
划定聚类中心
开始迭代
迭代中.
迭代结束
迭代次数 count=100
[2.5006373486297004, 5.0790312300828555, 2.5213511790949648, 3.6975780752071383, 2.5267686424474189, 10.130656469088592, 2.4757807520713833, 7.6440407903123004, 2.4910771191841938, 10.239961759082219, 0.56564690885914592]
[2.4950235725510739, 4.3808276584599266, 2.4711891042430594, 10.302514405447878, 2.5089051859612361, 9.1241487689889986, 2.503666841278156, 3.9633315872184389, 2.4858564693556837, 7.0327396542692506, 0.55316919853326352]
[2.529337139232477, 9.2435775451950519, 2.5077703774183315, 9.9765302886140184, 2.4877894069140503, 3.7643514113542658, 2.4690770694576596, 6.6749127814779579, 2.4823977164605138, 3.6336822074215034, 0.52806850618458612]
[2.5321001088139283, 3.8911860718171924, 2.4904787812840046, 4.7132752992383029, 2.5239390642002175, 5.9825897714907512, 2.4945593035908598, 9.0032644178454841, 2.4956474428726878, 3.7086507072905333, 0.7331338411316648]
[2.5399449035812673, 7.0898071625344352, 2.5168044077134986, 10.075482093663911, 2.4966942148760332, 5.9060606060606062, 2.5159779614325068, 10.272451790633609, 2.5082644628099175, 9.9782369146005507, 0.74490358126721767]
[2.4474980554835364, 10.571687840290382, 2.5081669691470054, 5.6940627430645581, 2.5268343271973035, 10.243712730101114, 2.4869069224786102, 6.6320974850920402, 2.5226860254083485, 4.680062224526834, 0.58931812289344054]
[2.5222043873729265, 8.6482075976458006, 2.4743178170144464, 4.5930979133226328, 2.4991974317817016, 3.7421080791867309, 2.5187265917602994, 4.6819154628143389, 2.4917067950775817, 9.5751738897806309, 0.61824505082932046]
error_afkmc2             = 1129653.52942    during_afkmc2 = 241.562115908
error_kpp                = 1130590.02046    during_kpp = 244.400283813
error_afkmc2_with_weight = 1129786.08244    during_afkmc2_with_weight = 261.481631041

Process finished with exit code 0
