/usr/bin/python /Users/sahara/PycharmProjects/Kmeans/testKmeans.py
初始化数组
afkmc2
seed array
[array([  4.,   7.,   4.,   8.,   2.,   8.,   1.,   6.,   1.,  11.,   1.]), array([  4.,  13.,   2.,   2.,   1.,   8.,   4.,   1.,   2.,  13.,   1.]), array([  2.,   2.,   2.,   5.,   2.,  11.,   1.,   5.,   1.,  11.,   2.]), array([  4.,   4.,   2.,  11.,   3.,  13.,   3.,   3.,   3.,   5.,   0.]), array([ 4.,  9.,  3.,  7.,  2.,  1.,  2.,  8.,  1.,  1.,  1.]), array([  2.,   5.,   2.,   4.,   1.,  12.,   2.,  13.,   4.,   4.,   1.]), array([  4.,   1.,   1.,  10.,   1.,   2.,   4.,  13.,   4.,   5.,   0.])]
将numpy 数组 转化为 多维空间 point
开始 Kmeans
划定聚类中心
开始迭代
迭代中.
迭代结束
迭代次数 count=100
[2.4784250269687162, 10.115156418554477, 2.4981121898597625, 7.5997842502696873, 2.4991909385113269, 5.2092772384034518, 2.5331715210355985, 9.525889967637541, 2.4946062567421792, 10.283171521035598, 0.72384034519956852]
[2.5027322404371586, 9.8662809386049499, 2.5139826422372229, 4.3031179684988752, 2.5245901639344264, 10.154934104789456, 2.5319832851173256, 3.9312118289938924, 2.507232401157184, 7.7557055609128893, 0.54162648666023783]
[2.5209663982227157, 3.8286587059150237, 2.5118022771452373, 4.6523188003332407, 2.4970841432935296, 4.7442377117467371, 2.4918078311580119, 4.5473479589003052, 2.4698694806998058, 9.1569008608719802, 0.71896695362399332]
[2.4989594172736731, 5.2934443288241413, 2.4815296566077003, 10.621227887617065, 2.5085848074921957, 10.421956295525494, 2.4674817898022892, 5.1441207075962536, 2.5015608740894901, 7.2679500520291365, 0.60796045785639963]
[2.5005393743257822, 9.9964940668824163, 2.4822006472491909, 7.9546925566343045, 2.5021574973031284, 4.2284250269687167, 2.4943365695792878, 5.1175836030204964, 2.4991909385113269, 3.7144012944983817, 0.60868392664509174]
[2.4951678535096642, 5.952187182095626, 2.4984740590030521, 4.1648016276703972, 2.5287385554425228, 9.6716683621566641, 2.4951678535096642, 10.25762970498474, 2.5122075279755851, 5.0752797558494409, 0.57985757884028488]
[2.5759819703799098, 3.9098518995492597, 2.5022537025112683, 9.7891178364455893, 2.5125563425627817, 4.3985833869929172, 2.4581455247907278, 9.8586606567933028, 2.4961365099806825, 5.5502253702511268, 0.54829362524146807]
kpp
seed array
[array([  1.,  13.,   2.,  10.,   2.,  12.,   1.,   8.,   2.,  11.,   0.]), array([  2.,  12.,   1.,  12.,   1.,  11.,   1.,   8.,   2.,   7.,   1.]), array([  4.,   6.,   2.,   1.,   4.,   2.,   4.,  13.,   2.,   4.,   0.]), array([  1.,   1.,   2.,   5.,   4.,   9.,   4.,   1.,   2.,  12.,   1.]), array([  4.,   3.,   4.,  11.,   3.,  13.,   4.,   6.,   1.,   9.,   0.]), array([ 3.,  1.,  3.,  6.,  3.,  2.,  1.,  6.,  3.,  4.,  1.]), array([  3.,   9.,   2.,  13.,   4.,   5.,   2.,   5.,   1.,  13.,   2.])]
将numpy 数组 转化为 多维空间 point
开始 Kmeans
划定聚类中心
开始迭代
迭代中.
迭代结束
迭代次数 count=100
[2.526742301458671, 10.157860615883306, 2.4862236628849272, 4.0382495948136139, 2.5640194489465156, 8.8175040518638568, 2.5364667747163696, 5.4700162074554299, 2.5066450567260938, 10.208427876823338, 0.58444084278768238]
[2.4965800273597809, 9.6224350205198359, 2.4766073871409029, 9.6374829001367992, 2.5168262653898767, 9.9967168262653896, 2.4823529411764707, 5.025170998632011, 2.5001367989056087, 4.6303693570451436, 0.6216142270861833]
[2.466454521347123, 9.4094404667197029, 2.5202863961813842, 4.0700079554494826, 2.4773269689737472, 4.765579421904004, 2.4982763192787059, 9.7730045080880394, 2.4860779634049326, 4.9708300185627152, 0.5998408910103421]
[2.5025125628140703, 3.6686208821887214, 2.5005583472920154, 3.9857621440536013, 2.4824120603015074, 7.078168620882189, 2.5262423227247348, 3.7007258514796204, 2.483249581239531, 6.621998883305416, 0.76577331099944168]
[2.5190994181634201, 3.9008348090058185, 2.4862130027826965, 7.0786744244877307, 2.5598279787503162, 10.168226663293702, 2.4735643814824182, 10.187958512522135, 2.5208702251454591, 7.8014166455856309, 0.60586896028332915]
[2.5350589777195283, 5.2116644823066842, 2.4773918741808649, 10.309305373525557, 2.5137614678899083, 3.9639580602883355, 2.4505242463958061, 7.1107470511140232, 2.4754259501965925, 3.5167103538663174, 0.57765399737876799]
[2.5214723926380369, 7.2837423312883436, 2.5296523517382412, 9.8852249488752548, 2.466002044989775, 4.1068507157464209, 2.5046012269938651, 6.7239263803680984, 2.5043456032719837, 10.655419222903886, 0.58716768916155415]
afkmc2_with_weight
kpp
seed array
[array([  4.,   5.,   2.,  11.,   3.,   6.,   4.,   4.,   2.,  10.,   0.]), array([  1.,   2.,   3.,   4.,   3.,   8.,   4.,   7.,   4.,  10.,   0.]), array([  4.,  12.,   3.,  10.,   2.,   6.,   1.,   1.,   4.,  13.,   0.]), array([  1.,   8.,   1.,   4.,   3.,  13.,   1.,   1.,   2.,   9.,   0.]), array([  4.,   2.,   2.,  13.,   3.,  13.,   1.,   9.,   4.,   8.,   1.]), array([  3.,  12.,   4.,  12.,   4.,   4.,   2.,   5.,   1.,   8.,   1.]), array([  1.,   8.,   4.,   1.,   2.,  10.,   3.,  13.,   3.,   6.,   0.])]
将numpy 数组 转化为 多维空间 point
开始 Kmeans
划定聚类中心
开始迭代
迭代中..
迭代结束
迭代次数 count=5
[2.545859305431879, 3.7061442564559215, 2.4927278124072427, 10.251409913921044, 2.502226179875334, 4.3505491243692491, 2.4781834372217277, 4.94597803502523, 2.4600771742356784, 7.6752745621846241, 0.57850994360344321]
[2.5350809560524286, 3.2934978154716013, 2.4926754047802619, 3.5160627088152148, 2.486764327936263, 5.8450269853508097, 2.4934464148033926, 7.7489077358005654, 2.5011565150346953, 8.0444615780005133, 0.69545104086353127]
[2.5157689087356965, 10.295004186435948, 2.4917666759698576, 6.8802679319006419, 2.5154898130058609, 6.0806586659224111, 2.5517722578844544, 5.1331286631314539, 2.5060005581914595, 10.976276862963998, 0.62349986045213512]
[2.4792176039119806, 7.9068187992393373, 2.4830209182287422, 5.3827764194512362, 2.5275740287965225, 10.13121434392828, 2.513447432762836, 3.1893507199130671, 2.5186090736212985, 4.9500135832654166, 0.55935886987231731]
[2.4959370904325033, 4.9155963302752292, 2.4786369593709043, 9.9444298820445614, 2.5386631716906947, 10.517955439056356, 2.4783748361730011, 9.1858453473132364, 2.5066841415465269, 6.7761467889908253, 0.69541284403669723]
[2.5275659824046919, 9.9222873900293251, 2.5249266862170088, 9.7548387096774185, 2.4926686217008798, 4.143988269794721, 2.4721407624633431, 7.887683284457478, 2.5005865102639295, 4.1853372434017597, 0.59178885630498534]
[2.4599816007359707, 9.5277522232444039, 2.5259122968414598, 3.538485127261576, 2.5062864152100581, 7.5703771849126031, 2.481447408770316, 10.65440049064704, 2.4832873351732596, 5.9205765102729222, 0.58754983134007976]
min_dist=54.815271697
seed array
[array([  2.,  11.,   1.,   8.,   1.,   4.,   3.,   4.,   1.,  12.,   1.]), array([  3.,   4.,   2.,   8.,   1.,  11.,   3.,   8.,   1.,   6.,   1.]), array([  2.,   6.,   4.,  11.,   2.,   9.,   1.,  10.,   4.,   5.,   0.]), array([ 3.,  3.,  1.,  1.,  4.,  6.,  3.,  9.,  3.,  8.,  0.]), array([  4.,   5.,   2.,   9.,   3.,  10.,   4.,  10.,   1.,   7.,   1.]), array([  1.,   5.,   4.,  11.,   1.,  11.,   1.,   8.,   2.,   5.,   2.]), array([  1.,  11.,   3.,   4.,   3.,   7.,   4.,  10.,   2.,   9.,   0.])]
将numpy 数组 转化为 多维空间 point
开始 Kmeans
划定聚类中心
开始迭代
迭代中.
迭代结束
迭代次数 count=100
[2.5007403020432335, 9.6529464021320699, 2.4705359786793011, 7.763991708617116, 2.4806040864672787, 3.6849274503997629, 2.5339058335801008, 3.6843352087651762, 2.5199881551673085, 8.9810482676932182, 0.56707136511696776]
[2.5158069883527454, 4.0546311702717697, 2.5183028286189684, 3.6993899057127009, 2.545479755962285, 10.333333333333334, 2.4769828064337216, 6.8275097060454799, 2.5122018857459789, 8.340543538546866, 0.53410981697171378]
[2.5052186177715092, 7.9630465444287726, 2.5102961918194642, 10.139069111424542, 2.5165021156558534, 7.0115655853314527, 2.4837799717912552, 10.350634696755995, 2.5176304654442876, 3.7802538787023976, 0.61241184767277856]
[2.5116898490677717, 3.7451908848771827, 2.470257472625037, 5.6865936667653152, 2.4951168984906777, 4.2083456643977506, 2.5019236460491268, 5.6007694584196503, 2.4563480319621189, 3.9088487718259839, 0.8712636874815034]
[2.5567844618289723, 4.1702185055300784, 2.5241435122740761, 10.349608848125168, 2.4877259239277043, 7.0026975991367681, 2.4890747234960884, 7.9287833827893177, 2.4747774480712166, 10.268950633935797, 0.62233612085244128]
[2.4876981957353745, 9.4294696555494806, 2.4827774740295245, 7.7914160743575724, 2.5243302351011483, 10.466375068343357, 2.4844177145981412, 3.7247129579004921, 2.5150355385456535, 5.2337342810278837, 0.55194095133952981]
[2.4828785446762973, 9.8705189941144997, 2.5037453183520597, 3.7027822364901017, 2.5192616372391652, 5.9917067950775813, 2.5040128410914928, 10.148207597645801, 2.4852862493311934, 8.0021401819154629, 0.6027287319422151]
error_afkmc2             = 1129332.39464    during_afkmc2 = 237.855910778
error_kpp                = 1129124.22192    during_kpp = 242.122485876
error_afkmc2_with_weight = 1129833.44453    during_afkmc2_with_weight = 257.307446957

Process finished with exit code 0
