/usr/bin/python /Users/sahara/PycharmProjects/Kmeans/testKmeans.py
初始化数组
afkmc2
seed array
[array([  2.,   1.,   3.,   3.,   3.,   5.,   2.,  10.,   4.,   2.,   0.]), array([  2.,  12.,   4.,   8.,   2.,   6.,   3.,   4.,   4.,  11.,   0.]), array([  3.,  13.,   3.,   1.,   3.,  10.,   1.,   7.,   4.,   7.,   1.]), array([ 2.,  5.,  1.,  6.,  3.,  8.,  3.,  6.,  2.,  1.,  1.]), array([  4.,   3.,   1.,   8.,   2.,   2.,   4.,   7.,   1.,  11.,   0.]), array([  3.,   6.,   4.,   1.,   2.,   4.,   3.,   2.,   3.,  13.,   0.]), array([  3.,   7.,   1.,   6.,   3.,   2.,   3.,  11.,   2.,   8.,   0.])]
将numpy 数组 转化为 多维空间 point
开始 Kmeans
划定聚类中心
开始迭代
迭代中.
迭代结束
迭代次数 count=100
[2.5121250797702617, 4.1544352265475428, 2.4834077855775365, 4.4036375239310788, 2.513082322910019, 9.2747287811104027, 2.501595405232929, 9.8385449904275681, 2.5044671346522018, 4.2514358647096362, 0.5864709636247607]
[2.4925224327018944, 9.6613492854769021, 2.4798936523762047, 9.7128614157527426, 2.4938517779993354, 4.0880691259554673, 2.5154536390827515, 3.9348620804253907, 2.4975074775672983, 8.9132602193419732, 0.55766035227650379]
[2.5039577836411611, 10.067018469656992, 2.5034300791556729, 4.1467018469656995, 2.5348284960422163, 10.108707124010554, 2.4976253298153033, 6.0155672823219, 2.5013192612137205, 8.7287598944591025, 0.59604221635883903]
[2.4989567031820554, 6.0310380803338548, 2.4642670839853937, 10.043557642149192, 2.5299947835159102, 9.2576943140323422, 2.4770474700052163, 4.2196139801773604, 2.4934793948878458, 4.1520605112154412, 0.55659885237350026]
[2.5462814339218833, 4.7528089887640448, 2.5211342964151955, 9.9317817014446224, 2.5098983413590155, 7.2752808988764048, 2.4967897271268056, 9.7974852862493318, 2.5002675227394326, 9.9537185660781162, 0.68619582664526479]
[2.5112676056338028, 4.1343661971830983, 2.5045070422535209, 3.876619718309859, 2.5090140845070423, 4.6180281690140843, 2.4853521126760563, 4.6997183098591551, 2.483661971830986, 8.4760563380281688, 0.76253521126760559]
[2.4948166877370417, 9.8963337547408337, 2.5213653603034132, 6.8996207332490522, 2.4791403286978508, 4.2126422250316056, 2.5018963337547406, 9.7782553729456385, 2.5008849557522126, 4.4743362831858411, 0.5951959544879899]
kpp
seed array
[array([ 1.,  6.,  1.,  1.,  3.,  4.,  3.,  2.,  2.,  3.,  0.]), array([  4.,  10.,   2.,   3.,   4.,   9.,   4.,  13.,   1.,  10.,   1.]), array([ 1.,  5.,  3.,  2.,  1.,  9.,  1.,  3.,  4.,  2.,  1.]), array([  1.,   5.,   1.,   8.,   4.,  12.,   1.,   2.,   4.,  10.,   0.]), array([  1.,   9.,   2.,   9.,   2.,   6.,   4.,  11.,   2.,   1.,   1.]), array([  4.,   8.,   4.,   4.,   3.,   7.,   4.,   3.,   1.,  12.,   0.]), array([ 2.,  7.,  1.,  3.,  1.,  1.,  1.,  7.,  2.,  3.,  2.])]
将numpy 数组 转化为 多维空间 point
开始 Kmeans
划定聚类中心
开始迭代
迭代中.
迭代结束
迭代次数 count=100
[2.5202236106543898, 8.2676751068727388, 2.4840512989148307, 9.7655376520881294, 2.5241696810259784, 3.912857612627425, 2.478789871752713, 3.933903321275896, 2.491614600460375, 4.1798750411048999, 0.58401841499506746]
[2.4968636513700893, 5.2680752723671178, 2.5222845823704194, 3.7953119841531859, 2.5589303400462198, 9.9788709144932319, 2.4697920105645426, 9.5671838890723002, 2.5090789039286894, 9.6500495212941573, 0.57114559260482012]
[2.4729729729729728, 8.3884472708002118, 2.4827768945416002, 3.8020667726550079, 2.543455219925808, 9.4038155802861692, 2.5082140964493904, 3.8995760466348703, 2.520137784843667, 5.0095389507154211, 0.60757816640169582]
[2.5247550283651368, 4.0025786487880355, 2.5020629190304282, 9.9930376482723045, 2.4878803506962353, 8.567818463125322, 2.5110881897885506, 4.7052604435275915, 2.463898916967509, 9.3223310985043835, 0.57581227436823101]
[2.5049476957873904, 9.2442748091603058, 2.4916595985298273, 9.8631608707944594, 2.4978795589482612, 9.3825275657336729, 2.4724342663273959, 9.9448685326547928, 2.5162567147299972, 5.0506078597681654, 0.75968334746960697]
[2.50875, 9.6002500000000008, 2.4969999999999999, 6.0910000000000002, 2.4942500000000001, 3.8610000000000002, 2.5242499999999999, 7.0415000000000001, 2.4892500000000002, 10.499499999999999, 0.58225000000000005]
[2.5321247667288724, 4.1519594774726736, 2.5059984004265528, 5.8331111703545719, 2.4780058651026393, 4.2529992002132762, 2.4948013862969876, 9.6998133830978404, 2.4948013862969876, 4.6059717408691014, 0.66302319381498265]
afkmc2_with_weight
kpp
seed array
[array([ 3.,  7.,  1.,  3.,  1.,  4.,  2.,  8.,  3.,  4.,  1.]), array([  1.,  10.,   4.,   9.,   3.,  12.,   3.,  13.,   2.,  13.,   1.]), array([  4.,   5.,   2.,  12.,   1.,  10.,   3.,   2.,   3.,   9.,   0.]), array([  2.,  11.,   1.,  13.,   4.,   1.,   4.,   6.,   2.,   3.,   0.]), array([  3.,   4.,   4.,   4.,   4.,  13.,   1.,   5.,   2.,   2.,   1.]), array([  1.,   2.,   4.,   7.,   4.,   2.,   2.,  11.,   3.,   4.,   1.]), array([  3.,  10.,   2.,   1.,   1.,  10.,   2.,   3.,   1.,   2.,   1.])]
将numpy 数组 转化为 多维空间 point
开始 Kmeans
划定聚类中心
开始迭代
迭代中..
迭代结束
迭代次数 count=5
[2.4992592592592593, 7.605185185185185, 2.491604938271605, 3.1548148148148147, 2.4797530864197532, 3.4582716049382718, 2.4965432098765432, 7.0224691358024689, 2.4767901234567899, 8.0575308641975312, 0.68345679012345684]
[2.4981433876035419, 8.9197372179377314, 2.5224221650956871, 7.3121965152813484, 2.5258497572122249, 9.5584118823193371, 2.4861468151956583, 10.468151956583833, 2.5069980005712655, 9.6735218508997427, 0.83547557840616971]
[2.5223013987859595, 4.6753760886777513, 2.4866719451042489, 9.2992874109263663, 2.5096331485880179, 8.0876220638690945, 2.5106888361045132, 3.4359989443124834, 2.4864080232251253, 9.6051728688308255, 0.56109791501715489]
[2.5004052958659821, 10.104566333423399, 2.5104025938935424, 10.23318022156174, 2.4882464198865173, 4.4590651175358014, 2.502296676573899, 6.2553363955687651, 2.5044582545258036, 4.7470953796271278, 0.56011888678735477]
[2.5054644808743167, 3.7863387978142078, 2.4868852459016395, 5.2653005464480875, 2.5314207650273226, 10.000273224043715, 2.5008196721311475, 7.834426229508197, 2.5081967213114753, 4.0756830601092897, 0.60491803278688527]
[2.5638668779714737, 3.5866877971473849, 2.5074484944532487, 9.3927099841521393, 2.48716323296355, 4.1153724247226622, 2.4621236133122029, 9.8367670364500785, 2.4843106180665608, 6.6465927099841524, 0.55467511885895404]
[2.4749524413443247, 10.347495244134432, 2.4793912492073558, 4.7669625871908687, 2.5570703868103997, 9.8991756499682939, 2.5088776157260622, 4.014584654407102, 2.5180722891566263, 5.6398224476854786, 0.53233988585922642]
min_dist=59.7480777535
seed array
[array([ 2.,  6.,  3.,  3.,  4.,  5.,  2.,  7.,  1.,  8.,  0.]), array([  4.,   2.,   3.,  11.,   4.,   5.,   2.,  10.,   4.,   9.,   0.]), array([ 3.,  9.,  3.,  2.,  1.,  5.,  4.,  8.,  4.,  7.,  0.]), array([ 3.,  5.,  1.,  9.,  4.,  6.,  3.,  9.,  2.,  7.,  1.]), array([  2.,   5.,   1.,  10.,   3.,  10.,   2.,   2.,   2.,   9.,   1.]), array([  2.,  11.,   3.,   6.,   3.,  10.,   4.,   7.,   4.,   4.,   0.]), array([ 1.,  5.,  1.,  4.,  2.,  8.,  2.,  6.,  3.,  6.,  1.])]
将numpy 数组 转化为 多维空间 point
开始 Kmeans
划定聚类中心
开始迭代
迭代中.
迭代结束
迭代次数 count=100
[2.5178665265370466, 4.5275880189174984, 2.517078297425118, 3.7475039411455597, 2.5165528113504991, 7.4122438255386234, 2.5112979506043089, 3.6153441933788755, 2.4826589595375723, 8.5089332632685242, 0.68707304256437207]
[2.5278162192084142, 4.8901190146692501, 2.5405480210351508, 9.6844727373373924, 2.507611403265984, 8.7780238029338502, 2.4749515637973984, 9.5352892333241073, 2.5081649598671465, 10.042347079988929, 0.72017713811237194]
[2.4699383350462489, 10.043422404933196, 2.4958890030832479, 3.8062692702980474, 2.5048818088386433, 5.017471736896197, 2.5136176772867422, 9.5341726618705032, 2.488694758478931, 7.9383350462487154, 0.59609455292908531]
[2.5505311904113319, 6.0356850994279485, 2.4840642876600381, 9.7937891582675025, 2.5194769817488423, 3.8564423862707709, 2.4644511032416236, 7.4402070280577499, 2.4777989648597112, 3.4067011713429585, 0.61372922909289018]
[2.4951140065146582, 8.5084690553745936, 2.4830618892508145, 9.6485342019543978, 2.4706840390879479, 4.0534201954397391, 2.5140065146579804, 4.1752442996742669, 2.5087947882736157, 10.095114006514658, 0.54299674267100972]
[2.4808785529715762, 10.020413436692506, 2.4899224806201552, 8.2152454780361754, 2.5149870801033591, 10.278811369509043, 2.4961240310077519, 4.6578811369509046, 2.5255813953488371, 4.8633074935400513, 0.58346253229974165]
[2.5229922279792745, 4.5029145077720205, 2.4666450777202074, 4.5307642487046635, 2.5346502590673574, 9.5822538860103634, 2.4983808290155443, 9.7655440414507773, 2.4899611398963732, 3.9685880829015545, 0.5893782383419689]
error_afkmc2             = 1129973.01777    during_afkmc2 = 288.126515865
error_kpp                = 1130690.78495    during_kpp = 291.071456909
error_afkmc2_with_weight = 1126880.27155    during_afkmc2_with_weight = 312.644976854

Process finished with exit code 0
