/usr/bin/python /Users/sahara/PycharmProjects/Kmeans/testKmeans.py
初始化数组
afkmc2
seed array
[array([  2.,  13.,   4.,   3.,   1.,  11.,   2.,  12.,   4.,   2.,   0.]), array([  3.,   9.,   1.,  12.,   1.,   4.,   2.,   5.,   3.,  10.,   0.]), array([  4.,  13.,   3.,   6.,   4.,   9.,   2.,   1.,   1.,   9.,   1.]), array([  4.,   3.,   1.,   2.,   4.,  11.,   4.,   8.,   4.,   1.,   0.]), array([  3.,   1.,   4.,   8.,   4.,   6.,   3.,  10.,   1.,  10.,   1.]), array([  1.,  12.,   4.,  12.,   4.,  13.,   1.,   9.,   2.,   1.,   1.]), array([  2.,  12.,   1.,   5.,   1.,  10.,   2.,  10.,   4.,  11.,   1.])]
将numpy 数组 转化为 多维空间 point
开始 Kmeans
划定聚类中心
开始迭代
迭代中.
迭代结束
迭代次数 count=100
[2.4997113163972284, 9.821882217090069, 2.5129907621247112, 7.1327944572748265, 2.4725750577367207, 3.9223441108545036, 2.475173210161663, 8.6478060046189373, 2.4988452655889146, 3.4644919168591226, 0.57390300230946878]
[2.5022696929238983, 5.4146862483311082, 2.487049399198932, 9.376502002670227, 2.5049399198931908, 3.576769025367156, 2.5025367156208276, 3.6518024032042722, 2.4750333778371161, 7.6141522029372499, 0.64245660881174904]
[2.5141322781232334, 6.9646693046919159, 2.5033917467495761, 3.5754663651780665, 2.5121537591859808, 8.6936122102882987, 2.511023176936122, 3.4166195590729225, 2.5107405313736573, 9.2826455624646691, 0.5641605426794799]
[2.509381898454746, 3.9536423841059603, 2.4754415011037527, 4.1341059602649004, 2.5217991169977925, 8.6834988962472401, 2.5195916114790289, 8.5896799116997791, 2.4911699779249448, 3.9036975717439293, 0.66528697571743933]
[2.5374574347332577, 3.9667990919409761, 2.526106696935301, 10.25794551645857, 2.5204313280363224, 8.2897275822928496, 2.453461975028377, 9.6288308740068107, 2.4994324631101024, 8.7902951191827476, 0.62116912599318952]
[2.5016968325791855, 9.7112556561085981, 2.4892533936651584, 9.6609162895927607, 2.5172511312217196, 10.320701357466064, 2.4951923076923075, 4.9188348416289589, 2.495475113122172, 5.2384049773755654, 0.63404977375565608]
[2.4970662196144175, 9.3218776194467736, 2.4914780664990221, 4.9343392008941045, 2.521654093322157, 5.7300922045264038, 2.5127130483375244, 9.9069572506286665, 2.511874825370215, 10.375244481698799, 0.64347583123777596]
kpp
seed array
[array([  2.,  13.,   4.,   6.,   1.,   2.,   4.,   1.,   1.,  12.,   0.]), array([  2.,   4.,   4.,   7.,   1.,   6.,   2.,  12.,   3.,   2.,   0.]), array([  4.,   4.,   4.,  10.,   3.,   1.,   4.,  13.,   3.,  11.,   0.]), array([  2.,  10.,   1.,   8.,   3.,   5.,   3.,   6.,   2.,   5.,   1.]), array([  2.,   5.,   2.,   1.,   4.,  10.,   1.,  12.,   2.,   9.,   0.]), array([  4.,   1.,   4.,   2.,   4.,   3.,   1.,  13.,   3.,  13.,   1.]), array([  3.,   3.,   2.,  13.,   3.,  10.,   2.,   4.,   2.,  12.,   0.])]
将numpy 数组 转化为 多维空间 point
开始 Kmeans
划定聚类中心
开始迭代
迭代中.
迭代结束
迭代次数 count=100
[2.52267681573105, 9.7561052965429749, 2.4649540120520141, 5.7148747224865204, 2.5109419600380591, 4.3060577228036792, 2.5267998731366954, 3.7722803679035839, 2.5153821757056773, 9.7354900095147485, 0.56200444021566764]
[2.4914211719002912, 3.9320168339268373, 2.4775008093234057, 7.6471349951440599, 2.5577856911621883, 10.119132405309161, 2.5033991583036581, 9.9242473292327613, 2.5270314017481383, 4.3509226286824214, 0.57041113629006146]
[2.5566528066528065, 7.4454261954261955, 2.5265072765072767, 10.445426195426196, 2.4820686070686069, 4.0083160083160081, 2.4976611226611225, 9.9753118503118507, 2.501819126819127, 8.0909563409563408, 0.625]
[2.4831844456121912, 10.061481870730425, 2.4960588544403572, 8.6831318970047295, 2.5023646873357857, 9.0107724645296905, 2.4742511823436679, 4.4984235417761429, 2.5147136100893328, 3.9348397267472413, 0.5738307934839727]
[2.4757230034491906, 9.3303263465110113, 2.5072963650835765, 3.370390023879013, 2.5293181215176439, 7.8843194481294772, 2.4911117007163703, 10.259219952241974, 2.4812947731493766, 7.762005837092067, 0.60254709472008494]
[2.5146314012380415, 3.8933595948227349, 2.4912774338773214, 5.340180078784468, 2.484243106359032, 4.0008441193021946, 2.4926842993809792, 5.4552616769836799, 2.4603263927968486, 4.4319077096229602, 0.86888013505908834]
[2.5156950672645739, 4.2461092060142445, 2.5104194144025325, 7.6127670799261411, 2.5127934581904512, 9.7428119229754682, 2.4919546293853863, 4.6214719071485098, 2.4866789765233448, 10.257451859667635, 0.5415457662885782]
afkmc2_with_weight
kpp
seed array
[array([  2.,  13.,   2.,   2.,   1.,  10.,   4.,   7.,   2.,  11.,   0.]), array([  2.,  11.,   2.,  12.,   3.,  10.,   4.,   4.,   4.,  12.,   1.]), array([  3.,   8.,   2.,   4.,   4.,  13.,   2.,   8.,   4.,   1.,   1.]), array([  2.,   4.,   3.,   9.,   4.,   4.,   3.,   7.,   1.,  10.,   1.]), array([  4.,   9.,   1.,  13.,   4.,   3.,   1.,   5.,   4.,   5.,   1.]), array([ 1.,  6.,  2.,  9.,  2.,  4.,  1.,  1.,  4.,  5.,  0.]), array([  3.,   1.,   2.,   4.,   4.,  10.,   3.,   6.,   3.,   5.,   0.])]
将numpy 数组 转化为 多维空间 point
开始 Kmeans
划定聚类中心
开始迭代
迭代中..
迭代结束
迭代次数 count=5
[2.5119784656796771, 9.9289367429340505, 2.4804845222072678, 3.4581426648721401, 2.5313593539703905, 6.4061911170928667, 2.526514131897712, 7.1590847913862721, 2.4796769851951548, 10.111709286675639, 0.56796769851951545]
[2.5253444242266703, 8.0948791265921489, 2.507408370158565, 10.386275019495711, 2.5058487132830778, 9.8289576293215486, 2.4918118014036912, 4.7777488952430467, 2.4941512867169222, 9.2157525344424229, 0.68884845334026512]
[2.4429152330309667, 9.4510478573662802, 2.5035971223021583, 5.4210197059743512, 2.5179856115107913, 9.885517672818267, 2.4791992492962152, 8.6187050359712227, 2.5010947763528306, 3.311542070691273, 0.55583359399436971]
[2.5482204362801379, 3.7611940298507465, 2.5040183696900113, 8.1443742824339846, 2.4968427095292767, 4.1403559127439724, 2.5152123995407578, 9.2428243398392649, 2.4888059701492535, 9.6182548794489087, 0.56572904707233063]
[2.5264499681325687, 9.1867431485022308, 2.5363288718929256, 10.029955385595921, 2.4926704907584449, 4.1456341618865515, 2.4674952198852771, 9.4792861695347348, 2.5111536010197577, 4.5079668578712555, 0.56182281708094328]
[2.5102647217720153, 6.3052404105888709, 2.4764991896272286, 6.8727714748784443, 2.4940572663425176, 4.0788762830902217, 2.5064829821717991, 2.9440842787682335, 2.4929767693138842, 4.8165856293895191, 0.79605618584548887]
[2.4924879042526102, 2.9118920295390884, 2.4833206009676596, 5.0926916221033869, 2.5294117647058822, 10.103132161955692, 2.4802648332060095, 7.1948051948051948, 2.5146422205245735, 6.3778966131907309, 0.59001782531194291]
min_dist=54.3500876495
seed array
[array([  3.,   5.,   2.,   3.,   1.,  10.,   3.,   8.,   4.,   6.,   0.]), array([  3.,  11.,   3.,   1.,   1.,   4.,   2.,   7.,   2.,  10.,   0.]), array([  3.,  11.,   4.,  11.,   3.,   6.,   2.,  10.,   1.,   5.,   1.]), array([ 1.,  8.,  4.,  6.,  1.,  3.,  3.,  2.,  3.,  3.,  1.]), array([  1.,   1.,   2.,   4.,   2.,  10.,   2.,   6.,   4.,   7.,   0.]), array([  3.,   9.,   1.,  10.,   1.,   6.,   2.,  12.,   3.,   5.,   0.]), array([  4.,   7.,   3.,  10.,   2.,  10.,   2.,   5.,   1.,   6.,   1.])]
将numpy 数组 转化为 多维空间 point
开始 Kmeans
划定聚类中心
开始迭代
迭代中.
迭代结束
迭代次数 count=100
[2.5035535667280864, 4.5730455382995521, 2.4714398525927876, 4.4511713608844437, 2.5067122927086074, 8.8923400894972353, 2.500921295077652, 9.3869439326138462, 2.4996051592524346, 3.8565411950513293, 0.60384311660963408]
[2.5068825910931176, 10.140350877192983, 2.4993252361673415, 4.1678812415654525, 2.5201079622132254, 5.8512820512820509, 2.5101214574898787, 9.1632928475033744, 2.4879892037786773, 9.7179487179487172, 0.61808367071524961]
[2.5025075225677029, 9.2039451688398533, 2.5239050484787695, 10.045469742561016, 2.5165496489468406, 5.5419592109662323, 2.4744232698094284, 10.34704112337011, 2.5132062855232364, 4.0695419592109658, 0.62587763289869613]
[2.4898882384246939, 7.4510377860564132, 2.4733901011176158, 7.08382118147951, 2.5125066524747206, 3.3230441724321449, 2.5175625332623737, 3.39888238424694, 2.4914848323576368, 5.0415114422565193, 0.75093134646088344]
[2.5196575776791375, 4.5383639822447686, 2.5107799619530753, 3.9825618262523781, 2.5171211160431199, 8.8601775523145214, 2.4765377298668358, 4.0475586556753331, 2.5019023462270131, 9.8376664552948636, 0.57482561826252376]
[2.54766210281581, 4.0162748643761299, 2.5293205889950916, 10.215964866959443, 2.4890209248256263, 6.1304572461896152, 2.4879876001033323, 8.351847067941101, 2.4843709635753037, 9.9212089899250842, 0.5753035391371738]
[2.490353697749196, 9.27572347266881, 2.482583065380493, 9.190514469453376, 2.512861736334405, 10.509914255091104, 2.4967845659163985, 4.0736870310825291, 2.506966773847803, 6.144426580921758, 0.59405144694533762]
error_afkmc2             = 1127707.93222    during_afkmc2 = 238.890775919
error_kpp                = 1128944.99947    during_kpp = 240.892502069
error_afkmc2_with_weight = 1125404.39231    during_afkmc2_with_weight = 267.743955851

Process finished with exit code 0
