/usr/bin/python /Users/sahara/PycharmProjects/Kmeans/testKmeans.py
初始化数组
afkmc2
seed array
[array([  3.,   7.,   3.,   2.,   1.,   8.,   4.,  13.,   2.,  11.,   0.]), array([  3.,   1.,   4.,  13.,   2.,   6.,   3.,   7.,   4.,   8.,   0.]), array([  1.,  10.,   1.,   4.,   3.,   6.,   1.,   3.,   3.,   7.,   0.]), array([  4.,   5.,   1.,  13.,   4.,  10.,   3.,   3.,   1.,   1.,   0.]), array([  1.,  11.,   3.,   8.,   2.,  12.,   4.,   4.,   1.,  12.,   1.]), array([  3.,   1.,   1.,   5.,   2.,  11.,   3.,   4.,   4.,   6.,   0.]), array([  3.,   2.,   4.,  13.,   2.,   3.,   1.,   9.,   1.,   1.,   0.])]
将numpy 数组 转化为 多维空间 point
开始 Kmeans
划定聚类中心
开始迭代
迭代中.
迭代结束
迭代次数 count=100
[2.4996150885296382, 7.0184757505773669, 2.5037208108801643, 3.7400564536823198, 2.5483705414421349, 7.7079804978188351, 2.5096227867590453, 10.725173210161662, 2.4762637926610211, 9.3523222992045163, 0.59353348729792144]
[2.5230811253755805, 3.7795684239278886, 2.5167986888828189, 9.786397159246107, 2.4859328052444689, 4.8874624419557495, 2.4954930346899755, 5.5558590549030322, 2.4659928981152692, 9.6648456705818084, 0.58426659382682322]
[2.4916013437849944, 10.113381858902576, 2.4851623740201569, 4.6853303471444567, 2.4876819708846583, 4.3289473684210522, 2.5137178051511757, 4.3678611422172455, 2.5240761478163494, 5.316909294512878, 0.62849944008958569]
[2.4867841409691631, 7.448788546255507, 2.490363436123348, 9.7535792951541858, 2.5245044052863435, 10.549284140969164, 2.4765969162995596, 7.8232378854625555, 2.5107378854625551, 3.784691629955947, 0.60077092511013219]
[2.5309789343246591, 10.200743494423792, 2.4876084262701363, 8.5737298636926891, 2.5260223048327139, 8.981412639405205, 2.5027881040892193, 4.8361214374225527, 2.5133209417596034, 10.381350681536555, 0.70941759603469645]
[2.5042348955392435, 3.6581027667984189, 2.4847543760587238, 3.9313946922642575, 2.5141163184641444, 9.1118012422360248, 2.5095990965556183, 4.5962732919254661, 2.4912478825522304, 5.7947487295313378, 0.67476002258610956]
[2.5284646348476136, 7.10149511213341, 2.5140885566417484, 8.9879240943070737, 2.4827487061529614, 3.5793559516963773, 2.4626221966647499, 10.232317423806785, 2.503737780333525, 4.4666474985623923, 0.56814261069580219]
kpp
seed array
[array([  2.,   4.,   1.,   9.,   3.,   2.,   4.,   4.,   2.,  13.,   1.]), array([ 1.,  3.,  3.,  9.,  4.,  5.,  1.,  6.,  2.,  6.,  1.]), array([  3.,  11.,   4.,   3.,   1.,   8.,   4.,   5.,   1.,  12.,   0.]), array([  4.,   4.,   4.,   2.,   1.,   6.,   1.,  11.,   1.,   1.,   0.]), array([  4.,   8.,   3.,   3.,   1.,   1.,   3.,   7.,   2.,  12.,   0.]), array([  1.,  11.,   3.,  13.,   4.,  13.,   3.,   6.,   4.,   4.,   1.]), array([  4.,   6.,   2.,   4.,   3.,  12.,   4.,   1.,   2.,  12.,   1.])]
将numpy 数组 转化为 多维空间 point
开始 Kmeans
划定聚类中心
开始迭代
迭代中.
迭代结束
迭代次数 count=100
[2.5182846619310708, 7.6006314127861092, 2.5198631938963429, 8.8071560115759002, 2.4880294659300186, 4.6500920810313078, 2.5093396474611946, 10.005524861878452, 2.5148645093396476, 10.485135490660353, 0.66719284398842404]
[2.5379850016302576, 4.8007825236387349, 2.4678839256602543, 10.25334202804043, 2.5435278774046299, 3.958591457450277, 2.4558200195630908, 7.1692207368764267, 2.4600586892729051, 3.7303553961525919, 0.60189109879360936]
[2.5102173207914369, 10.000324359390204, 2.5115147583522544, 3.872851119039896, 2.5445994161530976, 9.789815115147583, 2.5089198832306194, 6.2277002919234512, 2.4897826792085631, 9.7648394421018487, 0.57995458968537139]
[2.5062728698379511, 4.0047046523784635, 2.4845791949817042, 4.5188186095138523, 2.5378985886042864, 9.4401463669628853, 2.5109775222164141, 9.6173549398849971, 2.5054887611082068, 5.0658651332984839, 0.61369576581285934]
[2.4804484550177741, 9.8506972928630017, 2.5045118949958982, 4.2996992070002733, 2.4766201804757997, 3.8758545255674051, 2.5157232704402515, 6.0407437790538694, 2.5113480995351383, 4.7295597484276728, 0.6592835657642877]
[2.5142469470827682, 9.4773405698778834, 2.4944369063772047, 10.245861601085481, 2.5142469470827682, 10.074898236092267, 2.4773405698778834, 5.851017639077341, 2.5063772048846675, 4.9023066485753048, 0.6352781546811398]
[2.4991004883063481, 3.6586995630943204, 2.4983294782832175, 7.1428938576201491, 2.4790542277049603, 7.1981495759444876, 2.4883063479825238, 3.5887946543305063, 2.4857363145720894, 9.7648419429452584, 0.58211256746337703]
afkmc2_with_weight
kpp
seed array
[array([  1.,  10.,   3.,   6.,   2.,   6.,   3.,   9.,   4.,   7.,   1.]), array([  4.,  11.,   1.,  13.,   4.,   1.,   4.,  10.,   4.,   2.,   0.]), array([  2.,   1.,   1.,   5.,   4.,  11.,   2.,  12.,   4.,   8.,   0.]), array([  2.,   2.,   3.,  11.,   3.,   1.,   3.,   2.,   4.,   9.,   1.]), array([  4.,   1.,   1.,  12.,   4.,   9.,   3.,  11.,   4.,   7.,   0.]), array([  2.,   9.,   1.,  11.,   2.,  13.,   3.,  11.,   3.,   2.,   1.]), array([  4.,   5.,   1.,   7.,   3.,   7.,   4.,  12.,   3.,  11.,   1.])]
将numpy 数组 转化为 多维空间 point
开始 Kmeans
划定聚类中心
开始迭代
迭代中..
迭代结束
迭代次数 count=5
[2.4926146670121794, 10.648095361492615, 2.5011661052086032, 3.3555325213785956, 2.5273386887794764, 6.8147188390774813, 2.5221559989634619, 5.1622181912412541, 2.4988338947913968, 7.6040424980564909, 0.57398289712360717]
[2.5149318643084952, 8.7376051029283843, 2.5088431429399827, 8.981153957668889, 2.4868077703682228, 3.3450275442157147, 2.467671788924326, 8.7494926065526233, 2.5175413163235723, 3.8509712960278342, 0.57146999130182663]
[2.5157736604907361, 3.9954932398597895, 2.4979969954932399, 3.2904356534802202, 2.5252879318978469, 9.2090635953930899, 2.5027541311967951, 7.4419128693039562, 2.5007511266900351, 5.4772158237356035, 0.64196294441662494]
[2.5053966540744739, 4.991365353480842, 2.4824608742579599, 8.3081489476524553, 2.4991905018888287, 4.4446842957366437, 2.5072854830005395, 3.0437128980032382, 2.4897463572584999, 8.6821370750134914, 0.65353480841878031]
[2.5119972963839134, 3.266306184521798, 2.4809057113889827, 10.587698546806353, 2.5275430888813788, 9.5826292666441368, 2.4782020953024673, 8.0564379858060153, 2.4771882392700237, 6.411625549172018, 0.56505576208178443]
[2.5091015854374632, 10.177334116265413, 2.5, 9.4295361127422197, 2.4964768056371112, 10.61303581914269, 2.4721080446271286, 6.0231943628890194, 2.4982384028185556, 5.5184967704051671, 0.67645331767469175]
[2.5127852625790488, 6.857025020621391, 2.5103106956282653, 6.6323893318669231, 2.5078361286774813, 5.4531207038768219, 2.5125103106956281, 10.496563101457244, 2.4960131976904041, 10.913390156722574, 0.6563101457244982]
min_dist=55.1113713592
seed array
[array([  2.,   8.,   3.,   5.,   1.,   7.,   1.,  10.,   1.,  12.,   0.]), array([  2.,  11.,   1.,  10.,   2.,  12.,   1.,   5.,   1.,   4.,   0.]), array([  3.,   5.,   3.,   9.,   1.,   5.,   4.,  11.,   1.,  10.,   1.]), array([  3.,   2.,   4.,  13.,   3.,   8.,   2.,   8.,   3.,   6.,   1.]), array([  2.,  10.,   4.,   1.,   3.,   5.,   2.,   4.,   4.,   7.,   0.]), array([  3.,   7.,   2.,   7.,   2.,   3.,   4.,  11.,   4.,  12.,   1.]), array([  3.,   8.,   3.,   9.,   4.,  10.,   1.,   8.,   1.,   6.,   1.])]
将numpy 数组 转化为 多维空间 point
开始 Kmeans
划定聚类中心
开始迭代
迭代中.
迭代结束
迭代次数 count=100
[2.5020666850372004, 5.8751722237530997, 2.5064756131165611, 3.9972444199503996, 2.5637916781482502, 10.216037475888674, 2.4772664645907962, 8.4240837696335085, 2.5147423532653623, 10.057040507026729, 0.61669881510057867]
[2.4965091299677766, 10.176960257787325, 2.4849624060150375, 9.4814715359828146, 2.5096670247046187, 8.6495703544575733, 2.4634801288936625, 4.4256176154672398, 2.5182599355531687, 4.4484425349087005, 0.59183673469387754]
[2.5673396371070791, 4.4842831587017633, 2.5006388959877333, 9.9407104523383598, 2.4942499361104011, 5.810120112445694, 2.475594173268592, 10.392026578073089, 2.4968055200613342, 5.4357270636340402, 0.58088423204702277]
[2.5139200000000002, 4.0406399999999998, 2.4828800000000002, 10.17952, 2.4979200000000001, 8.3187200000000008, 2.5049600000000001, 4.0579200000000002, 2.4748800000000002, 9.4575999999999993, 0.54976000000000003]
[2.5070661390616169, 4.450537026568683, 2.4768230638778972, 3.9564725833804411, 2.4977388355002828, 5.5505935556811759, 2.5302430751837197, 4.128886376483889, 2.4807801017524023, 4.8267382702091579, 0.86602600339174673]
[2.5073791348600509, 9.944274809160305, 2.4849872773536896, 7.0396946564885496, 2.4903307888040711, 3.8419847328244274, 2.5251908396946563, 6.8445292620865139, 2.4994910941475825, 10.415776081424937, 0.59491094147582702]
[2.4566804189146301, 9.7524595366550297, 2.5531577277054902, 4.2008886067914943, 2.5201523325928279, 7.1948587749920661, 2.4969850841002854, 10.068867026340843, 2.4912726118692476, 3.8841637575372898, 0.53951126626467782]
error_afkmc2             = 1134025.5592    during_afkmc2 = 236.210254192
error_kpp                = 1128126.63674    during_kpp = 239.614872932
error_afkmc2_with_weight = 1128524.91066    during_afkmc2_with_weight = 255.574462175

Process finished with exit code 0
