/usr/bin/python /Users/sahara/PycharmProjects/Kmeans/testKmeans.py
初始化数组
afkmc2
seed array
[array([  2.,   1.,   3.,   4.,   4.,   5.,   4.,  11.,   4.,   7.,   0.]), array([  3.,   3.,   1.,   9.,   1.,  11.,   3.,  12.,   3.,   2.,   0.]), array([  4.,   3.,   3.,   8.,   2.,   3.,   2.,  13.,   1.,  11.,   1.]), array([  2.,   9.,   2.,   1.,   3.,  10.,   3.,  12.,   4.,   5.,   0.]), array([  4.,  11.,   3.,  10.,   3.,   2.,   2.,   1.,   4.,  12.,   0.]), array([  1.,  11.,   2.,   9.,   2.,  11.,   3.,   3.,   4.,   4.,   1.]), array([ 2.,  3.,  2.,  6.,  3.,  7.,  1.,  4.,  1.,  3.,  1.])]
将numpy 数组 转化为 多维空间 point
开始 Kmeans
划定聚类中心
开始迭代
迭代中.
迭代结束
迭代次数 count=100
[2.507518796992481, 4.772556390977444, 2.5247046186895812, 4.1154672395273897, 2.5494092373791624, 9.8600966702470458, 2.4876476906552094, 7.518796992481203, 2.4763694951664879, 10.20810955961332, 0.54699248120300747]
[2.5117493472584855, 6.501015375689005, 2.4856396866840731, 10.051348999129678, 2.5323469683782998, 8.3669857847403541, 2.4662024949231216, 10.217290397447055, 2.5053669857847405, 3.7742964897011895, 0.62895271250362639]
[2.5382210855356635, 5.0017050298380221, 2.5217391304347827, 9.8269394714407508, 2.4865018471156577, 4.3660130718954244, 2.5092355782892866, 8.8300653594771248, 2.499289570900824, 10.113952827507815, 0.60869565217391308]
[2.4580131723380898, 9.8180570801317231, 2.5192096597145994, 3.5809549945115258, 2.4928649835345773, 5.7851262349066959, 2.4887486278814488, 9.9920417124039513, 2.4961580680570803, 5.632821075740944, 0.56778265642151482]
[2.5056801631226331, 9.8534809204777165, 2.4745120885522867, 7.3979027090008742, 2.5059714535391784, 3.3891639965045148, 2.5272356539469851, 3.6714244101369067, 2.5228662976988057, 7.816778327993009, 0.55024759685406355]
[2.5152179873868934, 9.6813819577735121, 2.491088565944612, 8.6772689882094873, 2.5108308198519329, 10.640526460104196, 2.4782012613106663, 4.0800658075130247, 2.5023306827529477, 7.1052920208390455, 0.62023581025500407]
[2.5261401557285872, 3.4082313681868741, 2.4649610678531704, 5.7783648498331477, 2.4927697441601779, 6.3898776418242491, 2.5152947719688541, 4.2947719688542829, 2.4810901001112349, 3.9621802002224693, 0.8253615127919911]
kpp
seed array
[array([  3.,   5.,   2.,   7.,   3.,   8.,   3.,  10.,   2.,   1.,   0.]), array([  2.,   9.,   3.,  12.,   4.,  11.,   1.,   5.,   4.,   7.,   0.]), array([  3.,  12.,   4.,   4.,   3.,   9.,   1.,   9.,   1.,   7.,   1.]), array([  2.,   1.,   1.,   2.,   4.,   9.,   1.,   9.,   4.,  11.,   1.]), array([  3.,   5.,   2.,   3.,   1.,  10.,   3.,   8.,   4.,   6.,   0.]), array([  3.,   7.,   1.,   5.,   3.,   4.,   3.,  12.,   2.,  13.,   0.]), array([  2.,  12.,   3.,   7.,   2.,   3.,   1.,  13.,   4.,   1.,   0.])]
将numpy 数组 转化为 多维空间 point
开始 Kmeans
划定聚类中心
开始迭代
迭代中.
迭代结束
迭代次数 count=100
[2.5076282940360612, 4.4033287101248266, 2.4754507628294036, 6.5484049930651871, 2.5503467406380027, 9.3298196948682381, 2.482385575589459, 10.245492371705964, 2.4948682385575589, 4.0346740638002778, 0.56338418862690709]
[2.4978366684694429, 9.3507301243915624, 2.4910762574364522, 10.025959978366684, 2.5100054083288263, 9.8512709572742025, 2.5016224986479179, 4.1362898864250948, 2.5018929150892375, 5.7982693347755543, 0.61195240670632778]
[2.4966529351184348, 10.453656024716787, 2.4868692070030898, 3.5535530381050462, 2.5507209062821832, 7.2147270854788879, 2.5128733264675591, 7.1089083419155505, 2.4945932028836251, 9.516992790937179, 0.59037075180226573]
[2.5116858834527891, 3.7438454347148644, 2.5135556248052353, 5.9996883764412585, 2.5088812714241198, 10.143658460579619, 2.4883141165472109, 6.3664693050794643, 2.497351199750701, 10.531318167653474, 0.55687129947023994]
[2.5038254463020686, 4.7662227259846981, 2.4941909889487106, 5.2190422215925194, 2.4726551431000283, 4.7546047038821193, 2.5077925758005102, 3.597619722300935, 2.4837064324171152, 4.4936242561632191, 0.87050155851516009]
[2.5498334614399178, 5.842428900845503, 2.501152959262106, 9.8437099666922876, 2.5014091724314631, 3.7197027927235462, 2.5016653856008197, 7.7755572636433516, 2.5014091724314631, 10.095823725339482, 0.59569561875480403]
[2.4896291640477686, 10.137963544940289, 2.5276555625392834, 7.8092394720301694, 2.4695160276555623, 4.2394720301697042, 2.4714016341923317, 9.5270270270270263, 2.5081709616593337, 3.8120678818353237, 0.55436832181018225]
afkmc2_with_weight
kpp
seed array
[array([ 3.,  6.,  3.,  3.,  3.,  9.,  3.,  5.,  2.,  7.,  0.]), array([  1.,   7.,   2.,  13.,   1.,   4.,   2.,  12.,   3.,   8.,   0.]), array([ 1.,  4.,  3.,  4.,  1.,  5.,  2.,  4.,  3.,  6.,  3.]), array([  2.,  11.,   3.,  10.,   4.,  13.,   1.,  10.,   1.,   7.,   1.]), array([  2.,  12.,   2.,   2.,   1.,   5.,   3.,  12.,   4.,   7.,   1.]), array([  2.,   1.,   2.,  10.,   3.,  11.,   4.,   5.,   3.,   5.,   1.]), array([  4.,  10.,   3.,   6.,   3.,  10.,   2.,  11.,   1.,  12.,   1.])]
将numpy 数组 转化为 多维空间 point
开始 Kmeans
划定聚类中心
开始迭代
迭代中..
迭代结束
迭代次数 count=5
[2.5003010234798313, 6.9102950030102344, 2.5, 3.1712823600240818, 2.5361228175797712, 10.022877784467189, 2.5099337748344372, 3.8615291992775438, 2.5171583383503915, 6.7456351595424442, 0.55298013245033117]
[2.5430959930815797, 6.8434707408475068, 2.5373306428365523, 10.660132603055636, 2.4874603632170653, 3.5673104641106947, 2.4773710002882674, 9.5964254828480833, 2.4929374459498415, 8.0377630441049295, 0.56673392908619202]
[2.4961240310077519, 6.0700175043760938, 2.4808702175543886, 6.5101275318829703, 2.48512128032008, 3.2130532633158291, 2.5111277819454862, 3.3418354588647161, 2.48512128032008, 7.5986496624156041, 0.75793948487121776]
[2.5154320987654319, 10.681537598204265, 2.4994388327721659, 9.9329405162738489, 2.5058922558922561, 9.2180134680134689, 2.4868125701459034, 5.7968574635241303, 2.5028058361391694, 5.1523569023569022, 0.65123456790123457]
[2.4749792645839093, 8.628144871440421, 2.5241913187724632, 3.8064694498202929, 2.481061653303843, 4.8708874758086811, 2.5001382361072713, 9.9438761404478857, 2.4943323196018801, 4.6107271219242465, 0.58418578932817256]
[2.5144191156275748, 3.161768744850316, 2.4652567975830815, 9.7237022795935175, 2.5322713540236199, 9.7583081570996981, 2.4897006316945895, 6.5957154627849492, 2.4918978302664105, 5.9222741005218342, 0.53639110134578416]
[2.5197174808711007, 6.8251912889935253, 2.4796939376103588, 5.0921130076515597, 2.5497351383166569, 9.0944673337257207, 2.4949970570924074, 9.8608004708652146, 2.5, 10.846380223660978, 0.68098881695114777]
min_dist=57.3021468876
seed array
[array([  2.,  10.,   3.,  12.,   1.,   8.,   4.,   4.,   2.,   4.,   1.]), array([  3.,   2.,   1.,   8.,   4.,  12.,   3.,   7.,   2.,   8.,   1.]), array([  2.,  11.,   1.,   2.,   2.,   6.,   4.,   9.,   1.,   5.,   0.]), array([  2.,   5.,   3.,  11.,   1.,   2.,   4.,   9.,   4.,   6.,   0.]), array([  2.,   6.,   2.,   4.,   2.,   8.,   3.,  12.,   4.,  10.,   0.]), array([  4.,   5.,   1.,   1.,   1.,  10.,   3.,   3.,   4.,   7.,   0.]), array([  1.,  10.,   3.,   6.,   3.,   7.,   1.,  11.,   2.,   5.,   0.])]
将numpy 数组 转化为 多维空间 point
开始 Kmeans
划定聚类中心
开始迭代
迭代中.
迭代结束
迭代次数 count=100
[2.5136476426799006, 10.440308795147505, 2.5009649848359525, 8.3950923628342977, 2.509511993382961, 9.9318996415770613, 2.4940722360077201, 3.9528535980148884, 2.4990350151640475, 6.3620071684587813, 0.60518334711883104]
[2.5129082426127529, 3.702021772939347, 2.4650077760497666, 10.376982892690513, 2.5337480559875583, 10.396578538102643, 2.4765163297045101, 7.0006220839813373, 2.5057542768273717, 6.5057542768273713, 0.56920684292379475]
[2.5257284562926223, 9.8257904525728463, 2.4786112833230005, 4.4017358958462491, 2.5167389956602606, 4.0840049597024182, 2.5123992560446373, 4.9277743335399879, 2.5012399256044637, 9.5843149411035338, 0.58152510849349037]
[2.5253292806484295, 5.4566869300911858, 2.5331813576494429, 10.50937183383992, 2.4822695035460991, 3.4637791286727455, 2.487335359675785, 7.1329787234042552, 2.5131712259371835, 8.7456940222897668, 0.56686930091185406]
[2.5159663865546218, 5.799439775910364, 2.5050420168067227, 3.9661064425770309, 2.5705882352941178, 9.3305322128851547, 2.4857142857142858, 9.719887955182072, 2.488515406162465, 9.9753501400560225, 0.6098039215686275]
[2.5080896962815782, 3.8393414703377804, 2.4899233607720692, 4.010502412716435, 2.4836786829406754, 6.4879364178257166, 2.5273914277604312, 4.9784274765824579, 2.4831109849560034, 4.1890434288958271, 0.83196139653704226]
[2.4639835939502692, 9.6670084593693932, 2.5019225839528327, 7.084081004870546, 2.4832094334785952, 5.8854139964111765, 2.4896180466547038, 10.379389900025634, 2.4903870802358368, 3.6734170725455013, 0.5865162778774673]
error_afkmc2             = 1129432.99643    during_afkmc2 = 231.028749943
error_kpp                = 1130123.42208    during_kpp = 233.45660305
error_afkmc2_with_weight = 1129332.92873    during_afkmc2_with_weight = 247.620192051

Process finished with exit code 0
