/usr/bin/python /Users/sahara/PycharmProjects/Kmeans/testKmeans.py
初始化数组
afkmc2
seed array
[array([  1.,  12.,   1.,   9.,   2.,   8.,   4.,  13.,   4.,  12.,   1.]), array([  3.,  11.,   4.,   5.,   1.,   6.,   2.,   3.,   1.,   4.,   0.]), array([  2.,   2.,   2.,   8.,   3.,   1.,   4.,   4.,   2.,  12.,   0.]), array([ 4.,  3.,  4.,  5.,  2.,  4.,  3.,  7.,  3.,  8.,  0.]), array([  1.,   1.,   4.,   1.,   4.,  13.,   2.,   9.,   2.,   1.,   3.]), array([  2.,   3.,   3.,  12.,   4.,  11.,   3.,   1.,   2.,   8.,   0.]), array([  2.,   5.,   4.,  10.,   3.,  13.,   3.,  12.,   1.,  11.,   0.])]
将numpy 数组 转化为 多维空间 point
开始 Kmeans
划定聚类中心
开始迭代
迭代中.
迭代结束
迭代次数 count=100
[2.4900057110222731, 10.330668189605939, 2.5028555111364934, 4.3358081096516274, 2.5254140491147914, 6.092233009708738, 2.5294117647058822, 8.6793260993717869, 2.4897201599086238, 10.238149628783551, 0.61222158766419188]
[2.4775143090760423, 9.9642954483510486, 2.4865085854456255, 5.4483510493322429, 2.5153992913600436, 6.0531479967293542, 2.5061324611610791, 3.739983646770237, 2.5080403379667486, 3.9681112019623876, 0.60234396293267922]
[2.5212516297262062, 5.5079530638852674, 2.5196870925684487, 9.8190352020860487, 2.4790091264667535, 3.4584093872229467, 2.4970013037809649, 5.9207301173402866, 2.4917861799217733, 9.6787483702737944, 0.56558018252933506]
[2.5476978633764671, 3.7875413782726453, 2.4977430033102617, 5.582907011736383, 2.5043635269334938, 4.7231417393921156, 2.4763767679807405, 9.3502858862473666, 2.4790851640084259, 3.9133313271140535, 0.71260908817333735]
[2.5081037277147487, 4.0788762830902217, 2.5081037277147487, 3.6653160453808753, 2.5270124257158293, 10.059157212317666, 2.4856834143706106, 6.5129659643435982, 2.5105348460291732, 8.6372231226364136, 0.55807671528903291]
[2.4975138929511553, 6.0272009359461833, 2.4863995320269083, 10.476162620649312, 2.5095057034220534, 10.470605440187189, 2.4919567124890318, 4.1722725943258263, 2.4957589938578533, 7.1956712489031878, 0.58438139806961098]
[2.5210674157303372, 9.2129213483146071, 2.4806179775280901, 9.7348314606741582, 2.5123595505617979, 8.3943820224719108, 2.4839887640449438, 10.494662921348315, 2.5044943820224721, 4.7825842696629213, 0.7247191011235955]
kpp
seed array
[array([  4.,  13.,   2.,  10.,   3.,  10.,   1.,   8.,   3.,  13.,   2.]), array([ 2.,  3.,  1.,  5.,  3.,  7.,  4.,  1.,  3.,  8.,  0.]), array([  1.,   2.,   1.,   8.,   3.,  10.,   2.,   7.,   2.,   8.,   1.]), array([  4.,  11.,   2.,   5.,   2.,   4.,   3.,   5.,   3.,  10.,   1.]), array([  3.,   1.,   2.,  12.,   3.,   2.,   4.,  13.,   2.,   8.,   0.]), array([  3.,   4.,   1.,   5.,   3.,   5.,   2.,  13.,   3.,   9.,   1.]), array([  4.,  12.,   4.,   4.,   1.,   1.,   3.,   4.,   1.,   2.,   1.])]
将numpy 数组 转化为 多维空间 point
开始 Kmeans
划定聚类中心
开始迭代
迭代中.
迭代结束
迭代次数 count=100
[2.525530694205393, 10.126219162363741, 2.5068846815834767, 8.3574297188755011, 2.5309810671256456, 10.088353413654618, 2.5020080321285141, 6.0312679288582904, 2.5189328743545611, 9.9555364314400467, 0.7728055077452668]
[2.4969127516778524, 4.8228187919463084, 2.5095302013422818, 3.444026845637584, 2.5022818791946309, 7.2348993288590604, 2.5049664429530201, 3.3645637583892616, 2.4958389261744967, 7.3433557046979869, 0.73718120805369125]
[2.5105095541401274, 4.1987261146496815, 2.4547770700636944, 10.532165605095541, 2.5254777070063694, 10.093949044585987, 2.4863057324840763, 5.8493630573248412, 2.4923566878980892, 5.0579617834394908, 0.56019108280254781]
[2.4834546657842487, 9.8481138318994041, 2.4695565850430179, 4.0529450694904039, 2.5086035737921906, 3.9056915949702184, 2.5142289874255459, 8.7994705493050951, 2.4791528788881534, 9.4192587690271345, 0.5628722700198544]
[2.5390562516662225, 4.3868301786190349, 2.5137296720874431, 10.001866169021595, 2.4702745934417489, 3.7949880031991468, 2.4977339376166356, 7.9176219674753403, 2.4926686217008798, 9.0845107971207675, 0.55451879498800316]
[2.487639864689045, 5.4509497788186314, 2.4980483996877441, 4.2084309133489457, 2.5308352849336457, 9.1660161332292471, 2.4988290398126463, 10.575071558678117, 2.5196461098100444, 5.2456414259692945, 0.57220921155347382]
[2.5147167944595599, 10.224585703685381, 2.5181795696265148, 8.5216423447934702, 2.5065545387088797, 5.0328963640860751, 2.4716794459559734, 6.1278753400939898, 2.4805837249567153, 3.3383626020281967, 0.58273559238189465]
afkmc2_with_weight
kpp
seed array
[array([  2.,   6.,   4.,   6.,   3.,   4.,   4.,  10.,   4.,   5.,   1.]), array([  3.,   2.,   1.,   6.,   4.,  11.,   4.,   3.,   2.,   4.,   0.]), array([  4.,  13.,   4.,   8.,   3.,  10.,   1.,   7.,   3.,  11.,   0.]), array([  3.,  11.,   2.,  13.,   3.,   3.,   1.,   4.,   1.,   5.,   0.]), array([  4.,  11.,   4.,  12.,   3.,   5.,   4.,   8.,   1.,   4.,   0.]), array([  3.,   6.,   4.,   7.,   4.,  13.,   1.,   1.,   4.,  11.,   0.]), array([  2.,   3.,   4.,   1.,   4.,  11.,   1.,   7.,   2.,  11.,   1.])]
将numpy 数组 转化为 多维空间 point
开始 Kmeans
划定聚类中心
开始迭代
迭代中..
迭代结束
迭代次数 count=5
[2.5256997455470738, 5.4073791348600508, 2.5190839694656488, 5.8259541984732826, 2.4646310432569973, 3.2302798982188294, 2.4910941475826971, 10.114249363867685, 2.5033078880407125, 6.3692111959287532, 0.62442748091603051]
[2.5096441184460745, 5.294756859549036, 2.4664493344199947, 5.6761749524585712, 2.5213257267047, 9.4648193425699532, 2.513447432762836, 4.5846237435479491, 2.4841075794621026, 3.1676174952458571, 0.66069002988318393]
[2.5068965517241377, 11.111405835543767, 2.5021220159151194, 4.590716180371353, 2.5389920424403183, 8.3299734748010614, 2.5140583554376659, 6.9822281167108757, 2.489655172413793, 9.2620689655172406, 0.63501326259946944]
[2.4756320041699245, 8.6507688298149592, 2.4748501433411518, 8.377899400573364, 2.5105551211884283, 3.143341151941621, 2.4998696898618711, 3.5655459994787595, 2.4972634870992962, 6.6935105551211889, 0.60750586395621575]
[2.5046448087431692, 8.9953551912568308, 2.5010928961748635, 10.336065573770492, 2.5103825136612024, 8.0469945355191257, 2.4816939890710383, 9.9532786885245894, 2.528415300546448, 4.3918032786885242, 0.66748633879781416]
[2.5483579391382944, 4.6065079843326302, 2.510093401626996, 10.268153058150045, 2.5085869237722207, 8.7737270262127147, 2.4874962338053632, 4.9400421813799333, 2.4715275685447424, 10.092497740283218, 0.58873154564627905]
[2.4902239601848559, 3.8801990757198719, 2.5151084251688589, 3.65161749022396, 2.5222182723071453, 9.1901884109491654, 2.4784927124066831, 8.5947387131176676, 2.5065766086029151, 9.6960540348382516, 0.54283682900817631]
min_dist=55.968741567
seed array
[array([  1.,  10.,   4.,   9.,   3.,   4.,   2.,   3.,   4.,   8.,   0.]), array([  2.,   5.,   2.,   6.,   1.,   3.,   1.,  11.,   1.,   7.,   0.]), array([  3.,   4.,   2.,   4.,   1.,   8.,   2.,  10.,   3.,  10.,   2.]), array([  2.,  12.,   2.,   6.,   3.,   8.,   3.,   6.,   1.,   9.,   1.]), array([ 3.,  1.,  2.,  3.,  4.,  9.,  4.,  7.,  3.,  9.,  1.]), array([  3.,   6.,   3.,  11.,   3.,   7.,   2.,   7.,   2.,   8.,   1.]), array([  2.,   8.,   2.,   7.,   4.,   3.,   1.,  11.,   2.,   6.,   0.])]
将numpy 数组 转化为 多维空间 point
开始 Kmeans
划定聚类中心
开始迭代
迭代中.
迭代结束
迭代次数 count=100
[2.5037313432835822, 9.6204690831556512, 2.4618869936034113, 8.0743603411513867, 2.4957356076759063, 3.4466950959488272, 2.5090618336886994, 3.943230277185501, 2.5055970149253732, 8.2060234541577817, 0.56476545842217485]
[2.5574454428754816, 4.5664313222079587, 2.5314505776636715, 10.277920410783056, 2.4865211810012835, 3.9300385109114249, 2.486842105263158, 9.5118741976893446, 2.5231065468549421, 8.467265725288831, 0.58215661103979466]
[2.5115257958287596, 6.36635565312843, 2.4873765093304061, 3.8449506037321624, 2.5562568605927551, 8.1361141602634461, 2.4813391877058177, 10.000823271130626, 2.4785949506037324, 10.299945115257959, 0.61690450054884738]
[2.4718710493046778, 9.9080278128950692, 2.5230720606826802, 4.5711125158027812, 2.5537294563843238, 10.179203539823009, 2.533817951959545, 3.7234513274336285, 2.5214917825537295, 7.0828065739570167, 0.53603034134007588]
[2.5165544332211001, 3.4576318742985408, 2.4862514029180698, 4.170594837261504, 2.4736251402918068, 5.9494949494949498, 2.4966329966329965, 5.7407407407407405, 2.4817620650953987, 4.2244668911335577, 0.84820426487093159]
[2.5243046529763453, 4.8624902521445286, 2.4798544320249545, 10.511567455159865, 2.5126072264101897, 10.404211073563816, 2.4730959188978425, 5.3088120613465035, 2.4855731739017415, 7.178060826618144, 0.59578892643618409]
[2.4797348967626816, 9.9538618404282442, 2.5223043589089982, 7.4759112923782816, 2.4960489421361203, 6.9237828192709658, 2.4952842212592405, 10.219219984705582, 2.4924802447106806, 3.6584246749936273, 0.59724700484323223]
error_afkmc2             = 1129772.73856    during_afkmc2 = 233.297697067
error_kpp                = 1131574.50945    during_kpp = 237.790279865
error_afkmc2_with_weight = 1127963.03077    during_afkmc2_with_weight = 252.393399954

Process finished with exit code 0
