/usr/bin/python /Users/sahara/PycharmProjects/Kmeans/testKmeans.py
初始化数组
afkmc2
seed array
[array([  3.,   4.,   2.,  10.,   1.,  11.,   2.,   7.,   1.,   2.,   0.]), array([  2.,  10.,   4.,  11.,   2.,   1.,   1.,  10.,   3.,   5.,   1.]), array([ 4.,  1.,  1.,  1.,  4.,  7.,  3.,  2.,  4.,  6.,  1.]), array([  4.,   5.,   1.,   1.,   1.,  13.,   3.,   9.,   3.,   7.,   0.]), array([  1.,  12.,   3.,   1.,   1.,   2.,   4.,   6.,   4.,  13.,   0.]), array([  1.,   8.,   1.,  12.,   3.,   6.,   1.,  11.,   2.,  10.,   0.]), array([  3.,  10.,   2.,  11.,   2.,   9.,   3.,   9.,   1.,  10.,   2.])]
将numpy 数组 转化为 多维空间 point
开始 Kmeans
划定聚类中心
开始迭代
迭代中.
迭代结束
迭代次数 count=100
[2.5109580463368815, 4.1543519098309334, 2.4674389480275516, 10.63337507827176, 2.5147150907952409, 10.177207263619286, 2.4812147777082028, 5.7705072010018785, 2.4902943018159047, 5.6333750782717598, 0.5651221039448967]
[2.5310470252013508, 9.2003117692907246, 2.5089633671083398, 9.1719927253832161, 2.4902572096648479, 4.1093790594959732, 2.4681735515718368, 7.2042088854247854, 2.4907768251493896, 3.2985190958690569, 0.59392049883086517]
[2.5097595473833096, 4.0625176803394627, 2.5162659123055162, 3.6913719943422914, 2.5024045261669023, 6.2803394625176807, 2.5012729844413011, 3.6291371994342292, 2.4772277227722772, 7.0973125884016977, 0.78048090523338043]
[2.4815958815958816, 5.5052767052767049, 2.4960102960102959, 4.4030888030888029, 2.5374517374517374, 9.564221364221364, 2.4882882882882882, 10.627027027027028, 2.5088803088803089, 5.6491634491634493, 0.57657657657657657]
[2.4793982995421846, 10.019293655984303, 2.4800523217789405, 3.9015696533682145, 2.5019620667102682, 4.0945062132112495, 2.5140614780902553, 8.6579463701765853, 2.4738391105297581, 9.2988881621975139, 0.56474820143884896]
[2.5329822616407984, 5.1089246119733929, 2.5174611973392462, 10.167682926829269, 2.4914079822616406, 4.3849778270509976, 2.5102549889135255, 8.051274944567627, 2.524667405764967, 10.146618625277162, 0.58786031042128606]
[2.5117237825302756, 10.67997938675599, 2.4918835351713478, 7.0569440865756246, 2.5302757021386242, 10.152280340118526, 2.5106931203298117, 4.5944344241174955, 2.509404792579232, 8.0824529760371036, 0.66915743365112079]
kpp
seed array
[array([  1.,   5.,   2.,   6.,   1.,  11.,   4.,  13.,   3.,   3.,   0.]), array([  1.,   2.,   1.,   1.,   3.,  11.,   4.,  13.,   4.,   8.,   0.]), array([  3.,  11.,   2.,   9.,   1.,  13.,   1.,   1.,   4.,   6.,   0.]), array([  4.,  12.,   2.,   2.,   3.,   2.,   3.,   9.,   4.,   1.,   1.]), array([  3.,   9.,   1.,  10.,   2.,   6.,   2.,   5.,   3.,  11.,   0.]), array([  4.,   1.,   3.,  13.,   2.,   8.,   3.,  11.,   3.,  10.,   0.]), array([  1.,   4.,   4.,   9.,   4.,   6.,   4.,   4.,   2.,  13.,   1.])]
将numpy 数组 转化为 多维空间 point
开始 Kmeans
划定聚类中心
开始迭代
迭代中.
迭代结束
迭代次数 count=100
[2.494526118235846, 4.0813262433531436, 2.4860807006568657, 4.8116984673131062, 2.5420706912730684, 9.88145136065061, 2.5017203628401625, 9.5292461682827643, 2.5070378479824837, 4.3215514544885831, 0.57929308726931494]
[2.4988925802879289, 9.5827796234772986, 2.5044296788482834, 4.2538759689922481, 2.5426356589147288, 8.0902547065337771, 2.5130121816168329, 9.2037652270210408, 2.5071982281284608, 10.302602436323367, 0.66445182724252494]
[2.4904812268640932, 9.2490745637228979, 2.5097831835007933, 9.7977260708619784, 2.5185087255420413, 10.23109465891063, 2.4857218402961396, 5.4685351665785298, 2.4981491274457959, 4.603913273400317, 0.62771020624008456]
[2.492749581706637, 8.7197434467373114, 2.5105967651979921, 4.1539319576129392, 2.4877300613496933, 4.0309537088678189, 2.4799219185722254, 6.1411042944785272, 2.4955382041271612, 3.7099832682654768, 0.73926380368098155]
[2.4991499489969398, 9.3645018701122069, 2.4688881332879973, 9.5324719483168998, 2.4872492349540973, 3.8775926555593334, 2.5209112546752803, 4.0550833049983002, 2.5120707242434546, 9.4243454607276433, 0.55389323359401565]
[2.5560312263913372, 5.0407957693276249, 2.5059179048098716, 10.168471417778896, 2.499118609921934, 4.5623268698060944, 2.476706119365399, 10.206245278267438, 2.4948375723998995, 7.0684966003525558, 0.58902039788466376]
[2.5210405508798774, 3.4386636062229021, 2.4909461871971437, 6.200459066564652, 2.4955368528436623, 8.146136189747514, 2.5006375924509054, 3.7651109410864576, 2.4725835246110686, 9.3361387401173168, 0.5840346850293292]
afkmc2_with_weight
kpp
seed array
[array([  4.,   5.,   4.,   3.,   2.,   8.,   3.,  11.,   4.,   8.,   1.]), array([  1.,  11.,   3.,   5.,   1.,  12.,   4.,   5.,   4.,   2.,   1.]), array([  3.,   8.,   1.,  11.,   4.,   9.,   2.,   1.,   2.,   8.,   1.]), array([  1.,   4.,   1.,  13.,   1.,   6.,   2.,   9.,   3.,  12.,   0.]), array([  1.,  13.,   2.,  11.,   3.,  10.,   4.,  10.,   2.,   7.,   1.]), array([  3.,   7.,   1.,  10.,   4.,   4.,   1.,  12.,   1.,   4.,   1.]), array([  3.,  10.,   3.,   8.,   1.,   3.,   2.,  13.,   1.,  10.,   1.])]
将numpy 数组 转化为 多维空间 point
开始 Kmeans
划定聚类中心
开始迭代
迭代中..
迭代结束
迭代次数 count=5
[2.5239880059970017, 3.6949025487256373, 2.5057471264367814, 3.2106446776611692, 2.5377311344327835, 8.786606696651674, 2.4802598700649674, 7.8558220889555219, 2.4957521239380309, 7.9840079960019992, 0.63118440779610197]
[2.4712778429073858, 9.4003516998827674, 2.4847596717467759, 3.7611371629542791, 2.5389800703399765, 8.4059202813599061, 2.5134818288393905, 4.4419695193434938, 2.5140679953106684, 3.9871043376318873, 0.62280187573270807]
[2.489648531535869, 6.5888300433317282, 2.4600385170919594, 9.4446316803081363, 2.5122773230621087, 7.1449205584978337, 2.521906596051998, 2.4304285026480499, 2.4862782859894077, 7.8842079922965818, 0.55175734232065476]
[2.5539337842648631, 3.6119615521537916, 2.5368458526165893, 10.156995372018512, 2.4934140263438946, 6.352794588821645, 2.4909220363118547, 8.7315770736917049, 2.4937700249199004, 10.214667141331434, 0.56069775720897119]
[2.5157733537519142, 9.8082695252679937, 2.4961715160796323, 9.4578866768759564, 2.4986217457886677, 10.43614088820827, 2.4750382848392039, 9.2811638591117909, 2.515467075038285, 6.4921898928024504, 0.81898928024502293]
[2.5427122263747997, 5.807261078483716, 2.5136145221569675, 8.6599038974906559, 2.4978643886812599, 4.3099305926321412, 2.4652963160704751, 8.7573411639081691, 2.4957287773625199, 2.9353977576081154, 0.60411105178857449]
[2.4726670347874102, 10.159028161236886, 2.4988956377691882, 5.1515737161789064, 2.4867476532302595, 3.819712865819989, 2.5212589729431252, 8.0908337934842631, 2.4839867476532302, 9.6479845389287693, 0.57426836002208725]
min_dist=55.1436686391
seed array
[array([ 3.,  5.,  2.,  9.,  4.,  5.,  1.,  9.,  2.,  6.,  2.]), array([  2.,  12.,   3.,  11.,   2.,   9.,   4.,   8.,   2.,   7.,   0.]), array([  3.,   5.,   1.,   5.,   3.,  10.,   3.,   8.,   2.,   8.,   2.]), array([  1.,   2.,   3.,   4.,   3.,   8.,   4.,   7.,   4.,  10.,   0.]), array([  4.,  10.,   2.,   3.,   4.,   4.,   1.,   9.,   1.,  10.,   1.]), array([  3.,  10.,   4.,   5.,   3.,   8.,   2.,   6.,   1.,   5.,   1.]), array([  4.,   5.,   3.,  11.,   2.,   7.,   4.,   8.,   3.,   8.,   1.])]
将numpy 数组 转化为 多维空间 point
开始 Kmeans
划定聚类中心
开始迭代
迭代中.
迭代结束
迭代次数 count=100
[2.5464462809917356, 8.4449586776859498, 2.5256198347107439, 10.27603305785124, 2.5011570247933883, 4.4955371900826444, 2.4522314049586775, 9.964297520661157, 2.503801652892562, 4.1213223140495865, 0.5695867768595041]
[2.5013297872340425, 9.1566489361702121, 2.489095744680851, 10.090957446808511, 2.5117021276595746, 10.421808510638298, 2.4960106382978724, 4.7640957446808514, 2.4893617021276597, 6.3638297872340424, 0.65106382978723409]
[2.4929649526733182, 4.0660015349194163, 2.4904067536454337, 5.6060373497058071, 2.5418265541059095, 9.5213609618828343, 2.498848810437452, 9.9150677922742396, 2.49424405218726, 4.6334100793041699, 0.59222307495523152]
[2.525632911392405, 5.084810126582278, 2.5117088607594935, 3.9965189873417724, 2.5132911392405064, 9.5142405063291147, 2.4829113924050632, 3.990506329113924, 2.5082278481012659, 9.6639240506329109, 0.5591772151898734]
[2.4823020805187785, 9.6565793028911102, 2.4890570116184816, 4.522291272629019, 2.5185085112131858, 6.0126992704674409, 2.5236422588489598, 9.8892191299648751, 2.5031072683058633, 9.928127533099163, 0.63685490407997836]
[2.4989010989010989, 8.4469780219780226, 2.4807692307692308, 4.6337912087912088, 2.4947802197802198, 4.4266483516483515, 2.4956043956043956, 4.0587912087912086, 2.5046703296703297, 4.2035714285714283, 0.76840659340659345]
[2.5234600262123199, 4.3323722149410226, 2.5045871559633026, 10.026474442988205, 2.48781127129751, 4.4532110091743116, 2.511664482306684, 5.9853211009174316, 2.4815203145478373, 9.7111402359108787, 0.55779816513761471]
error_afkmc2             = 1128669.21619    during_afkmc2 = 244.516866922
error_kpp                = 1128033.13305    during_kpp = 248.684751034
error_afkmc2_with_weight = 1125277.64995    during_afkmc2_with_weight = 266.490769863

Process finished with exit code 0
