/usr/bin/python /Users/sahara/PycharmProjects/Kmeans/testKmeans.py
初始化数组
afkmc2
seed array
[array([  2.,  11.,   3.,  10.,   2.,   8.,   2.,   6.,   2.,   1.,   0.]), array([  4.,  10.,   1.,   2.,   1.,   6.,   2.,  12.,   2.,   3.,   0.]), array([  2.,   8.,   4.,   4.,   3.,  11.,   2.,   7.,   1.,  10.,   0.]), array([  2.,  13.,   1.,  12.,   1.,   9.,   2.,   5.,   4.,  13.,   1.]), array([ 3.,  6.,  3.,  8.,  1.,  3.,  2.,  2.,  2.,  4.,  0.]), array([  1.,   6.,   2.,   5.,   3.,   4.,   1.,  10.,   4.,  11.,   0.]), array([  4.,  10.,   1.,   5.,   1.,   2.,   3.,   9.,   3.,  10.,   1.])]
将numpy 数组 转化为 多维空间 point
开始 Kmeans
划定聚类中心
开始迭代
迭代中.
迭代结束
迭代次数 count=100
[2.4997329059829059, 9.774572649572649, 2.4989316239316239, 9.4951923076923084, 2.5269764957264957, 9.7884615384615383, 2.4978632478632479, 6.8774038461538458, 2.5104166666666665, 3.8819444444444446, 0.6151175213675214]
[2.4534920137801439, 9.1359223300970882, 2.5393047290948951, 4.2198559348575007, 2.4682117131224555, 4.7243971186971496, 2.4804259317256498, 10.109927967428751, 2.4879423739430004, 4.2875039148136551, 0.58221108675227062]
[2.5111612741409579, 4.0506646601454728, 2.4978680712315025, 3.6024579884625032, 2.5252069224981191, 9.9869576122397792, 2.4943566591422122, 8.1279157261098565, 2.5126661650363684, 6.8748432405317281, 0.5728618008527715]
[2.5139664804469275, 4.9409916201117321, 2.4856843575418996, 10.007332402234637, 2.4877793296089385, 10.229399441340782, 2.4748603351955309, 4.7084497206703908, 2.5087290502793298, 9.8100558659217878, 0.60160614525139666]
[2.5098925946862636, 4.6602600339174671, 2.4621254946297344, 8.188807235726399, 2.4985867721876764, 3.9299039005087621, 2.5008479366873941, 3.9282080271339739, 2.4542114188807234, 4.5189372526851326, 0.78123233465234598]
[2.5333510496943927, 6.1849588094605368, 2.5229869784746213, 9.609619984055275, 2.5144831251660911, 4.4778102577730534, 2.4974754185490302, 10.295508902471433, 2.5147488705819825, 9.4525644432633538, 0.61918681902737183]
[2.5314970670747257, 9.9773017087477687, 2.4792144861004846, 4.6528946697271101, 2.5360877327212448, 6.0754909461871973, 2.5177250701351697, 4.3534812547819435, 2.4906911502167812, 9.9081866870696249, 0.57944401938281054]
kpp
seed array
[array([  4.,  10.,   3.,   3.,   3.,   2.,   2.,   3.,   2.,   4.,   1.]), array([  1.,  10.,   4.,   2.,   1.,   8.,   2.,  11.,   2.,  10.,   1.]), array([  3.,   8.,   2.,   4.,   1.,  12.,   2.,  12.,   4.,   5.,   1.]), array([  1.,   6.,   1.,  11.,   1.,  13.,   3.,  13.,   4.,   9.,   1.]), array([  4.,   1.,   4.,   4.,   2.,   3.,   1.,   4.,   4.,  10.,   1.]), array([  3.,   1.,   3.,  11.,   4.,   6.,   4.,   3.,   3.,   4.,   0.]), array([  2.,  12.,   3.,  12.,   4.,  11.,   3.,   3.,   3.,   7.,   1.])]
将numpy 数组 转化为 多维空间 point
开始 Kmeans
划定聚类中心
开始迭代
迭代中.
迭代结束
迭代次数 count=100
[2.5173148641449119, 10.107085775173148, 2.4992008524240812, 6.64411294619073, 2.4989344698987748, 3.5628662759722962, 2.4922749067661161, 6.1369206180074585, 2.4978689397975491, 4.0602024507192329, 0.608151305274374]
[2.5040413837698026, 9.8299385709666982, 2.4966052376333656, 3.7578402845134176, 2.5253798900743614, 6.5147106369220822, 2.52602651147753, 9.5965082444228909, 2.4946653734238602, 10.035564177174264, 0.58907209828645324]
[2.4961240310077519, 4.8925064599483203, 2.4736434108527132, 4.9155038759689926, 2.5322997416020674, 9.2739018087855296, 2.5010335917312663, 9.902325581395349, 2.5178294573643409, 3.971059431524548, 0.60904392764857884]
[2.5477707006369426, 5.7009023354564752, 2.5305201698513802, 10.469745222929935, 2.4968152866242037, 5.484076433121019, 2.4824840764331211, 10.034235668789808, 2.5026539278131636, 9.3200636942675157, 0.64835456475583864]
[2.512004316158619, 4.4008632317237657, 2.5287294308065822, 4.2840571891016994, 2.5103857566765577, 7.1168060426220663, 2.487995683841381, 3.996762881035878, 2.4834097653088749, 9.812786619908282, 0.6074993256002158]
[2.4863606121091153, 3.6021290751829675, 2.4500998003992014, 10.139055222887558, 2.5063206919494343, 6.4534264803725883, 2.4946773120425814, 4.0206254158349966, 2.4644045242847636, 4.784098469727212, 0.63040585495675316]
[2.4929171038824762, 10.243441762854145, 2.4965897166841553, 8.926547743966422, 2.5028856243441764, 10.378803777544595, 2.4918677859391396, 4.6899265477439664, 2.5123294858342078, 6.9813746065057716, 0.65136411332633792]
afkmc2_with_weight
kpp
seed array
[array([  3.,   4.,   3.,   1.,   3.,  11.,   2.,   1.,   1.,   8.,   1.]), array([  3.,   5.,   4.,   6.,   1.,   6.,   3.,  12.,   4.,   1.,   1.]), array([  2.,   1.,   3.,   2.,   4.,   5.,   2.,   6.,   4.,  10.,   0.]), array([  1.,   8.,   3.,   5.,   3.,  12.,   2.,   4.,   2.,   3.,   0.]), array([ 2.,  6.,  3.,  3.,  4.,  5.,  2.,  7.,  1.,  8.,  0.]), array([  2.,   8.,   1.,   5.,   4.,   4.,   3.,  13.,   3.,   8.,   1.]), array([  4.,   3.,   3.,  13.,   4.,  10.,   1.,  12.,   4.,   2.,   0.])]
将numpy 数组 转化为 多维空间 point
开始 Kmeans
划定聚类中心
开始迭代
迭代中..
迭代结束
迭代次数 count=5
[2.5066775688198417, 5.1616244208231121, 2.5137639683837558, 3.9501226492232218, 2.5358408285636411, 10.580812210411557, 2.4914145543744888, 5.1725265739983648, 2.5001362769146906, 8.7895884437176335, 0.56718451894249111]
[2.5169168150597812, 6.3090816586110403, 2.5217501907911473, 5.3095904350038161, 2.5052149580259475, 5.1477995421012466, 2.4851182905113203, 9.5245484609514115, 2.4777410328160774, 2.9534469600610533, 0.66191808700076316]
[2.5357258325250567, 3.1535725832525054, 2.5189136760426769, 6.7559004203039121, 2.4865826058842546, 3.9017135467183963, 2.4966052376333656, 7.0733915292596183, 2.4642741674749433, 9.9844810863239566, 0.5955383123181377]
[2.4861717612809318, 10.250072780203785, 2.4911208151382822, 7.9868995633187776, 2.5263464337700148, 9.9834061135371179, 2.4800582241630278, 4.7289665211062593, 2.5155749636098981, 4.1985443959243085, 0.55050946142649204]
[2.4990397805212621, 9.4241426611796975, 2.4477366255144033, 7.383813443072702, 2.4949245541838136, 3.4776406035665297, 2.5231824417009601, 3.4181069958847736, 2.5204389574759944, 7.5390946502057616, 0.59917695473251031]
[2.4993204675183476, 10.291927154117968, 2.5205218809459091, 7.0894264745854851, 2.5042131013862461, 6.5286762707257404, 2.5213373199238922, 10.441152487088884, 2.492796955694482, 9.6460994835553144, 0.76406632237020933]
[2.5199550309162451, 3.9443507588532882, 2.4702079820123664, 10.886172006745362, 2.5163012928611579, 9.3622821810005625, 2.4730185497470489, 7.9308600337268125, 2.5081506464305789, 6.1852164137155707, 0.59696458684654297]
min_dist=56.2557739867
seed array
[array([  2.,   4.,   3.,   2.,   1.,  12.,   4.,   4.,   2.,   7.,   1.]), array([  3.,   6.,   2.,  11.,   1.,  10.,   1.,   6.,   2.,   7.,   1.]), array([  4.,   3.,   3.,   7.,   1.,   3.,   2.,  10.,   4.,  11.,   1.]), array([  4.,   4.,   2.,  12.,   3.,  10.,   4.,   5.,   3.,   7.,   0.]), array([ 2.,  5.,  3.,  5.,  1.,  2.,  2.,  6.,  1.,  9.,  1.]), array([  1.,  12.,   1.,   8.,   2.,   2.,   3.,   5.,   2.,   7.,   0.]), array([  4.,   5.,   4.,   2.,   3.,  10.,   1.,   7.,   2.,  10.,   1.])]
将numpy 数组 转化为 多维空间 point
开始 Kmeans
划定聚类中心
开始迭代
迭代中.
迭代结束
迭代次数 count=100
[2.4971707818930042, 4.3263888888888893, 2.4843106995884772, 4.0254629629629628, 2.5005144032921809, 8.5072016460905342, 2.5180041152263373, 8.6658950617283956, 2.5002572016460904, 3.8125, 0.64609053497942381]
[2.4923273657289005, 9.9127237851662411, 2.4904092071611252, 9.2336956521739122, 2.539322250639386, 10.425831202046036, 2.4897698209718668, 6.4824168797953963, 2.4977621483375958, 3.9398976982097187, 0.61796675191815853]
[2.5555555555555554, 6.8557098765432096, 2.5403806584362139, 10.133744855967079, 2.4819958847736627, 4.0401234567901234, 2.4778806584362139, 10.495884773662551, 2.5126028806584362, 7.2664609053497946, 0.58204732510288071]
[2.5204081632653059, 4.1552675124103695, 2.489795918367347, 9.8135686707115273, 2.4966905681191394, 9.8665195808052957, 2.4837286265857696, 5.1933259790402646, 2.4895201323772751, 9.1423055708769994, 0.60369553226696082]
[2.4878616561356832, 4.0791486531426671, 2.5001662786830727, 4.185899567675424, 2.5048220818091123, 4.4226804123711343, 2.4762221483205855, 5.5024941802460923, 2.4792151646158964, 10.041569670768208, 0.64216827402726973]
[2.495656894679696, 9.1427795874049949, 2.4771986970684039, 7.6283930510314875, 2.504343105320304, 3.5868621064060804, 2.5146579804560258, 3.6807817589576546, 2.4883279044516828, 5.0290445168295328, 0.6384364820846905]
[2.5043547110055422, 10.412509897070468, 2.4993401953021905, 4.0160992346265507, 2.5481657429400899, 8.376616521509634, 2.5059382422802852, 7.895486935866983, 2.5088413829506466, 9.7300079176563745, 0.62153602533650043]
error_afkmc2             = 1127019.07664    during_afkmc2 = 250.321791172
error_kpp                = 1129680.28616    during_kpp = 270.082411051
error_afkmc2_with_weight = 1127556.91362    during_afkmc2_with_weight = 312.688935041

Process finished with exit code 0
