/usr/bin/python /Users/sahara/PycharmProjects/Kmeans/testKmeans.py
初始化数组
afkmc2
seed array
[array([  2.,   3.,   1.,   8.,   3.,   9.,   2.,  11.,   3.,  13.,   0.]), array([  3.,  11.,   3.,   5.,   1.,   3.,   4.,   7.,   2.,   1.,   0.]), array([  2.,   7.,   3.,  11.,   4.,   9.,   4.,   3.,   1.,   6.,   0.]), array([  2.,   8.,   1.,   4.,   1.,   6.,   2.,  12.,   1.,   7.,   0.]), array([  1.,  10.,   4.,   6.,   2.,  12.,   3.,   7.,   4.,  10.,   1.]), array([  3.,  10.,   1.,   4.,   3.,   5.,   2.,  13.,   1.,  13.,   1.]), array([  2.,   3.,   4.,   1.,   2.,  10.,   3.,  12.,   2.,   2.,   0.])]
将numpy 数组 转化为 多维空间 point
开始 Kmeans
划定聚类中心
开始迭代
迭代中.
迭代结束
迭代次数 count=100
[2.5402650356778795, 3.4016309887869522, 2.5298165137614679, 9.3040265035677887, 2.4918450560652396, 6.3422528032619772, 2.4813965341488275, 7.0326197757390414, 2.4569317023445465, 10.36697247706422, 0.5665137614678899]
[2.4968117549209872, 6.5517050180205159, 2.4629886332131967, 5.6714721375103965, 2.4843360133074577, 3.5955087330191295, 2.5012475741613529, 3.8281120044358192, 2.4940393678957582, 4.3057942888827281, 0.84474632658719162]
[2.4847307051637979, 8.3867295946696281, 2.4886174347584675, 10.271238200999445, 2.524153248195447, 10.154913936701833, 2.4869516935036091, 4.3653525818989447, 2.4911160466407551, 5.3972792892837314, 0.58051082731815662]
[2.5365168539325844, 8.1510611735330833, 2.49438202247191, 10.349875156054932, 2.5127965043695379, 5.1548064918851439, 2.452247191011236, 10.298377028714107, 2.5109238451935081, 4.1866416978776533, 0.59769038701622967]
[2.5072196620583718, 7.81136712749616, 2.5210445468509985, 3.6491551459293396, 2.5321044546850997, 9.9579109062980038, 2.5238095238095237, 4.0718894009216591, 2.5084485407066053, 9.3410138248847918, 0.54224270353302606]
[2.5004198152812762, 10.150853624405261, 2.4928631402183039, 5.7469913238175199, 2.4998600615729081, 4.4993003078645399, 2.5373635600335853, 8.8270361041141889, 2.5085362440526167, 10.179960817240413, 0.63727959697732994]
[2.496228868660598, 5.1888166449934978, 2.4936280884265281, 4.1323797139141742, 2.5292587776332898, 9.3589076723016902, 2.4884265279583877, 10.068660598179454, 2.5162548764629387, 4.7578673602080626, 0.57659297789336805]
kpp
seed array
[array([ 3.,  5.,  3.,  2.,  2.,  9.,  3.,  6.,  1.,  5.,  1.]), array([  2.,  13.,   1.,  12.,   1.,  10.,   1.,   2.,   4.,   7.,   0.]), array([  1.,   1.,   1.,   8.,   2.,   4.,   3.,  10.,   2.,   3.,   0.]), array([  1.,  10.,   4.,   1.,   2.,  10.,   1.,   1.,   3.,  13.,   2.]), array([  4.,   4.,   1.,  13.,   2.,   9.,   1.,  10.,   3.,   3.,   0.]), array([  1.,   7.,   4.,  10.,   2.,   3.,   2.,   2.,   3.,   7.,   1.]), array([  4.,  12.,   4.,   6.,   4.,  11.,   2.,  12.,   4.,   5.,   1.])]
将numpy 数组 转化为 多维空间 point
开始 Kmeans
划定聚类中心
开始迭代
迭代中.
迭代结束
迭代次数 count=100
[2.5062028047464939, 3.7451456310679609, 2.471952535059331, 3.9225997842502696, 2.5035059331175837, 8.3778317152103554, 2.507011866235167, 7.2289644012944985, 2.4832793959007553, 3.9064185544768071, 0.71601941747572817]
[2.4996621621621622, 9.922972972972973, 2.4952702702702703, 8.811486486486487, 2.5226351351351353, 9.8023648648648649, 2.4908783783783783, 4.1962837837837839, 2.493918918918919, 4.0027027027027025, 0.56283783783783781]
[2.5299035369774918, 5.0848874598070744, 2.5115755627009646, 5.9125401929260448, 2.4929260450160773, 3.9848874598070738, 2.5112540192926045, 10.04855305466238, 2.5218649517684888, 10.277170418006431, 0.57813504823151129]
[2.5286757038581857, 9.1989051094890506, 2.4872262773722627, 3.8240354535974972, 2.5396246089676748, 8.599061522419186, 2.505213764337852, 5.105318039624609, 2.499478623566215, 10.179353493222106, 0.5701251303441085]
[2.517051705170517, 4.702695269526953, 2.4939493949394937, 10.278877887788779, 2.5247524752475248, 10.311331133113312, 2.4716721672167217, 8.2522002200220026, 2.5027502750275028, 8.5726072607260733, 0.68536853685368537]
[2.502692998204668, 6.2264683252115924, 2.4929469094639649, 9.4585791228520133, 2.5144908951013081, 3.4013849705052577, 2.491408053347012, 3.6586304180559117, 2.4806360605283406, 7.2600666837650678, 0.62477558348294437]
[2.4796684796684798, 10.156695156695157, 2.531986531986532, 7.1193991193991195, 2.473970473970474, 4.9756539756539757, 2.4949494949494948, 10.178710178710178, 2.5032375032375032, 4.4853664853664856, 0.59595959595959591]
afkmc2_with_weight
kpp
seed array
[array([  1.,   4.,   1.,  10.,   2.,   3.,   3.,   9.,   1.,   7.,   0.]), array([  1.,  13.,   4.,   7.,   1.,   5.,   3.,  12.,   2.,   9.,   0.]), array([ 1.,  1.,  4.,  4.,  1.,  6.,  3.,  9.,  1.,  2.,  0.]), array([  3.,  10.,   2.,   5.,   2.,   9.,   3.,   5.,   4.,  12.,   1.]), array([  1.,   4.,   2.,   7.,   2.,  11.,   2.,   1.,   3.,  12.,   0.]), array([  1.,  13.,   2.,   8.,   4.,   1.,   2.,  10.,   1.,   9.,   0.]), array([  2.,   4.,   1.,  11.,   4.,   4.,   4.,   7.,   4.,  11.,   2.])]
将numpy 数组 转化为 多维空间 point
开始 Kmeans
划定聚类中心
开始迭代
迭代中..
迭代结束
迭代次数 count=5
[2.5395362663495837, 5.231866825208086, 2.4845422116527942, 10.846611177170036, 2.5300237812128419, 5.772294887039239, 2.449167657550535, 7.597502972651605, 2.491973840665874, 3.4075505350772888, 0.56658739595719376]
[2.4754528747702809, 10.232869519558939, 2.4959306904699394, 6.8566552901023892, 2.5074822788133369, 8.5699658703071666, 2.5043318456287738, 10.995011814124442, 2.4922551850879495, 7.0417432396954585, 0.78156996587030714]
[2.5175906183368868, 3.9477611940298507, 2.4861407249466949, 3.3003731343283582, 2.5175906183368868, 7.58955223880597, 2.5010660980810235, 8.3155650319829419, 2.500266524520256, 4.6063432835820892, 0.71561833688699361]
[2.4975297878523683, 10.316477768090671, 2.5108979947689627, 5.3138622493461201, 2.5387968613775067, 9.7782621331008421, 2.5126416739319963, 3.7980238302818949, 2.4896832316187156, 7.7898866608544024, 0.55071200232490558]
[2.501053265121878, 4.0249774300331023, 2.4896178152272044, 8.5919349984953364, 2.4986458019861573, 10.584411676196208, 2.482094492928077, 4.4465844116761959, 2.5145952452603071, 8.597652723442673, 0.53415588323803787]
[2.5039889958734527, 10.357634112792297, 2.4883081155433286, 6.8916093535075653, 2.4990371389270978, 3.0412654745529575, 2.5171939477303988, 5.0233837689133427, 2.5133425034387895, 6.3306740027510315, 0.60770288858321875]
[2.5282148670645688, 4.6223548562126968, 2.5276722734671733, 7.7455236028214864, 2.4823657080846444, 4.0729788388497017, 2.5005425935973955, 7.8372219207813352, 2.4801953336950624, 10.901519262072707, 0.566467715680955]
min_dist=51.5148736125
seed array
[array([  1.,   7.,   2.,   8.,   1.,   4.,   3.,   9.,   2.,  11.,   0.]), array([  1.,   3.,   3.,   9.,   3.,  12.,   3.,   6.,   2.,   9.,   1.]), array([  2.,  10.,   3.,   3.,   3.,  12.,   3.,   4.,   1.,   7.,   0.]), array([ 1.,  5.,  4.,  2.,  2.,  8.,  3.,  6.,  1.,  4.,  0.]), array([  3.,  12.,   1.,   9.,   3.,   8.,   4.,  11.,   3.,   7.,   0.]), array([  4.,   4.,   1.,  10.,   3.,  11.,   2.,   2.,   3.,   8.,   0.]), array([  3.,   5.,   3.,   9.,   3.,   6.,   3.,   8.,   1.,  11.,   0.])]
将numpy 数组 转化为 多维空间 point
开始 Kmeans
划定聚类中心
开始迭代
迭代中.
迭代结束
迭代次数 count=100
[2.4745479833101531, 10.075660639777469, 2.5098748261474269, 3.8737134909596662, 2.5001390820584146, 4.054242002781641, 2.5093184979137693, 9.067315716272601, 2.4962447844228093, 7.0208623087621698, 0.58025034770514605]
[2.5121598147075854, 3.8679791546033586, 2.4930515344528081, 6.6213086276780544, 2.5179502026635783, 10.121598147075854, 2.4646786334684423, 8.959756803705849, 2.4936305732484074, 10.023161551823971, 0.59901563404748115]
[2.4995852916781862, 10.015205971799833, 2.510091235830799, 5.1589715233619025, 2.5316560685651091, 9.9068288636991984, 2.518938346696157, 4.2203483549903238, 2.5034559026817806, 8.8755875034559022, 0.59745645562620953]
[2.5239316239316238, 3.7378917378917378, 2.4948717948717949, 3.8806267806267805, 2.5156695156695155, 7.18974358974359, 2.5128205128205128, 6.7039886039886039, 2.482905982905983, 3.633903133903134, 0.77378917378917378]
[2.5237962705260228, 8.3011411077094355, 2.4842749791260785, 10.271082660729196, 2.500695797383802, 7.562482605065405, 2.4826050654049543, 10.62482605065405, 2.5382688561091009, 4.6418035068188139, 0.68382966880044527]
[2.499276410998553, 7.4500723589001447, 2.4619392185238786, 10.272069464544138, 2.5137481910274966, 7.060781476121563, 2.5027496382054992, 3.3351664254703328, 2.4781476121562953, 3.9933429811866858, 0.55282199710564395]
[2.5272054939249866, 5.403592181722134, 2.5266772319070259, 8.9683042789223446, 2.4931325937665081, 3.5005282620179607, 2.4804543053354462, 5.7033808769149497, 2.4878499735868993, 10.286582144743793, 0.56418383518225035]
error_afkmc2             = 1128828.11649    during_afkmc2 = 233.037703037
error_kpp                = 1129455.19658    during_kpp = 235.069525957
error_afkmc2_with_weight = 1127886.6435    during_afkmc2_with_weight = 249.879440069

Process finished with exit code 0
