/usr/bin/python /Users/sahara/PycharmProjects/Kmeans/testKmeans.py
初始化数组
afkmc2
seed array
[array([ 3.,  8.,  1.,  5.,  2.,  4.,  4.,  4.,  4.,  7.,  1.]), array([  4.,   5.,   4.,  12.,   3.,   8.,   3.,   4.,   3.,   3.,   0.]), array([  4.,  13.,   4.,   2.,   1.,   3.,   4.,   4.,   2.,  12.,   0.]), array([  1.,   5.,   2.,   7.,   1.,  12.,   4.,   9.,   4.,   1.,   0.]), array([  3.,  11.,   2.,  10.,   4.,   1.,   2.,  12.,   1.,   6.,   0.]), array([  4.,   2.,   2.,  11.,   4.,   6.,   2.,   5.,   2.,   7.,   0.]), array([  4.,  11.,   2.,   3.,   4.,  12.,   4.,   3.,   1.,   5.,   1.])]
将numpy 数组 转化为 多维空间 point
开始 Kmeans
划定聚类中心
开始迭代
迭代中.
迭代结束
迭代次数 count=100
[2.4857142857142858, 7.4929264909847433, 2.4760055478502081, 5.0174757281553397, 2.4954230235783634, 3.9298196948682387, 2.519001386962552, 3.8632454923717061, 2.4968099861303745, 4.3037447988904303, 0.81692094313453534]
[2.5003996802557955, 9.4583000266453503, 2.4950706101785238, 9.8699706901145756, 2.5107913669064748, 10.208899547029043, 2.493205435651479, 4.6325606181721293, 2.4945377031707965, 5.8555822009059417, 0.63522515321076467]
[2.4809921811809112, 9.916149905634942, 2.4898894580749529, 4.5621461310326232, 2.5163116743057428, 5.7045025613372875, 2.5066055540576975, 9.6867080075492051, 2.4966298193583176, 9.7851172822863308, 0.63682933405230524]
[2.4881198347107438, 4.2902892561983474, 2.4876033057851239, 5.4067665289256199, 2.5395144628099175, 9.7205578512396702, 2.4876033057851239, 9.9382747933884303, 2.5098140495867769, 4.6926652892561984, 0.58729338842975209]
[2.5503421309872922, 8.1896383186705766, 2.5174323884001302, 10.201042684913652, 2.5004887585532747, 4.4190289996741612, 2.466275659824047, 10.049527533398502, 2.5089605734767026, 4.1319648093841641, 0.55751058976865431]
[2.5349623082921755, 4.1554458019235767, 2.5120873407850275, 10.125552378476735, 2.4910319729659474, 5.2305692747595529, 2.5042890564075901, 6.3621003379256562, 2.4775149467117235, 10.080062386275019, 0.56173641798804264]
[2.5305863708399365, 5.6833597464342311, 2.5106180665610141, 3.8602218700475435, 2.516323296354992, 9.6554675118858952, 2.4890649762282093, 3.9911251980982567, 2.4995245641838353, 9.7385103011093506, 0.53819334389857365]
kpp
seed array
[array([  3.,   6.,   2.,   5.,   4.,  11.,   4.,   1.,   4.,   3.,   0.]), array([  2.,   2.,   2.,   6.,   2.,   3.,   3.,  11.,   3.,  13.,   0.]), array([  4.,   9.,   1.,   3.,   2.,   5.,   4.,  11.,   4.,   6.,   0.]), array([ 1.,  7.,  3.,  9.,  4.,  4.,  4.,  5.,  4.,  9.,  1.]), array([  2.,   8.,   1.,  11.,   4.,   2.,   4.,   4.,   4.,  12.,   0.]), array([ 1.,  2.,  3.,  1.,  3.,  2.,  3.,  6.,  3.,  5.,  1.]), array([  4.,  13.,   4.,   1.,   1.,   6.,   2.,   2.,   4.,  10.,   0.])]
将numpy 数组 转化为 多维空间 point
开始 Kmeans
划定聚类中心
开始迭代
迭代中.
迭代结束
迭代次数 count=100
[2.501884760366182, 7.2113624124932691, 2.4956919763058698, 10.39041464728056, 2.5336564351103932, 10.658319870759289, 2.4838449111470111, 4.8446418955304251, 2.4921917070543889, 5.4636510500807756, 0.60177705977382878]
[2.524899057873486, 3.7426648721399731, 2.4775235531628534, 6.0067294751009417, 2.5577388963660836, 9.8339165545087486, 2.4788694481830418, 10.009690444145356, 2.5006729475100942, 8.7830417227456259, 0.59353970390309552]
[2.4526552402360213, 10.154818769317224, 2.5220567575161561, 4.0168586681652148, 2.4874964877774657, 6.5448159595391964, 2.502669289126159, 10.319752739533577, 2.5001404889013767, 5.8064062939027821, 0.60073054228715927]
[2.54126213592233, 7.5746359223300974, 2.4966626213592233, 10.403519417475728, 2.5166868932038833, 4.1322815533980579, 2.4696601941747574, 8.400485436893204, 2.505764563106796, 3.551881067961165, 0.55764563106796117]
[2.5288486416558862, 6.9728331177231562, 2.5125485122897802, 9.7208279430789126, 2.4727037516170762, 3.9492884864165587, 2.4965071151358345, 6.6175937904269082, 2.5078913324708925, 10.696765847347995, 0.59068564036222515]
[2.5196596244131455, 3.7007042253521125, 2.478579812206573, 4.145539906103286, 2.4580399061032865, 5.247652582159624, 2.5246478873239435, 4.735328638497653, 2.470657276995305, 4.958920187793427, 0.86795774647887325]
[2.4923255140457572, 9.7292209672748342, 2.499855198378222, 4.1225021720243271, 2.5447437011294527, 8.4694468578048081, 2.5163625832609324, 3.5682015638575151, 2.5027512308137849, 8.862438459310745, 0.54387489139878364]
afkmc2_with_weight
kpp
seed array
[array([  2.,   7.,   2.,   1.,   3.,  13.,   3.,   8.,   2.,   9.,   0.]), array([  4.,   4.,   3.,   7.,   4.,   3.,   2.,   3.,   1.,  12.,   1.]), array([  3.,  13.,   3.,   1.,   3.,   5.,   2.,  10.,   1.,   3.,   0.]), array([  2.,   1.,   2.,  13.,   3.,   6.,   1.,   7.,   4.,   3.,   0.]), array([ 3.,  5.,  4.,  4.,  4.,  1.,  1.,  8.,  3.,  2.,  0.]), array([  1.,  13.,   1.,   6.,   3.,  13.,   3.,   4.,   2.,   2.,   1.]), array([  2.,  11.,   1.,   3.,   2.,   1.,   4.,   6.,   2.,   4.,   0.])]
将numpy 数组 转化为 多维空间 point
开始 Kmeans
划定聚类中心
开始迭代
迭代中..
迭代结束
迭代次数 count=5
[2.5181467181467183, 5.4501930501930502, 2.5184041184041184, 3.9899613899613899, 2.5498069498069498, 10.488030888030888, 2.4782496782496781, 7.0939510939510937, 2.5091377091377089, 9.7678249678249678, 0.55649935649935645]
[2.5153061224489797, 5.4210526315789478, 2.5037593984962405, 9.0883458646616546, 2.4605263157894739, 4.5263157894736841, 2.5002685284640171, 5.8619763694951663, 2.4852309344790546, 11.015843179377015, 0.56256713211600429]
[2.4750196181009678, 10.485221030604238, 2.5187025895893278, 6.0439445461679311, 2.4909756735548001, 6.1454355218414856, 2.5252419565786033, 11.055453832069055, 2.4888830761182317, 6.5500915511378501, 0.66021449123724818]
[2.5327558202490525, 4.0600974553329721, 2.4639956686518678, 10.841093665403356, 2.544937736870601, 8.0544125609095829, 2.4639956686518678, 8.3164591229020033, 2.4962100703844072, 4.8770979967514885, 0.58012994044396315]
[2.5208592777085927, 3.5267745952677458, 2.4965753424657535, 3.9511207970112081, 2.5003113325031134, 5.1260896637608964, 2.5133872976338729, 7.462017434620174, 2.4747820672478205, 4.2805105853051062, 0.83468244084682441]
[2.4819036762610431, 9.8754630948988318, 2.4938728982616132, 8.3402678825876322, 2.5106868053576519, 10.578227415218011, 2.4685095468794529, 4.2698774579652321, 2.5121117127386721, 5.4320319179253351, 0.59162154459960103]
[2.5197597217831174, 10.282959215934239, 2.484666455896301, 6.6294656971229848, 2.5124881441669302, 3.4748656338918749, 2.5270312993993045, 3.8899778691116027, 2.5150173885551692, 6.1018020866266207, 0.58615238697439143]
min_dist=54.1485458131
seed array
[array([  1.,   4.,   2.,   6.,   3.,   9.,   1.,   7.,   4.,  11.,   0.]), array([ 2.,  2.,  2.,  3.,  3.,  8.,  3.,  7.,  2.,  4.,  0.]), array([  2.,   9.,   4.,   6.,   4.,   5.,   4.,  10.,   4.,   7.,   0.]), array([  2.,  12.,   1.,   6.,   2.,   2.,   4.,   3.,   1.,   8.,   0.]), array([  1.,  11.,   1.,   6.,   2.,   4.,   2.,   2.,   3.,   6.,   1.]), array([ 4.,  5.,  2.,  6.,  1.,  4.,  3.,  7.,  1.,  5.,  1.]), array([  2.,   4.,   1.,  10.,   1.,   5.,   1.,   7.,   1.,  13.,   0.])]
将numpy 数组 转化为 多维空间 point
开始 Kmeans
划定聚类中心
开始迭代
迭代中.
迭代结束
迭代次数 count=100
[2.5112157297147606, 5.3666574356134031, 2.5131542509000275, 4.2082525616172806, 2.5294932151758514, 10.290778177790086, 2.4807532539462751, 6.4530600941567435, 2.515923566878981, 10.273885350318471, 0.55663251176959294]
[2.517004858531009, 3.5238639611317519, 2.4775650185767364, 5.3415261503286651, 2.5298656759074021, 8.5264361246070308, 2.498428122320663, 8.8891111746213198, 2.5084309802800799, 3.5587310660188627, 0.64161188911117462]
[2.4514187446259674, 10.402120951562052, 2.5265118945256519, 6.0770994554313553, 2.4932645457151046, 5.8079678991114934, 2.4840928632846087, 10.085984522785898, 2.4889653195758097, 4.0126110633419314, 0.56090570364001147]
[2.5357861454440931, 9.2118424834722621, 2.471974705375108, 4.2414486921529173, 2.507042253521127, 3.7714860592124175, 2.5196895659672318, 4.8209255533199196, 2.4869215291750502, 9.1727507904570285, 0.6246047714860592]
[2.5025138925641706, 9.7861868219105581, 2.492193702037576, 9.2228102672664729, 2.5041016141836465, 10.181794125430008, 2.4980153479756551, 4.2474199523683511, 2.4993384493252182, 5.7745435300344008, 0.60227573432124903]
[2.4913158669414188, 4.319399470120695, 2.4727700912569914, 9.6909037385928762, 2.5119222843685605, 4.4191934059464231, 2.4818957904032972, 3.7453635560788929, 2.4657050338533999, 5.792169561377686, 0.66588166028848983]
[2.5489882854100108, 6.1890308839190631, 2.5268903088391905, 10.065761448349308, 2.4968051118210863, 5.7390841320553783, 2.5077209797657081, 10.247603833865815, 2.513045793397231, 9.8980298189563367, 0.69542066027689031]
error_afkmc2             = 1125543.7728    during_afkmc2 = 305.707020998
error_kpp                = 1130034.72457    during_kpp = 304.186889887
error_afkmc2_with_weight = 1126678.46068    during_afkmc2_with_weight = 321.027842999

Process finished with exit code 0
