/usr/bin/python /Users/sahara/PycharmProjects/Kmeans/testKmeans.py
初始化数组
afkmc2
seed array
[array([  1.,   1.,   2.,   5.,   1.,  13.,   3.,   8.,   3.,  11.,   0.]), array([  2.,  11.,   2.,   8.,   4.,   5.,   1.,  11.,   1.,  12.,   1.]), array([ 3.,  3.,  1.,  3.,  4.,  9.,  1.,  9.,  1.,  4.,  2.]), array([ 4.,  6.,  4.,  3.,  3.,  3.,  1.,  5.,  2.,  9.,  1.]), array([  2.,  12.,   1.,   2.,   4.,  12.,   2.,   3.,   2.,  13.,   1.]), array([  1.,   9.,   4.,   8.,   3.,  13.,   4.,   4.,   4.,  13.,   1.]), array([  2.,  11.,   4.,  13.,   4.,   5.,   2.,   8.,   3.,   6.,   0.])]
将numpy 数组 转化为 多维空间 point
开始 Kmeans
划定聚类中心
开始迭代
迭代中.
迭代结束
迭代次数 count=100
[2.5459786682040932, 3.7861055059094841, 2.5272412799077544, 8.0161429806860767, 2.519169789564716, 8.9155376189103492, 2.4791006053617757, 9.415970020178726, 2.4883251657538197, 10.330931104064572, 0.6289997117324877]
[2.4862935465448315, 10.21359223300971, 2.5091376356367792, 4.8295259851513421, 2.5114220445459736, 5.4700171330668192, 2.5242718446601944, 9.645059965733866, 2.4954311821816106, 9.7247287264420326, 0.6353512278697887]
[2.5180889257111296, 4.3824910245788455, 2.4785970726318696, 4.3515603424468381, 2.5095277547638775, 8.0557856945595141, 2.492957746478873, 9.2002209334438003, 2.5040044186688761, 3.4827395747031207, 0.65230599281966306]
[2.4855014631550945, 4.7855812716147907, 2.5059856344772546, 7.8882681564245809, 2.4796488427773342, 3.7172120244745943, 2.4942803937217346, 3.5951050811386005, 2.4793828145783454, 8.695663740356478, 0.67571162543229579]
[2.4973277074542897, 9.0255977496483819, 2.4742616033755276, 3.4365682137834037, 2.5285513361462728, 8.690576652601969, 2.5229254571026725, 3.4196905766526018, 2.5220815752461321, 6.6616033755274264, 0.56877637130801684]
[2.4943502824858759, 8.1906779661016955, 2.4827683615819209, 10.578813559322034, 2.5172316384180791, 10.493220338983051, 2.4881355932203388, 4.8214689265536723, 2.5033898305084747, 5.9028248587570618, 0.62485875706214689]
[2.5353535353535355, 8.7289562289562284, 2.5067340067340069, 9.9969135802469129, 2.5081369248035914, 3.9719416386083051, 2.4699775533108865, 8.7365319865319861, 2.489337822671156, 4.0314253647586984, 0.55892255892255893]
kpp
seed array
[array([  2.,  13.,   1.,   9.,   2.,   8.,   4.,  10.,   1.,  12.,   0.]), array([  2.,  12.,   2.,   1.,   4.,  11.,   4.,   1.,   4.,   6.,   1.]), array([  4.,   2.,   1.,   8.,   2.,  12.,   3.,   5.,   1.,  12.,   1.]), array([ 1.,  6.,  4.,  4.,  1.,  9.,  4.,  1.,  3.,  1.,  1.]), array([  3.,   3.,   2.,  10.,   2.,   7.,   4.,  11.,   1.,   1.,   0.]), array([  2.,  10.,   3.,  13.,   4.,   2.,   3.,   7.,   2.,   4.,   0.]), array([  4.,  11.,   2.,  12.,   3.,   2.,   1.,   4.,   4.,   1.,   0.])]
将numpy 数组 转化为 多维空间 point
开始 Kmeans
划定聚类中心
开始迭代
迭代中.
迭代结束
迭代次数 count=100
[2.4759312320916904, 9.4392550143266476, 2.4965616045845271, 3.7157593123209169, 2.5111747851002866, 4.892550143266476, 2.5028653295128942, 10.265042979942693, 2.4974212034383956, 7.7088825214899712, 0.57822349570200571]
[2.4940836940836939, 9.7673881673881677, 2.5010101010101011, 4.098989898989899, 2.5382395382395382, 9.3720057720057728, 2.5191919191919192, 3.9916305916305914, 2.5033189033189034, 8.4808080808080817, 0.54285714285714282]
[2.5286225402504474, 4.1940966010733449, 2.4979129397734048, 9.0518783542039358, 2.5265354800238522, 10.433810375670841, 2.4675014907573045, 6.1317829457364343, 2.5002981514609424, 9.935002981514609, 0.6255217650566488]
[2.5008361204013378, 4.1025641025641022, 2.4988851727982162, 5.5091973244147159, 2.4687848383500559, 4.1245819397993309, 2.4997212931995541, 3.7862318840579712, 2.4877369007803791, 5.7505574136008919, 0.86399108138238578]
[2.5135282864170541, 4.1746378792019678, 2.4930308827548511, 5.842579939874283, 2.5277398196228478, 9.2290243235856799, 2.4790926482645532, 10.133369773162066, 2.4971303634872917, 4.1494943973763325, 0.56244875649084447]
[2.532691763373903, 7.0543447495046703, 2.516558165864704, 10.456835550523634, 2.4831587885649591, 3.6883668270591565, 2.5108972544579675, 8.2487970563260689, 2.5060854797622416, 9.7500707613925837, 0.60628361166147748]
[2.5151747003315479, 9.9920938536087736, 2.4820198928844683, 10.151747003315482, 2.5167049222137208, 7.4677378219841879, 2.4922213720989546, 6.0196378474878856, 2.4904361132364192, 3.6375924509053812, 0.57077276205049732]
afkmc2_with_weight
kpp
seed array
[array([  1.,  11.,   1.,   6.,   3.,   4.,   1.,   8.,   1.,   9.,   0.]), array([  3.,   1.,   1.,  13.,   4.,   1.,   2.,   3.,   3.,   6.,   1.]), array([  1.,   4.,   1.,  12.,   2.,  11.,   1.,   5.,   4.,   8.,   0.]), array([  2.,   4.,   1.,   6.,   3.,  13.,   2.,   3.,   3.,   1.,   0.]), array([  4.,  12.,   3.,  10.,   4.,   6.,   3.,   5.,   1.,   2.,   0.]), array([  4.,  11.,   3.,   4.,   4.,   1.,   4.,   3.,   1.,   3.,   1.]), array([  3.,   3.,   2.,   1.,   3.,  10.,   2.,  11.,   3.,   4.,   0.])]
将numpy 数组 转化为 多维空间 point
开始 Kmeans
划定聚类中心
开始迭代
迭代中..
迭代结束
迭代次数 count=5
[2.502025316455696, 10.210632911392405, 2.4967088607594938, 5.7726582278481011, 2.5354430379746837, 5.7065822784810125, 2.54, 7.8794936708860757, 2.4784810126582277, 10.889113924050633, 0.63873417721518988]
[2.5490196078431371, 3.8971224853577793, 2.5187165775401068, 9.6844919786096249, 2.4764451235039471, 3.4441049146931499, 2.490960020371785, 6.12375859434683, 2.4797555385790679, 7.3995416348357521, 0.5851795263559969]
[2.5142591444513331, 5.0998140111593306, 2.4854308741475513, 10.217606943583386, 2.5313081215127093, 10.464662120272784, 2.4736515809051456, 6.4724116553006823, 2.494730316181029, 9.6946683199008064, 0.68040917544947299]
[2.469332531569453, 6.2122669873722192, 2.4888755261575466, 4.4428743235117256, 2.5060132291040289, 10.439567047504509, 2.4852675886951294, 3.4413710162357187, 2.525255562236921, 5.8707155742633796, 0.57245941070354778]
[2.5063487950246177, 10.112723503498316, 2.4931329359937808, 10.288934957242809, 2.5193055195646541, 7.5459963721171288, 2.4721430422389221, 8.0020730759264058, 2.4900233221041721, 3.9220005182689817, 0.58331173879243325]
[2.4851621808143549, 8.9420289855072461, 2.4855072463768115, 3.9320220841959972, 2.4879227053140096, 3.6656314699792962, 2.5044858523119391, 4.8909592822636299, 2.5, 4.5596963423050383, 0.75327812284334028]
[2.5243200836820083, 4.5141213389121342, 2.5091527196652721, 4.1195083682008367, 2.51255230125523, 8.14173640167364, 2.5010460251046025, 10.742416317991632, 2.5180439330543933, 5.9932008368200833, 0.57034518828451886]
min_dist=56.4229860949
seed array
[array([  4.,  11.,   1.,   7.,   2.,   7.,   2.,   9.,   1.,  13.,   1.]), array([  3.,   5.,   3.,   4.,   4.,  12.,   3.,   3.,   1.,   8.,   0.]), array([  1.,   2.,   1.,  12.,   3.,  10.,   3.,   6.,   2.,  10.,   1.]), array([  2.,   6.,   3.,   6.,   2.,  10.,   2.,  13.,   2.,   5.,   1.]), array([ 2.,  9.,  2.,  5.,  4.,  5.,  4.,  8.,  2.,  8.,  2.]), array([ 4.,  2.,  1.,  4.,  2.,  7.,  2.,  9.,  3.,  6.,  0.]), array([  1.,   9.,   3.,  11.,   2.,  11.,   2.,   7.,   3.,   4.,   1.])]
将numpy 数组 转化为 多维空间 point
开始 Kmeans
划定聚类中心
开始迭代
迭代中.
迭代结束
迭代次数 count=100
[2.5040064102564101, 9.470886752136753, 2.5005341880341883, 6.0117521367521372, 2.5056089743589745, 5.0641025641025639, 2.5267094017094016, 10.22142094017094, 2.501869658119658, 10.060363247863247, 0.67628205128205132]
[2.5073960368406363, 5.9748813843148199, 2.5018141222439296, 3.6388501255930783, 2.5032096008931064, 9.0198157968183086, 2.4864638571029865, 3.4859056656433158, 2.5009768350544235, 8.9232486742952837, 0.59893943622662571]
[2.5234030837004404, 5.1770374449339203, 2.4950440528634363, 10.445209251101321, 2.4647577092511015, 6.0971916299559474, 2.5148678414096914, 5.0280837004405283, 2.4936674008810571, 10.437775330396477, 0.55864537444933926]
[2.4835837506956038, 4.5653867557039511, 2.489983305509182, 4.7420701168614361, 2.5539788536449639, 10.104897050639956, 2.5052865887590428, 10.234557595993323, 2.5105731775180855, 5.9184752365052864, 0.56510851419031716]
[2.4836795252225521, 10.086350148367952, 2.4982195845697328, 4.9890207715133528, 2.4893175074183977, 4.1302670623145401, 2.4994065281899109, 5.0436201780415431, 2.5080118694362019, 4.2735905044510387, 0.64094955489614247]
[2.5548762736535662, 4.0794759825327507, 2.491703056768559, 9.1353711790393017, 2.527802037845706, 4.1315866084425039, 2.4489082969432316, 8.1636098981077154, 2.4678311499272199, 3.9088791848617177, 0.6477438136826783]
[2.5049288061336252, 9.5479189485213585, 2.5062979189485213, 10.050930996714129, 2.5268346111719606, 10.288335158817086, 2.4865826944140199, 6.2398685651697701, 2.4975355969331874, 4.7891566265060241, 0.66046002190580499]
error_afkmc2             = 1127692.46993    during_afkmc2 = 236.158648968
error_kpp                = 1127467.15187    during_kpp = 239.152266979
error_afkmc2_with_weight = 1129378.67523    during_afkmc2_with_weight = 254.307584047

Process finished with exit code 0
