/usr/bin/python /Users/sahara/PycharmProjects/Kmeans/testKmeans.py
初始化数组
afkmc2
seed array
[array([ 3.,  6.,  1.,  5.,  2.,  6.,  3.,  4.,  1.,  2.,  1.]), array([  1.,   1.,   4.,   1.,   3.,   8.,   1.,  12.,   2.,  10.,   1.]), array([  4.,   7.,   3.,   1.,   4.,   6.,   4.,   5.,   3.,  13.,   0.]), array([ 1.,  8.,  4.,  4.,  3.,  3.,  3.,  2.,  1.,  7.,  0.]), array([  2.,   7.,   1.,   4.,   1.,  12.,   1.,  13.,   4.,   4.,   1.]), array([ 3.,  7.,  1.,  4.,  2.,  5.,  3.,  9.,  1.,  6.,  0.]), array([  1.,  12.,   2.,  13.,   4.,   1.,   3.,  13.,   1.,   6.,   1.])]
将numpy 数组 转化为 多维空间 point
开始 Kmeans
划定聚类中心
开始迭代
迭代中.
迭代结束
迭代次数 count=100
[2.5160420598544082, 3.9468859530870857, 2.4464815314100834, 8.0342410353194929, 2.4974386627123213, 8.5618765165812896, 2.5063359396063629, 4.3003504987867354, 2.5103801563763817, 3.6732272849824752, 0.66621730924777567]
[2.5166578529878372, 3.8395029085140138, 2.4933897408778423, 6.0941300898995241, 2.5499735589635115, 9.1612903225806459, 2.4838709677419355, 9.8262823902696983, 2.4933897408778423, 9.7789529349550506, 0.59756742464304602]
[2.5245771670190273, 9.9447674418604652, 2.5087209302325579, 6.757135306553911, 2.5319767441860463, 9.6596194503171251, 2.5155919661733614, 3.9294397463002113, 2.492600422832981, 9.4167547568710361, 0.60332980972515859]
[2.4985664224275248, 4.9821599235425298, 2.525645109907614, 8.4036317298502716, 2.4612934055431666, 3.6862057980248486, 2.5039821599235426, 4.011150047785919, 2.4676648614208347, 9.980885632366995, 0.564510990761389]
[2.4633243606998656, 9.208277254374158, 2.506056527590848, 5.4868775235531633, 2.5491251682368774, 10.373485868102287, 2.4703903095558548, 9.400403768506056, 2.5067294751009421, 3.6722745625841182, 0.59724091520861378]
[2.4949735449735448, 8.5066137566137563, 2.4846560846560846, 3.335185185185185, 2.4767195767195767, 3.3846560846560845, 2.519047619047619, 7.6338624338624337, 2.4994708994708996, 6.1137566137566139, 0.69947089947089947]
[2.5353798126951093, 8.5845473465140483, 2.524193548387097, 10.852237252861602, 2.5049427679500522, 4.4934963579604581, 2.4687825182101979, 9.4339229968782519, 2.5080645161290325, 5.8644640998959421, 0.60613943808532778]
kpp
seed array
[array([ 4.,  7.,  2.,  9.,  3.,  4.,  3.,  9.,  3.,  2.,  1.]), array([ 4.,  2.,  2.,  9.,  1.,  2.,  4.,  8.,  4.,  1.,  1.]), array([ 3.,  9.,  2.,  1.,  4.,  7.,  4.,  2.,  3.,  6.,  0.]), array([  3.,   7.,   2.,  13.,   2.,   3.,   1.,   4.,   1.,   9.,   0.]), array([  1.,  11.,   3.,   3.,   3.,   7.,   3.,  10.,   2.,   7.,   1.]), array([  1.,   2.,   4.,   1.,   4.,   7.,   2.,   6.,   4.,  11.,   0.]), array([  2.,   2.,   3.,   6.,   1.,   3.,   2.,   5.,   4.,  12.,   0.])]
将numpy 数组 转化为 多维空间 point
开始 Kmeans
划定聚类中心
开始迭代
迭代中.
迭代结束
迭代次数 count=100
[2.4919354838709675, 8.047043010752688, 2.4948924731182798, 10.147311827956988, 2.5120967741935485, 8.2456989247311832, 2.4795698924731182, 10.076881720430107, 2.5139784946236561, 3.9596774193548385, 0.63790322580645165]
[2.523941323000277, 3.4647107666758927, 2.4597287572654305, 6.8079158593966236, 2.5065042900636589, 6.5422086908386383, 2.507611403265984, 4.5920287849432606, 2.476058676999723, 3.411846111264877, 0.79684472737337397]
[2.4761904761904763, 9.6184486373165612, 2.5136268343815513, 3.8715184186882299, 2.5426774483378258, 9.662174303683738, 2.5130278526504943, 3.8206049715483679, 2.5202156334231804, 6.7634022162324046, 0.51302785265049411]
[2.5151431718061672, 9.9699889867841414, 2.4881607929515419, 10.368116740088105, 2.4878854625550662, 6.027257709251101, 2.5132158590308369, 4.1530837004405283, 2.5148678414096914, 8.5121145374449334, 0.61205947136563876]
[2.4881974248927037, 9.6260729613733904, 2.5096566523605151, 3.8031115879828326, 2.4881974248927037, 4.3291309012875541, 2.508315450643777, 9.641094420600858, 2.4887339055793993, 6.6236587982832615, 0.60461373390557938]
[2.5183145139080145, 4.2743045992839441, 2.5045442026989808, 5.9966951253098317, 2.5502616359129715, 10.721288901129165, 2.4643348939686036, 8.6516111264114564, 2.4968328284219226, 9.6576700633434314, 0.60451666207656296]
[2.5491484911861368, 3.8138631610397371, 2.5156856886764265, 7.9306841948013149, 2.4852106363907978, 3.5530325664774427, 2.486106961458022, 7.2772632207947412, 2.4699731102479832, 10.10516880788766, 0.56707499253062443]
afkmc2_with_weight
kpp
seed array
[array([  2.,  12.,   2.,   7.,   3.,   1.,   3.,   3.,   1.,   5.,   0.]), array([  2.,   4.,   2.,   7.,   2.,   3.,   1.,  11.,   4.,   3.,   1.]), array([  3.,   3.,   3.,  10.,   1.,   3.,   1.,  12.,   4.,   9.,   1.]), array([  2.,  13.,   4.,   8.,   4.,  10.,   4.,  13.,   1.,   1.,   1.]), array([  3.,   5.,   1.,   4.,   4.,  13.,   2.,   1.,   2.,   7.,   0.]), array([  1.,   1.,   3.,  11.,   1.,   4.,   1.,   3.,   3.,   4.,   1.]), array([  4.,   5.,   4.,   6.,   2.,   9.,   4.,   4.,   3.,  13.,   0.])]
将numpy 数组 转化为 多维空间 point
开始 Kmeans
划定聚类中心
开始迭代
迭代中..
迭代结束
迭代次数 count=5
[2.52750565184627, 10.558151218286863, 2.4745038934940968, 6.5865360462195426, 2.5023863350916855, 3.6340115548857073, 2.5036423009294149, 4.5538809344385829, 2.4998744034162272, 7.0092941471991965, 0.57447877417734239]
[2.5042484617638441, 4.750659244066803, 2.5180193378259594, 4.1464986815118667, 2.492528567242895, 5.3738646352182826, 2.5057134485789629, 10.130090829182537, 2.4960445355991796, 4.4632288309405217, 0.6580720773513038]
[2.5291519434628977, 6.1245583038869258, 2.5335689045936394, 9.3836866902237919, 2.4888103651354534, 4.5385747938751475, 2.5085394581861014, 10.206419316843345, 2.5073616018845701, 10.176089517078916, 0.62632508833922262]
[2.5015130674002752, 9.9056396148555717, 2.4872077028885831, 8.9174690508940859, 2.5270976616231087, 9.6951856946354891, 2.48060522696011, 9.7053645116918847, 2.5048143053645116, 4.9455295735900959, 0.71444291609353505]
[2.4820603907637655, 6.8131438721136766, 2.5012433392539966, 4.1928952042628778, 2.5296625222024867, 10.325044404973356, 2.5193605683836591, 3.9751332149200711, 2.5399644760213143, 4.1165186500888096, 0.58330373001776203]
[2.4893914014517029, 3.9335566722501394, 2.466499162479062, 10.543830262423228, 2.5008375209380236, 6.5064209938581801, 2.4790619765494135, 4.1920714684533777, 2.4472361809045227, 5.6485203796761585, 0.59128978224455608]
[2.5188634192932189, 6.3586437440305632, 2.5076408787010505, 5.0618433619866288, 2.5298471824259789, 9.4531996179560647, 2.4823304680038203, 5.9173829990448903, 2.4954632282712512, 11.137774594078319, 0.60124164278892067]
min_dist=54.7971926384
seed array
[array([  3.,   7.,   4.,   8.,   1.,   4.,   3.,   9.,   4.,  11.,   0.]), array([  2.,   5.,   2.,   4.,   2.,   7.,   3.,  10.,   4.,   3.,   0.]), array([  1.,   8.,   2.,   6.,   1.,  11.,   3.,   5.,   3.,   3.,   0.]), array([  4.,   7.,   1.,  11.,   3.,   4.,   3.,  10.,   3.,  12.,   0.]), array([  3.,   3.,   2.,   5.,   2.,   8.,   3.,   5.,   3.,  12.,   1.]), array([  1.,  12.,   1.,   8.,   2.,   2.,   3.,   5.,   2.,   7.,   0.]), array([  3.,   5.,   3.,   9.,   4.,   4.,   4.,   9.,   2.,  11.,   1.])]
将numpy 数组 转化为 多维空间 point
开始 Kmeans
划定聚类中心
开始迭代
迭代中.
迭代结束
迭代次数 count=100
[2.4640899913469858, 9.7897317565618689, 2.5056244591866168, 3.6954139025093742, 2.5024516873377558, 5.200461494087107, 2.4963945774444767, 10.025959042399769, 2.5015863859244303, 8.3042976636861834, 0.55754254398615521]
[2.4993197278911565, 3.6963265306122448, 2.4707482993197281, 4.684353741496599, 2.5194557823129253, 7.6383673469387752, 2.4960544217687075, 8.8432653061224489, 2.4838095238095237, 3.5782312925170068, 0.69659863945578226]
[2.4810843014596364, 8.6562406910932381, 2.4903187369675304, 7.9413166517724161, 2.528448019064641, 10.480190646410486, 2.4995531724754243, 3.6222817992254988, 2.503723562704796, 4.4810843014596369, 0.52010723860589814]
[2.5365643819902495, 9.0395755663894466, 2.5187840550616576, 10.58244909664468, 2.5030111843991971, 8.4588471465443078, 2.4697447662747347, 10.378262116432463, 2.5179237166618869, 6.4878118726699165, 0.82305706911385146]
[2.5269764957264957, 5.2628205128205128, 2.5037393162393164, 4.6765491452991457, 2.5264423076923075, 9.6303418803418808, 2.4978632478632479, 5.1223290598290596, 2.4986645299145298, 10.588408119658119, 0.57184829059829057]
[2.512741528983478, 9.5233828059367127, 2.4864183702044245, 7.4511341360963312, 2.5026603192383088, 3.3338000560067207, 2.512181461775413, 3.6320358443013161, 2.4992999159899187, 6.2005040604872583, 0.63595631475777092]
[2.536532758155837, 3.5411162038285253, 2.5087624696683744, 10.170126718792128, 2.4896198436236183, 4.498247506066325, 2.4990563494203291, 6.9762739282825557, 2.4782960366675653, 8.828794823402534, 0.54300350498786731]
error_afkmc2             = 1133187.71459    during_afkmc2 = 239.948741198
error_kpp                = 1130655.53453    during_kpp = 242.716459036
error_afkmc2_with_weight = 1129860.80504    during_afkmc2_with_weight = 256.419843912

Process finished with exit code 0
