/usr/bin/python /Users/sahara/PycharmProjects/Kmeans/testKmeans.py
初始化数组
afkmc2
seed array
[array([  4.,   8.,   2.,   8.,   3.,   4.,   3.,   3.,   3.,  12.,   1.]), array([  4.,   7.,   2.,  10.,   3.,  10.,   4.,   4.,   4.,   5.,   1.]), array([  3.,   3.,   1.,   5.,   3.,  10.,   2.,   5.,   1.,   8.,   1.]), array([  4.,   4.,   1.,  11.,   4.,   3.,   1.,   6.,   2.,   2.,   0.]), array([  4.,   6.,   4.,  11.,   2.,   5.,   1.,   5.,   3.,   8.,   1.]), array([  3.,   1.,   2.,   5.,   2.,   8.,   3.,  13.,   3.,   3.,   0.]), array([  2.,  13.,   3.,   8.,   4.,   8.,   1.,  10.,   1.,   2.,   1.])]
将numpy 数组 转化为 多维空间 point
开始 Kmeans
划定聚类中心
开始迭代
迭代中.
迭代结束
迭代次数 count=100
[2.5267355982274742, 9.6360413589364846, 2.4744460856720827, 4.434564254062038, 2.5228951255539145, 4.0511078286558346, 2.5158050221565733, 5.0933530280649926, 2.4903988183161005, 9.6756277695716388, 0.59675036927621861]
[2.489197119231795, 9.5590824219791948, 2.5025340090690853, 9.5742864763937057, 2.5188050146705789, 10.45452120565484, 2.4921312349959988, 4.5177380634835957, 2.508135502800747, 6.3371565750866896, 0.63056815150706857]
[2.5222098833981121, 4.6660188784008882, 2.5183231538034425, 4.3009439200444195, 2.5152692948362021, 9.9936146585230432, 2.4863964464186563, 5.8428650749583566, 2.5147140477512493, 10.030260966129928, 0.55663520266518596]
[2.5002847380410023, 5.2995444191343966, 2.4703872437357632, 9.1187357630979502, 2.5011389521640091, 3.9769362186788153, 2.4914578587699316, 3.7235193621867881, 2.4695330296127564, 4.7454441913439638, 0.70842824601366738]
[2.5451672372925995, 5.7503292072688961, 2.5193573874111141, 9.9660258098498815, 2.4943376349749804, 5.3170924414011065, 2.4959178298656832, 10.065314722149065, 2.5043455359494335, 9.8485646563076106, 0.66262839083486968]
[2.5259059598682239, 3.395926924228811, 2.4767894579215333, 5.8020365378855949, 2.5396825396825395, 8.6558849955076376, 2.5064390536088648, 9.1814914645103318, 2.5121293800539082, 3.600179694519317, 0.60946391135070377]
[2.4531163816878103, 10.453392167677881, 2.5170987313844457, 5.4575289575289574, 2.4829012686155543, 6.4704908990623275, 2.4853833425261995, 10.053778268063983, 2.481246552675124, 4.2517926089354665, 0.58108108108108103]
kpp
seed array
[array([  3.,   5.,   1.,   2.,   4.,   2.,   1.,  13.,   3.,   2.,   3.]), array([ 3.,  5.,  1.,  1.,  2.,  3.,  4.,  4.,  3.,  9.,  0.]), array([  3.,   3.,   3.,   8.,   4.,   8.,   1.,   1.,   1.,  11.,   1.]), array([  3.,  13.,   3.,   9.,   2.,   1.,   1.,   3.,   2.,   9.,   1.]), array([  4.,  11.,   3.,   4.,   4.,   9.,   4.,  13.,   3.,  13.,   1.]), array([  2.,   8.,   1.,  11.,   1.,  10.,   3.,   7.,   3.,  12.,   0.]), array([  1.,  10.,   3.,   8.,   4.,  13.,   3.,   4.,   4.,   5.,   0.])]
将numpy 数组 转化为 多维空间 point
开始 Kmeans
划定聚类中心
开始迭代
迭代中.
迭代结束
迭代次数 count=100
[2.5090113285272913, 4.2953141091658082, 2.4878990731204942, 5.565653964984552, 2.5278063851699279, 8.459577754891864, 2.4984552008238929, 10.354788877445932, 2.4927909371781669, 4.1305355303810503, 0.57749742533470649]
[2.5061486864169926, 4.393795416433762, 2.495528228060369, 3.7414756847400783, 2.4997205142537728, 5.4949692565679147, 2.4952487423141418, 3.7191168250419229, 2.4846282839575182, 7.9396310788149806, 0.76271660145332587]
[2.5126917712691772, 5.0979079497907946, 2.4959553695955368, 10.247977684797769, 2.4926080892608091, 10.126638772663878, 2.4691771269177125, 4.6440725244072523, 2.4948396094839609, 8.6859135285913531, 0.61059972105997207]
[2.5247987535705012, 9.505842638275773, 2.4990911451571018, 9.3214749415736176, 2.5177875876395741, 3.4925993248506879, 2.4946767073487406, 5.7465593352376008, 2.4783173201765774, 4.5525837444819528, 0.58400415476499612]
[2.516362660944206, 10.205203862660944, 2.5064377682403434, 4.3232296137339059, 2.5273605150214591, 7.1121244635193133, 2.5211909871244633, 8.8315450643776821, 2.4796137339055795, 10.180793991416309, 0.64109442060085842]
[2.5440479949479, 5.1578781180928326, 2.5228923271234609, 9.9137985475213135, 2.4786864540574678, 4.2080833596463529, 2.5029996842437638, 9.8522260814651084, 2.5241553520682034, 9.4808967477107675, 0.59646353015472053]
[2.4442026732981037, 10.346285359030153, 2.4774634752875349, 6.3012123096052219, 2.5225365247124651, 10.35467827168169, 2.4886540254895864, 5.3469070562635999, 2.5365247124650296, 4.052222567609574, 0.57382654647186815]
afkmc2_with_weight
kpp
seed array
[array([  3.,   2.,   3.,  13.,   3.,   3.,   2.,   4.,   2.,   3.,   1.]), array([  1.,  13.,   1.,   3.,   3.,  11.,   3.,   6.,   3.,   3.,   1.]), array([  2.,  12.,   4.,  13.,   1.,  13.,   2.,  10.,   2.,   8.,   1.]), array([  4.,   2.,   4.,   5.,   1.,   6.,   4.,   8.,   2.,  11.,   0.]), array([  3.,   1.,   2.,  12.,   3.,   9.,   2.,   7.,   2.,   6.,   0.]), array([  4.,  10.,   1.,   9.,   2.,  11.,   1.,   1.,   2.,  12.,   0.]), array([ 4.,  9.,  4.,  1.,  3.,  5.,  2.,  8.,  1.,  1.,  1.])]
将numpy 数组 转化为 多维空间 point
开始 Kmeans
划定聚类中心
开始迭代
迭代中..
迭代结束
迭代次数 count=5
[2.5225021228417774, 5.8208321539767907, 2.4933484290970847, 10.295216529861309, 2.5097650721766205, 3.5912821964336259, 2.4593829606566655, 4.8403622983300307, 2.483441834135296, 4.9685819416926122, 0.60062270025474096]
[2.4755077658303466, 9.0976702508960567, 2.4997013142174431, 4.0797491039426523, 2.543010752688172, 10.463261648745521, 2.5143369175627241, 5.4351851851851851, 2.5098566308243728, 4.5633213859020314, 0.5468936678614098]
[2.5195965417867434, 10.019308357348702, 2.5161383285302592, 9.9576368876080696, 2.4795389048991354, 7.2965417867435161, 2.4899135446685881, 10.501152737752161, 2.5195965417867434, 7.7089337175792503, 0.82680115273775212]
[2.5335012594458437, 4.275818639798489, 2.4904282115869019, 4.4201511335012595, 2.5070528967254408, 6.0390428211586897, 2.4957178841309822, 8.299748110831235, 2.4848866498740554, 10.610579345088162, 0.57405541561712847]
[2.5108065366367951, 3.2509225092250924, 2.4694254085397995, 8.8273589878755931, 2.5260938323668949, 10.409066947812335, 2.4781233526620983, 7.4955192409066944, 2.5018450184501844, 5.6639430680021086, 0.55851344227727995]
[2.5052274653857021, 9.3481209381181127, 2.5035320712065556, 7.6900254309126872, 2.5289629838937553, 7.3729867194122631, 2.5190731845154, 3.291607798813224, 2.4888386549872847, 10.445606103419045, 0.55693698784967505]
[2.488379022646007, 7.9761620977353989, 2.5157926102502981, 3.7502979737783075, 2.4758641239570918, 3.8218116805721096, 2.5181764004767579, 8.5986293206197857, 2.4949344457687723, 4.164481525625745, 0.69845053635280097]
min_dist=55.6697684631
seed array
[array([  4.,   2.,   2.,   9.,   4.,  11.,   3.,   9.,   1.,   4.,   1.]), array([  3.,   2.,   1.,   7.,   2.,  13.,   2.,   8.,   3.,   4.,   0.]), array([  1.,   8.,   2.,  10.,   4.,   5.,   2.,   3.,   1.,   5.,   1.]), array([  2.,  10.,   1.,   1.,   4.,  11.,   3.,   5.,   2.,   4.,   0.]), array([ 3.,  4.,  2.,  5.,  1.,  6.,  1.,  7.,  4.,  9.,  0.]), array([ 2.,  9.,  3.,  3.,  4.,  3.,  1.,  9.,  1.,  2.,  2.]), array([  1.,   9.,   2.,  10.,   3.,   6.,   2.,  11.,   4.,   9.,   1.])]
将numpy 数组 转化为 多维空间 point
开始 Kmeans
划定聚类中心
开始迭代
迭代中.
迭代结束
迭代次数 count=100
[2.5184399044839481, 4.1358450517378618, 2.4603343061820113, 10.529052799150968, 2.5221544176174051, 9.7283098965242765, 2.4895197665163171, 8.0665959140355525, 2.5065003979835501, 5.782170336959406, 0.59379145661979305]
[2.5275387263339071, 3.7441193344807804, 2.4945496270797474, 3.4345955249569706, 2.5309810671256456, 9.9655765920826163, 2.4833620195065977, 7.5671256454388987, 2.5103270223752152, 7.7214572576018359, 0.58347676419965577]
[2.5335932813437312, 7.8254349130173964, 2.4619076184763049, 9.7180563887222551, 2.5110977804439112, 4.0524895020995801, 2.4778044391121776, 4.5662867426514699, 2.4820035992801439, 3.5821835632873427, 0.62207558488302339]
[2.495127732420332, 10.40215959968396, 2.511193047142481, 6.7126678957071375, 2.5317355807216222, 10.279694495654464, 2.5064524624703712, 4.0676850144851198, 2.5051356333947852, 7.7569133526468264, 0.59889386357650776]
[2.5072632190586868, 5.164148750726322, 2.5055200464846021, 5.8149331783846598, 2.5072632190586868, 3.7713538640325392, 2.5092969203951192, 4.0563625798954099, 2.4671702498547354, 9.8349796629866351, 0.64700755374782104]
[2.4660570795234138, 8.8525907453588246, 2.5325574951510115, 3.9617622610141314, 2.4824050983651982, 5.8234968135217509, 2.4932114159046828, 9.8323635356054311, 2.5098365198115822, 3.8667220836796896, 0.59185369908561924]
[2.516092919115589, 8.6761824797089275, 2.5166526728239575, 8.8348726560313455, 2.4847467114469635, 4.8914077805765466, 2.5104953820319058, 10.280716484746712, 2.4973411698852503, 10.138539042821158, 0.71424573187797369]
error_afkmc2             = 1128014.72652    during_afkmc2 = 236.297713041
error_kpp                = 1127519.01774    during_kpp = 238.409162045
error_afkmc2_with_weight = 1129133.80962    during_afkmc2_with_weight = 254.519599915

Process finished with exit code 0
