/usr/bin/python /Users/sahara/PycharmProjects/Kmeans/testKmeans.py
初始化数组
afkmc2
seed array
[array([  3.,  10.,   1.,   3.,   1.,  12.,   2.,  13.,   2.,   8.,   0.]), array([  4.,  13.,   4.,   3.,   2.,   5.,   3.,   1.,   4.,   5.,   1.]), array([  1.,   1.,   3.,   6.,   2.,   2.,   2.,   4.,   2.,  12.,   0.]), array([  3.,   3.,   1.,   7.,   4.,  13.,   4.,  12.,   3.,  13.,   1.]), array([  2.,   1.,   1.,   8.,   4.,   1.,   4.,  13.,   1.,   1.,   3.]), array([  4.,   3.,   3.,  12.,   1.,  11.,   2.,   9.,   1.,   1.,   0.]), array([  1.,   9.,   4.,   3.,   2.,   4.,   2.,   7.,   2.,  11.,   0.])]
将numpy 数组 转化为 多维空间 point
开始 Kmeans
划定聚类中心
开始迭代
迭代中.
迭代结束
迭代次数 count=100
[2.4697011242116806, 8.8330134357005754, 2.5311214697011244, 3.7145599122566493, 2.5152179873868934, 6.803674252810529, 2.4941047436248973, 9.539895804771044, 2.4883465862352621, 3.7551412119550314, 0.57992870852755685]
[2.4912335629304945, 9.820914214151534, 2.4834063869755791, 3.6358797745773326, 2.5344395742016279, 8.3008766437069497, 2.5212899185973701, 3.7160300563556667, 2.5194113963681906, 8.7097683155917345, 0.55729492798998126]
[2.5052041633306645, 3.9396850813984523, 2.5022684814518281, 6.5956765412329865, 2.4851881505204165, 3.975713904456899, 2.4937283159861221, 3.6167600747264479, 2.4793167867627437, 7.1990926074192689, 0.78409394182012282]
[2.5231857479696096, 3.6526067592350011, 2.5030128373067853, 5.8464762902803251, 2.5195179460309145, 10.081739586062353, 2.490175530521352, 8.7725962798008901, 2.5074665968037726, 9.5090385119203571, 0.58291852239979036]
[2.5679690022602517, 4.8792379722311914, 2.4907975460122698, 10.189215369712626, 2.5082337746206007, 5.6089764288020669, 2.4488214401033259, 10.003228931223765, 2.4898288666451402, 3.9622215046819504, 0.53697126251210847]
[2.4839383651083833, 8.4478976234003653, 2.471924784539044, 10.236615304256986, 2.5238965787411858, 9.7108905719509018, 2.5160616348916167, 4.220161922172891, 2.4972577696526508, 5.0302951162183334, 0.58422564638286756]
[2.5273172057624356, 9.5697200326175587, 2.4995922805110085, 8.8293014406088606, 2.4876325088339222, 4.3938570263658603, 2.5025822234302799, 8.9138352813264472, 2.5012231584669746, 10.280239195433541, 0.70046208208752381]
kpp
seed array
[array([  4.,   2.,   4.,  12.,   3.,   6.,   1.,   8.,   4.,  10.,   0.]), array([ 1.,  4.,  3.,  6.,  4.,  7.,  2.,  6.,  4.,  9.,  1.]), array([  2.,   6.,   1.,  12.,   2.,   9.,   2.,   4.,   2.,   8.,   0.]), array([  4.,   5.,   2.,   7.,   1.,  11.,   3.,   9.,   4.,   1.,   0.]), array([ 2.,  1.,  4.,  1.,  3.,  8.,  4.,  9.,  3.,  2.,  1.]), array([  3.,  12.,   2.,   1.,   4.,   7.,   2.,   3.,   1.,   2.,   0.]), array([  2.,   3.,   2.,   9.,   1.,  13.,   4.,   8.,   4.,   6.,   0.])]
将numpy 数组 转化为 多维空间 point
开始 Kmeans
划定聚类中心
开始迭代
迭代中.
迭代结束
迭代次数 count=100
[2.5542248835662011, 4.844976713240186, 2.5309381237524948, 9.8483033932135733, 2.4683965402528276, 3.9966733200266136, 2.5006653359946771, 9.7288755821689961, 2.5172987358616101, 9.4640718562874255, 0.57817697937458412]
[2.5022660623833644, 9.8536390295921095, 2.498533724340176, 3.8552386030391896, 2.4988003199146895, 5.8677685950413228, 2.5137296720874431, 8.4836043721674219, 2.4729405491868834, 10.057318048520395, 0.5817115435883764]
[2.5044432828018817, 7.840041819132253, 2.4827496079456353, 8.8282801881860955, 2.5031364349189755, 3.4202822791427079, 2.5057501306847882, 3.4445896497647674, 2.4942498693152118, 5.6706743335075798, 0.65054887611082068]
[2.5074964639321076, 9.0101838755304104, 2.4930693069306931, 9.9346534653465355, 2.5202263083451202, 8.5386138613861391, 2.4800565770862799, 10.014992927864215, 2.5100424328147102, 4.2475247524752477, 0.68656294200848655]
[2.5214929214929214, 3.6223938223938226, 2.4844272844272846, 3.7858429858429861, 2.5150579150579149, 7.1019305019305019, 2.497039897039897, 8.7353925353925348, 2.4978120978120977, 4.6208494208494209, 0.70450450450450453]
[2.479935794542536, 9.8211878009630826, 2.487319422150883, 4.9075441412520062, 2.5566613162118781, 10.036276083467095, 2.5004815409309793, 3.8497592295345102, 2.5216693418940608, 5.0025682182985554, 0.54542536115569829]
[2.4956320657759505, 4.3455806783144917, 2.5118191161356629, 8.3424974306269277, 2.5095066803699897, 10.091469681397738, 2.4750770811921892, 4.6384892086330938, 2.4768756423432681, 9.6911613566289834, 0.58144912641315516]
afkmc2_with_weight
kpp
seed array
[array([ 1.,  7.,  4.,  6.,  4.,  1.,  1.,  8.,  4.,  9.,  0.]), array([  1.,  10.,   3.,  11.,   1.,   8.,   2.,   8.,   3.,   7.,   1.]), array([  4.,   7.,   1.,   3.,   1.,   6.,   4.,  13.,   4.,   8.,   0.]), array([  3.,  10.,   2.,   3.,   2.,   7.,   3.,   9.,   3.,   6.,   0.]), array([  1.,  13.,   1.,   6.,   2.,   9.,   4.,   1.,   2.,   1.,   1.]), array([  2.,   7.,   2.,  10.,   1.,  12.,   3.,   6.,   2.,   5.,   0.]), array([ 2.,  5.,  2.,  9.,  2.,  3.,  3.,  3.,  3.,  5.,  2.])]
将numpy 数组 转化为 多维空间 point
开始 Kmeans
划定聚类中心
开始迭代
迭代中..
迭代结束
迭代次数 count=5
[2.5085118066996155, 7.0947281713344319, 2.5052169137836353, 6.2465678198791874, 2.4953322350356948, 3.5313014827018123, 2.5288303130148271, 5.8929159802306428, 2.4857221306974191, 11.106534870950027, 0.55601317957166396]
[2.5548670281435579, 9.7020397624580426, 2.5300800413116447, 10.840175574490059, 2.4923831655047768, 6.6341337464497805, 2.4709527498063517, 9.7265685515104572, 2.5065840433772268, 6.6955848179705653, 0.77097856958430155]
[2.5369334079462789, 3.3416340235030777, 2.4916060436485732, 4.8477895914941245, 2.5221040850587575, 7.8522663682148854, 2.5047565752658087, 10.583659764969223, 2.5293788472299945, 6.8444320089535537, 0.56687185226636827]
[2.4557664233576642, 10.169343065693431, 2.524087591240876, 3.2452554744525548, 2.5167883211678834, 7.8724087591240872, 2.4849635036496349, 9.3357664233576649, 2.4776642335766423, 6.3214598540145985, 0.56145985401459853]
[2.5202124520507523, 10.370315727353201, 2.4762466804367071, 6.3561522573030391, 2.4951313071702566, 8.2275007376807316, 2.522868102685158, 2.9861316022425495, 2.5166715845382117, 5.0085570964886399, 0.56122750073768068]
[2.4812322029510745, 4.1742169298472689, 2.4838208646129951, 8.6230908620243341, 2.5112606782293554, 10.862542065752006, 2.4926223142635258, 4.8930882733626717, 2.5055656225731298, 7.9158684959875742, 0.56018638363965834]
[2.4996917385943278, 4.159371146732429, 2.4685573366214548, 8.4457459926017258, 2.5428483353884093, 3.6982120838471024, 2.4663995067817508, 4.8319975339087549, 2.4546855733662145, 4.3434032059186194, 0.77342786683107279]
min_dist=51.0276365882
seed array
[array([ 1.,  3.,  3.,  4.,  4.,  8.,  4.,  9.,  2.,  5.,  0.]), array([  1.,  10.,   1.,   8.,   3.,   8.,   2.,   2.,   1.,   7.,   1.]), array([  2.,   5.,   3.,   9.,   4.,  11.,   4.,   4.,   1.,   8.,   0.]), array([  3.,   2.,   1.,   3.,   3.,   7.,   1.,  10.,   3.,   8.,   0.]), array([  3.,   7.,   1.,   6.,   1.,   2.,   1.,   7.,   4.,  12.,   1.]), array([ 3.,  3.,  3.,  8.,  2.,  1.,  3.,  4.,  1.,  4.,  1.]), array([  3.,   8.,   3.,   5.,   2.,   3.,   3.,   4.,   2.,  12.,   0.])]
将numpy 数组 转化为 多维空间 point
开始 Kmeans
划定聚类中心
开始迭代
迭代中.
迭代结束
迭代次数 count=100
[2.4842052059641144, 7.1539044730856709, 2.5168056608541827, 4.3303007328784435, 2.5044225423300479, 7.9818043972706594, 2.4907758402830429, 9.9236795552185999, 2.5018953752843065, 3.3242355319686632, 0.57012888551933283]
[2.4891719745222929, 10.262101910828026, 2.4878980891719746, 9.3748407643312106, 2.5197452229299362, 9.066878980891719, 2.4888535031847132, 4.5751592356687896, 2.5070063694267515, 4.0267515923566881, 0.58184713375796182]
[2.5174418604651163, 3.8817829457364339, 2.4977851605758583, 9.6492248062015502, 2.5063676633444074, 10.539867109634551, 2.4878183831672205, 6.0310077519379846, 2.4867109634551494, 8.3590808416389812, 0.59246954595791801]
[2.5243225595821088, 4.7779954293176621, 2.4822069866144303, 3.9598432908912828, 2.5390140385243227, 6.8808357819131567, 2.5083251714005876, 10.067907280444009, 2.5102840352595495, 10.356513222331047, 0.57068233757753839]
[2.5228809152366094, 8.7922516900676033, 2.5231409256370254, 10.409776391055642, 2.4794591783671347, 4.1851274050962042, 2.4812792511700468, 9.6840873634945392, 2.4960998439937598, 8.0699427977119083, 0.65288611544461783]
[2.5124894751613809, 3.9800729722144261, 2.483861914117317, 7.3457760314341849, 2.498175694639349, 3.7294414818972776, 2.4877911872017964, 4.0047712601740111, 2.4731967443165872, 5.3864720740948639, 0.81111422958181312]
[2.5118829981718465, 9.8636719770174981, 2.4857665186732829, 4.0903630190650304, 2.5312091930007834, 7.0096630974144682, 2.5270305562810131, 4.1423348132671718, 2.5079655262470619, 9.453120919300078, 0.56489945155393051]
error_afkmc2             = 1129698.54476    during_afkmc2 = 232.57711792
error_kpp                = 1127012.99423    during_kpp = 235.469120026
error_afkmc2_with_weight = 1127836.43929    during_afkmc2_with_weight = 256.32186389

Process finished with exit code 0
