/usr/bin/python /Users/sahara/PycharmProjects/Kmeans/testKmeans.py
初始化数组
afkmc2
seed array
[array([ 3.,  8.,  1.,  3.,  2.,  6.,  1.,  5.,  2.,  4.,  0.]), array([  3.,   4.,   1.,  10.,   2.,   3.,   1.,   5.,   4.,   9.,   0.]), array([  1.,   1.,   4.,   8.,   1.,  10.,   2.,   1.,   4.,   3.,   1.]), array([  1.,  12.,   1.,   2.,   3.,   3.,   3.,   7.,   4.,  10.,   0.]), array([  2.,   3.,   1.,   8.,   3.,   9.,   2.,  11.,   3.,  13.,   0.]), array([  1.,   3.,   2.,   6.,   3.,  11.,   4.,   7.,   2.,   7.,   1.]), array([  3.,  12.,   3.,  13.,   4.,  12.,   1.,   4.,   1.,  12.,   3.])]
将numpy 数组 转化为 多维空间 point
开始 Kmeans
划定聚类中心
开始迭代
迭代中.
迭代结束
迭代次数 count=100
[2.4717257544682099, 9.5900966891297976, 2.5118663932024612, 3.9126867858189276, 2.4910635804277761, 4.6598300615294459, 2.496630530325227, 7.3483738646352181, 2.4986815118663932, 3.7313214181072372, 0.64664518019337824]
[2.5024644824586835, 6.0806030733545953, 2.4807190489997102, 9.8474920266743986, 2.5053638735865467, 3.6109017106407655, 2.489707161496086, 3.6891852710930704, 2.47521020585677, 5.7465932154247605, 0.64482458683676425]
[2.520316027088036, 3.6379796839729122, 2.510158013544018, 5.9091422121896162, 2.479683972911964, 9.1266930022573369, 2.4881489841986455, 3.9240970654627541, 2.4813769751693004, 9.4415914221218955, 0.57110609480812646]
[2.521613832853026, 10.415561959654179, 2.4844380403458213, 4.2622478386167151, 2.5481268011527378, 7.6487031700288188, 2.5250720461095102, 6.5256484149855911, 2.4798270893371757, 10.497982708933717, 0.60201729106628243]
[2.5309003729355353, 6.0785828449653705, 2.5202450719232816, 9.2269579115610014, 2.4917421417155037, 4.3319126265316994, 2.509323388385722, 10.394246137453383, 2.5167820990942995, 9.5887053809270117, 0.61374533830580713]
[2.5009549795361528, 3.7159618008185538, 2.4753069577080491, 5.4106412005457027, 2.5328785811732604, 9.2218281036834924, 2.4886766712141881, 9.8264665757162355, 2.5135061391541611, 4.5113233287858119, 0.58744884038199185]
[2.5109017496635264, 9.6298788694481825, 2.5004037685060565, 10.203768506056528, 2.5224764468371466, 10.261103633916555, 2.4748317631224763, 6.5254374158815613, 2.5125168236877524, 5.1585464333781967, 0.68209959623149397]
kpp
seed array
[array([  3.,   4.,   1.,  13.,   2.,  11.,   3.,   6.,   2.,   3.,   0.]), array([  2.,   9.,   2.,   6.,   1.,   5.,   4.,   4.,   3.,  13.,   0.]), array([  1.,  11.,   4.,   3.,   4.,   5.,   4.,   6.,   3.,   1.,   0.]), array([  1.,   8.,   1.,   9.,   1.,   5.,   2.,  13.,   4.,  12.,   0.]), array([  4.,   4.,   4.,   8.,   2.,  12.,   4.,   3.,   1.,  10.,   0.]), array([  1.,   9.,   2.,   9.,   3.,  13.,   4.,  13.,   1.,   1.,   2.]), array([  2.,  13.,   3.,   9.,   3.,   1.,   1.,   1.,   3.,   6.,   1.])]
将numpy 数组 转化为 多维空间 point
开始 Kmeans
划定聚类中心
开始迭代
迭代中.
迭代结束
迭代次数 count=100
[2.5038320559813396, 3.9890036654448515, 2.4505164945018327, 9.4248583805398205, 2.5498167277574142, 10.139286904365212, 2.4875041652782404, 9.11896034655115, 2.5004998333888704, 4.5361546151282903, 0.59413528823725426]
[2.5237943149153623, 9.9278185883104442, 2.4720536569786011, 4.6141807729160016, 2.5065474289364422, 4.3704886617694028, 2.5247524752475248, 4.6560204407537524, 2.491855637176621, 9.8460555732992656, 0.5739380389651868]
[2.5171242570053778, 3.911689782054911, 2.484574016416643, 4.085762807812058, 2.5021228417775263, 4.4675912821964339, 2.4927823379564109, 6.9422587036512882, 2.4610812340786867, 4.5468440418907443, 0.84177752618171531]
[2.5351038653694453, 6.4338679989481991, 2.5464107283723378, 9.9792269261109645, 2.4764659479358402, 4.1217459900078888, 2.4935577175913752, 9.608729950039443, 2.5166973442019458, 9.5471995792795159, 0.63423612937154883]
[2.5223225806451612, 4.7971612903225802, 2.5181935483870967, 6.5367741935483874, 2.5029677419354837, 10.181161290322581, 2.4789677419354841, 4.4258064516129032, 2.5058064516129033, 10.044129032258065, 0.5512258064516129]
[2.4490232807064491, 10.027829810008027, 2.5223441263045223, 4.1985549906341983, 2.525822852555526, 9.2582285255552588, 2.5012041744715012, 9.8051913299438045, 2.492105967353492, 5.97966283114798, 0.61332619748461337]
[2.5109414758269719, 9.5534351145038165, 2.4753180661577607, 9.996946564885496, 2.5152671755725189, 6.5656488549618324, 2.4961832061068701, 4.2814249363867685, 2.5096692111959289, 4.0860050890585242, 0.5447837150127226]
afkmc2_with_weight
kpp
seed array
[array([ 3.,  1.,  2.,  5.,  4.,  4.,  4.,  6.,  1.,  1.,  1.]), array([  3.,   4.,   2.,  11.,   3.,   6.,   3.,   1.,   4.,  10.,   0.]), array([  2.,   2.,   1.,  10.,   3.,  12.,   4.,   4.,   1.,  13.,   0.]), array([  1.,   9.,   2.,  12.,   1.,  10.,   4.,  12.,   2.,   5.,   1.]), array([  1.,  11.,   3.,   4.,   1.,   6.,   2.,  13.,   1.,   8.,   0.]), array([  3.,  10.,   4.,   5.,   4.,  10.,   4.,   7.,   3.,  13.,   1.]), array([  3.,   4.,   4.,  11.,   2.,   2.,   3.,   3.,   1.,   8.,   0.])]
将numpy 数组 转化为 多维空间 point
开始 Kmeans
划定聚类中心
开始迭代
迭代中..
迭代结束
迭代次数 count=5
[2.5225420966865832, 3.8473655621944594, 2.4942965779467681, 4.0613796849538293, 2.5103204780010864, 6.6950027159152636, 2.5190114068441063, 6.0630092341118953, 2.4883215643671917, 3.6379684953829439, 0.80336773492667024]
[2.516820580474934, 7.1909630606860162, 2.4656992084432718, 10.455474934036939, 2.5151715039577835, 9.2506596306068598, 2.4976912928759893, 2.8525725593667546, 2.4835092348284959, 6.2892480211081798, 0.53199208443271773]
[2.5268361581920904, 3.4231638418079098, 2.5203389830508476, 6.8409604519774012, 2.5101694915254238, 9.4474576271186432, 2.4694915254237286, 8.8220338983050848, 2.4985875706214689, 10.189265536723164, 0.58615819209039544]
[2.5113058224985867, 8.6164499717354435, 2.486998304126625, 9.9508196721311482, 2.5316563029960428, 8.85952515545506, 2.4847371396269078, 9.9858677218767671, 2.5279819106840025, 4.1930469191633692, 0.69587337478801581]
[2.4711621233859398, 9.4746054519368723, 2.5007173601147774, 3.9859397417503586, 2.4941176470588236, 4.3652797704447632, 2.5078909612625537, 10.207460545193687, 2.4843615494978479, 7.1469153515064558, 0.56269727403156389]
[2.4830048557554982, 9.9474435875464149, 2.5004284490145672, 3.9165952584975723, 2.5361325335618394, 8.875178520422736, 2.5181376749500144, 4.3356183947443592, 2.5124250214224508, 8.899457297914882, 0.58469008854612969]
[2.525992438563327, 6.7424385633270321, 2.5089792060491494, 9.8638941398865789, 2.4806238185255198, 2.7530718336483933, 2.477788279773157, 5.9891304347826084, 2.4865311909262759, 8.2006143667296794, 0.57159735349716445]
min_dist=56.2662305162
seed array
[array([ 1.,  4.,  1.,  3.,  1.,  7.,  1.,  5.,  2.,  2.,  0.]), array([ 3.,  1.,  3.,  7.,  2.,  7.,  4.,  8.,  2.,  9.,  1.]), array([  3.,  10.,   4.,  11.,   2.,   7.,   1.,   8.,   4.,   5.,   0.]), array([  3.,   8.,   1.,  10.,   4.,  10.,   1.,   3.,   2.,   8.,   2.]), array([  2.,   3.,   4.,   6.,   1.,  11.,   2.,   9.,   3.,  12.,   0.]), array([  1.,   9.,   2.,   8.,   2.,   9.,   2.,  12.,   4.,   3.,   1.]), array([ 2.,  4.,  3.,  5.,  3.,  7.,  1.,  3.,  3.,  3.,  1.])]
将numpy 数组 转化为 多维空间 point
开始 Kmeans
划定聚类中心
开始迭代
迭代中.
迭代结束
迭代次数 count=100
[2.4715553235908141, 9.6646659707724432, 2.5151356993736953, 4.1463987473903963, 2.4906054279749479, 4.4475469728601249, 2.5054801670146136, 10.014091858037578, 2.5083507306889352, 6.7484342379958244, 0.56993736951983298]
[2.5507246376811592, 4.4484989648033126, 2.525103519668737, 9.979037267080745, 2.4935300207039339, 4.5489130434782608, 2.4782608695652173, 6.8351449275362315, 2.4803312629399588, 10.019151138716357, 0.56107660455486541]
[2.5201149425287355, 9.672733077905491, 2.4846743295019156, 9.883141762452107, 2.5089399744572156, 3.892081736909323, 2.5114942528735633, 4.726053639846743, 2.4779693486590038, 4.6069604086845466, 0.55395913154533849]
[2.5034820737683776, 9.9172040237296883, 2.5073510446221303, 6.0443641991230335, 2.5279855558421458, 9.699767861748775, 2.5210214083053906, 3.8034562806293524, 2.5104462213051328, 9.0389476399277786, 0.58447253030693835]
[2.5096666666666665, 4.1413333333333338, 2.5076666666666667, 4.333333333333333, 2.5600000000000001, 9.788333333333334, 2.4723333333333333, 9.3556666666666661, 2.4816666666666665, 9.7396666666666665, 0.57799999999999996]
[2.5027726432532349, 6.9490361763929229, 2.4731977818853976, 9.9788750990229733, 2.5172960126749406, 10.025349881172431, 2.457882228677053, 9.3488249273831521, 2.5188803802482176, 4.3308687615526802, 0.66781093213625564]
[2.5045480386583288, 3.7643547470153496, 2.4675952245594086, 4.4909039226833425, 2.4815235929505399, 6.7302444570778848, 2.5244457077885163, 4.498862990335418, 2.4968732234223991, 4.113416714042069, 0.82973280272882322]
error_afkmc2             = 1127352.74957    during_afkmc2 = 236.450269938
error_kpp                = 1130451.13314    during_kpp = 241.504849195
error_afkmc2_with_weight = 1125807.1592    during_afkmc2_with_weight = 256.645833969

Process finished with exit code 0
