/usr/bin/python /Users/sahara/PycharmProjects/Kmeans/testKmeans.py
初始化数组
afkmc2
seed array
[array([  4.,   6.,   1.,   8.,   1.,  11.,   1.,   2.,   4.,   9.,   0.]), array([ 3.,  5.,  1.,  2.,  3.,  9.,  1.,  4.,  1.,  3.,  0.]), array([  4.,  11.,   3.,  10.,   3.,  12.,   2.,   8.,   2.,  13.,   0.]), array([  3.,  10.,   2.,  13.,   4.,   5.,   3.,  13.,   1.,   1.,   1.]), array([  1.,  12.,   2.,   9.,   4.,   5.,   4.,  11.,   1.,   8.,   0.]), array([  2.,   9.,   2.,  13.,   4.,   7.,   1.,   7.,   1.,  10.,   1.]), array([  2.,  10.,   1.,   1.,   1.,  12.,   1.,   5.,   1.,   4.,   0.])]
将numpy 数组 转化为 多维空间 point
开始 Kmeans
划定聚类中心
开始迭代
迭代中.
迭代结束
迭代次数 count=100
[2.5034168564920272, 4.4871461112918976, 2.4692482915717542, 10.395053693459161, 2.4991864627399933, 10.028636511552229, 2.4851936218678814, 4.193947282785552, 2.5122030589000977, 6.1356980149690852, 0.51025056947608205]
[2.5287840494243192, 3.7643920247121594, 2.4880651502386968, 4.3367031732659367, 2.5077225498455489, 5.6644201067115976, 2.5158663296826735, 7.1727042965459145, 2.4821679303566415, 3.6043246279135075, 0.81718618365627638]
[2.5270798436627584, 4.250418760469012, 2.5053042992741483, 5.8076493579006145, 2.532104969290899, 9.4600781686208819, 2.4773869346733668, 9.5360134003350083, 2.4854829704075936, 10.23785594639866, 0.62758235622557235]
[2.5283651366683859, 8.8700361010830324, 2.5085095410005156, 10.520371325425478, 2.5121196493037647, 6.6552346570397116, 2.4718927282104177, 9.9378545642083544, 2.5154718927282103, 4.5482207323362562, 0.66529138731304793]
[2.4923906150919466, 10.135066582117945, 2.4952441344324665, 3.9194673430564362, 2.5, 4.362079898541535, 2.5149017121116044, 9.5681674064679765, 2.4955611921369689, 8.2108433734939759, 0.57831325301204817]
[2.5005022601707685, 6.9640883977900554, 2.4997488699146158, 9.0436966348568557, 2.4736313410346558, 3.5065293822199899, 2.4952285283776998, 4.2943244600703165, 2.4839276745354093, 9.5904068307383223, 0.57684580612757408]
[2.479100529100529, 10.168518518518519, 2.5116402116402115, 4.7785714285714285, 2.5460317460317459, 9.7933862433862426, 2.5129629629629631, 4.0280423280423276, 2.5076719576719575, 6.3629629629629632, 0.55767195767195765]
kpp
seed array
[array([  1.,   2.,   2.,  10.,   1.,  12.,   1.,   7.,   3.,  10.,   1.]), array([  1.,   5.,   2.,   6.,   1.,   1.,   4.,  13.,   1.,   6.,   1.]), array([  1.,  10.,   4.,   8.,   2.,   7.,   4.,   9.,   2.,   4.,   0.]), array([ 3.,  5.,  4.,  4.,  4.,  1.,  1.,  3.,  4.,  9.,  0.]), array([ 2.,  8.,  4.,  8.,  3.,  9.,  4.,  7.,  4.,  5.,  1.]), array([  1.,  12.,   1.,   7.,   1.,   3.,   4.,   5.,   3.,   9.,   0.]), array([  1.,   7.,   1.,   1.,   3.,   1.,   2.,   4.,   2.,  13.,   1.])]
将numpy 数组 转化为 多维空间 point
开始 Kmeans
划定聚类中心
开始迭代
迭代中.
迭代结束
迭代次数 count=100
[2.521764364480557, 4.2556587347649453, 2.4828786999419616, 10.233604178757981, 2.5168311085316311, 10.443412652350551, 2.485780615206036, 6.025827045850261, 2.4947765525246663, 8.4669181659895525, 0.62159024956471276]
[2.5261184034288777, 3.7372086793463701, 2.5060273238682025, 3.7827484596839005, 2.5395124564693274, 8.9263327082775241, 2.4974551299223147, 9.6330029466916685, 2.5116528261451916, 6.6330029466916685, 0.56817572997589072]
[2.4749526130517197, 9.3782832385594368, 2.519902518277823, 7.5648524235039263, 2.4776604386677499, 5.7221770917952881, 2.4776604386677499, 10.50365556458164, 2.5063633901976714, 3.5997833739507175, 0.58678581099377203]
[2.5167087896658242, 4.3928671721426564, 2.4678461106430776, 6.4349901713001962, 2.4900308901993822, 3.7205841055883178, 2.4900308901993822, 3.7980904240381914, 2.4720584105588319, 5.2518955349620891, 0.83740522325189548]
[2.4829952267303104, 10.039379474940334, 2.4874701670644392, 7.7514916467780433, 2.4946300715990453, 9.4325775656324584, 2.482398568019093, 3.8093675417661097, 2.5002983293556085, 4.1742243436754176, 0.527744630071599]
[2.5302768166089966, 7.3131487889273359, 2.529988465974625, 10.133794694348328, 2.4965397923875434, 3.7347174163783161, 2.5135524798154556, 8.3927335640138416, 2.5207612456747404, 10.147347174163784, 0.61361014994232987]
[2.5083843492147992, 9.859994676603673, 2.4889539526217725, 3.7423476177801436, 2.5528347085440513, 7.2299707213202025, 2.5230236891136544, 6.0463135480436518, 2.4761778014373168, 10.386212403513442, 0.59249401117913225]
afkmc2_with_weight
kpp
seed array
[array([  4.,   3.,   4.,  11.,   3.,   7.,   4.,   4.,   3.,  11.,   1.]), array([  4.,   5.,   4.,   3.,   1.,  12.,   2.,  12.,   1.,   3.,   2.]), array([  1.,   5.,   3.,   3.,   2.,   6.,   4.,   8.,   3.,  12.,   0.]), array([  4.,  11.,   1.,   9.,   1.,   1.,   3.,   7.,   4.,  13.,   0.]), array([  4.,   7.,   2.,  12.,   1.,   1.,   3.,  12.,   1.,   2.,   1.]), array([  3.,  10.,   1.,   2.,   1.,   6.,   3.,   9.,   1.,   7.,   0.]), array([  3.,   7.,   4.,   7.,   4.,  10.,   3.,  12.,   2.,  13.,   1.])]
将numpy 数组 转化为 多维空间 point
开始 Kmeans
划定聚类中心
开始迭代
迭代中..
迭代结束
迭代次数 count=5
[2.5197179420214155, 5.0553669365369549, 2.4708801253591015, 10.059545573256726, 2.5084878558370334, 9.0603290676416819, 2.5090101854270044, 3.2958997127187257, 2.479759728388613, 6.8419952990336901, 0.54870723426482115]
[2.5064599483204133, 4.3094315245478034, 2.4751291989664082, 4.9554263565891477, 2.5339147286821704, 10.026162790697674, 2.5061369509043927, 9.003229974160206, 2.5083979328165373, 3.6828165374677004, 0.59883720930232553]
[2.5119617224880382, 4.1065922381711859, 2.5127591706539074, 3.6772993088782564, 2.5037214247740565, 5.2618288144603937, 2.4912280701754388, 6.5470494417862835, 2.4928229665071768, 9.8024986709197233, 0.6400850611376927]
[2.502749919120026, 9.8650922031704944, 2.477191847298609, 8.9896473633128444, 2.4904561630540276, 3.625040439987059, 2.5218375930119703, 5.6703332254933683, 2.502749919120026, 10.071821417017146, 0.55548366224522805]
[2.5486277644551025, 6.8134825472954965, 2.5211830535571544, 9.6679989341859844, 2.5035971223021583, 3.9227284838795629, 2.4513722355448975, 9.2709832134292558, 2.5027977617905677, 3.8824940047961629, 0.56807887023714365]
[2.4727950310559006, 10.599751552795031, 2.5031055900621118, 3.856645962732919, 2.5045962732919254, 7.2730434782608695, 2.5160248447204969, 5.3165217391304349, 2.5098136645962734, 4.9391304347826086, 0.59478260869565214]
[2.4991314418066009, 8.1282570932252458, 2.5179502026635783, 8.146207295888825, 2.5295309785755644, 10.044875506658947, 2.4791546033584249, 10.071511291256515, 2.4863925883034161, 9.8662420382165603, 0.8480023161551824]
min_dist=61.1428913642
seed array
[array([  2.,   6.,   1.,  12.,   1.,  10.,   2.,   2.,   2.,   7.,   0.]), array([  2.,  10.,   3.,   6.,   2.,   6.,   3.,   5.,   3.,   8.,   1.]), array([  1.,   4.,   3.,   5.,   1.,   9.,   2.,  11.,   1.,   1.,   0.]), array([  2.,   3.,   2.,   5.,   3.,   5.,   2.,   9.,   1.,  10.,   1.]), array([  2.,   6.,   3.,  11.,   2.,   3.,   4.,  10.,   4.,   2.,   0.]), array([  3.,  13.,   1.,   3.,   3.,   6.,   2.,   5.,   4.,   4.,   0.]), array([  3.,  10.,   3.,   8.,   1.,   3.,   2.,  10.,   3.,   3.,   2.])]
将numpy 数组 转化为 多维空间 point
开始 Kmeans
划定聚类中心
开始迭代
迭代中.
迭代结束
迭代次数 count=100
[2.514976353126642, 5.9732002101944301, 2.5, 9.837624802942722, 2.5052548607461902, 10.847346295323174, 2.465055176037835, 4.8305307409353651, 2.5036784025223331, 8.665265370467683, 0.63163426169206516]
[2.5258645327236353, 10.356673335238639, 2.5007144898542442, 4.1480422977993712, 2.5372963703915405, 7.5598742497856533, 2.5212917976564735, 7.9051157473563878, 2.4915690197199201, 10.375250071448985, 0.61331809088310951]
[2.5137589433131535, 3.8120528343423223, 2.4790864061640066, 5.6813428728673641, 2.5335718216840948, 9.0487066593285643, 2.4873417721518987, 9.7859108420473309, 2.5044028618602092, 4.0264171711612544, 0.58750687947165658]
[2.5334651228466534, 3.5744140073425585, 2.5026828579497318, 5.3840722959615928, 2.4752894662524709, 4.5540807681445923, 2.4967523298503247, 7.763908500423609, 2.4877153346512286, 10.152781700084722, 0.60293702343970634]
[2.5016267376515824, 6.6589766341319132, 2.4815143448683821, 10.066252587991718, 2.5217391304347827, 3.6010056196391602, 2.5057675244010649, 3.5714285714285716, 2.4744158532978409, 6.2963620230700972, 0.59775214433599522]
[2.4620199146514934, 9.136273115220483, 2.4910384068278804, 3.9669985775248935, 2.5157894736842104, 7.678520625889047, 2.5160739687055478, 4.1456614509246092, 2.5009957325746801, 3.7914651493598863, 0.65120910384068276]
[2.5085305448541551, 9.5875068794716558, 2.52779306549257, 9.8458998348926805, 2.4840396257567421, 5.3695652173913047, 2.4829389102916894, 10.425151348376446, 2.5162355531095213, 5.4091909741331863, 0.66180517336268574]
error_afkmc2             = 1127302.87375    during_afkmc2 = 241.374455929
error_kpp                = 1127956.62554    during_kpp = 244.685152054
error_afkmc2_with_weight = 1128807.76184    during_afkmc2_with_weight = 260.930034161

Process finished with exit code 0
