/usr/bin/python /Users/sahara/PycharmProjects/Kmeans/testKmeans.py
初始化数组
afkmc2
seed array
[array([  1.,   5.,   1.,   9.,   2.,  10.,   3.,   5.,   4.,   8.,   1.]), array([ 4.,  5.,  2.,  4.,  1.,  5.,  1.,  8.,  3.,  7.,  1.]), array([  2.,   1.,   1.,   2.,   3.,   5.,   2.,  10.,   4.,   1.,   1.]), array([ 2.,  6.,  3.,  1.,  2.,  1.,  3.,  2.,  2.,  8.,  1.]), array([ 3.,  4.,  3.,  9.,  2.,  7.,  4.,  4.,  1.,  9.,  2.]), array([  1.,  11.,   2.,  11.,   4.,   9.,   3.,  13.,   2.,   4.,   1.]), array([  2.,  10.,   3.,   9.,   4.,   1.,   4.,   4.,   2.,   1.,   1.])]
将numpy 数组 转化为 多维空间 point
开始 Kmeans
划定聚类中心
开始迭代
迭代中.
迭代结束
迭代次数 count=100
[2.5138666666666665, 5.4693333333333332, 2.5138666666666665, 9.1752000000000002, 2.5135999999999998, 10.617599999999999, 2.4685333333333332, 4.6330666666666671, 2.4946666666666668, 9.4258666666666659, 0.60399999999999998]
[2.4979319121858099, 7.2558065542475338, 2.4724785237034679, 3.604836143811645, 2.5447025135221129, 7.9048679605472483, 2.4947502386255169, 10.368437798281896, 2.4883868915049314, 10.2663060769965, 0.5965637925548839]
[2.5048416644857365, 3.3805286574195237, 2.4896623920439676, 4.6707668149699035, 2.5024862601413242, 7.6325569222716565, 2.4925412195760273, 7.8374771002355406, 2.4862601413242609, 3.6686731222193143, 0.71630463229521069]
[2.4987133299022131, 9.3888317035512099, 2.4786412763767371, 3.6780751415337107, 2.5154400411734432, 5.7928461142563048, 2.5151827071538859, 3.6700977869274318, 2.5131240349974266, 7.9727225939269175, 0.61271230056613479]
[2.5509475418840979, 5.776709695138698, 2.5460038450975007, 9.8981049162318051, 2.4696511947267235, 3.6267508926119199, 2.5031584729469927, 8.8080197747871463, 2.5081021697335895, 9.5828069211755018, 0.57758857456742652]
[2.492269464384318, 10.205135284373274, 2.5071783545002759, 8.1228602981778018, 2.5052457205963554, 8.3213694091662074, 2.4955825510767533, 9.932357813362783, 2.503865267807841, 3.9295969077857538, 0.65295416896742131]
[2.5007944073721005, 7.7019383539879254, 2.4702891642834444, 10.196377502383221, 2.5274864950746743, 5.0025421035907209, 2.5020654591674609, 3.6272640610104863, 2.4833174451858913, 3.9402605656180487, 0.57483317445185889]
kpp
seed array
[array([  3.,   2.,   4.,  13.,   1.,   3.,   4.,  10.,   1.,   1.,   0.]), array([ 2.,  3.,  4.,  9.,  3.,  6.,  4.,  1.,  4.,  7.,  0.]), array([  2.,   5.,   4.,  13.,   1.,   3.,   4.,   8.,   3.,   9.,   0.]), array([  1.,  13.,   2.,   1.,   1.,  10.,   3.,   9.,   3.,   2.,   0.]), array([  1.,  10.,   4.,   5.,   2.,  13.,   3.,   5.,   1.,   5.,   3.]), array([  4.,   2.,   3.,   7.,   1.,   8.,   4.,  13.,   1.,   4.,   0.]), array([  3.,  11.,   4.,  12.,   1.,   9.,   1.,   8.,   1.,   1.,   0.])]
将numpy 数组 转化为 多维空间 point
开始 Kmeans
划定聚类中心
开始迭代
迭代中.
迭代结束
迭代次数 count=100
[2.5559531554977228, 4.6050748210800263, 2.4873129472999351, 9.8780091086532202, 2.5195185426154847, 5.5709173715029277, 2.4655172413793105, 9.9609629147690306, 2.4915419648666233, 3.7931034482758621, 0.54489264801561488]
[2.5115109817412016, 3.8692775866631384, 2.4961630060862663, 6.5215665519978829, 2.4802857898915058, 4.1854988092087853, 2.4972214871659171, 3.5609949722148717, 2.4779042074622915, 7.6313839640116434, 0.76819264355649641]
[2.5244602350368952, 9.2366766876195676, 2.522273845312927, 9.3968297349002459, 2.4812790379885215, 4.6061765509702104, 2.4927575840393552, 8.7840940147581303, 2.5042361300901885, 10.396556436184749, 0.71057666028969668]
[2.4644882527680259, 9.7407507426411026, 2.528490413178504, 3.8209559816365108, 2.4887928706454225, 5.6416419119632728, 2.482581690521199, 8.8015122873345941, 2.4896030245746692, 4.0467188765865512, 0.5779098028625439]
[2.494267933180478, 9.4588928922371434, 2.4913200131018671, 3.8919095971175892, 2.5479855879462825, 9.2017687520471672, 2.5460203078938748, 4.0425810678021614, 2.5099901735997379, 9.5273501473960032, 0.55944972158532591]
[2.5297927461139897, 3.7375647668393781, 2.4841968911917101, 5.3492227979274611, 2.5391191709844558, 10.16839378238342, 2.4779792746113989, 9.2896373056994825, 2.5126943005181346, 8.5227979274611396, 0.5893782383419689]
[2.4866048428645029, 8.5010303967027312, 2.4734672849046881, 10.137300360638847, 2.521380731581659, 9.6326635754765579, 2.512879958784132, 4.2815558990211233, 2.496393611540443, 4.7985574446161774, 0.57547655847501289]
afkmc2_with_weight
kpp
seed array
[array([ 1.,  1.,  1.,  2.,  4.,  3.,  3.,  5.,  4.,  6.,  0.]), array([  1.,   9.,   3.,  13.,   3.,   9.,   3.,   5.,   2.,   4.,   1.]), array([  2.,   6.,   2.,   8.,   3.,   9.,   4.,  13.,   2.,   7.,   0.]), array([  1.,   3.,   3.,   8.,   4.,   7.,   2.,  13.,   2.,  12.,   0.]), array([  2.,   4.,   2.,   3.,   1.,  10.,   1.,   2.,   2.,   5.,   0.]), array([  2.,  13.,   4.,   1.,   1.,   1.,   3.,   5.,   1.,   4.,   1.]), array([ 3.,  3.,  1.,  5.,  1.,  2.,  2.,  6.,  2.,  3.,  1.])]
将numpy 数组 转化为 多维空间 point
开始 Kmeans
划定聚类中心
开始迭代
迭代中..
迭代结束
迭代次数 count=5
[2.5175730669626342, 4.2959674435812056, 2.5112837587865333, 4.5904550499445058, 2.4879763226045135, 4.0891601923788388, 2.4739178690344064, 4.6995930447650762, 2.4776174620791713, 9.9489456159822414, 0.65556788753237139]
[2.5031553398058253, 9.4228155339805824, 2.4788834951456309, 10.79878640776699, 2.4995145631067963, 8.0536407766990283, 2.5242718446601944, 4.0800970873786406, 2.5046116504854368, 6.6781553398058255, 0.57839805825242718]
[2.4650912996777659, 7.7690655209452206, 2.4836197636949517, 6.0649838882921587, 2.54484425349087, 10.22422126745435, 2.4876476906552094, 10.927765843179378, 2.4911385606874328, 5.2373791621911927, 0.63936627282491942]
[2.5452188940092166, 5.1987327188940089, 2.5354262672811059, 9.5489631336405534, 2.4948156682027651, 6.5475230414746548, 2.4971198156682028, 9.7908986175115214, 2.5216013824884791, 10.680587557603687, 0.657258064516129]
[2.4979669287069668, 5.7698563296286256, 2.4898346435348331, 4.322851721333695, 2.5242613174301978, 10.795608566007047, 2.5090810517755489, 4.0761724044456491, 2.5150447275684469, 6.9368392518297641, 0.55814583898075354]
[2.4919503826867246, 10.955661124307206, 2.5138558986539983, 4.4571126946423858, 2.4885193982581155, 4.0733702823964109, 2.5003958828186859, 7.2784375824755871, 2.491686460807601, 6.8899445764053837, 0.58880971232515178]
[2.5482493595217761, 4.1955593509820668, 2.4779390834044976, 8.5257614574437799, 2.5271847423854257, 4.3048676345004271, 2.4685454027896383, 7.632792485055508, 2.4739538855678909, 3.2590378593794478, 0.69086251067463711]
min_dist=56.696137193
seed array
[array([ 2.,  6.,  3.,  4.,  1.,  4.,  3.,  2.,  3.,  9.,  1.]), array([  3.,  12.,   3.,   4.,   1.,   3.,   3.,   7.,   2.,   9.,   0.]), array([  1.,   8.,   3.,  12.,   3.,  10.,   1.,   5.,   2.,   5.,   1.]), array([ 1.,  3.,  4.,  7.,  1.,  5.,  4.,  8.,  1.,  4.,  0.]), array([  3.,   9.,   1.,  11.,   2.,   7.,   3.,   1.,   4.,   6.,   0.]), array([  3.,   6.,   3.,   4.,   1.,  11.,   1.,  12.,   3.,   7.,   0.]), array([  2.,   8.,   1.,   8.,   3.,  12.,   4.,  10.,   3.,   5.,   1.])]
将numpy 数组 转化为 多维空间 point
开始 Kmeans
划定聚类中心
开始迭代
迭代中.
迭代结束
迭代次数 count=100
[2.4930268595041323, 5.8063016528925617, 2.4847623966942147, 3.1818181818181817, 2.4886363636363638, 6.5547520661157028, 2.5118801652892562, 3.3592458677685952, 2.4958677685950414, 6.4757231404958677, 0.78305785123966942]
[2.4880920524484882, 10.097939523682099, 2.5073588439925074, 5.0401391490500398, 2.497190259566497, 4.9031308536259033, 2.5164570511105167, 9.5046829007225053, 2.4824725715814826, 9.6066363393096061, 0.64971902595664976]
[2.5112963959117804, 5.6906939214631524, 2.5059171597633134, 9.8450779989241521, 2.5069930069930071, 9.9362560516406671, 2.4932759548144166, 4.3762775685852606, 2.4895104895104896, 9.5123722431414741, 0.63636363636363635]
[2.5664998683170923, 4.0086910718988671, 2.4982881222017381, 9.6639452199104561, 2.4867000263365817, 4.1524888069528574, 2.4622070055306819, 9.3352646826441923, 2.4906505135633394, 5.9697129312615225, 0.57966815907295233]
[2.5143594707970314, 9.7053888351080992, 2.4811229428848014, 9.6185866408518876, 2.5243626976444014, 3.7657308809293322, 2.510487253952888, 3.8192965472733138, 2.4991932881574703, 5.9228783478541462, 0.51242336237495967]
[2.5213433772755804, 3.8010043942247331, 2.5034526051475203, 4.2718141870684248, 2.5508474576271185, 9.8135593220338979, 2.4912115505335843, 10.007532956685498, 2.5043942247332076, 7.4281230382925294, 0.54048964218455742]
[2.4676478755901137, 10.0435990002777, 2.5018050541516246, 7.6517633990558176, 2.5270758122743682, 10.018050541516246, 2.487364620938628, 8.2388225492918625, 2.5215217995001389, 3.6403776728686474, 0.61038600388780895]
error_afkmc2             = 1130426.48537    during_afkmc2 = 240.997655153
error_kpp                = 1128265.78947    during_kpp = 238.514315128
error_afkmc2_with_weight = 1129907.01641    during_afkmc2_with_weight = 254.933837891

Process finished with exit code 0
