/usr/bin/python /Users/sahara/PycharmProjects/Kmeans/testKmeans.py
初始化数组
afkmc2
seed array
[array([  3.,   4.,   1.,  10.,   2.,   5.,   4.,   7.,   1.,   1.,   0.]), array([  3.,   8.,   2.,   9.,   2.,   5.,   2.,   1.,   2.,  11.,   0.]), array([  3.,   5.,   1.,  13.,   4.,   6.,   2.,  13.,   1.,   2.,   1.]), array([  4.,   1.,   4.,   7.,   1.,  13.,   1.,   5.,   2.,  13.,   1.]), array([  2.,  13.,   1.,   9.,   3.,   4.,   2.,  10.,   4.,   7.,   0.]), array([  2.,   8.,   4.,   1.,   4.,  11.,   4.,   3.,   4.,   8.,   1.]), array([  1.,  12.,   1.,   2.,   3.,   1.,   1.,   1.,   2.,  12.,   2.])]
将numpy 数组 转化为 多维空间 point
开始 Kmeans
划定聚类中心
开始迭代
迭代中.
迭代结束
迭代次数 count=100
[2.5145995952587454, 4.1269152934374098, 2.4790401850245738, 4.450708297195721, 2.4796183868169992, 5.7444348077479042, 2.5221162185602775, 4.5666377565770455, 2.4877132119109571, 3.9543220583983811, 0.87077189939288813]
[2.527221366204417, 4.7516692347200822, 2.5112994350282487, 10.439907550077042, 2.4897277863379559, 4.4155110426296869, 2.4881869542886492, 6.5873138161273754, 2.4982023626091423, 9.6348228043143305, 0.55290190035952747]
[2.4991499489969398, 4.041142468548113, 2.4549472968378101, 9.6096565793947644, 2.5572934376062562, 9.8524311458687528, 2.468548112886773, 9.3349200952057121, 2.5073104386263174, 4.4403264195851753, 0.60013600816048962]
[2.513113477018956, 5.5821864450792003, 2.5120747857699297, 3.9968839262529214, 2.5544014541677487, 9.9117112438327712, 2.4957153985977669, 8.7081277590236308, 2.5042846014022331, 9.9156063360166193, 0.57777200727083877]
[2.4769906928645296, 10.045501551189245, 2.533867631851086, 7.0863495346432268, 2.4705274043433301, 5.0925542916235784, 2.488107549120993, 10.263702171664944, 2.5069803516028957, 4.3425542916235784, 0.59591520165460188]
[2.5057351407716371, 9.9898331595411882, 2.5049530761209593, 8.893639207507821, 2.5099061522419186, 9.9348279457768509, 2.4887904066736182, 3.8832116788321169, 2.4924400417101147, 6.1266944734098017, 0.58706986444212717]
[2.5257829800695983, 10.001265422334704, 2.4707371085099652, 4.4913002214489088, 2.5204049351471052, 4.2410629547611514, 2.5207212907307812, 5.2511863334387856, 2.4830749762733313, 9.9332489718443533, 0.5767162290414426]
kpp
seed array
[array([  2.,   1.,   3.,  12.,   3.,   9.,   2.,  13.,   2.,   6.,   0.]), array([  3.,   4.,   2.,   3.,   3.,  13.,   3.,   8.,   2.,   2.,   0.]), array([  3.,   4.,   3.,   6.,   3.,  13.,   1.,   9.,   1.,   2.,   0.]), array([  2.,  12.,   4.,  13.,   4.,   1.,   2.,  10.,   3.,   8.,   0.]), array([  4.,   7.,   3.,  12.,   2.,   7.,   1.,  13.,   4.,  10.,   1.]), array([  1.,   6.,   3.,   9.,   3.,   1.,   4.,   3.,   4.,  12.,   0.]), array([  4.,  10.,   1.,   1.,   4.,   4.,   1.,   8.,   3.,  12.,   0.])]
将numpy 数组 转化为 多维空间 point
开始 Kmeans
划定聚类中心
开始迭代
迭代中.
迭代结束
迭代次数 count=100
[2.5152743984860773, 4.022438496891052, 2.4771559881048932, 6.226818058934847, 2.5352798053527978, 8.6953230602865634, 2.5031089483644227, 10.065423087320898, 2.5001351716680182, 3.8183292781832927, 0.58069748580697489]
[2.4975483126622442, 4.1295067781944041, 2.4912027689645226, 4.4381309489472169, 2.5085087972310354, 9.6429189501009525, 2.4969714450533602, 3.9454860109604848, 2.5036054225555233, 8.3833285261032593, 0.59878857802134411]
[2.497484776277469, 9.9565792957373578, 2.5017209425469948, 9.6057717765422286, 2.5033095048980671, 10.266348954196452, 2.4829229547259728, 4.8109610802223983, 2.5046333068572944, 6.1125231665342863, 0.64442679375165479]
[2.4850555081127244, 10.166239681184173, 2.4990037005408481, 5.3763165385710217, 2.4893253629376599, 4.4395103899800743, 2.4910333048676345, 7.4503273555365785, 2.4898946769143184, 3.4400797039567323, 0.60176487332764017]
[2.5411663807890221, 5.9476843910806174, 2.5283018867924527, 10.364208118925101, 2.4885648942252714, 5.8381932532875931, 2.4811320754716979, 10.282732990280159, 2.5217267009719841, 9.6552315608919379, 0.6889651229273871]
[2.5068994649394538, 5.3320191495353422, 2.5023936919177698, 9.3162489439594474, 2.5108420163334273, 3.5474514221346101, 2.4992959729653617, 3.4942269783159672, 2.478175161926218, 7.1450295691354544, 0.65333708814418479]
[2.5184022824536378, 9.328388017118403, 2.485021398002853, 3.5666191155492153, 2.5349500713266764, 6.4014265335235381, 2.5175463623395151, 8.5589158345221108, 2.4827389443651926, 10.451069900142654, 0.58002853067047078]
afkmc2_with_weight
kpp
seed array
[array([  4.,   4.,   1.,   5.,   2.,   3.,   1.,  11.,   4.,  13.,   0.]), array([  2.,   4.,   2.,  13.,   1.,   2.,   1.,   1.,   3.,   6.,   0.]), array([  2.,   3.,   2.,   7.,   3.,   9.,   4.,  13.,   4.,   5.,   0.]), array([  4.,   1.,   2.,   7.,   4.,  10.,   4.,   4.,   2.,  11.,   0.]), array([  3.,  11.,   1.,   8.,   2.,   6.,   3.,   2.,   4.,   5.,   0.]), array([ 4.,  6.,  1.,  1.,  2.,  8.,  4.,  9.,  2.,  5.,  0.]), array([  4.,   7.,   4.,  10.,   4.,  11.,   1.,  11.,   1.,  12.,   1.])]
将numpy 数组 转化为 多维空间 point
开始 Kmeans
划定聚类中心
开始迭代
迭代中..
迭代结束
迭代次数 count=5
[2.5054622968292035, 6.728483879563016, 2.5070610178523847, 5.3122835065281109, 2.4884092725819347, 3.5134559019451106, 2.5329070077271516, 9.2571276312283501, 2.5094590993871568, 10.247268851585398, 0.55688782307487339]
[2.5124069478908186, 4.4066377171215878, 2.4937965260545907, 9.7372828784119108, 2.5009305210918114, 3.7735732009925558, 2.4838709677419355, 4.1324441687344917, 2.4816997518610422, 6.2704714640198516, 0.68145161290322576]
[2.5429553264604809, 4.898625429553265, 2.4544673539518902, 9.4404352806414664, 2.5323596792668956, 7.9315578465063004, 2.4788087056128294, 10.185567010309278, 2.5177548682703321, 3.7958190148911797, 0.56615120274914088]
[2.4981559536354059, 4.3248155953635408, 2.494204425711275, 5.6053740779768173, 2.505268703898841, 10.07218124341412, 2.4934141201264488, 4.0345100105374074, 2.4973656480505797, 9.1978398314014758, 0.5426765015806112]
[2.5319039008008266, 10.993800051666236, 2.4693877551020407, 7.8912425729785589, 2.507620769826918, 6.4368380263497809, 2.5171790235081373, 3.6435029708085764, 2.4980625161456986, 5.5047791268406101, 0.54507879101007495]
[2.4646703441029683, 7.9837142106645649, 2.5263987391646965, 2.7993170475439979, 2.5295508274231677, 7.8739164696611503, 2.4875229839768846, 8.4741266088783824, 2.489624376149199, 4.0732860520094567, 0.61229314420803782]
[2.5086403651776981, 9.461362895337464, 2.5441799804369092, 9.3403977828496902, 2.5070101075970004, 9.5363547440495591, 2.469514183240952, 9.2331268340397781, 2.484186501467232, 9.9373981089012062, 0.90316269970655361]
min_dist=54.737895603
seed array
[array([  4.,   6.,   1.,   5.,   1.,   4.,   1.,  10.,   2.,  12.,   0.]), array([ 3.,  2.,  1.,  6.,  2.,  9.,  1.,  3.,  1.,  8.,  0.]), array([  2.,   5.,   2.,  10.,   2.,   3.,   3.,   2.,   1.,   8.,   0.]), array([  4.,   4.,   2.,   9.,   3.,   6.,   4.,  11.,   1.,   4.,   1.]), array([  1.,   3.,   2.,   5.,   1.,  12.,   4.,   5.,   1.,   8.,   1.]), array([  3.,  10.,   2.,  11.,   2.,   9.,   3.,   9.,   1.,  10.,   2.]), array([  4.,   6.,   2.,   6.,   4.,   4.,   4.,  12.,   3.,   9.,   1.])]
将numpy 数组 转化为 多维空间 point
开始 Kmeans
划定聚类中心
开始迭代
迭代中.
迭代结束
迭代次数 count=100
[2.5361125862984597, 3.8696229421136485, 2.5116834838024431, 6.4341476367498673, 2.4986723313860861, 4.2971322357939457, 2.4880509824747743, 7.7817312798725435, 2.5002655337227826, 10.480350504514073, 0.57434944237918217]
[2.4939219449776071, 4.1394753678822775, 2.489443378119002, 9.933781190019193, 2.5140754958413307, 10.18809980806142, 2.4849648112603968, 4.3023032629558537, 2.4936020473448495, 8.2149712092130525, 0.52655150351887392]
[2.5318322981366461, 8.012939958592133, 2.4751552795031055, 9.5559006211180133, 2.5188923395445135, 3.6032608695652173, 2.4839544513457557, 4.2300724637681162, 2.4893892339544514, 4.8146997929606625, 0.61620082815734989]
[2.5118884941240776, 3.7245148947799946, 2.476906258540585, 4.7698824815523366, 2.5159879748565182, 8.7031975949713036, 2.4938507789013391, 8.9191035802131733, 2.492210986608363, 3.8190762503416233, 0.65755670948346545]
[2.4848167539267014, 9.5528795811518332, 2.5047120418848166, 4.1531413612565444, 2.5311518324607332, 9.4589005235602102, 2.5366492146596857, 3.8526178010471206, 2.5018324607329845, 7.9455497382198956, 0.55654450261780108]
[2.5319977740678907, 9.3981636060100175, 2.5036171396772398, 10.444073455759598, 2.4938786867000555, 8.7239844184752364, 2.4771841958820255, 10.031719532554257, 2.5089037284362825, 6.9357262103505839, 0.84168057874234836]
[2.4618044640050298, 10.241747878025778, 2.5256208739390127, 3.886513674944986, 2.4963847846589124, 4.4445143036780888, 2.5051870480980822, 9.7846589122917322, 2.4944985853505188, 6.6431939641622133, 0.56208739390128892]
error_afkmc2             = 1128856.79385    during_afkmc2 = 285.250564098
error_kpp                = 1128289.07698    during_kpp = 293.523725033
error_afkmc2_with_weight = 1127599.3129    during_afkmc2_with_weight = 312.482432842

Process finished with exit code 0
