/usr/bin/python /Users/sahara/PycharmProjects/Kmeans/testKmeans.py
初始化数组
afkmc2
seed array
[array([  2.,   8.,   1.,   7.,   4.,  12.,   3.,   9.,   2.,   9.,   1.]), array([  1.,  12.,   1.,   6.,   2.,   2.,   4.,  13.,   2.,   1.,   0.]), array([  4.,  11.,   3.,   9.,   1.,   7.,   2.,   2.,   4.,   9.,   1.]), array([  1.,   8.,   2.,  13.,   3.,  13.,   1.,   1.,   1.,   9.,   1.]), array([  4.,  11.,   3.,  12.,   2.,  12.,   4.,   5.,   3.,   5.,   2.]), array([ 4.,  4.,  2.,  3.,  3.,  4.,  3.,  8.,  4.,  6.,  1.]), array([  1.,   9.,   3.,   4.,   3.,   1.,   4.,  10.,   4.,  12.,   0.])]
将numpy 数组 转化为 多维空间 point
开始 Kmeans
划定聚类中心
开始迭代
迭代中.
迭代结束
迭代次数 count=100
[2.4974079126875854, 5.2750341064120052, 2.4990450204638472, 4.3088676671214188, 2.5678035470668488, 10.120600272851297, 2.4753069577080491, 10.109413369713506, 2.5099590723055933, 8.3877216916780348, 0.60736698499317876]
[2.464630225080386, 9.6662379421221871, 2.5331189710610933, 4.2575562700964626, 2.4787781350482314, 4.672025723472669, 2.4926045016077172, 9.92604501607717, 2.4958199356913182, 4.446945337620579, 0.58263665594855307]
[2.5179077557330585, 9.7863952589538776, 2.4864725586189125, 5.0574594176758572, 2.5199690801339862, 5.7915485699561966, 2.5238340633857255, 4.0569440865756246, 2.4818345787168257, 10.0, 0.56068023705230607]
[2.5260469867211439, 4.2325502213142663, 2.4841675178753833, 9.7773237997957096, 2.5008512087163774, 9.7289751447054815, 2.495062989445012, 4.2325502213142663, 2.4991487912836226, 9.5199182839632286, 0.56350017024174326]
[2.5002551020408164, 9.9010204081632658, 2.4938775510204083, 9.829081632653061, 2.5239795918367345, 9.3331632653061227, 2.4775510204081632, 6.3339285714285714, 2.4900510204081634, 4.0622448979591841, 0.62959183673469388]
[2.5227980741999434, 3.8249787595581988, 2.4738034551118662, 5.3438119512885871, 2.4718210138770886, 5.941376380628717, 2.5213820447465309, 4.2591333899745116, 2.4871141319739452, 3.8708581138487679, 0.84168790710846786]
[2.5279878971255672, 5.7554210791729705, 2.5148764498234999, 10.249369641956632, 2.4997478567826525, 3.8290468986384267, 2.4863842662632374, 9.4972264246091775, 2.5168935955622795, 8.3724155320221882, 0.56127080181543121]
kpp
seed array
[array([  4.,   9.,   1.,  11.,   1.,   2.,   4.,   8.,   2.,   8.,   1.]), array([  4.,   1.,   3.,   2.,   2.,  13.,   2.,   8.,   4.,   2.,   1.]), array([  2.,   6.,   3.,   8.,   2.,  11.,   2.,   4.,   3.,   1.,   0.]), array([  2.,   8.,   1.,   9.,   3.,  12.,   1.,   7.,   1.,  13.,   0.]), array([ 1.,  4.,  3.,  4.,  3.,  9.,  3.,  5.,  1.,  1.,  1.]), array([  4.,  11.,   1.,   5.,   2.,   3.,   4.,   2.,   4.,   3.,   1.]), array([  4.,   1.,   4.,  12.,   1.,   5.,   2.,   4.,   4.,   6.,   0.])]
将numpy 数组 转化为 多维空间 point
开始 Kmeans
划定聚类中心
开始迭代
迭代中.
迭代结束
迭代次数 count=100
[2.5539999999999998, 8.176857142857143, 2.5348571428571427, 10.497999999999999, 2.4808571428571429, 3.8420000000000001, 2.4708571428571426, 9.976285714285714, 2.5102857142857142, 7.4342857142857142, 0.5902857142857143]
[2.5155719139297847, 4.6177802944507365, 2.4759343148357873, 5.5546432616081542, 2.560022650056625, 8.3779728199320491, 2.4903737259343148, 10.165345413363534, 2.5107587768969424, 10.462344280860702, 0.61155152887882225]
[2.501797069394526, 8.7384572850428537, 2.5012441249654409, 10.20624827204866, 2.5324854852087366, 10.309648880287531, 2.481061653303843, 6.5913740669062761, 2.5078794581144597, 4.2178601050594411, 0.61515067735692563]
[2.5162037037037037, 9.3159722222222214, 2.4918981481481484, 5.3110532407407405, 2.5217013888888888, 9.4305555555555554, 2.5034722222222223, 3.9759837962962963, 2.4994212962962963, 10.13744212962963, 0.59317129629629628]
[2.5077689827030198, 3.6062738199941364, 2.486953972442099, 4.4500146584579303, 2.4939900322486075, 8.5153913808267365, 2.5115801817648782, 7.6693051890941071, 2.4963353855174435, 3.4960422163588389, 0.68953386103781877]
[2.4666125979994593, 10.209245742092458, 2.5104082184374157, 3.8350905650175724, 2.4947283049472833, 4.3419843200865103, 2.4974317383076508, 7.0478507704785081, 2.4882400648824006, 5.0581238172479051, 0.61043525277101918]
[2.5025032938076417, 4.2566534914360998, 2.4830039525691698, 9.0716732542819507, 2.4890645586297762, 4.5841897233201578, 2.5159420289855072, 3.4250329380764164, 2.4706192358366272, 7.9681159420289855, 0.63873517786561262]
afkmc2_with_weight
kpp
seed array
[array([  1.,   8.,   4.,   6.,   3.,  12.,   3.,   4.,   3.,   1.,   0.]), array([  2.,  11.,   4.,   7.,   1.,   9.,   1.,   6.,   3.,  13.,   0.]), array([  4.,   1.,   2.,  12.,   4.,   5.,   3.,   4.,   1.,   6.,   0.]), array([  4.,  13.,   1.,   7.,   3.,   3.,   1.,   1.,   4.,  10.,   0.]), array([  4.,  12.,   4.,  11.,   2.,   2.,   4.,   9.,   3.,   2.,   1.]), array([  3.,   1.,   2.,   2.,   1.,  13.,   1.,   8.,   2.,   3.,   0.]), array([ 3.,  4.,  3.,  6.,  4.,  7.,  3.,  3.,  4.,  3.,  1.])]
将numpy 数组 转化为 多维空间 point
开始 Kmeans
划定聚类中心
开始迭代
迭代中..
迭代结束
迭代次数 count=5
[2.4721179624664877, 9.4101876675603222, 2.4882037533512062, 7.9005361930294908, 2.5289544235924932, 10.480697050938337, 2.4785522788203753, 4.8549597855227882, 2.5227882037533513, 4.0485254691689008, 0.54128686327077746]
[2.5401009534492429, 9.3718452047111604, 2.5098149186763883, 5.6564778463264158, 2.5577678070667416, 9.140773976444196, 2.4991587212563098, 8.2310712282669662, 2.487100392596747, 10.958496915311272, 0.76332024677509813]
[2.542486797887662, 3.4918386941910704, 2.4959193470955352, 10.844695151224196, 2.5057609217474797, 6.6409025444071048, 2.4781565050408063, 6.5933749399903983, 2.470955352856457, 8.5108017282765243, 0.5549687950072012]
[2.5063694267515926, 10.040445859872612, 2.4627388535031849, 7.0464968152866243, 2.5076433121019108, 3.5700636942675161, 2.544267515923567, 3.7433121019108282, 2.515923566878981, 8.8238853503184718, 0.55063694267515928]
[2.4885237350026084, 9.1752738654147112, 2.5307772561293689, 8.0219092331768387, 2.4624413145539905, 4.1178925404277518, 2.4877412623891497, 10.260824204486177, 2.5096504955659884, 4.492957746478873, 0.56494522691705795]
[2.5133834586466164, 3.7960902255639097, 2.4956390977443608, 4.5455639097744358, 2.5365413533834587, 9.3642105263157891, 2.4932330827067668, 10.35639097744361, 2.5082706766917293, 6.1975939849624062, 0.54225563909774432]
[2.4946137273007079, 3.8648815020006158, 2.4946137273007079, 3.8811942136041857, 2.4742997845490922, 5.5201600492459217, 2.5007694675284702, 4.0544783010156973, 2.4693751923668823, 5.8365650969529081, 0.8568790397045245]
min_dist=55.1720735496
seed array
[array([  2.,   5.,   4.,   7.,   3.,  10.,   2.,  10.,   4.,   5.,   2.]), array([  4.,   9.,   1.,   8.,   1.,  12.,   4.,   6.,   3.,   4.,   0.]), array([ 3.,  8.,  3.,  6.,  2.,  7.,  3.,  7.,  1.,  9.,  1.]), array([  2.,  12.,   3.,   8.,   3.,   1.,   3.,   4.,   3.,  10.,   0.]), array([  3.,   6.,   4.,   9.,   2.,   4.,   3.,  10.,   3.,   4.,   1.]), array([  3.,  12.,   4.,   7.,   3.,   5.,   1.,   4.,   2.,   7.,   1.]), array([  4.,   5.,   3.,   4.,   3.,   7.,   2.,  10.,   1.,   7.,   1.])]
将numpy 数组 转化为 多维空间 point
开始 Kmeans
划定聚类中心
开始迭代
迭代中.
迭代结束
迭代次数 count=100
[2.4957983193277311, 4.0142602495543676, 2.4795008912655971, 5.9852304558186908, 2.5500381970970207, 9.8754774637127571, 2.4835752482811309, 9.9360835243188177, 2.5001273236567356, 5.0150241914947795, 0.58314234784823016]
[2.505737923672271, 9.6130237523352022, 2.4915932746196958, 9.8948492127034964, 2.5076060848678945, 10.147050974112624, 2.4947958366693355, 4.7042967707499335, 2.4947958366693355, 5.85241526554577, 0.6359754470242861]
[2.5254726049343161, 5.5456584428067925, 2.5065684075616788, 4.0762576097404679, 2.511694969561038, 9.7330983659083632, 2.4921499519384813, 3.9804549823774433, 2.5020826658122397, 9.8583787247677019, 0.52835629605895551]
[2.5149389451805666, 4.5928812678617819, 2.5066250974279032, 10.040270200051962, 2.4845414393348921, 4.6027539620680695, 2.5087035593660691, 5.7342166796570542, 2.4775266302935828, 9.9217978695765137, 0.56170433878929593]
[2.5511140235910879, 8.0170380078636967, 2.5222804718217562, 10.169397116644824, 2.4911533420707732, 4.2044560943643514, 2.4685452162516381, 9.9403669724770634, 2.5058977719528177, 4.0963302752293576, 0.54980340760157276]
[2.4890247290914145, 7.6185051403167545, 2.4934704084467909, 4.3267574326201723, 2.5043067518755211, 4.3392609058071683, 2.5034731869963878, 4.2564601278132814, 2.5043067518755211, 4.0780772436787993, 0.82078355098638511]
[2.4893674293405113, 9.7695827725437407, 2.4904441453566624, 4.5407806191117093, 2.5176312247644685, 5.9434724091520863, 2.5152086137281291, 9.9149394347240918, 2.4995962314939435, 9.7924629878869442, 0.65114401076716011]
error_afkmc2             = 1126842.35463    during_afkmc2 = 247.61502099
error_kpp                = 1126910.98902    during_kpp = 244.254626989
error_afkmc2_with_weight = 1125590.55357    during_afkmc2_with_weight = 258.872008801

Process finished with exit code 0
