/usr/bin/python /Users/sahara/PycharmProjects/Kmeans/testKmeans.py
初始化数组
afkmc2
seed array
[array([  1.,  13.,   3.,   3.,   2.,  11.,   1.,   4.,   2.,   3.,   1.]), array([  3.,   7.,   3.,  11.,   4.,   2.,   3.,   4.,   1.,   1.,   0.]), array([  3.,   5.,   2.,  13.,   2.,  10.,   2.,   3.,   4.,   8.,   0.]), array([  1.,   5.,   3.,   6.,   2.,  13.,   2.,   5.,   1.,  12.,   1.]), array([  4.,  12.,   1.,   1.,   1.,   3.,   3.,  10.,   3.,   2.,   0.]), array([  2.,  12.,   3.,  13.,   1.,  11.,   4.,  11.,   2.,  10.,   1.]), array([ 2.,  7.,  3.,  9.,  4.,  8.,  1.,  6.,  4.,  7.,  1.])]
将numpy 数组 转化为 多维空间 point
开始 Kmeans
划定聚类中心
开始迭代
迭代中.
迭代结束
迭代次数 count=100
[2.4898014685885235, 8.917595866195267, 2.4865379385368507, 4.1362523796573294, 2.5412020669023661, 7.7897742725047596, 2.5129181397878706, 3.9233070437856949, 2.5194451998912157, 3.8705466412836551, 0.67119934729398967]
[2.48287493513233, 7.8710430721328493, 2.4950700570835496, 8.8814218993253764, 2.4878048780487805, 3.7018681888946547, 2.5140114167099119, 3.9395433316035287, 2.48287493513233, 9.57265179034769, 0.57628437986507519]
[2.502164502164502, 4.5222634508348794, 2.4805194805194803, 10.380643166357451, 2.50834879406308, 10.202535559678417, 2.4928880643166358, 4.3679653679653683, 2.4795918367346941, 6.7288188002473719, 0.53988868274582558]
[2.5160864978902953, 4.5553797468354427, 2.5200421940928268, 3.7776898734177213, 2.537974683544304, 9.8934599156118139, 2.4799578059071732, 7.5271624472573837, 2.5044831223628692, 9.5556434599156113, 0.5625]
[2.4678811121764141, 9.7104506232023002, 2.5052732502396933, 3.8481943112815595, 2.4876957494407157, 4.3579418344519016, 2.5202940236497282, 10.018536273569831, 2.4934483860658356, 8.1387024608501122, 0.56727388942154044]
[2.5374474053295932, 10.163253856942497, 2.4875175315568021, 9.9122019635343612, 2.5099579242636745, 8.931276297335204, 2.4945301542776996, 9.6375876577840121, 2.5138849929873772, 5.8490883590462834, 0.79326788218793831]
[2.5589252460760838, 3.5411013567438148, 2.5070497472732112, 8.1705240755520077, 2.4956105347166799, 4.3966480446927374, 2.4604948124501198, 9.4831072093641922, 2.4860335195530725, 4.9744612928970469, 0.62889066241021552]
kpp
seed array
[array([  4.,  12.,   2.,   9.,   2.,  11.,   2.,   5.,   4.,   6.,   0.]), array([  4.,   5.,   4.,   3.,   3.,  11.,   1.,   8.,   4.,  11.,   1.]), array([  1.,   4.,   1.,  13.,   3.,  11.,   3.,   4.,   2.,  10.,   1.]), array([  2.,  10.,   4.,   9.,   2.,   2.,   4.,  11.,   4.,  13.,   0.]), array([  1.,  13.,   3.,   1.,   4.,   1.,   1.,   2.,   2.,  12.,   1.]), array([  4.,  11.,   4.,  10.,   3.,   2.,   4.,   9.,   3.,   1.,   0.]), array([  4.,  13.,   1.,   4.,   4.,   8.,   2.,  12.,   2.,   3.,   0.])]
将numpy 数组 转化为 多维空间 point
开始 Kmeans
划定聚类中心
开始迭代
迭代中.
迭代结束
迭代次数 count=100
[2.5001344447432103, 10.311642914762032, 2.5020166711481582, 6.7085237967195486, 2.5278300618445817, 10.203280451734337, 2.5001344447432103, 3.8217262705028232, 2.4966388814197367, 6.3315407367571925, 0.56386125302500667]
[2.5223841749089018, 3.512753774076002, 2.5114523685580425, 3.5882352941176472, 2.5406038521603334, 9.0036439354502864, 2.4934929724102028, 8.8388859968766269, 2.5093701197293075, 6.8846954711087971, 0.59734513274336287]
[2.5122744750073944, 4.008577343981071, 2.47086660751257, 10.39248742975451, 2.4954155575273589, 10.322389825495415, 2.4906832298136647, 6.0313516711032236, 2.5081336882579119, 7.9293108547766931, 0.56817509612540673]
[2.5243025596778832, 8.3537532355478863, 2.5352315214265171, 9.385102099511073, 2.4854759850445785, 4.9790048892723613, 2.5139488064423352, 9.8820822548173712, 2.4900776531492665, 10.422778257118205, 0.71958584987057805]
[2.4984606773019871, 7.0904002239014829, 2.4769101595298069, 4.4631961936747828, 2.4970612930310665, 3.9073607612650432, 2.510215505177722, 3.9023229778897286, 2.4993003078645395, 9.4797089280716484, 0.66274839070808844]
[2.5317153888582462, 5.6856039713182573, 2.4726971869829013, 9.8243243243243246, 2.5201323772752344, 3.8342526199669056, 2.4671814671814674, 5.9911748483177059, 2.4738003309431882, 3.6133480419194703, 0.63099834528405963]
[2.469634433962264, 10.187794811320755, 2.5144457547169812, 5.1152712264150946, 2.5, 6.7246462264150946, 2.4964622641509435, 10.330188679245284, 2.5041273584905661, 4.1621462264150946, 0.60849056603773588]
afkmc2_with_weight
kpp
seed array
[array([  1.,   2.,   2.,   4.,   1.,   4.,   4.,  13.,   3.,   8.,   1.]), array([  4.,  11.,   3.,  10.,   1.,   2.,   1.,   4.,   1.,   3.,   0.]), array([  1.,   6.,   4.,  12.,   3.,   4.,   1.,   4.,   1.,  13.,   1.]), array([  3.,  12.,   2.,  12.,   2.,   8.,   3.,  11.,   1.,   6.,   1.]), array([ 1.,  1.,  2.,  1.,  3.,  7.,  4.,  3.,  2.,  4.,  1.]), array([  2.,   7.,   1.,   9.,   1.,  12.,   1.,   5.,   2.,   4.,   0.]), array([  2.,   7.,   1.,   4.,   2.,  13.,   3.,   2.,   4.,  12.,   0.])]
将numpy 数组 转化为 多维空间 point
开始 Kmeans
划定聚类中心
开始迭代
迭代中..
迭代结束
迭代次数 count=5
[2.512588116817724, 4.5370090634441089, 2.4803625377643503, 4.6037260825780466, 2.5168680765357503, 5.9214501510574022, 2.5007552870090635, 10.998489425981873, 2.5088116817724067, 7.4977341389728096, 0.55135951661631422]
[2.5100896860986546, 10.267376681614349, 2.5103699551569507, 7.0568946188340806, 2.5036434977578477, 3.8926569506726456, 2.4960762331838566, 4.9164798206278029, 2.4873878923766815, 4.3175448430493271, 0.55549327354260092]
[2.5283678408174239, 5.1879537510083358, 2.4907233127184729, 10.342296316214036, 2.4810432912073139, 4.9185264856144126, 2.5012100026888948, 5.3689163753697233, 2.4745899435332079, 10.224253831675181, 0.55821457381016404]
[2.496715224221651, 10.384175949728649, 2.5189945729791487, 8.8771779491573835, 2.5004284490145672, 7.2667809197372177, 2.4944301628106254, 10.924592973436161, 2.4932876321051127, 6.8283347614967154, 0.79005998286203938]
[2.5165243223171183, 3.5945042703304866, 2.499814333457111, 3.7556628295581138, 2.4671370219086519, 6.4266617155588559, 2.50724099517267, 4.1845525436316375, 2.4968436687708877, 4.753806164129224, 0.88748607500928334]
[2.488667026443605, 5.6726929303831621, 2.4840798704803024, 9.7512142471667573, 2.5380464112250403, 10.651915812196439, 2.4732865623313547, 6.2827846735024284, 2.519967620075553, 4.2134376686454402, 0.52995143011332968]
[2.5094780576473643, 8.8143339392365618, 2.5029862373409504, 4.1978706829394961, 2.549987016359387, 9.7374707868086219, 2.5009088548428982, 5.0989353414697485, 2.4988314723448455, 10.024668917164373, 0.56271098415995846]
min_dist=54.7744961016
seed array
[array([  1.,  10.,   2.,   7.,   4.,   8.,   1.,  11.,   3.,   8.,   1.]), array([  3.,   5.,   4.,  10.,   3.,   3.,   2.,   3.,   3.,  10.,   2.]), array([ 2.,  2.,  2.,  4.,  3.,  7.,  4.,  2.,  1.,  4.,  2.]), array([  2.,   7.,   3.,   9.,   3.,  12.,   2.,   6.,   4.,   1.,   0.]), array([  4.,   5.,   1.,   3.,   4.,   4.,   1.,  11.,   4.,   8.,   0.]), array([ 2.,  7.,  4.,  7.,  3.,  4.,  2.,  6.,  2.,  5.,  1.]), array([  1.,   6.,   3.,   9.,   3.,  13.,   4.,   7.,   2.,   6.,   1.])]
将numpy 数组 转化为 多维空间 point
开始 Kmeans
划定聚类中心
开始迭代
迭代中.
迭代结束
迭代次数 count=100
[2.4836244541484715, 10.180676855895197, 2.5027292576419216, 4.5177401746724888, 2.5120087336244543, 6.1787663755458517, 2.5226528384279474, 9.9514192139737983, 2.4915393013100435, 9.3657205240174672, 0.65010917030567683]
[2.5038028597505324, 6.9671432917554004, 2.5123212655917251, 9.8116823851536363, 2.4749011256464861, 3.6553087922117431, 2.5165804685123212, 5.2780651049589293, 2.5022817158503194, 10.390629753574688, 0.5409187709157286]
[2.5106951871657754, 5.5692513368983958, 2.5016042780748662, 3.3010695187165777, 2.5131016042780749, 6.8754010695187162, 2.5262032085561499, 3.2122994652406418, 2.4826203208556148, 7.8160427807486634, 0.72673796791443845]
[2.4812500000000002, 10.515489130434782, 2.4915760869565218, 7.947826086956522, 2.5290760869565219, 10.069293478260869, 2.4551630434782608, 4.9521739130434783, 2.5144021739130435, 4.6573369565217391, 0.59048913043478257]
[2.5227001194743131, 4.0504778972520912, 2.486559139784946, 4.0035842293906807, 2.5259856630824373, 8.3052568697729985, 2.4997013142174431, 10.141875746714456, 2.509557945041816, 4.9554958183990445, 0.5854241338112306]
[2.546795387503352, 7.2322338428533115, 2.4974524001072673, 9.4727809064092252, 2.5089836417270046, 3.5886296594261196, 2.4650040225261463, 7.9300080450522925, 2.4979887369267901, 3.3807991418610888, 0.6036470903727541]
[2.5126333520494106, 4.124649073554183, 2.4921392476137001, 10.190623245367771, 2.5050533408197642, 10.334924199887704, 2.488489612577204, 7.3149915777653005, 2.4842784952274002, 8.4500280741156661, 0.63812464907355415]
error_afkmc2             = 1130124.11122    during_afkmc2 = 237.605788946
error_kpp                = 1127828.53717    during_kpp = 242.350046158
error_afkmc2_with_weight = 1128217.74163    during_afkmc2_with_weight = 256.159952879

Process finished with exit code 0
