/usr/bin/python /Users/sahara/PycharmProjects/Kmeans/testKmeans.py
初始化数组
afkmc2
seed array
[array([  4.,   1.,   4.,  12.,   3.,   3.,   4.,   8.,   4.,   4.,   0.]), array([  1.,  12.,   2.,  11.,   2.,   9.,   3.,   3.,   1.,  11.,   1.]), array([  1.,   7.,   1.,   9.,   1.,   3.,   2.,   2.,   4.,  10.,   0.]), array([  1.,   4.,   4.,  13.,   4.,   5.,   2.,   4.,   3.,   6.,   1.]), array([  3.,   3.,   2.,  12.,   3.,   6.,   1.,   2.,   3.,  12.,   1.]), array([  1.,  10.,   4.,   8.,   3.,   8.,   4.,   4.,   2.,   5.,   1.]), array([  3.,   3.,   1.,   8.,   2.,  12.,   4.,   5.,   4.,   8.,   1.])]
将numpy 数组 转化为 多维空间 point
开始 Kmeans
划定聚类中心
开始迭代
迭代中.
迭代结束
迭代次数 count=100
[2.554615181169003, 5.5614916688706693, 2.507273208145993, 9.1996826236445379, 2.4977519174821476, 5.8495107114519964, 2.4638984395662522, 10.66358106321079, 2.5136207352552233, 3.9709071674160277, 0.5874107379000264]
[2.5293127629733521, 9.0086956521739125, 2.5040673211781206, 9.8143057503506306, 2.5223001402524545, 10.383730715287518, 2.485553997194951, 6.4813464235624121, 2.5023842917251051, 9.6190743338008406, 0.80532959326788223]
[2.4959525094441446, 9.4584457636265515, 2.4746357258499732, 4.0232056125202371, 2.4908256880733943, 4.0105234754452237, 2.5159201295196976, 7.617916891527253, 2.4883971937398814, 9.6422018348623855, 0.57744198596869944]
[2.4985098889189921, 8.0761311297751295, 2.4743971823354105, 8.7336765104307776, 2.5299376862638852, 5.364670820915741, 2.5041994039555675, 3.2590083988079113, 2.4966133839068005, 3.6643186128420484, 0.65835816851801676]
[2.5263665594855307, 4.0797427652733118, 2.5215434083601287, 9.5819935691318321, 2.4733118971061092, 4.1389067524115752, 2.5051446945337621, 6.2160771704180062, 2.4659163987138264, 10.281672025723473, 0.54887459807073957]
[2.4461839530332683, 10.029354207436398, 2.5107632093933465, 3.9491193737769081, 2.5166340508806262, 9.5212002609262889, 2.4742335290280497, 8.1787345075016304, 2.4928245270711025, 3.9977168949771689, 0.56164383561643838]
[2.5028110486433635, 3.3016377413835247, 2.4974333903691028, 4.0574431679296019, 2.5343436812515279, 9.6702517721828407, 2.518210706428746, 6.2422390613541925, 2.513810804204351, 7.6607186506966514, 0.59740894646785625]
kpp
seed array
[array([  2.,   2.,   2.,   6.,   2.,  12.,   2.,  11.,   3.,   6.,   1.]), array([  3.,  12.,   4.,   2.,   3.,   5.,   4.,   3.,   3.,   2.,   1.]), array([  1.,  13.,   2.,  13.,   4.,   8.,   2.,   8.,   4.,   1.,   2.]), array([  3.,   6.,   1.,  12.,   3.,  10.,   3.,   2.,   1.,  10.,   1.]), array([ 2.,  8.,  2.,  6.,  3.,  1.,  4.,  4.,  1.,  1.,  1.]), array([  1.,   6.,   4.,  10.,   1.,   1.,   1.,  10.,   3.,  13.,   1.]), array([ 4.,  1.,  1.,  1.,  2.,  1.,  2.,  9.,  2.,  8.,  3.])]
将numpy 数组 转化为 多维空间 point
开始 Kmeans
划定聚类中心
开始迭代
迭代中.
迭代结束
迭代次数 count=100
[2.5001347345728915, 4.5098356238210728, 2.4872002155753168, 4.730530854217192, 2.5470223659391, 9.795472918350848, 2.4880086230126652, 9.9892212341686886, 2.5111829695499863, 5.0274858528698463, 0.58879008353543516]
[2.4701348747591521, 10.559971098265896, 2.4961464354527938, 3.4701348747591521, 2.4896435452793835, 6.1770231213872835, 2.5260115606936417, 5.3762042389210016, 2.5009633911368017, 5.9453275529865124, 0.5975433526011561]
[2.5219186785260481, 9.9399618805590855, 2.4961880559085134, 10.10705209656925, 2.5200127064803048, 9.4841168996188063, 2.4920584498094027, 7.191550190597205, 2.5019059720457433, 3.8001905972045744, 0.59656925031766206]
[2.5059665871121717, 5.4656589763988332, 2.4990718642269956, 8.137364094404667, 2.5210819411296739, 10.397507292495359, 2.4889949615486606, 4.1620259878016439, 2.503579952267303, 9.8849111641474412, 0.5651020949350305]
[2.5219090147920737, 4.4912084845101869, 2.4691599218531954, 9.5406084286910406, 2.5294445994976278, 3.9679039910689364, 2.469439017583031, 5.5461903432877477, 2.4543678481719229, 4.1942506279653919, 0.68629639966508516]
[2.5089235917456776, 9.3003346346904632, 2.5437813720022309, 9.5886781929726723, 2.4698828778583382, 4.829615170105968, 2.4991634132738425, 9.366424986056888, 2.506413831567206, 9.9369771332961516, 0.7172336865588399]
[2.5459300424975484, 4.2579274272638115, 2.4919908466819223, 4.0503432494279172, 2.4949329846355019, 4.1925465838509313, 2.5044132069303693, 7.3373651520104612, 2.5027786858450476, 10.099705786204643, 0.59790781301078788]
afkmc2_with_weight
kpp
seed array
[array([  4.,  11.,   4.,  12.,   2.,   3.,   2.,   1.,   2.,   4.,   0.]), array([  3.,   1.,   2.,   3.,   1.,   8.,   3.,  12.,   1.,   7.,   0.]), array([  1.,   2.,   2.,  12.,   1.,   6.,   2.,   4.,   2.,   2.,   1.]), array([  3.,   7.,   3.,   2.,   3.,  13.,   2.,   5.,   3.,   6.,   0.]), array([ 4.,  2.,  2.,  1.,  3.,  7.,  4.,  1.,  4.,  4.,  1.]), array([  3.,   9.,   2.,  10.,   1.,   6.,   4.,  13.,   3.,  10.,   1.]), array([  1.,  11.,   3.,   5.,   3.,   7.,   2.,  13.,   1.,   2.,   0.])]
将numpy 数组 转化为 多维空间 point
开始 Kmeans
划定聚类中心
开始迭代
迭代中..
迭代结束
迭代次数 count=5
[2.500949968334389, 10.303989867004432, 2.4797340088663713, 9.5987967067764401, 2.4968334388853703, 4.7887903736542112, 2.5234325522482584, 3.5367321089297024, 2.4968334388853703, 6.0, 0.53673210892970236]
[2.5284090909090908, 3.3738038277511961, 2.4979066985645932, 4.3175837320574164, 2.5481459330143541, 8.2840909090909083, 2.5008971291866029, 10.379485645933014, 2.5041866028708135, 7.5158492822966503, 0.54784688995215314]
[2.517701260911736, 3.6755577109602329, 2.4592628516003878, 10.69301648884578, 2.5111542192046556, 8.4122211445198829, 2.4730843840931134, 5.9784190106692527, 2.5026673132880699, 5.5385548011639187, 0.55019398642095052]
[2.4983982915109451, 8.8619861185264277, 2.5325680726107849, 4.790710090763481, 2.5392418579818474, 10.810998398291511, 2.5016017084890549, 4.3964228510411107, 2.503737319807795, 8.322210357714896, 0.57261078483715966]
[2.502433090024331, 4.8664841849148415, 2.4695863746958637, 3.9641119221411194, 2.504866180048662, 4.0401459854014599, 2.4939172749391729, 3.9704987834549876, 2.4838807785888077, 7.4568126520681268, 0.82633819951338194]
[2.5202535133645632, 8.3135850096445303, 2.5221824193992837, 9.2816202810691646, 2.4709286304767155, 5.4532929181592724, 2.5015155690272803, 9.8638743455497391, 2.4935243868834389, 10.547809313860567, 0.75475337558556077]
[2.4926095135716206, 9.8368718086535871, 2.5213652244020426, 5.889008331093792, 2.500403117441548, 6.5399086267132489, 2.4840096748185974, 10.152647137866165, 2.4947594732598763, 3.5595270088685838, 0.57457672668637461]
min_dist=61.5240717963
seed array
[array([  4.,  12.,   2.,  12.,   1.,   5.,   2.,   3.,   3.,   8.,   1.]), array([  3.,   2.,   1.,   3.,   1.,   7.,   2.,  12.,   4.,   8.,   0.]), array([  3.,   2.,   2.,  11.,   4.,   6.,   4.,   7.,   3.,   7.,   1.]), array([  1.,   9.,   4.,   6.,   2.,   5.,   3.,  13.,   1.,   4.,   0.]), array([  4.,   8.,   4.,   5.,   3.,  10.,   1.,   7.,   4.,   9.,   0.]), array([  2.,  11.,   3.,   7.,   2.,   6.,   4.,   7.,   4.,   4.,   1.]), array([  3.,  12.,   4.,   7.,   3.,   5.,   1.,   4.,   2.,   7.,   1.])]
将numpy 数组 转化为 多维空间 point
开始 Kmeans
划定聚类中心
开始迭代
迭代中.
迭代结束
迭代次数 count=100
[2.5055043141922049, 8.3585242487354954, 2.5194882475453735, 10.068134483784588, 2.4858673013983932, 3.8640285629277002, 2.5209759000297529, 7.8318952692650994, 2.5126450461172269, 10.326390955072895, 0.62600416542695625]
[2.5206367924528301, 4.0141509433962268, 2.4970518867924527, 4.0203419811320753, 2.5392099056603774, 9.3080778301886795, 2.5032429245283021, 9.7234669811320753, 2.5079599056603774, 5.3399174528301883, 0.58313679245283023]
[2.5319783197831978, 3.9200542005420056, 2.4834688346883467, 10.301626016260162, 2.5121951219512195, 9.9972899728997291, 2.4880758807588075, 6.4046070460704607, 2.5032520325203254, 8.3666666666666671, 0.58915989159891602]
[2.5091514143094842, 8.2163061564059898, 2.5091514143094842, 8.0141430948419305, 2.4841930116472546, 4.1508596783139211, 2.4625623960066556, 9.8610648918469224, 2.4864115363283417, 3.3863006100942874, 0.56128674431503045]
[2.5186421814134667, 10.054535336672231, 2.5102949360044517, 3.6997774067890927, 2.5609348914858097, 8.4279354479688369, 2.5253199777406787, 7.5748469671675016, 2.4755147468002225, 10.008625486922648, 0.61435726210350583]
[2.4869612956354654, 9.9818830634092777, 2.4740598407905572, 8.142190502333241, 2.4976667581663463, 9.130112544606094, 2.4861377985177051, 3.9011803458687893, 2.498215756244853, 4.087016195443316, 0.56382102662640676]
[2.4892588614393127, 4.4707303974221269, 2.4927497314715361, 4.8544575725026853, 2.492481203007519, 4.1501074113856067, 2.4879162191192266, 3.6783029001074112, 2.4986573576799143, 7.3506981740064443, 0.80370569280343718]
error_afkmc2             = 1130748.20418    during_afkmc2 = 236.256974936
error_kpp                = 1132089.05627    during_kpp = 234.019260883
error_afkmc2_with_weight = 1129719.81875    during_afkmc2_with_weight = 249.542366028

Process finished with exit code 0
