/usr/bin/python /Users/sahara/PycharmProjects/Kmeans/testKmeans.py
初始化数组
afkmc2
seed array
[array([  4.,   6.,   1.,   8.,   1.,  11.,   1.,   2.,   4.,   9.,   0.]), array([  1.,  11.,   1.,   9.,   3.,  12.,   1.,  10.,   4.,   3.,   0.]), array([ 2.,  4.,  1.,  6.,  1.,  2.,  4.,  6.,  4.,  2.,  2.]), array([  2.,   1.,   1.,   3.,   2.,   5.,   3.,   8.,   1.,  12.,   0.]), array([ 4.,  3.,  1.,  6.,  3.,  5.,  1.,  9.,  2.,  7.,  0.]), array([  4.,  13.,   2.,  11.,   1.,   6.,   1.,   8.,   1.,  12.,   0.]), array([ 4.,  3.,  4.,  7.,  2.,  4.,  3.,  8.,  4.,  1.,  0.])]
将numpy 数组 转化为 多维空间 point
开始 Kmeans
划定聚类中心
开始迭代
迭代中.
迭代结束
迭代次数 count=100
[2.5040962621607781, 6.619559651817716, 2.4910394265232974, 9.8343573988735287, 2.4946236559139785, 10.517921146953405, 2.4866871479774706, 4.0788530465949817, 2.4971838197644649, 8.3699436763952892, 0.60112647209421399]
[2.4453305891432984, 10.206586056084383, 2.5219963982505789, 4.0879855930023155, 2.5155647028556727, 8.9786467712889113, 2.4890661178286595, 7.8633907898121942, 2.5127347568819141, 4.286853614612812, 0.57525083612040129]
[2.5159609120521171, 9.3973941368078169, 2.4905537459283389, 9.6374592833876225, 2.5208469055374594, 4.1231270358306187, 2.5, 4.2638436482084687, 2.4970684039087949, 4.1752442996742669, 0.5667752442996743]
[2.5136436597110756, 5.3764044943820224, 2.4981273408239701, 4.0294275013376133, 2.5005350454788657, 4.6832530765115035, 2.5120385232744784, 3.6594435527019797, 2.4884965222043873, 8.4751203852327439, 0.7552166934189406]
[2.522367515485203, 4.4439091534755679, 2.4879559532002751, 4.1744666207845835, 2.5406056434962148, 9.7983482450103239, 2.4728148657949069, 9.6383344803854101, 2.4913971094287679, 9.7305574673090156, 0.57260839642119754]
[2.5076101468624832, 9.0037383177570085, 2.5110814419225633, 8.6264352469959942, 2.4755674232309746, 4.3866488651535382, 2.529506008010681, 9.7065420560747668, 2.5004005340453936, 10.130574098798398, 0.67877169559412553]
[2.5590739755188929, 3.6833422032996275, 2.4792442788717404, 8.5247472059606171, 2.5329962746141566, 6.4861628525811605, 2.4776476849387974, 9.5808940926024473, 2.4920170303352847, 3.743480574773816, 0.58062799361362427]
kpp
seed array
[array([  1.,   1.,   3.,   8.,   4.,  13.,   1.,   5.,   2.,   6.,   0.]), array([  1.,  11.,   4.,   1.,   2.,   6.,   4.,  13.,   4.,   4.,   0.]), array([ 2.,  5.,  2.,  9.,  3.,  7.,  4.,  5.,  1.,  5.,  3.]), array([ 4.,  3.,  4.,  8.,  2.,  3.,  3.,  3.,  2.,  2.,  3.]), array([  3.,  12.,   4.,   4.,   3.,   8.,   4.,   5.,   2.,   8.,   1.]), array([  4.,   5.,   1.,   4.,   1.,   6.,   2.,  11.,   1.,   9.,   0.]), array([  2.,   2.,   4.,   1.,   4.,  10.,   1.,   8.,   4.,   8.,   1.])]
将numpy 数组 转化为 多维空间 point
开始 Kmeans
划定聚类中心
开始迭代
迭代中.
迭代结束
迭代次数 count=100
[2.4982624966586475, 4.3635391606522322, 2.4715316760224537, 10.58700882117081, 2.5257952419139267, 10.234161988773055, 2.4851643945469126, 6.9858326650628175, 2.5030740443731623, 6.1101309810211175, 0.59342421812349644]
[2.4655870445344128, 8.9843454790823216, 2.5298245614035086, 4.2464237516869092, 2.4925775978407558, 6.3962213225371123, 2.4815114709851551, 9.9824561403508767, 2.4790823211875845, 3.7641025641025641, 0.56275303643724695]
[2.4997002398081536, 10.319844124700239, 2.4766187050359711, 10.0257793764988, 2.5311750599520382, 6.1810551558753, 2.4958033573141485, 4.7691846522781773, 2.5011990407673861, 4.0140887290167866, 0.5554556354916067]
[2.5158883669521965, 3.9088145896656536, 2.5009671179883948, 6.0074606244819009, 2.4821773970710139, 3.8516164686377454, 2.5045592705167175, 3.8295109146172974, 2.4694667035092568, 6.7330754352030944, 0.81210279082619508]
[2.5252112292177706, 10.281002998092124, 2.4829653856636686, 5.2063232488416462, 2.5249386753883893, 8.6862905423821211, 2.5189424911420004, 4.4197328972472061, 2.5143090760425184, 9.8582720087217233, 0.61842463886617605]
[2.517195767195767, 7.2023809523809526, 2.5222222222222221, 9.1074074074074076, 2.4880952380952381, 4.0261904761904761, 2.5121693121693123, 10.081481481481481, 2.5007936507936508, 9.882539682539683, 0.63994708994708993]
[2.5439873417721519, 3.7408227848101268, 2.4974683544303797, 3.5984177215189872, 2.5319620253164556, 10.060759493670886, 2.4696202531645568, 8.360443037974683, 2.5158227848101267, 8.2436708860759502, 0.55379746835443033]
afkmc2_with_weight
kpp
seed array
[array([  2.,   2.,   1.,  10.,   4.,   9.,   2.,   5.,   1.,   3.,   0.]), array([  2.,   2.,   4.,   5.,   1.,  10.,   3.,  12.,   4.,  10.,   1.]), array([  1.,   9.,   3.,   7.,   2.,  12.,   2.,   6.,   3.,  10.,   0.]), array([  1.,  13.,   1.,   1.,   4.,   9.,   3.,  10.,   1.,   3.,   0.]), array([  3.,   4.,   4.,  12.,   3.,   9.,   2.,  12.,   1.,   5.,   1.]), array([  4.,  11.,   2.,   3.,   1.,   8.,   1.,   1.,   2.,   8.,   1.]), array([  3.,  12.,   4.,  10.,   4.,   1.,   1.,  10.,   2.,  11.,   1.])]
将numpy 数组 转化为 多维空间 point
开始 Kmeans
划定聚类中心
开始迭代
迭代中..
迭代结束
迭代次数 count=5
[2.5005390835579515, 3.9223719676549864, 2.4803234501347711, 8.7121293800539075, 2.4873315363881403, 6.5716981132075469, 2.5245283018867926, 3.4857142857142858, 2.4757412398921832, 4.5501347708894881, 0.68733153638814015]
[2.5384615384615383, 3.5860560843838436, 2.4849498327759196, 3.9819912528942631, 2.5204527913558015, 7.5685618729096991, 2.5014149729868795, 9.1034216619500903, 2.502186776434268, 9.3082068433238998, 0.56856187290969895]
[2.520906393309954, 8.6746695441057451, 2.5079579174534663, 8.6784461828972219, 2.533585109252765, 10.891556514701914, 2.4755867278122472, 5.0, 2.4823307256541676, 9.3838683571621253, 0.68249258160237392]
[2.4665343165059559, 9.637833238797505, 2.536868973340896, 3.9943278502552468, 2.5192853091321612, 7.6298922291548497, 2.4710720363017584, 9.5085082246171293, 2.4903573454339196, 3.9316505955757233, 0.55360181508791828]
[2.5301315386968493, 5.5787702661364333, 2.4891404099112879, 10.46313857448761, 2.5234016518813092, 7.7528296115019888, 2.465585806056898, 10.410523095747935, 2.5261547873967576, 4.3744264301009483, 0.6007953502600184]
[2.5173886516168396, 8.9975594874923726, 2.4792556436851738, 3.6964612568639414, 2.5115924344112264, 5.1769371568029285, 2.5207443563148262, 3.1708358755338621, 2.5088468578401466, 7.2254423428920074, 0.65619280048810247]
[2.4869254060005503, 8.9702725020644092, 2.5050922102945226, 9.6473988439306364, 2.4770162400220204, 3.3118634737131849, 2.5105973025048169, 7.934489402697495, 2.4998623726947424, 9.4803192953481972, 0.59950454170107348]
min_dist=55.2043693755
seed array
[array([ 4.,  4.,  1.,  4.,  4.,  7.,  3.,  7.,  4.,  8.,  2.]), array([  3.,   8.,   4.,  10.,   3.,   2.,   4.,   6.,   1.,  11.,   0.]), array([  2.,   5.,   3.,   4.,   4.,   8.,   2.,  12.,   2.,   9.,   0.]), array([ 2.,  3.,  4.,  9.,  2.,  8.,  4.,  4.,  4.,  2.,  0.]), array([  2.,   9.,   4.,  11.,   3.,  12.,   3.,   7.,   2.,   8.,   0.]), array([  2.,  10.,   4.,   3.,   4.,   5.,   3.,   2.,   4.,   7.,   0.]), array([ 1.,  5.,  3.,  7.,  3.,  8.,  2.,  9.,  2.,  5.,  1.])]
将numpy 数组 转化为 多维空间 point
开始 Kmeans
划定聚类中心
开始迭代
迭代中.
迭代结束
迭代次数 count=100
[2.5183260393873086, 4.363785557986871, 2.5106673960612693, 5.0281728665207881, 2.4991794310722102, 8.3350656455142236, 2.4898796498905909, 3.760940919037199, 2.4636214442013129, 9.9357221006564558, 0.58479212253829327]
[2.5487450462351386, 7.5405548216644647, 2.5302509907529722, 10.256010568031703, 2.4737120211360635, 4.037516512549538, 2.4877146631439895, 9.5804491413474242, 2.5199471598414793, 9.1014531043593134, 0.6100396301188904]
[2.5, 7.9467265725288829, 2.491655969191271, 3.9271501925545573, 2.5651476251604621, 8.4297175866495504, 2.5070603337612325, 10.425545571245186, 2.5025673940949935, 10.189024390243903, 0.64281129653401792]
[2.5090240641711228, 4.5040106951871657, 2.4679144385026737, 9.9151069518716586, 2.5147058823529411, 4.3178475935828873, 2.4973262032085564, 3.8064839572192515, 2.4585561497326203, 5.0868983957219251, 0.67045454545454541]
[2.4953568585831785, 10.036879808967896, 2.4942955691164763, 9.6205890156540192, 2.5046431414168215, 10.301671530910056, 2.494030246749801, 5.017511276200584, 2.5123374900504114, 6.2454231891748471, 0.63544706818784824]
[2.487824037706206, 10.08929039015449, 2.5056297460068082, 3.9457973291437547, 2.4844200052369732, 4.4922754647813568, 2.506153443309767, 5.9952867242733703, 2.5108667190363971, 4.845509295627128, 0.62634197433883221]
[2.5011618900077459, 4.0945003872966694, 2.4771494965143299, 6.4526207074619162, 2.5396333591531115, 8.9078233927188233, 2.4913503743867804, 9.7952491608572174, 2.5047766589207332, 3.7053963335915312, 0.59178931061192874]
error_afkmc2             = 1128006.41815    during_afkmc2 = 292.211733103
error_kpp                = 1127794.7369    during_kpp = 289.543226004
error_afkmc2_with_weight = 1127905.66916    during_afkmc2_with_weight = 314.793425083

Process finished with exit code 0
