/usr/bin/python /Users/sahara/PycharmProjects/Kmeans/testKmeans.py
初始化数组
afkmc2
seed array
[array([  2.,   9.,   1.,   2.,   2.,   5.,   3.,   1.,   3.,  12.,   0.]), array([ 1.,  2.,  2.,  2.,  3.,  5.,  1.,  5.,  3.,  1.,  2.]), array([  4.,   4.,   2.,   5.,   1.,  12.,   2.,  13.,   3.,  11.,   0.]), array([  3.,  10.,   4.,   6.,   3.,   3.,   1.,  12.,   3.,   5.,   0.]), array([  4.,   6.,   4.,   7.,   3.,  13.,   4.,   2.,   1.,  13.,   1.]), array([ 3.,  5.,  2.,  4.,  4.,  9.,  2.,  1.,  4.,  7.,  0.]), array([  2.,   1.,   1.,   2.,   2.,  11.,   3.,   1.,   2.,   2.,   2.])]
将numpy 数组 转化为 多维空间 point
开始 Kmeans
划定聚类中心
开始迭代
迭代中.
迭代结束
迭代次数 count=100
[2.5141401273885351, 8.5658598726114654, 2.4718471337579619, 4.1645859872611464, 2.5146496815286623, 5.0183439490445858, 2.5123566878980892, 3.6254777070063695, 2.4985987261146496, 9.1676433121019105, 0.62955414012738853]
[2.5291019955654104, 3.3641906873614191, 2.475609756097561, 8.2871396895787139, 2.5454545454545454, 4.3902439024390247, 2.4684035476718402, 7.4484478935698446, 2.4706208425720622, 3.958980044345898, 0.72062084257206205]
[2.5104982764023815, 5.2494515825759951, 2.4935756816045127, 4.0394860545283606, 2.5490441867753058, 8.1889689752428705, 2.497649639611407, 10.227514885615795, 2.5123785647132562, 10.253838921968034, 0.57380131620181762]
[2.5227211616025813, 9.7415972035493414, 2.5380478623285829, 9.5012100026888948, 2.4565743479429956, 4.5270233933853188, 2.4923366496369992, 10.125302500672223, 2.5030922290938422, 8.0785157300349564, 0.67679483732186074]
[2.5175537938844847, 4.1398640996602492, 2.508210645526614, 9.7885050962627407, 2.4861268403171009, 9.4937712344280865, 2.4991506228765572, 5.0116081540203847, 2.4796149490373725, 9.534824462061156, 0.5917327293318233]
[2.4966133004926108, 10.076970443349754, 2.4873768472906406, 9.902709359605911, 2.5067733990147785, 8.4298029556650249, 2.4873768472906406, 4.228756157635468, 2.5089285714285716, 4.3503694581280792, 0.56342364532019706]
[2.4708212305254817, 7.6208080274623713, 2.5085819910219169, 3.7541589648798523, 2.5175600739371533, 9.5083179297597038, 2.5114866649062582, 8.1328228148930553, 2.5096382360707685, 3.512014787430684, 0.57987853181938209]
kpp
seed array
[array([  2.,   4.,   1.,  10.,   4.,   2.,   3.,   4.,   3.,   9.,   1.]), array([  2.,   5.,   1.,   4.,   4.,   1.,   1.,  13.,   2.,  13.,   1.]), array([ 4.,  7.,  3.,  3.,  4.,  6.,  4.,  4.,  2.,  5.,  4.]), array([  1.,  11.,   2.,   6.,   3.,   4.,   4.,   9.,   1.,   9.,   1.]), array([  4.,  10.,   2.,  13.,   2.,   5.,   4.,  11.,   4.,  13.,   1.]), array([  4.,  11.,   1.,   4.,   3.,  11.,   1.,   3.,   1.,  13.,   1.]), array([  4.,   5.,   1.,   5.,   3.,   2.,   3.,  11.,   1.,   1.,   1.])]
将numpy 数组 转化为 多维空间 point
开始 Kmeans
划定聚类中心
开始迭代
迭代中.
迭代结束
迭代次数 count=100
[2.5202492211838008, 6.0703530633437177, 2.5153167185877465, 9.3351505711318801, 2.4748182762201454, 3.6170820353063342, 2.4961059190031154, 4.1934060228452754, 2.4898753894080996, 9.3618899273104876, 0.58203530633437173]
[2.5315817409766455, 3.4519639065817409, 2.492303609341826, 3.8187367303609343, 2.5355626326963905, 8.4166666666666661, 2.5013269639065818, 9.1587048832271769, 2.5084925690021231, 8.2388535031847141, 0.5676751592356688]
[2.4821520951888258, 7.0680289705121568, 2.4601655457837559, 7.7087428867046039, 2.5243145369891362, 9.3872219348163473, 2.5155199172271083, 3.6275219865494051, 2.497154681841697, 3.3329022245214692, 0.59441282979824106]
[2.467679629152717, 10.286891578676281, 2.5153232037084727, 4.3899047128508881, 2.4774658768993048, 4.4388359515838269, 2.4872521246458925, 9.0303888745815097, 2.4924027813546226, 5.3886170486737059, 0.59490084985835689]
[2.5161569532602424, 8.7928447778418928, 2.5075014425851125, 10.361800346220427, 2.5199076745527984, 9.5998268897864971, 2.4662435083669938, 9.1858049624927869, 2.5040392383150607, 8.9659549913444891, 0.89122908251586841]
[2.5047997351870244, 8.8917576961271099, 2.4915590863952333, 3.8619662363455811, 2.5435286329030125, 8.8321747765640524, 2.5422045680238332, 3.7563720622310495, 2.5031446540880502, 9.8967229394240324, 0.56305858987090363]
[2.5462904248573239, 4.4242232086239692, 2.5022194039315155, 9.7171845275840205, 2.5038046924540267, 5.1664552948636651, 2.4641724793912494, 9.731452124286621, 2.4863665187064043, 3.8836398224476856, 0.55675332910589725]
afkmc2_with_weight
kpp
seed array
[array([  2.,  11.,   2.,   1.,   1.,  12.,   3.,   1.,   1.,   2.,   1.]), array([  1.,   9.,   3.,  12.,   2.,   7.,   4.,   4.,   4.,   6.,   0.]), array([  1.,   5.,   1.,   1.,   3.,   3.,   2.,  12.,   3.,  11.,   0.]), array([  2.,  11.,   3.,   8.,   3.,   6.,   3.,  12.,   1.,   7.,   0.]), array([ 4.,  6.,  3.,  7.,  2.,  2.,  3.,  9.,  2.,  1.,  0.]), array([  3.,   6.,   1.,  10.,   3.,  12.,   2.,  10.,   3.,   1.,   1.]), array([  3.,   9.,   3.,   4.,   1.,  12.,   3.,   1.,   4.,  11.,   0.])]
将numpy 数组 转化为 多维空间 point
开始 Kmeans
划定聚类中心
开始迭代
迭代中..
迭代结束
迭代次数 count=5
[2.472824472824473, 9.6112266112266109, 2.484110484110484, 4.2509652509652511, 2.531036531036531, 8.6055836055836057, 2.5132165132165132, 4.7095337095337095, 2.5114345114345116, 3.6290466290466292, 0.58301158301158296]
[2.5109417260880256, 7.5456110154905334, 2.5011064666830589, 10.824194738136219, 2.4917629702483404, 5.6203589869682808, 2.495451192525203, 3.5092205556921563, 2.4920088517334644, 7.9090238505040569, 0.54684042291615442]
[2.5342767295597484, 4.0723270440251573, 2.49937106918239, 5.0845911949685538, 2.4971698113207546, 4.8166666666666664, 2.5125786163522013, 9.1691823899371077, 2.5188679245283021, 10.365723270440252, 0.55849056603773584]
[2.5011606912561257, 10.911271601753933, 2.5171524374516379, 7.7340727366520508, 2.473562032499355, 6.2739231364457053, 2.4952282692803713, 10.397988135156048, 2.5034820737683776, 8.1021408305390761, 0.74980655145731234]
[2.5239369610466844, 5.1623550401427298, 2.5081772227178116, 6.6488254534641689, 2.4992566161165626, 3.3559322033898304, 2.4766577460600656, 7.7041332143919119, 2.4814154029140649, 3.2795123401724648, 0.74665477252453172]
[2.4911504424778763, 4.3365434669442999, 2.4708485163977096, 8.6962519521082768, 2.542686100989068, 10.646538261322227, 2.4843831337844873, 9.0218636127017184, 2.506767308693389, 5.1116605934409165, 0.59292035398230092]
[2.531985515992758, 6.8277006638503321, 2.503621001810501, 4.5760410380205192, 2.5407362703681353, 9.5835847917923953, 2.4966807483403741, 4.0615570307785154, 2.4668074834037417, 10.473747736873868, 0.56608328304164157]
min_dist=56.0865106637
seed array
[array([ 3.,  3.,  3.,  4.,  3.,  2.,  2.,  9.,  3.,  8.,  0.]), array([  3.,  10.,   1.,   3.,   1.,   6.,   3.,   6.,   2.,   4.,   1.]), array([  2.,  12.,   3.,   7.,   2.,  10.,   1.,   1.,   3.,  13.,   0.]), array([  3.,   7.,   2.,  10.,   2.,   5.,   1.,   4.,   1.,   8.,   0.]), array([  3.,  11.,   3.,   9.,   1.,   6.,   4.,  13.,   3.,   7.,   0.]), array([  3.,   5.,   4.,   9.,   3.,   9.,   1.,  11.,   3.,   6.,   1.]), array([  3.,   7.,   4.,   9.,   3.,   6.,   3.,   5.,   4.,  10.,   0.])]
将numpy 数组 转化为 多维空间 point
开始 Kmeans
划定聚类中心
开始迭代
迭代中.
迭代结束
迭代次数 count=100
[2.5120665742024966, 3.6510402219140081, 2.4932038834951458, 4.145908460471567, 2.4832177531206656, 4.0038834951456312, 2.4957004160887655, 5.6662968099861306, 2.4934812760055478, 6.8751733703190014, 0.82773925104022195]
[2.4485363550519357, 10.221277935158955, 2.5297450424929178, 3.8756688700031474, 2.5055083412023924, 6.6638338054768651, 2.4762354422411081, 8.7226943657538563, 2.5029902423670127, 3.6789423984891405, 0.57884796978281394]
[2.5146901709401708, 10.045673076923077, 2.485844017094017, 4.3806089743589745, 2.5243055555555554, 8.1041666666666661, 2.5243055555555554, 5.8963675213675213, 2.4887820512820511, 10.494925213675213, 0.60309829059829057]
[2.510737386804657, 9.109443725743855, 2.4776196636481242, 9.9979301423027174, 2.5166882276843467, 6.857956015523933, 2.5084087968952136, 3.963001293661061, 2.4946959896507117, 4.0300129366106079, 0.54618369987063387]
[2.5308674133889033, 7.4925761917165925, 2.5227923938525656, 10.195884344881479, 2.4925761917165929, 4.1159156030216204, 2.4894503777025268, 10.139880177129461, 2.4957020057306591, 8.5777546235998958, 0.63480072935660325]
[2.5057283142389526, 4.0627386797599563, 2.4809056192034915, 6.7479541734860886, 2.5556464811783961, 10.380796508456083, 2.4819967266775778, 9.989634478996182, 2.5076377523186033, 5.3578832515002723, 0.59110747408619746]
[2.5330764290301864, 4.1229929351316636, 2.4983943481053306, 9.3908156711624926, 2.4897238278741169, 9.3493898522800265, 2.4910083493898525, 4.0301862556197818, 2.4993577392421322, 9.7058445728965967, 0.55844572896596023]
error_afkmc2             = 1131155.43492    during_afkmc2 = 240.506114006
error_kpp                = 1133338.44277    during_kpp = 244.993345976
error_afkmc2_with_weight = 1129187.75356    during_afkmc2_with_weight = 260.775264978

Process finished with exit code 0
