/usr/bin/python /Users/sahara/PycharmProjects/Kmeans/testKmeans.py
初始化数组
afkmc2
seed array
[array([  2.,   7.,   4.,  12.,   1.,   5.,   2.,   8.,   4.,   8.,   1.]), array([  3.,  12.,   4.,   4.,   3.,   8.,   4.,   5.,   2.,   8.,   1.]), array([  2.,   1.,   3.,   3.,   1.,  13.,   2.,  13.,   1.,  11.,   1.]), array([ 3.,  1.,  2.,  9.,  2.,  8.,  2.,  6.,  1.,  1.,  1.]), array([  3.,   3.,   1.,   3.,   4.,  13.,   3.,   6.,   3.,   5.,   1.]), array([  3.,  13.,   3.,   9.,   2.,   1.,   1.,   3.,   2.,   9.,   1.]), array([  1.,  13.,   2.,  13.,   4.,   3.,   2.,   6.,   4.,   4.,   1.])]
将numpy 数组 转化为 多维空间 point
开始 Kmeans
划定聚类中心
开始迭代
迭代中.
迭代结束
迭代次数 count=100
[2.5207566999474516, 6.9574356279558591, 2.5394114555964267, 10.784287966368892, 2.4776668418286913, 8.3342091434576986, 2.4918549658434053, 8.3604834471886491, 2.4994745139253811, 10.311613242249081, 0.7842879663688912]
[2.4610745614035086, 10.197368421052632, 2.5235745614035086, 4.4377741228070171, 2.486842105263158, 6.9221491228070171, 2.4986293859649122, 9.9457236842105257, 2.4887609649122808, 4.5175438596491224, 0.56167763157894735]
[2.5267530741110003, 4.9192422731804584, 2.4895314057826519, 3.8484546360917249, 2.5244267198404784, 6.6500498504486538, 2.5101362578929876, 10.304420073113992, 2.5117979395147891, 10.149551345962113, 0.56264539714190764]
[2.5411517223244808, 3.6989219037601893, 2.4822508545884827, 9.1057060215619252, 2.5264265053904813, 5.1893242177228505, 2.4688403891664477, 8.3031816986589533, 2.4754141467262687, 3.7217985800683673, 0.64501709176965549]
[2.494820717131474, 4.9851261620185925, 2.4871181938911024, 4.3452855245683928, 2.5309428950863215, 10.304382470119522, 2.4926958831341302, 3.9181938911022578, 2.5057104913678621, 6.8207171314741037, 0.60292164674634796]
[2.510460251046025, 8.3454497907949783, 2.4921548117154813, 6.331328451882845, 2.5057531380753137, 3.4100418410041842, 2.5253661087866108, 3.7154811715481171, 2.5036610878661087, 9.2180962343096233, 0.59806485355648531]
[2.5077654516640253, 10.053882725832013, 2.4633914421553089, 9.9559429477020593, 2.5242472266244058, 8.5169572107765443, 2.4849445324881141, 4.4329635499207605, 2.4995245641838353, 4.0532488114104597, 0.56988906497622815]
kpp
seed array
[array([  3.,   9.,   2.,  13.,   1.,   6.,   1.,   7.,   3.,   8.,   0.]), array([  3.,   1.,   1.,   5.,   4.,  10.,   4.,   7.,   3.,   5.,   1.]), array([  3.,   4.,   1.,  13.,   3.,  13.,   1.,  10.,   3.,   3.,   1.]), array([  4.,   5.,   1.,  13.,   2.,   3.,   2.,   1.,   3.,   9.,   0.]), array([  2.,  11.,   4.,   1.,   2.,  13.,   4.,   4.,   1.,  11.,   1.]), array([  1.,   9.,   2.,  11.,   1.,  13.,   1.,   7.,   3.,   9.,   1.]), array([  4.,   6.,   4.,   1.,   4.,   2.,   1.,   6.,   3.,  13.,   1.])]
将numpy 数组 转化为 多维空间 point
开始 Kmeans
划定聚类中心
开始迭代
迭代中.
迭代结束
迭代次数 count=100
[2.5105425920719706, 8.8552150688782678, 2.5279730109642959, 10.301658701152657, 2.5119482710149001, 5.1023334270452629, 2.4610626932808546, 10.112454315434356, 2.5082935057632838, 4.7731234186111893, 0.63255552431824569]
[2.5176565008025684, 3.8536650615302301, 2.4906367041198503, 3.6527554842161583, 2.5243445692883895, 8.7215088282504016, 2.4868913857677901, 8.4708400214018198, 2.5133761369716425, 4.7073301230604603, 0.65944355270197963]
[2.4961306964746344, 4.042992261392949, 2.4815133276010317, 10.482946402980797, 2.530524505588994, 10.326454571510462, 2.4749211808541127, 7.3006592146746918, 2.4906850100315276, 7.5629120091716828, 0.60131842934938373]
[2.5043273013375296, 4.9887227904537106, 2.5074744295830054, 8.5260949383687379, 2.4783634933123526, 3.5250458956202464, 2.5095725150799897, 3.6414896407028587, 2.4788880146865986, 8.1704694466299497, 0.67033831628638862]
[2.4823133071308252, 10.235261089275689, 2.4803481190342502, 5.7748455923638407, 2.4983155530600785, 7.5482874789444132, 2.5145985401459856, 4.3183604716451436, 2.5008422234699608, 3.3854576080853453, 0.56822010106681642]
[2.5438959503399348, 9.4569908365356188, 2.5069464971918416, 5.9107301211942067, 2.5365060597103164, 9.8971327224357086, 2.5010345846881465, 4.8861956843038721, 2.486550399054094, 10.539462015962163, 0.66183860478864909]
[2.5077854671280275, 7.9207035755478659, 2.4887543252595155, 4.4628027681660898, 2.4945213379469435, 4.2776816608996544, 2.523356401384083, 10.013840830449826, 2.5025951557093427, 9.8930219146482123, 0.54873125720876581]
afkmc2_with_weight
kpp
seed array
[array([  4.,   4.,   2.,  13.,   2.,  12.,   4.,   7.,   3.,  12.,   1.]), array([  2.,  10.,   2.,  13.,   4.,  13.,   1.,  10.,   4.,   7.,   2.]), array([  2.,  12.,   3.,   4.,   2.,   1.,   3.,  13.,   4.,   9.,   0.]), array([ 3.,  5.,  2.,  2.,  2.,  9.,  3.,  7.,  1.,  2.,  1.]), array([  3.,  13.,   2.,   1.,   3.,   7.,   1.,   3.,   2.,   6.,   0.]), array([  4.,  10.,   1.,   6.,   2.,   6.,   3.,   1.,   2.,  13.,   1.]), array([  3.,  12.,   1.,   8.,   1.,   4.,   4.,  13.,   3.,  11.,   0.])]
将numpy 数组 转化为 多维空间 point
开始 Kmeans
划定聚类中心
开始迭代
迭代中..
迭代结束
迭代次数 count=5
[2.5327666575267345, 3.8121743899095146, 2.5072662462297779, 8.6588977241568408, 2.5201535508637236, 10.227310117905127, 2.4916369618864822, 6.7225116534137648, 2.4888949821771318, 9.8738689333698932, 0.56292843432958595]
[2.5156654210980167, 9.2219028456452996, 2.5018683529749928, 10.417361310721471, 2.5337740730094853, 9.4607645875251514, 2.4633515377982178, 7.3348663409025585, 2.4803104340327682, 4.0017246335153782, 0.65421098016671453]
[2.4990258836626773, 8.4341775674923465, 2.4878931255218482, 3.290843306429168, 2.4973559699415531, 5.5911494572780409, 2.5043139437795712, 10.441970498190926, 2.4995825215697187, 8.2952964096855002, 0.57584191483440017]
[2.506849315068493, 3.0811770674784373, 2.486808726534754, 5.1790969051243021, 2.5058346017250126, 7.3548959918822936, 2.5058346017250126, 7.2047184170471841, 2.4928970065956366, 3.69583967529173, 0.74150177574835108]
[2.4812121212121214, 10.315454545454546, 2.4757575757575756, 4.0690909090909093, 2.542121212121212, 8.2509090909090901, 2.5090909090909093, 4.1578787878787882, 2.5260606060606059, 5.086363636363636, 0.56787878787878787]
[2.4951534733441032, 7.1968228325255792, 2.4989229940764672, 7.1949380721593972, 2.4892299407646741, 4.4663435648896073, 2.527463651050081, 3.0339256865912763, 2.4919224555735058, 9.7945611200861613, 0.60770059235325791]
[2.5304347826086957, 7.7196401799100451, 2.5268365817091456, 10.558920539730135, 2.4857571214392804, 3.6920539730134934, 2.4656671664167917, 9.8014992503748122, 2.5046476761619192, 7.9970014992503744, 0.62458770614692649]
min_dist=54.2434113067
seed array
[array([  3.,  12.,   2.,   6.,   3.,  10.,   2.,   4.,   4.,   3.,   0.]), array([ 2.,  3.,  3.,  4.,  2.,  9.,  3.,  8.,  2.,  6.,  0.]), array([  1.,   7.,   3.,  11.,   3.,   3.,   4.,   8.,   3.,   7.,   1.]), array([ 2.,  9.,  2.,  5.,  4.,  5.,  4.,  8.,  2.,  8.,  2.]), array([  2.,   7.,   1.,   8.,   3.,   2.,   3.,   1.,   1.,  10.,   0.]), array([  3.,  11.,   2.,   7.,   4.,   9.,   4.,   4.,   2.,   4.,   1.]), array([  1.,  10.,   4.,  11.,   3.,   5.,   1.,  11.,   2.,   9.,   1.])]
将numpy 数组 转化为 多维空间 point
开始 Kmeans
划定聚类中心
开始迭代
迭代中.
迭代结束
迭代次数 count=100
[2.4923988662715795, 10.363308425663488, 2.4769389332646226, 4.4491110538520999, 2.5289873743880444, 8.4735892811131155, 2.5027054882762174, 4.4437000772996651, 2.5132697758309712, 4.8621489306879671, 0.58077814996135013]
[2.5128338086595798, 3.5372050816696916, 2.5081669691470054, 3.6930256676173192, 2.5296862846772101, 9.6849883329012183, 2.500129634430905, 7.610318900700026, 2.5009074410163339, 7.8133264194970184, 0.58594762768991449]
[2.5375987764465968, 6.0135100688248793, 2.5154218710170788, 8.3915370889625294, 2.5062452204945194, 4.1241396890135098, 2.4522049451950036, 9.3810859036451699, 2.488911547285241, 3.314555187356615, 0.59316849349987255]
[2.4830677290836651, 9.0209163346613543, 2.4810756972111552, 3.7758964143426295, 2.5023240371845952, 4.3519256308100926, 2.5245683930942895, 9.8469455511288189, 2.4913678618857902, 9.3861221779548476, 0.5627490039840638]
[2.5051813471502591, 6.513471502590674, 2.5240932642487048, 8.5147668393782379, 2.4826424870466322, 3.6025906735751296, 2.5142487046632125, 3.8352331606217618, 2.495077720207254, 9.6505181347150266, 0.59533678756476682]
[2.5022493573264781, 4.9241645244215935, 2.4562982005141389, 10.376606683804628, 2.5253856041131106, 9.9906812339331612, 2.5016066838046274, 4.1253213367609254, 2.4829691516709511, 5.3682519280205652, 0.53727506426735216]
[2.5224368499257057, 8.8736998514115903, 2.5120356612184249, 10.241307578008914, 2.4956909361069837, 9.1824665676077259, 2.4823179791976226, 9.7857355126300156, 2.5057949479940564, 8.8858841010401193, 0.90014858841010403]
error_afkmc2             = 1131882.70884    during_afkmc2 = 247.304225922
error_kpp                = 1128000.33414    during_kpp = 251.675688982
error_afkmc2_with_weight = 1131814.53967    during_afkmc2_with_weight = 267.111163855

Process finished with exit code 0
