/usr/bin/python /Users/sahara/PycharmProjects/Kmeans/testKmeans.py
初始化数组
afkmc2
seed array
[array([  4.,   3.,   1.,  13.,   2.,  13.,   1.,   3.,   1.,   6.,   2.]), array([  1.,  12.,   1.,   9.,   2.,   6.,   4.,  12.,   1.,   1.,   1.]), array([  2.,  11.,   3.,  10.,   2.,   6.,   4.,   3.,   4.,   9.,   0.]), array([  1.,  12.,   2.,   8.,   2.,   2.,   1.,   1.,   3.,   8.,   1.]), array([  1.,   7.,   1.,   2.,   4.,  12.,   4.,   9.,   1.,   4.,   0.]), array([  1.,  10.,   1.,   2.,   4.,  10.,   1.,   5.,   4.,  12.,   1.]), array([  2.,   2.,   1.,   7.,   3.,   5.,   2.,  13.,   1.,   3.,   0.])]
将numpy 数组 转化为 多维空间 point
开始 Kmeans
划定聚类中心
开始迭代
迭代中.
迭代结束
迭代次数 count=100
[2.5268267756770566, 4.8017373530914664, 2.492846193152785, 9.6073071027082264, 2.5132856412876854, 10.280786918753194, 2.4864588656106283, 4.1060296371997955, 2.4859478794072558, 7.6645375574859482, 0.55850792028615226]
[2.4888828633405642, 10.043112798264643, 2.5279284164859002, 9.8701193058568322, 2.5086767895878523, 7.0680585683297181, 2.4788503253796095, 9.5314533622559647, 2.5111171366594358, 4.2231561822125814, 0.66241865509761388]
[2.4867316090023515, 9.2505878401074906, 2.4790057104467587, 9.3963721867652001, 2.4877393349009069, 3.7611689620423245, 2.4981525025193148, 3.8723547195162915, 2.4968088679879075, 9.2519314746388979, 0.56533422908968756]
[2.4993366940833113, 7.4261077208808706, 2.4937649243831257, 4.0236136906341207, 2.4836826744494562, 5.5317060228177235, 2.5001326611833377, 4.0416556115680553, 2.5017245953833909, 3.8137436985937914, 0.79410984345980362]
[2.4920229738353541, 4.2000638162093171, 2.4910657306955968, 4.655073388640715, 2.5312699425654115, 9.8388640714741538, 2.4891512444160817, 9.9783024888321634, 2.5079770261646459, 4.73580089342693, 0.57977026164645817]
[2.5138236828377671, 9.5075639019300997, 2.4976525821596245, 3.6768388106416277, 2.5612936880542514, 8.3651538862806465, 2.4976525821596245, 7.6577986437141368, 2.4859154929577465, 10.28925404277517, 0.60928534167970783]
[2.5457498646453707, 3.7831618841364376, 2.4975636166756905, 8.0121819166215484, 2.4829453167298321, 3.8345966432051974, 2.5208446128857607, 9.4788846778559819, 2.4943151055766108, 8.7590687601515977, 0.56226312939902545]
kpp
seed array
[array([  2.,   1.,   3.,  10.,   3.,   7.,   1.,   1.,   4.,   7.,   2.]), array([  1.,   8.,   1.,   3.,   4.,   5.,   3.,  11.,   3.,  10.,   0.]), array([  4.,   2.,   3.,   3.,   1.,  11.,   1.,   4.,   1.,   3.,   1.]), array([  4.,  12.,   4.,   6.,   1.,   8.,   1.,   3.,   4.,   4.,   0.]), array([  1.,  12.,   1.,  10.,   3.,  11.,   1.,   1.,   4.,  13.,   4.]), array([  1.,   6.,   4.,   3.,   3.,   3.,   4.,   1.,   2.,  10.,   1.]), array([  2.,  13.,   2.,  12.,   2.,   2.,   2.,   8.,   4.,   3.,   0.])]
将numpy 数组 转化为 多维空间 point
开始 Kmeans
划定聚类中心
开始迭代
迭代中.
迭代结束
迭代次数 count=100
[2.5311919299177066, 3.7602867002920095, 2.4956198566498542, 10.538624900451287, 2.5128749668170958, 9.3193522697106452, 2.4868595699495621, 7.0100876028670029, 2.4919033713830636, 8.5481815768516061, 0.59755773825325198]
[2.4901737396753063, 9.261179151238963, 2.4918826545143835, 4.5311876958131583, 2.4981486755909996, 4.8840786100825975, 2.5223583024779264, 10.389347764169752, 2.4921674736542294, 9.1794360581031054, 0.62147536314440333]
[2.5199761478831246, 4.1535480023852118, 2.494633273703041, 4.1141920095408464, 2.5274299344066784, 9.5491949910554563, 2.4937388193202148, 9.9156231365533696, 2.5047704233750747, 5.4698867024448417, 0.5572450805008945]
[2.4675467546754675, 10.007975797579759, 2.4818481848184817, 6.1350385038503852, 2.5090759075907592, 9.5701320132013201, 2.5013751375137514, 4.952145214521452, 2.5110011001100112, 3.5778327832783279, 0.56325632563256323]
[2.5198776758409784, 10.426605504587156, 2.4905198776758408, 8.4308868501529055, 2.5314984709480122, 7.4706422018348624, 2.5055045871559631, 4.3948012232415898, 2.501223241590214, 10.463914373088684, 0.66391437308868506]
[2.5118417386458622, 4.1997770966843131, 2.5140707718027304, 4.5045973808860404, 2.5012538311507382, 4.821398718305935, 2.5020897185845641, 3.6299804959598774, 2.4903872945110059, 7.8868765672889385, 0.77514628030091948]
[2.5204738604172032, 7.4123100695338655, 2.5135204738604173, 10.294875096574813, 2.4952356425444244, 3.7630697913984035, 2.4638166366211691, 8.2629410249806856, 2.4911151171774399, 4.0767447849600824, 0.57481328869430848]
afkmc2_with_weight
kpp
seed array
[array([  3.,  11.,   1.,   3.,   2.,   7.,   1.,   9.,   3.,  13.,   0.]), array([  3.,   4.,   2.,   7.,   2.,  13.,   2.,   3.,   1.,   9.,   0.]), array([  3.,  13.,   4.,   2.,   3.,  12.,   1.,  10.,   2.,   4.,   0.]), array([  2.,   2.,   4.,  13.,   3.,   1.,   2.,   8.,   3.,   4.,   0.]), array([  3.,   9.,   1.,  11.,   4.,  11.,   3.,  13.,   2.,   4.,   1.]), array([  4.,   5.,   1.,   8.,   2.,   8.,   3.,  11.,   3.,   2.,   1.]), array([  3.,   1.,   3.,  11.,   1.,  10.,   4.,   2.,   1.,   6.,   0.])]
将numpy 数组 转化为 多维空间 point
开始 Kmeans
划定聚类中心
开始迭代
迭代中..
迭代结束
迭代次数 count=5
[2.4859292281972696, 9.34215658957927, 2.476177208135971, 4.2897743103928674, 2.4839788241850096, 4.2822513234884365, 2.5346893285037613, 7.5502925606018385, 2.4928949568124827, 10.294232376706603, 0.58122039565338535]
[2.5118470651588582, 4.7498653742595582, 2.511039310716209, 5.2027463651050079, 2.520193861066236, 10.098007539041465, 2.4997307485191169, 5.5282714054927302, 2.5002692514808831, 10.417070543887991, 0.56677436725901997]
[2.4668160179221506, 10.400448053766452, 2.5091010921310559, 4.2436292355082612, 2.5264631755810698, 7.7754130495659481, 2.5032203864463733, 5.3816858022962757, 2.5085410249229909, 3.8210585270232427, 0.57546905628675438]
[2.5283018867924527, 6.2613462519122898, 2.5267720550739416, 10.461754207037226, 2.4887812340642528, 2.9232534421213665, 2.4831718510963796, 6.4561448240693524, 2.5007649158592553, 7.8510963793982658, 0.55354411014788374]
[2.53769123783032, 9.2853963838664804, 2.4979137691237829, 10.429763560500696, 2.5098748261474269, 9.2945757997218355, 2.4653685674547985, 9.7813630041724622, 2.5098748261474269, 6.8770514603616135, 0.83810848400556326]
[2.5394270122783085, 3.8338335607094134, 2.5001364256480216, 4.7418826739427011, 2.5252387448840383, 6.4914051841746252, 2.4851296043656208, 9.9047748976807632, 2.4952251023192362, 4.2619372442019099, 0.65702592087312417]
[2.4840893703452944, 4.9600541638456335, 2.4515910629654707, 10.036222071767096, 2.5203114421123898, 8.8405551794177395, 2.5027081922816521, 3.3842247799593772, 2.4681787406905888, 4.6455653351387944, 0.57447528774542989]
min_dist=56.6055365009
seed array
[array([  2.,   5.,   4.,  11.,   2.,   1.,   4.,   7.,   3.,   8.,   0.]), array([  3.,   2.,   1.,   2.,   2.,   6.,   2.,  11.,   1.,   5.,   1.]), array([  2.,   5.,   1.,  10.,   4.,  11.,   4.,   5.,   4.,   6.,   1.]), array([  2.,   7.,   3.,   5.,   3.,   2.,   4.,   8.,   3.,  12.,   0.]), array([  2.,   9.,   2.,  11.,   4.,   8.,   4.,  10.,   2.,   8.,   1.]), array([ 2.,  4.,  2.,  5.,  4.,  5.,  4.,  9.,  1.,  2.,  1.]), array([  3.,  13.,   2.,   4.,   2.,   9.,   2.,   3.,   3.,   3.,   1.])]
将numpy 数组 转化为 多维空间 point
开始 Kmeans
划定聚类中心
开始迭代
迭代中.
迭代结束
迭代次数 count=100
[2.5251738525730181, 4.814186369958275, 2.5248956884561893, 10.301808066759389, 2.4840055632823366, 3.3504867872044506, 2.4756606397774688, 5.9763560500695414, 2.4815020862308761, 8.3963838664812247, 0.55660639777468701]
[2.5115789473684211, 5.5190977443609022, 2.488721804511278, 4.6057142857142859, 2.5627067669172932, 9.9019548872180447, 2.4866165413533836, 10.125413533834587, 2.5073684210526315, 9.7169924812030075, 0.61353383458646615]
[2.5012531328320802, 4.5235310498468397, 2.4803675856307437, 9.3269284321915897, 2.5162907268170427, 10.565580618212197, 2.4909495962127539, 4.2121971595655809, 2.4928989139515454, 7.5653021442495128, 0.55694792536897797]
[2.5111940298507465, 9.8091684434968016, 2.4936034115138592, 4.6753731343283578, 2.5098614072494669, 4.8256929637526653, 2.5175906183368868, 5.6164712153518126, 2.4800106609808101, 10.328891257995735, 0.58795309168443499]
[2.5022867904223838, 9.5337637880010764, 2.5184288404627386, 10.156577885391444, 2.4907183212267956, 6.9357008340059192, 2.4842615012106539, 10.347592144202313, 2.5270379338175948, 5.101694915254237, 0.70944309927360771]
[2.5199214365881031, 4.2438271604938276, 2.5016835016835017, 4.0813692480359149, 2.5044893378226711, 5.2755331088664423, 2.5058922558922561, 8.274130190796857, 2.484006734006734, 3.7789001122334454, 0.77384960718294049]
[2.489613387189844, 10.295152914021926, 2.4743219849971148, 5.6961915753029428, 2.508078476630121, 8.6053087132140789, 2.5098095787651471, 4.1341604154645122, 2.5092325447201387, 3.8349682631275246, 0.5461627236006924]
error_afkmc2             = 1129990.40468    during_afkmc2 = 241.400069952
error_kpp                = 1130649.29908    during_kpp = 244.498172045
error_afkmc2_with_weight = 1129288.00676    during_afkmc2_with_weight = 263.98868084

Process finished with exit code 0
