/usr/bin/python /Users/sahara/PycharmProjects/Kmeans/testKmeans.py
初始化数组
afkmc2
seed array
[array([  3.,   3.,   4.,  13.,   4.,  11.,   4.,   3.,   2.,   1.,   1.]), array([  3.,  10.,   1.,   6.,   1.,  12.,   2.,   1.,   2.,   9.,   0.]), array([  2.,   3.,   3.,   2.,   4.,   6.,   2.,  11.,   4.,   4.,   0.]), array([  1.,   7.,   2.,   1.,   2.,  10.,   4.,   4.,   2.,  12.,   0.]), array([  4.,   5.,   2.,   4.,   3.,   9.,   1.,  10.,   2.,  13.,   0.]), array([  3.,  12.,   4.,  13.,   3.,   3.,   2.,   1.,   3.,   1.,   1.]), array([ 3.,  1.,  2.,  8.,  4.,  6.,  1.,  8.,  4.,  8.,  3.])]
将numpy 数组 转化为 多维空间 point
开始 Kmeans
划定聚类中心
开始迭代
迭代中.
迭代结束
迭代次数 count=100
[2.4969562811289432, 4.3184836745987827, 2.4681793027116767, 10.377697841726619, 2.5329275041505257, 10.619535141117876, 2.4806308799114554, 7.1109573879358052, 2.4867183176535694, 6.8644161593801885, 0.62119535141117876]
[2.5013997760358344, 10.576707726763718, 2.5019596864501681, 6.7494400895856659, 2.5268756998880177, 10.237402015677491, 2.5044792833146698, 3.9613661814109742, 2.5237961926091823, 7.0716685330347149, 0.58398656215005595]
[2.494689770821688, 5.2062604807154838, 2.485746226942426, 4.2347680268306318, 2.5176076020122973, 8.0340972610396868, 2.4877026271660143, 10.191168250419228, 2.5025153717160427, 3.804639463387367, 0.59642258244829516]
[2.5036578503095104, 4.4181204276871133, 2.5104108047270679, 3.6038266741699494, 2.5084411930219472, 6.2948790095666851, 2.4985931344963421, 3.5551491277433875, 2.4803038829487902, 7.9425998874507595, 0.74169949352841869]
[2.4920724801812004, 9.7485843714609288, 2.5050962627406568, 4.737542468856172, 2.5008493771234428, 6.1622310305775763, 2.5218006795016987, 10.043601359003398, 2.4994337485843716, 10.021517553793885, 0.67015855039637595]
[2.5316946959896507, 9.5301423027166887, 2.5058214747736094, 9.2706338939197934, 2.5011642949547217, 3.9712807244501942, 2.4838292367399739, 6.4514877102199222, 2.4768434670116428, 3.7197930142302718, 0.59534282018111251]
[2.5414264036418817, 4.8461305007587256, 2.5074355083459787, 10.102276176024279, 2.4819423368740514, 3.7162367223065251, 2.4959028831562975, 7.3669195751138092, 2.5147192716236724, 9.8500758725341431, 0.53596358118361154]
kpp
seed array
[array([  1.,   5.,   1.,   2.,   4.,  12.,   4.,   3.,   4.,   4.,   0.]), array([  4.,   2.,   1.,  12.,   1.,   5.,   3.,   4.,   3.,   6.,   0.]), array([  1.,  13.,   4.,   6.,   3.,   9.,   4.,   8.,   4.,  11.,   0.]), array([  2.,   5.,   3.,   4.,   4.,   8.,   2.,  12.,   2.,   9.,   0.]), array([  2.,  11.,   1.,  13.,   4.,   6.,   1.,   4.,   3.,   8.,   0.]), array([  4.,  13.,   2.,   8.,   3.,  12.,   2.,  12.,   2.,  13.,   2.]), array([  4.,   1.,   2.,   8.,   2.,  11.,   4.,  13.,   4.,  11.,   1.])]
将numpy 数组 转化为 多维空间 point
开始 Kmeans
划定聚类中心
开始迭代
迭代中.
迭代结束
迭代次数 count=100
[2.4719808210967935, 7.2792927779442609, 2.4917590650284689, 3.7159124962541203, 2.5427030266706621, 9.816302067725502, 2.5058435720707224, 4.1111777045250228, 2.5052442313455199, 4.4941564279292781, 0.60293676955349118]
[2.5370262390670555, 4.168221574344023, 2.536734693877551, 8.8405247813411076, 2.4758017492711368, 3.4962099125364432, 2.4892128279883381, 6.6679300291545189, 2.4874635568513122, 9.9183673469387763, 0.57172011661807576]
[2.5048174442190669, 10.518255578093306, 2.4896044624746452, 4.5476673427991887, 2.5195233265720081, 6.14604462474645, 2.5159736308316432, 7.3354462474645032, 2.4827586206896552, 10.338235294117647, 0.60319472616632863]
[2.5238642898217365, 4.8714778608395628, 2.5097757331799886, 4.0451408855664175, 2.4841863139735478, 5.2052903967797581, 2.4930994824611847, 9.9332949971247846, 2.5031627372052903, 4.41345600920069, 0.67078780908568147]
[2.515211267605634, 8.6960563380281695, 2.4740845070422535, 9.845352112676057, 2.5194366197183098, 5.1529577464788732, 2.5016901408450702, 3.5171830985915493, 2.4904225352112674, 4.4636619718309856, 0.59323943661971834]
[2.5072381493045701, 8.9083167754754466, 2.4870848708487086, 10.068407607152995, 2.5007096224808403, 8.3465796196423501, 2.4921941527107578, 10.47175702526256, 2.5112120351972749, 4.786261708770934, 0.71898949758728359]
[2.501067235859125, 4.1838313767342585, 2.4970651013874066, 8.0776414087513349, 2.5274813233724651, 10.841248665955176, 2.4727854855923157, 6.4525080042689433, 2.5026680896478122, 9.6822305229455718, 0.58991462113127002]
afkmc2_with_weight
kpp
seed array
[array([  3.,  10.,   1.,   7.,   3.,   6.,   1.,  12.,   2.,   3.,   0.]), array([  3.,  10.,   4.,  12.,   3.,   1.,   4.,   2.,   2.,   5.,   0.]), array([ 4.,  7.,  2.,  9.,  1.,  7.,  1.,  4.,  1.,  3.,  1.]), array([  4.,   4.,   3.,   7.,   2.,   6.,   1.,   4.,   2.,  13.,   1.]), array([  1.,   2.,   3.,   3.,   4.,   8.,   4.,  11.,   4.,   1.,   0.]), array([  2.,   9.,   4.,   6.,   3.,  12.,   4.,  12.,   1.,  10.,   1.]), array([  2.,  13.,   2.,  12.,   4.,  10.,   2.,   3.,   3.,   3.,   1.])]
将numpy 数组 转化为 多维空间 point
开始 Kmeans
划定聚类中心
开始迭代
迭代中..
迭代结束
迭代次数 count=5
[2.489223578291353, 9.5240197351337308, 2.5201246429498831, 6.9916904700077902, 2.4585821864450792, 4.2575954297585046, 2.5029862373409504, 10.433913269280707, 2.4920799792261752, 5.0991950142820048, 0.58634121007530515]
[2.5089529590288318, 9.9978755690440053, 2.4682852807283764, 8.3481031866464335, 2.5144157814871018, 3.3162367223065252, 2.5207890743550836, 4.0959028831562971, 2.523216995447648, 7.7775417298937786, 0.55811836115326252]
[2.5062344139650872, 3.8204488778054864, 2.4392144638403992, 7.4523067331670827, 2.5031172069825436, 7.2998753117206983, 2.5084164588528677, 3.5757481296758105, 2.4931421446384041, 3.8357231920199499, 0.76465087281795507]
[2.528689492325856, 3.7853600944510037, 2.5296340023612749, 6.6807556080283357, 2.5003541912632823, 5.7270365997638724, 2.4850059031877212, 5.7258559622195984, 2.4595041322314048, 10.78323494687131, 0.5530106257378985]
[2.5284241531664211, 3.5602356406480116, 2.4871870397643594, 5.9561119293078058, 2.5405007363770249, 8.3275405007363776, 2.5030927835051546, 10.285714285714286, 2.4966126656848306, 4.3160530191458024, 0.56612665684830632]
[2.5107384524860255, 8.2515445719329215, 2.5228008237716977, 5.9864666078258315, 2.5442777287437481, 9.9293909973521632, 2.4804354221829952, 9.7596351868196525, 2.5086790232421299, 10.41306266548985, 0.78552515445719329]
[2.488006617038875, 10.176454370002757, 2.5015164047422114, 7.7816377171215878, 2.5188861317893574, 10.589192169837331, 2.475323959194927, 4.4502343534601598, 2.5172318720705817, 5.7499310725117176, 0.56548111386821065]
min_dist=48.6604116498
seed array
[array([  2.,   9.,   4.,   6.,   4.,   5.,   4.,  10.,   4.,   7.,   0.]), array([  2.,  11.,   2.,   7.,   4.,   5.,   1.,   2.,   2.,   8.,   0.]), array([  2.,   2.,   3.,   8.,   3.,   9.,   1.,  12.,   4.,   4.,   0.]), array([ 3.,  6.,  2.,  6.,  3.,  8.,  3.,  4.,  3.,  2.,  1.]), array([  4.,   5.,   3.,   5.,   1.,  10.,   3.,  11.,   2.,   3.,   1.]), array([  4.,  10.,   2.,   9.,   2.,   2.,   1.,   4.,   3.,  10.,   1.]), array([ 3.,  4.,  2.,  5.,  1.,  6.,  1.,  7.,  4.,  9.,  0.])]
将numpy 数组 转化为 多维空间 point
开始 Kmeans
划定聚类中心
开始迭代
迭代中.
迭代结束
迭代次数 count=100
[2.4664981036662454, 10.043489254108723, 2.4991150442477874, 4.4298356510745895, 2.4791403286978508, 4.3785082174462708, 2.5072060682680153, 9.7458912768647288, 2.4925410872313529, 6.7378002528445009, 0.59671302149178251]
[2.4743426091396477, 10.197089609394945, 2.4983405667602758, 7.3502680622925709, 2.5243809037528719, 10.294357926984937, 2.4899157518509063, 4.67806995149349, 2.5141690068930305, 4.9017104927240238, 0.55782486596885372]
[2.5297282754909873, 5.5238095238095237, 2.5195049771320956, 10.270648372343288, 2.5087436104385259, 8.6252354048964222, 2.4794188861985473, 10.016411084207695, 2.5076674737691689, 9.2690341673392513, 0.75006725854183476]
[2.5327754532775453, 4.7969316596931657, 2.4739191073919109, 9.6036262203626226, 2.5308228730822875, 4.3305439330543933, 2.4767085076708506, 5.5779637377963738, 2.4602510460251046, 3.625383542538354, 0.66778242677824273]
[2.5021097046413501, 4.1480038948393378, 2.4761441090555016, 4.2268743914313536, 2.5264524505030832, 9.3235962349886403, 2.5092502434274588, 9.5845504706264197, 2.5069782538136969, 4.170074651087309, 0.60629665692956836]
[2.5279869067103111, 9.1623567921440259, 2.4811783960720133, 9.5037643207855975, 2.4733224222585926, 4.2451718494271686, 2.5142389525368247, 4.3924713584288053, 2.509328968903437, 10.142716857610475, 0.55908346972176759]
[2.5356756756756758, 4.537027027027027, 2.5283783783783784, 3.905945945945946, 2.5270270270270272, 7.7037837837837841, 2.4991891891891891, 4.4824324324324323, 2.4921621621621624, 10.001621621621622, 0.60324324324324319]
error_afkmc2             = 1127434.79268    during_afkmc2 = 230.349910975
error_kpp                = 1131522.61176    during_kpp = 233.549401999
error_afkmc2_with_weight = 1128577.00519    during_afkmc2_with_weight = 248.544677973

Process finished with exit code 0
