/usr/bin/python /Users/sahara/PycharmProjects/Kmeans/testKmeans.py
初始化数组
afkmc2
中心点 seeding
[array([  4.,   4.,   4.,   5.,   2.,   2.,   2.,   7.,   1.,  12.,   0.]), array([  2.,  12.,   2.,  13.,   3.,   7.,   3.,  12.,   3.,   4.,   1.]), array([  1.,   7.,   1.,   9.,   1.,  11.,   3.,   5.,   2.,   3.,   0.]), array([  4.,  12.,   3.,   7.,   2.,   5.,   1.,   8.,   4.,  11.,   0.]), array([  2.,  11.,   4.,   6.,   2.,  13.,   3.,  11.,   1.,  11.,   3.]), array([  4.,  11.,   2.,  11.,   1.,  11.,   2.,   5.,   3.,   3.,   3.]), array([  1.,  11.,   2.,   2.,   2.,   7.,   2.,  10.,   2.,   8.,   0.])]
将numpy 数组 转化为 多维空间 point
开始 Kmeans
划定聚类中心
开始迭代
迭代次数 count=129
[2.505971087366436, 3.8972344437460715, 2.5037712130735388, 9.9978001257071032, 2.5012570710245128, 6.0773098680075428, 2.5147705845380264, 4.2127592708988058, 2.4770584538026399, 9.6731615336266508, 0.52859836580766817]
[2.5506123469132715, 6.1149712571857036, 2.5056235941014746, 10.492376905773556, 2.4933766558360411, 5.1624593851537117, 2.4586353411647086, 10.237940514871282, 2.5111222194451388, 5.22144463884029, 0.60009997500624845]
[2.5203463203463206, 3.8802308802308803, 2.4721500721500722, 4.4724386724386722, 2.5096681096681097, 7.1962481962481961, 2.5168831168831169, 4.4129870129870126, 2.5053391053391052, 4.0184704184704181, 0.81414141414141417]
[2.5182926829268291, 10.090933191940614, 2.4870095440084836, 5.48966065747614, 2.4944326617179216, 3.9422057264050903, 2.5304878048780486, 5.5784729586426298, 2.4840933191940615, 9.7725344644750791, 0.58457051961823969]
[2.5066595631326587, 5.1081513052743741, 2.4845498135322321, 4.8319126265316994, 2.5631326584976026, 9.7045817794352693, 2.4834842834310069, 9.4477890250399579, 2.490676611614278, 10.144912093766649, 0.62786361214704312]
[2.5061761546723953, 9.9970461868958118, 2.4892588614393127, 9.4347475832438246, 2.5051020408163267, 10.102040816326531, 2.4860365198711065, 4.5332975295381308, 2.5171858216970997, 5.795918367346939, 0.6361439312567132]
[2.4389460154241647, 9.6950514138817478, 2.5488431876606685, 3.9055269922879177, 2.5032133676092543, 6.9328406169665806, 2.4861825192802058, 9.8271208226221081, 2.4916452442159382, 3.8602185089974292, 0.54627249357326479]
kpp
中心点 seeding
[array([  1.,  12.,   4.,   2.,   2.,   4.,   4.,   9.,   3.,  11.,   0.]), array([  3.,  11.,   4.,  11.,   2.,  10.,   4.,   1.,   2.,   4.,   1.]), array([  2.,   7.,   2.,   2.,   4.,  12.,   4.,   5.,   1.,  13.,   0.]), array([  4.,   1.,   2.,   3.,   1.,  13.,   4.,  12.,   3.,   5.,   0.]), array([  2.,  11.,   3.,   8.,   2.,   4.,   3.,   5.,   1.,  12.,   0.]), array([  1.,  10.,   3.,  12.,   2.,   6.,   2.,  11.,   3.,  11.,   1.]), array([  2.,  10.,   3.,   1.,   3.,   9.,   2.,   9.,   3.,   5.,   1.])]
将numpy 数组 转化为 多维空间 point
开始 Kmeans
划定聚类中心
开始迭代
迭代次数 count=61
[2.4905925301881493, 9.248806515023869, 2.4891884302162315, 4.3515866329682673, 2.5214827295703452, 5.7635495647290087, 2.5094074698118507, 9.6211738275765235, 2.4931199101376018, 10.334456613310868, 0.6051670878966583]
[2.5258908685968819, 9.5871380846325174, 2.501391982182628, 10.275055679287306, 2.5303452115812917, 10.285913140311804, 2.4749443207126949, 5.770879732739421, 2.5061247216035634, 5.437639198218263, 0.67149220489977723]
[2.5145903479236811, 5.1226150392817056, 2.5030864197530862, 5.3813131313131315, 2.5134680134680134, 10.156285072951739, 2.4927048260381595, 4.3431537598204262, 2.4896184062850728, 10.078002244668911, 0.53787878787878785]
[2.5034597287572655, 3.7683365624135066, 2.4694159977857737, 4.6877940769443676, 2.5275394409078329, 8.8577359535012459, 2.5206199833933018, 9.0354276224743977, 2.5009687240520342, 3.9767506227511764, 0.63714364793800171]
[2.5030170049369174, 5.4816236972024139, 2.5063082830499179, 9.0789906747120135, 2.492868897421832, 3.5740537575425124, 2.49917718047175, 3.4295117937465718, 2.4909489851892483, 7.86204059243006, 0.64783324190894132]
[2.5556768558951966, 5.830513100436681, 2.5245633187772927, 10.72953056768559, 2.4994541484716155, 5.2210698689956327, 2.4836244541484715, 10.587609170305678, 2.4915393013100435, 7.1869541484716155, 0.61681222707423577]
[2.4643916913946589, 10.195252225519289, 2.4890207715133532, 4.2997032640949557, 2.4854599406528188, 5.2201780415430266, 2.49080118694362, 5.7032640949554896, 2.5097922848664687, 3.7154302670623145, 0.63115727002967359]
afkmc2_with_weight
afkmc2
中心点 seeding
[array([  2.,  10.,   4.,   2.,   3.,   3.,   4.,   6.,   2.,   9.,   0.]), array([  4.,  10.,   1.,  12.,   3.,   4.,   2.,  13.,   3.,   6.,   0.]), array([ 2.,  1.,  1.,  9.,  2.,  4.,  4.,  3.,  1.,  5.,  0.]), array([  1.,   9.,   2.,   6.,   4.,   4.,   4.,  10.,   1.,   1.,   0.]), array([  1.,   3.,   4.,   5.,   4.,  13.,   3.,   8.,   2.,  11.,   0.]), array([  3.,  12.,   1.,   8.,   2.,   8.,   3.,   3.,   3.,  13.,   1.]), array([ 1.,  9.,  4.,  9.,  4.,  1.,  2.,  2.,  1.,  4.,  1.])]
将numpy 数组 转化为 多维空间 point
开始 Kmeans
划定聚类中心
开始迭代
迭代次数 count=5
[2.5050422458435539, 8.0188062142273093, 2.4764240937585171, 3.5440174434450804, 2.489779231398201, 3.8157536113382391, 2.5249386753883893, 7.0806759334968659, 2.4889615699100571, 9.8176614881439086, 0.59634777868629052]
[2.5333333333333332, 7.0746153846153845, 2.5369230769230771, 10.684102564102565, 2.5002564102564104, 5.1884615384615387, 2.4784615384615383, 10.627435897435898, 2.5107692307692306, 7.5266666666666664, 0.65384615384615385]
[2.5033165295834441, 2.8615017245953833, 2.4706818784823561, 8.4969487927832308, 2.5041124966834705, 6.249137702308305, 2.5083576545502786, 4.0068983815335635, 2.4794375165826481, 5.8522154417617402, 0.70920668612364024]
[2.4693149987267633, 7.9429590017825316, 2.5212630506748153, 4.3165266106442575, 2.5133689839572191, 8.3613445378151265, 2.4853577794754265, 9.2704354469060348, 2.4970715558950851, 3.1094983447924625, 0.60351413292589762]
[2.5141122913505312, 3.6713201820940817, 2.4943854324734445, 5.3505311077389983, 2.5238239757207892, 10.555993930197269, 2.472534142640364, 8.5411229135053119, 2.5104704097116843, 9.2682852807283762, 0.5541729893778452]
[2.5133101851851851, 9.7609953703703702, 2.4901620370370372, 8.0465856481481488, 2.5289351851851851, 10.312210648148149, 2.4829282407407409, 4.3373842592592595, 2.5014467592592591, 9.260706018518519, 0.65943287037037035]
[2.5287241148964594, 10.063794255177021, 2.488309953239813, 8.7972611890447556, 2.5153640614562458, 4.802939211756847, 2.5220440881763526, 3.8627254509018036, 2.4936539746158983, 3.9916499665998666, 0.55076820307281227]
min_dist=57.563760098
中心点 seeding
[array([  2.,   3.,   2.,   4.,   2.,  11.,   1.,   9.,   3.,   8.,   0.]), array([  3.,   7.,   4.,  11.,   3.,   4.,   4.,  12.,   1.,   9.,   0.]), array([ 2.,  1.,  2.,  7.,  1.,  8.,  3.,  4.,  2.,  5.,  0.]), array([  2.,  10.,   1.,   8.,   1.,   9.,   4.,   4.,   4.,  10.,   1.]), array([  2.,  12.,   3.,  10.,   3.,   7.,   3.,   3.,   2.,   4.,   0.]), array([  2.,   8.,   3.,   7.,   4.,  11.,   3.,   4.,   2.,   7.,   1.]), array([  3.,   8.,   2.,  11.,   4.,   3.,   4.,  11.,   2.,   8.,   2.])]
将numpy 数组 转化为 多维空间 point
开始 Kmeans
划定聚类中心
开始迭代
迭代次数 count=49
[2.5042527339003646, 3.8778857837181047, 2.4945321992709597, 4.1239368165249086, 2.5425273390036454, 9.6710206561360881, 2.500303766707169, 9.9103888213851761, 2.5106318347509111, 6.3523693803159178, 0.53675577156743626]
[2.532154340836013, 5.117631296891747, 2.5131296891747055, 10.303590568060022, 2.5032154340836015, 5.073151125401929, 2.4836548767416935, 9.889335476956056, 2.4938370846730975, 9.1811361200428721, 0.64147909967845662]
[2.5180270405608414, 3.1256885327991988, 2.4954932398597895, 6.3262393590385582, 2.4827240861291937, 6.6204306459689537, 2.4989984977466198, 3.2766649974962445, 2.4759639459188785, 6.9847270906359542, 0.73735603405107664]
[2.5171356923934245, 9.7405962663694616, 2.4895514070771805, 5.2925606018389519, 2.5274449707439399, 9.7704095848425752, 2.4981889105600446, 4.950682641404291, 2.486765115631095, 10.076901643911953, 0.64614098634717188]
[2.5047558655675335, 9.6217501585288527, 2.4743183259353203, 9.2419150285351925, 2.5190234622701331, 3.4908053265694354, 2.5253646163601777, 3.8430564362714015, 2.5057070386810398, 6.0183893468611291, 0.57545973367152825]
[2.501917808219178, 8.6095890410958908, 2.4964383561643837, 9.9128767123287673, 2.5202739726027397, 10.270958904109589, 2.4682191780821916, 7.2895890410958906, 2.513972602739726, 3.8517808219178082, 0.61178082191780825]
[2.4804112253403723, 9.4112253403723258, 2.5170880800222286, 3.8352320088913587, 2.4834676298971936, 4.0697415948874687, 2.5012503473186998, 9.5904417893859399, 2.4987496526813002, 6.0733537093637118, 0.57293692692414555]
error_afkmc2             = 1129099.1369    during_afkmc2 = 326.906404018
error_kpp                = 1126220.94132    during_kpp = 163.909427881
error_afkmc2_with_weight = 1128290.72429    during_afkmc2_with_weight = 148.240043879

Process finished with exit code 0
