/usr/bin/python /Users/sahara/PycharmProjects/Kmeans/testKmeans.py
初始化数组
afkmc2
seed array
[array([  3.,   9.,   4.,  10.,   2.,   7.,   1.,   5.,   3.,  12.,   0.]), array([  3.,   4.,   1.,  13.,   3.,   8.,   3.,   5.,   1.,   3.,   0.]), array([  1.,  10.,   4.,   5.,   4.,   1.,   4.,   9.,   4.,  10.,   1.]), array([  3.,   1.,   2.,   4.,   4.,  12.,   4.,  11.,   4.,  10.,   0.]), array([  3.,   8.,   2.,   8.,   2.,   2.,   3.,  13.,   3.,  11.,   1.]), array([  1.,   5.,   1.,  13.,   2.,   1.,   2.,   9.,   4.,   5.,   1.]), array([  2.,  11.,   1.,   7.,   4.,  12.,   4.,  10.,   1.,   9.,   0.])]
将numpy 数组 转化为 多维空间 point
开始 Kmeans
划定聚类中心
开始迭代
迭代中.
迭代结束
迭代次数 count=100
[2.508616320324379, 10.113279270146984, 2.4774455144450078, 7.8322351748606183, 2.5220476431829701, 6.4853015712113535, 2.5271160669031931, 3.5960466294982258, 2.4916371008616318, 9.8104409528636598, 0.56614292954891032]
[2.501165501165501, 4.9176379176379177, 2.4636104636104634, 10.340326340326341, 2.5229215229215227, 10.328153328153329, 2.4768194768194767, 6.3172753172753175, 2.5045325045325044, 4.9992229992229991, 0.58404558404558404]
[2.5222254086607401, 5.0258101519931175, 2.4924003441353597, 4.6383710926297681, 2.4628620590765702, 4.0960711213077143, 2.5073128763980499, 4.9833667909377688, 2.5032979638657871, 4.0154860911958705, 0.89188414109549752]
[2.5295021511985247, 3.9529809465273509, 2.5153657037492319, 4.0212046711739395, 2.5162876459741854, 10.071296865396436, 2.4904732636754763, 6.0946527350952673, 2.5144437615242778, 9.4941610325752919, 0.54302397049784878]
[2.5276503911518748, 5.0830860534124627, 2.5168599946048018, 8.2039384947396812, 2.4979768006474239, 4.2155381710277853, 2.5125438359859724, 9.7758295117345568, 2.4871864041003509, 10.190720258969517, 0.60156460749932561]
[2.5133707494222515, 9.7801254539451961, 2.5094090458897327, 10.206668867613073, 2.5021459227467813, 4.4793661274347967, 2.4724331462528886, 8.7028722350610757, 2.4965335094090459, 3.9924067348960053, 0.57543743809838233]
[2.4634997316156735, 9.984433709071391, 2.5155662909286098, 3.7595276435856144, 2.542404723564144, 9.0461621041331188, 2.4793344068706387, 9.4581320450885666, 2.4860440150295222, 5.7321524422973695, 0.58937198067632846]
kpp
seed array
[array([  1.,   4.,   3.,   7.,   4.,  12.,   3.,  10.,   2.,  10.,   1.]), array([ 3.,  8.,  4.,  3.,  4.,  4.,  3.,  3.,  2.,  5.,  1.]), array([ 3.,  6.,  1.,  1.,  2.,  6.,  3.,  3.,  4.,  9.,  1.]), array([  4.,   9.,   1.,  11.,   1.,   2.,   4.,   8.,   2.,   8.,   1.]), array([  1.,  11.,   1.,   2.,   1.,   7.,   1.,   6.,   4.,  11.,   1.]), array([  3.,  11.,   2.,  11.,   3.,  10.,   1.,  10.,   2.,   2.,   2.]), array([  3.,   9.,   2.,   8.,   1.,   7.,   4.,   2.,   3.,  12.,   0.])]
将numpy 数组 转化为 多维空间 point
开始 Kmeans
划定聚类中心
开始迭代
迭代中.
迭代结束
迭代次数 count=100
[2.4985537733368393, 3.7433605048645804, 2.4811990533789112, 6.3552458585327374, 2.5506179332106234, 9.9702866158296075, 2.4893505127530897, 9.9618722061530374, 2.4982908230344463, 5.3491980015777019, 0.5808572179858007]
[2.4825729668461323, 6.4111646358741856, 2.4896571266647776, 5.5570983281382826, 2.4927741569849817, 3.6245395296117882, 2.5100595069424765, 4.3519410597903088, 2.4811561348824029, 3.8143950127514876, 0.84046472088410318]
[2.5315024232633281, 5.0500807754442647, 2.5050080775444266, 3.6255250403877222, 2.5053311793214861, 8.7702746365105, 2.4946688206785139, 4.2533117932148627, 2.5043618739903071, 10.051696284329564, 0.5609046849757674]
[2.5658383319051699, 7.0131391031133958, 2.5318480434161668, 10.471293916023994, 2.4895744073121966, 4.0222793487574977, 2.4641530991145388, 10.407312196515281, 2.5055698371893746, 6.4035989717223654, 0.58983147672093683]
[2.4768370607028753, 10.034345047923322, 2.4944089456869007, 3.9094781682641107, 2.5300851970181042, 5.963525026624068, 2.5101171458998937, 9.7052715654952078, 2.4893503727369541, 8.9179978700745473, 0.60835995740149096]
[2.4788158609451387, 10.041825095057034, 2.5024443237370995, 8.3661053775122216, 2.5173818576860403, 10.249049429657795, 2.4720260727865289, 5.1192286800651816, 2.5116784356328083, 4.3221075502444322, 0.59451385116784361]
[2.5337541163556532, 6.378704720087816, 2.4824368825466521, 10.503841931942921, 2.4813391877058177, 6.4088913282107578, 2.5301866081229418, 4.2497255762897916, 2.491767288693743, 10.262074643249177, 0.5721734357848518]
afkmc2_with_weight
kpp
seed array
[array([  1.,   7.,   1.,   5.,   2.,  13.,   3.,   3.,   4.,   8.,   0.]), array([  3.,  12.,   2.,   8.,   4.,   4.,   1.,   6.,   2.,   7.,   0.]), array([  3.,   4.,   3.,  12.,   1.,  11.,   1.,   2.,   4.,   1.,   0.]), array([  1.,   3.,   2.,   7.,   4.,   1.,   3.,  12.,   4.,   3.,   1.]), array([  1.,  12.,   4.,   4.,   2.,   1.,   4.,  13.,   1.,   4.,   1.]), array([  2.,  12.,   4.,  12.,   4.,  13.,   1.,  10.,   3.,  13.,   2.]), array([  2.,  13.,   1.,   4.,   1.,   1.,   1.,   2.,   3.,   2.,   1.])]
将numpy 数组 转化为 多维空间 point
开始 Kmeans
划定聚类中心
开始迭代
迭代中..
迭代结束
迭代次数 count=5
[2.5334963325183373, 5.3511002444987774, 2.5107579462102692, 3.6897310513447432, 2.5408312958435206, 9.9356968215158918, 2.502444987775061, 5.1899755501222495, 2.497555012224939, 9.214669926650366, 0.55770171149144254]
[2.4953070528291765, 8.8087959238401723, 2.4827031375703941, 9.3282381335478686, 2.4985250737463125, 3.7449718423169749, 2.5138106731027086, 4.8787878787878789, 2.5138106731027086, 9.775543041029767, 0.54277286135693215]
[2.4979822437449557, 5.7573311810599943, 2.4662362119989241, 10.283023944040893, 2.5230024213075062, 9.3637341942426691, 2.4952919020715632, 4.926015603981706, 2.5039009954264193, 3.8778584880279796, 0.51062684960990046]
[2.5444473073950014, 3.1978871424890492, 2.4972945117237826, 7.0937902602422058, 2.4882762174697244, 4.2937387271321823, 2.500901829425406, 9.7750579747487762, 2.4771965988147384, 6.7446534398350941, 0.58258180881216182]
[2.4703938309005782, 10.076012117873864, 2.5238226383916276, 4.5268521068576151, 2.4913247039383091, 6.5004131093362707, 2.4891214541448639, 10.617736160837234, 2.4891214541448639, 5.4161388047369874, 0.55494354172404292]
[2.51051939513478, 8.0529257067718607, 2.5108481262327418, 9.9612097304404994, 2.5161078238001315, 10.185404339250493, 2.4572649572649574, 9.5719921104536496, 2.4947403024326102, 9.3458251150558844, 0.903353057199211]
[2.5034246575342465, 8.6722602739726025, 2.493150684931507, 4.4715753424657532, 2.5126712328767122, 5.0568493150684928, 2.506849315068493, 3.5249999999999999, 2.507191780821918, 3.8736301369863013, 0.79041095890410962]
min_dist=56.8022636222
seed array
[array([  1.,  12.,   3.,   8.,   3.,   2.,   3.,   5.,   1.,  11.,   0.]), array([  3.,  10.,   2.,   6.,   3.,   3.,   3.,   6.,   4.,   5.,   1.]), array([  3.,  10.,   4.,   3.,   3.,   6.,   1.,   3.,   4.,   5.,   1.]), array([  4.,   5.,   4.,   7.,   1.,   2.,   4.,  12.,   3.,   8.,   0.]), array([  1.,   8.,   3.,  11.,   1.,   5.,   2.,   8.,   4.,   9.,   1.]), array([  1.,   3.,   1.,   5.,   4.,   7.,   4.,   4.,   2.,  10.,   0.]), array([  2.,  11.,   4.,   2.,   2.,   7.,   4.,  10.,   2.,   3.,   0.])]
将numpy 数组 转化为 多维空间 point
开始 Kmeans
划定聚类中心
开始迭代
迭代中.
迭代结束
迭代次数 count=100
[2.4788620047859613, 10.235841531507578, 2.4953469821855889, 4.3203935123637329, 2.4799255517149694, 4.8936453070991757, 2.5232650890720554, 8.9736772135070453, 2.4913586812018078, 9.2196224408402028, 0.57963307630949212]
[2.5356309924850997, 7.9264058046125943, 2.4801762114537445, 9.1407100285047935, 2.5332987820678934, 3.6973309147447524, 2.4908007255765741, 4.0611557398289708, 2.4923555325213784, 4.4571132417724799, 0.64265353718579943]
[2.4776441566450815, 10.321307431390688, 2.5016959605303732, 5.2013567684242981, 2.5581251927227875, 10.091273512180081, 2.5177304964539009, 3.9071847055195805, 2.5127967930928152, 5.8803576934936785, 0.54054887449892075]
[2.5556280587275695, 4.6743882544861339, 2.5344208809135398, 9.9435562805872753, 2.4763458401305058, 3.931484502446982, 2.4854812398042414, 9.4022838499184331, 2.5102773246329528, 9.3703099510603582, 0.56606851549755299]
[2.4976009031893875, 7.8732712390629409, 2.4919559695173583, 10.556308213378493, 2.5218741179791135, 10.177533163985323, 2.4597798475867907, 9.3471634208298049, 2.5156646909398814, 5.6977138018628279, 0.77166243296641268]
[2.5085139318885448, 3.9251805985552117, 2.4974200206398347, 6.4674922600619196, 2.4873581011351908, 8.7154282765737872, 2.4907120743034055, 3.9334365325077401, 2.4747162022703817, 9.9739422084623328, 0.5619195046439629]
[2.5105105105105103, 4.0835380835380839, 2.4903084903084904, 3.8460278460278459, 2.5159705159705159, 7.6808626808626812, 2.503139503139503, 9.37947037947038, 2.4903084903084904, 4.2661752661752663, 0.67567567567567566]
error_afkmc2             = 1130932.39195    during_afkmc2 = 249.013543129
error_kpp                = 1129269.54307    during_kpp = 250.336608887
error_afkmc2_with_weight = 1127665.04924    during_afkmc2_with_weight = 255.980883121

Process finished with exit code 0
