/usr/bin/python /Users/sahara/PycharmProjects/Kmeans/testKmeans.py
初始化数组
afkmc2
seed array
[array([  3.,   7.,   1.,  10.,   2.,   4.,   1.,   9.,   3.,   8.,   0.]), array([  4.,   9.,   2.,   2.,   4.,  10.,   2.,  13.,   3.,   2.,   1.]), array([  1.,  11.,   4.,  12.,   4.,   1.,   1.,   9.,   3.,   2.,   0.]), array([  4.,  12.,   1.,   4.,   3.,   1.,   2.,   4.,   1.,   5.,   1.]), array([  3.,   9.,   4.,  13.,   4.,   4.,   1.,   1.,   2.,   3.,   0.]), array([  3.,   5.,   2.,  10.,   4.,  11.,   4.,   2.,   1.,   9.,   0.]), array([  2.,  12.,   3.,  13.,   2.,   2.,   4.,  13.,   2.,   5.,   1.])]
将numpy 数组 转化为 多维空间 point
开始 Kmeans
划定聚类中心
开始迭代
迭代中.
迭代结束
迭代次数 count=100
[2.5248769819573536, 4.0158556588299614, 2.5158556588299619, 8.9171678512848551, 2.4915254237288136, 3.8838162930563147, 2.5082012028430838, 6.9737561509021324, 2.4781301257517767, 9.9950792782941491, 0.55740841990158552]
[2.4988517478948711, 4.8910436335799945, 2.4817555498851749, 4.2352640979841798, 2.5389129880071448, 9.0170961980096962, 2.5039550905843329, 10.016841030875224, 2.5202857871906099, 4.6320489920898185, 0.59453942332227605]
[2.5450176225568728, 8.1954501762255685, 2.5091316885613586, 10.038769625120153, 2.5152194809355977, 4.4975969240628002, 2.4729253444408843, 10.040051265619994, 2.519064402435117, 3.9343159243832106, 0.5700096123037488]
[2.4907776669990032, 10.218843469591226, 2.4925224327018944, 3.8008474576271185, 2.4952642073778666, 4.078015952143569, 2.5009970089730809, 6.149052841475573, 2.4830508474576272, 7.5107178464606186, 0.60618145563310066]
[2.4898490369599169, 7.1897449245184797, 2.4580947423217077, 9.3521603331598122, 2.5085892764185318, 8.2865694950546587, 2.5307131702238417, 3.3042686100989069, 2.4846434148880792, 3.7621030713170223, 0.5752212389380531]
[2.5111758989310009, 4.9190152251376738, 2.5170068027210886, 4.0754778101716873, 2.4975704567541301, 9.693553611920958, 2.4787819889860705, 3.8885649497894397, 2.5050210560414641, 9.4065435698088766, 0.5746679624230645]
[2.5099377039454169, 9.4064075941857013, 2.5197270839513499, 9.2304954019578762, 2.5238801542568972, 10.002966478789677, 2.4645505784633639, 8.3539009196084244, 2.4956986057549688, 9.9433402551171763, 0.88134084841293381]
kpp
seed array
[array([  1.,   9.,   4.,   3.,   1.,   3.,   3.,  11.,   2.,   7.,   1.]), array([  3.,  10.,   4.,   7.,   2.,   5.,   2.,  13.,   4.,  12.,   0.]), array([  1.,   6.,   3.,   4.,   2.,  12.,   1.,   9.,   4.,   3.,   0.]), array([  1.,  12.,   3.,  13.,   4.,  12.,   4.,   1.,   1.,   2.,   1.]), array([  1.,   1.,   3.,   2.,   2.,  12.,   3.,   9.,   4.,  11.,   0.]), array([  2.,   9.,   3.,   2.,   3.,  10.,   3.,  11.,   4.,  13.,   0.]), array([ 4.,  6.,  3.,  4.,  2.,  2.,  4.,  3.,  4.,  1.,  0.])]
将numpy 数组 转化为 多维空间 point
开始 Kmeans
划定聚类中心
开始迭代
迭代中.
迭代结束
迭代次数 count=100
[2.4774153074027603, 9.9118569636135501, 2.5147427854454203, 3.9121706398996237, 2.479297365119197, 4.3444165621079049, 2.486511919698871, 9.5194479297365113, 2.479297365119197, 5.2456085319949812, 0.5790464240903388]
[2.5416119716461014, 7.3809398792333942, 2.530060383302704, 9.9275400367550546, 2.5003938041480702, 4.0060383302704121, 2.5056445261223419, 9.4723024415857182, 2.4975059070622212, 9.6245733788395906, 0.63875032817012334]
[2.5019344854268764, 3.8230590662883674, 2.4815579055971111, 5.2584472530306936, 2.5421717823059065, 9.4727882383286044, 2.4900696414753676, 9.922104720144441, 2.5130255352076349, 5.1617229816868715, 0.56332215630642246]
[2.5181197478991595, 10.070903361344538, 2.4887079831932772, 9.8109243697478998, 2.5265231092436973, 8.8495273109243691, 2.4968487394957983, 5.7788865546218489, 2.4950105042016806, 3.921481092436975, 0.58061974789915971]
[2.5254237288135593, 4.1088135593220336, 2.5077966101694917, 9.7335593220338978, 2.4989830508474578, 10.074576271186441, 2.4725423728813558, 5.1115254237288132, 2.4949152542372883, 9.7599999999999998, 0.58610169491525421]
[2.4981323372465316, 9.1747598719316965, 2.4869263607257204, 3.7395944503735326, 2.5322838847385274, 8.709178228388474, 2.522411953041622, 4.8375133404482389, 2.5186766275346852, 9.8588580576307372, 0.57230522945570972]
[2.4966942148760332, 4.2859504132231407, 2.4785123966942151, 6.7939393939393939, 2.4829201101928375, 3.7267217630853993, 2.4909090909090907, 3.7242424242424241, 2.4785123966942151, 5.528099173553719, 0.8228650137741047]
afkmc2_with_weight
kpp
seed array
[array([  1.,   7.,   1.,  10.,   1.,   5.,   3.,   8.,   2.,   8.,   1.]), array([ 4.,  1.,  4.,  3.,  1.,  7.,  1.,  1.,  3.,  3.,  2.]), array([  1.,   5.,   4.,   1.,   3.,   4.,   2.,   5.,   3.,  12.,   1.]), array([  2.,  12.,   3.,   2.,   2.,  13.,   4.,   4.,   4.,   3.,   0.]), array([  1.,  13.,   1.,   7.,   4.,  11.,   4.,  12.,   1.,  11.,   1.]), array([  2.,  11.,   2.,   8.,   2.,  13.,   2.,   2.,   3.,   8.,   1.]), array([  4.,  10.,   3.,  13.,   1.,  11.,   3.,   1.,   4.,   8.,   0.])]
将numpy 数组 转化为 多维空间 point
开始 Kmeans
划定聚类中心
开始迭代
迭代中..
迭代结束
迭代次数 count=5
[2.5536523929471033, 6.6874055415617129, 2.5267002518891686, 10.468261964735516, 2.4931989924433249, 3.9274559193954661, 2.4607052896725441, 9.9382871536523929, 2.5085642317380352, 6.2672544080604533, 0.54785894206549124]
[2.5007161271841878, 2.9762245774849614, 2.4843884273847037, 5.012030936694357, 2.5158980234889716, 8.3279862503580642, 2.5090232025207677, 6.5671727298768259, 2.4992838728158122, 3.854196505299341, 0.74334001718705245]
[2.5146860684451631, 5.9431420102398276, 2.4831581783885746, 4.429264349232013, 2.5082188089463755, 3.5963352196173539, 2.4882780921584478, 6.1891673403395311, 2.4694152519536514, 10.236593909997305, 0.57558609539207761]
[2.464696223316913, 10.466064586754243, 2.5145046524356869, 4.5290093048713738, 2.5024630541871922, 6.7394636015325666, 2.4983579638752054, 7.2807881773399012, 2.5197044334975369, 3.3119868637110015, 0.58210180623973728]
[2.4945858940591163, 7.4574187884108865, 2.4843429909277144, 6.7410008779631259, 2.5188762071992978, 10.063798653789874, 2.4922446590576528, 10.863037752414398, 2.4983904009364939, 9.4697102721685695, 0.80538484050336556]
[2.5299238302502722, 9.0529561117156323, 2.5157780195865072, 5.5825172288719624, 2.5368153790351831, 10.00145085237577, 2.5201305767138193, 3.5056220529561117, 2.5048966267682262, 9.9630032644178463, 0.54116793616249548]
[2.5034912718204487, 6.8012468827930173, 2.4778054862842893, 11.211471321695761, 2.5054862842892769, 7.6870324189526187, 2.5107231920199502, 3.7142144638403991, 2.4837905236907729, 6.4553615960099755, 0.56309226932668333]
min_dist=53.4826060126
seed array
[array([  1.,   6.,   4.,   9.,   2.,   5.,   2.,  11.,   4.,   6.,   1.]), array([  3.,   4.,   3.,   6.,   4.,   4.,   1.,   5.,   3.,  11.,   1.]), array([  3.,  12.,   2.,   4.,   3.,   8.,   4.,  10.,   4.,   4.,   1.]), array([ 4.,  3.,  2.,  5.,  1.,  7.,  4.,  5.,  2.,  6.,  1.]), array([  2.,   9.,   4.,   6.,   3.,  12.,   4.,  12.,   1.,  10.,   1.]), array([  3.,   6.,   1.,  10.,   1.,   6.,   1.,   4.,   2.,   5.,   1.]), array([  1.,   8.,   3.,  12.,   3.,   6.,   2.,   4.,   3.,   7.,   0.])]
将numpy 数组 转化为 多维空间 point
开始 Kmeans
划定聚类中心
开始迭代
迭代中.
迭代结束
迭代次数 count=100
[2.5471074380165288, 7.6831955922865012, 2.5176308539944903, 10.839118457300275, 2.4892561983471073, 4.6038567493112952, 2.4680440771349863, 10.28099173553719, 2.5159779614325068, 6.562258953168044, 0.62920110192837464]
[2.4946380697050938, 5.1319034852546919, 2.50857908847185, 7.5490616621983913, 2.484450402144772, 3.5495978552278822, 2.5112600536193028, 3.8276139410187668, 2.4911528150134048, 9.3434316353887397, 0.63404825737265413]
[2.4707818930041152, 10.195336076817558, 2.5152263374485595, 3.6828532235939644, 2.5028806584362142, 4.7563786008230453, 2.5053497942386831, 9.1451303155006851, 2.5001371742112481, 6.1064471879286693, 0.57530864197530862]
[2.5159469376234829, 3.6675134067174713, 2.4894157493649449, 4.4005080440304827, 2.5055038103302287, 8.0948348856900925, 2.5057860570138302, 7.3474456675134068, 2.4970364098221847, 3.4061529777025119, 0.71860005644933667]
[2.514252807371149, 4.0092139360783188, 2.5024474517708035, 7.1523178807947021, 2.5393031960840773, 9.9231212208465305, 2.473078030521163, 9.310682407140801, 2.4903541606680104, 10.062194068528649, 0.62165274978404839]
[2.5001353912808013, 8.4776604386677494, 2.4581640942323313, 10.105605199025183, 2.5347955591659899, 8.8047657730842133, 2.4914703493095045, 4.2515569997292175, 2.480097481722177, 3.9003520173300839, 0.5418359057676686]
[2.520631067961165, 9.8698422330097095, 2.4924150485436893, 5.0807038834951452, 2.5175970873786406, 9.8531553398058254, 2.5172936893203883, 4.439016990291262, 2.5075849514563107, 9.6450242718446599, 0.63197815533980584]
error_afkmc2             = 1130861.24379    during_afkmc2 = 231.073478937
error_kpp                = 1125353.13431    during_kpp = 233.013699055
error_afkmc2_with_weight = 1127432.88546    during_afkmc2_with_weight = 251.497127056

Process finished with exit code 0
