/usr/bin/python /Users/sahara/PycharmProjects/Kmeans/testKmeans.py
初始化数组
afkmc2
seed array
[array([  3.,  11.,   2.,   1.,   3.,   9.,   4.,  10.,   1.,   9.,   1.]), array([  4.,   4.,   4.,  10.,   4.,   3.,   1.,   2.,   2.,   7.,   0.]), array([  1.,  11.,   3.,   6.,   4.,   5.,   4.,  11.,   1.,  13.,   1.]), array([  4.,   5.,   1.,   9.,   4.,   9.,   2.,   5.,   1.,  10.,   2.]), array([ 4.,  2.,  2.,  1.,  4.,  7.,  3.,  1.,  2.,  4.,  1.]), array([  4.,  10.,   1.,   7.,   2.,   4.,   3.,  12.,   2.,  10.,   1.]), array([  1.,   4.,   1.,   1.,   2.,   6.,   1.,   9.,   2.,  11.,   0.])]
将numpy 数组 转化为 多维空间 point
开始 Kmeans
划定聚类中心
开始迭代
迭代中.
迭代结束
迭代次数 count=100
[2.4414333032219213, 9.8596808190304124, 2.5257452574525745, 4.0520927431496538, 2.5224330021077987, 8.7015959048479381, 2.4679313459801264, 8.8816621499548329, 2.5043661547726588, 3.8220415537488708, 0.57091237579042453]
[2.5051892551892552, 6.5204517704517704, 2.4917582417582418, 10.14041514041514, 2.4935897435897436, 3.4447496947496949, 2.496947496947497, 3.686202686202686, 2.4774114774114775, 7.5015262515262515, 0.56684981684981683]
[2.5177111716621252, 10.160762942779291, 2.480926430517711, 4.220980926430518, 2.5321525885558582, 5.5978201634877385, 2.5223433242506812, 5.8119891008174385, 2.4790190735694821, 10.211716621253405, 0.58610354223433248]
[2.5123359580052496, 7.7364829396325456, 2.4981627296587927, 10.299475065616798, 2.5034120734908138, 10.831233595800525, 2.4829396325459316, 4.7564304461942255, 2.4989501312335958, 6.7766404199475065, 0.61916010498687668]
[2.5229202037351444, 3.543010752688172, 2.4881154499151106, 4.0022637238256928, 2.4779286926994906, 7.3030560271646863, 2.5181097906055463, 4.6174306734578385, 2.5025466893039048, 4.8290888511601588, 0.80249009620826262]
[2.5295387105476128, 7.3393579714054491, 2.513353115727003, 10.002158079309414, 2.4877259239277043, 4.6601025087671974, 2.4852980847046129, 10.590234691124898, 2.5157809549500945, 5.0272457512813595, 0.60507148637712438]
[2.5254604550379196, 3.887323943661972, 2.4875406283856987, 6.1738894907908994, 2.5528169014084505, 8.2193932827735647, 2.4967497291440952, 10.030065005417118, 2.5016251354279522, 10.257854821235103, 0.59398699891657636]
kpp
seed array
[array([  2.,   5.,   4.,   9.,   3.,  10.,   1.,   9.,   4.,   5.,   2.]), array([  2.,  11.,   3.,   3.,   1.,  13.,   1.,   1.,   4.,  11.,   1.]), array([  2.,  13.,   1.,   3.,   1.,   9.,   1.,   1.,   4.,   9.,   1.]), array([  3.,   7.,   4.,   1.,   2.,  12.,   3.,  13.,   3.,   3.,   0.]), array([  4.,  10.,   4.,  13.,   3.,   7.,   1.,   5.,   3.,   3.,   0.]), array([  1.,   7.,   2.,  12.,   3.,   8.,   2.,   8.,   2.,   9.,   1.]), array([ 1.,  2.,  4.,  1.,  2.,  3.,  3.,  6.,  2.,  2.,  1.])]
将numpy 数组 转化为 多维空间 point
开始 Kmeans
划定聚类中心
开始迭代
迭代中.
迭代结束
迭代次数 count=100
[2.5006535947712418, 3.6866013071895423, 2.4699346405228759, 7.7836601307189541, 2.5558823529411763, 9.9493464052287575, 2.4944444444444445, 10.027450980392157, 2.5186274509803921, 4.5669934640522873, 0.5794117647058824]
[2.5255302435192459, 4.8567687876407435, 2.5129615082482326, 7.0649384655669021, 2.5134852055511914, 10.315265776381251, 2.4886095836606441, 4.5501440167583134, 2.5053678973553288, 10.129615082482324, 0.55119141136423144]
[2.5382155420530861, 9.9677006715701957, 2.4630636392708665, 5.1685321394307646, 2.5132715062360091, 4.5174288455388547, 2.5155100735529263, 4.1151263191557401, 2.4953629677006717, 9.8711224816117689, 0.56603773584905659]
[2.4629002863837544, 9.8690445196563399, 2.5368393647487633, 3.5631346003644886, 2.5079406404582141, 8.164540484248894, 2.4873730799271021, 9.7729757875553247, 2.4761780786253578, 5.914345222598282, 0.57276750846133817]
[2.5011789363374377, 10.097458737228189, 2.4770762378831543, 10.182604139376474, 2.5061566675399529, 7.6858789625360231, 2.4930573749017553, 5.1142258318050828, 2.5103484411841759, 4.1281110820015723, 0.58422845166361015]
[2.5321530851340799, 6.32621713095548, 2.5272064566519137, 9.4051028378026551, 2.4904972663368916, 4.0661286123405365, 2.5063785472533193, 10.08799791720906, 2.517833897422546, 9.5256443634470198, 0.62744077063264769]
[2.5041369472182597, 3.7674750356633382, 2.4835948644793153, 5.6450784593437948, 2.4927246790299571, 4.3206847360912981, 2.4887303851640512, 4.8202567760342365, 2.4582025677603423, 4.4362339514978606, 0.86932952924393725]
afkmc2_with_weight
kpp
seed array
[array([  3.,   1.,   4.,   9.,   1.,  12.,   2.,   4.,   1.,  11.,   0.]), array([  4.,   3.,   3.,   8.,   3.,  12.,   4.,  10.,   2.,  10.,   1.]), array([ 2.,  7.,  2.,  8.,  2.,  4.,  1.,  1.,  2.,  9.,  0.]), array([  3.,   8.,   2.,   1.,   1.,  13.,   1.,   8.,   1.,   1.,   2.]), array([  2.,   5.,   1.,   3.,   2.,  10.,   3.,   2.,   2.,   1.,   0.]), array([  1.,  11.,   1.,   6.,   2.,  12.,   3.,   8.,   4.,   8.,   1.]), array([ 2.,  2.,  3.,  7.,  2.,  7.,  4.,  9.,  1.,  1.,  1.])]
将numpy 数组 转化为 多维空间 point
开始 Kmeans
划定聚类中心
开始迭代
迭代中..
迭代结束
迭代次数 count=5
[2.5057151683657706, 4.2008032128514055, 2.5016991041087429, 8.9586036453506335, 2.5004633920296571, 9.9542786530738336, 2.486870559159716, 3.9972196478220576, 2.4871794871794872, 9.1804139635464939, 0.5115848007414272]
[2.5224376731301938, 4.0581717451523547, 2.4858725761772855, 5.7263157894736842, 2.5243767313019392, 6.8556786703601107, 2.5069252077562325, 10.327700831024931, 2.5044321329639887, 10.149861495844876, 0.55678670360110805]
[2.4947368421052634, 8.4897129186602864, 2.4882775119617224, 7.1746411483253585, 2.4839712918660286, 2.9765550239234448, 2.5102870813397131, 4.2476076555023923, 2.5021531100478467, 8.8270334928229666, 0.58779904306220099]
[2.4722963951935912, 8.7169559412550068, 2.531708945260347, 3.5387182910547397, 2.5360480640854473, 8.0557409879839792, 2.4819759679572764, 10.08177570093458, 2.4829773030707609, 3.9055407209612816, 0.54739652870493993]
[2.4903388406608795, 6.9126295155418651, 2.4698963875665081, 4.9515541865023804, 2.5205824698963877, 8.6087930551666201, 2.5214225707084852, 3.2430691683001962, 2.5051806216746009, 3.8316998039764774, 0.70540464855782692]
[2.53020511379601, 11.108176454060128, 2.509974711997752, 8.3166619837032876, 2.5009834223096377, 9.0356841809497048, 2.5043551559426804, 8.1663388592301214, 2.5009834223096377, 8.9584152851924692, 0.83956167462770437]
[2.5392792325641689, 5.4137931034482758, 2.5037593984962405, 9.8213637542131185, 2.5125745397977703, 4.9198859217008035, 2.4570910033704951, 9.023593466424682, 2.4944257194710917, 3.5302048224008296, 0.58724397199896294]
min_dist=52.362326322
seed array
[array([ 4.,  7.,  2.,  6.,  1.,  2.,  3.,  4.,  4.,  9.,  0.]), array([  4.,  11.,   4.,   8.,   1.,  11.,   3.,   9.,   1.,  10.,   1.]), array([ 3.,  7.,  4.,  6.,  1.,  9.,  2.,  4.,  1.,  3.,  0.]), array([  3.,   5.,   3.,   6.,   2.,   5.,   2.,  13.,   1.,   9.,   1.]), array([  4.,   8.,   3.,   1.,   4.,   7.,   3.,  10.,   1.,   3.,   0.]), array([  4.,  10.,   2.,   7.,   4.,   1.,   1.,   4.,   1.,   8.,   0.]), array([  4.,  10.,   4.,   7.,   4.,   5.,   2.,   6.,   3.,   9.,   0.])]
将numpy 数组 转化为 多维空间 point
开始 Kmeans
划定聚类中心
开始迭代
迭代中.
迭代结束
迭代次数 count=100
[2.511774370208105, 3.822015334063527, 2.5334063526834609, 4.3781489594742604, 2.5079408543263964, 5.6366374589266153, 2.4942497261774372, 4.1133625410733847, 2.4857612267250819, 8.9731653888280398, 0.71851040525739318]
[2.5056512378902047, 10.465285252960172, 2.5032292787944024, 6.7198600645855757, 2.5199138858988159, 10.21286329386437, 2.4997308934337998, 4.9819698600645852, 2.4943487621097953, 9.111410118406889, 0.68164693218514527]
[2.4968071519795658, 4.41602809706258, 2.4537037037037037, 10.158045977011493, 2.5121328224776502, 9.9236909323116222, 2.4971264367816093, 4.4450830140485316, 2.495530012771392, 5.1229246487867179, 0.53831417624521072]
[2.5444005270092225, 5.1615283267457182, 2.5220026350461131, 10.491699604743083, 2.4914361001317524, 5.6658761528326744, 2.4814229249011857, 10.095652173913043, 2.5069828722002634, 8.8798418972332023, 0.6411067193675889]
[2.5060865060865063, 5.7588707588707591, 2.4856254856254858, 4.4087024087024087, 2.5190365190365189, 9.460502460502461, 2.4905464905464907, 9.947163947163947, 2.5003885003885005, 4.1613571613571612, 0.58378658378658377]
[2.5131027253668763, 9.6388888888888893, 2.4853249475890986, 8.8045073375262053, 2.5259433962264151, 3.9512578616352201, 2.4965932914046123, 5.1273584905660377, 2.4971174004192873, 4.0511006289308176, 0.59643605870020966]
[2.4746543778801842, 9.7656352863726141, 2.4940750493745885, 4.0204081632653059, 2.4917709019091507, 4.1803818301514157, 2.5161290322580645, 9.8383805134957214, 2.5009874917709021, 8.6372613561553653, 0.56912442396313367]
error_afkmc2             = 1130113.1982    during_afkmc2 = 234.396224022
error_kpp                = 1128868.80477    during_kpp = 236.054651976
error_afkmc2_with_weight = 1128396.46436    during_afkmc2_with_weight = 255.441802025

Process finished with exit code 0
