/usr/bin/python /Users/sahara/PycharmProjects/Kmeans/testKmeans.py
初始化数组
afkmc2
seed array
[array([  2.,   8.,   1.,  10.,   2.,   5.,   4.,   3.,   3.,   8.,   1.]), array([  1.,   1.,   4.,   9.,   3.,  13.,   4.,  13.,   2.,   9.,   2.]), array([  2.,   6.,   3.,   7.,   2.,   1.,   4.,  10.,   4.,  11.,   0.]), array([  2.,  13.,   4.,   1.,   2.,  10.,   2.,   7.,   3.,   4.,   0.]), array([  3.,  12.,   2.,  10.,   4.,   9.,   2.,   5.,   3.,   9.,   1.]), array([  1.,  11.,   4.,   8.,   2.,   4.,   2.,  10.,   1.,  10.,   1.]), array([  2.,   2.,   1.,  13.,   3.,   4.,   2.,   1.,   2.,   6.,   0.])]
将numpy 数组 转化为 多维空间 point
开始 Kmeans
划定聚类中心
开始迭代
迭代中.
迭代结束
迭代次数 count=100
[2.5228387096774192, 10.252903225806451, 2.4810322580645163, 4.556387096774194, 2.5184516129032257, 6.4327741935483873, 2.528774193548387, 4.2629677419354834, 2.4936774193548388, 9.4983225806451621, 0.57883870967741935]
[2.5091487669053301, 4.0551577830814107, 2.4966852293821269, 8.8249801113762931, 2.5176345796870856, 10.405993105277116, 2.4805091487669055, 6.4197825510474678, 2.4847520551577831, 9.7109520021214539, 0.61389551843012469]
[2.5079575596816976, 5.4486074270557028, 2.4920424403183024, 4.0911803713527854, 2.5033156498673739, 4.6627984084880634, 2.5271883289124668, 10.195291777188329, 2.5089522546419096, 9.8246021220159143, 0.58255968169761274]
[2.4874182184197284, 6.5946149974836441, 2.5105686965274283, 3.9104177151484651, 2.5193759436336185, 9.3266230498238549, 2.4952189229994968, 9.1414192249622541, 2.5133366884750883, 3.7274786109713136, 0.57649723200805236]
[2.4875735775016352, 9.8790058862001313, 2.4810333551340746, 9.6075866579463707, 2.5107913669064748, 9.543165467625899, 2.4950948332243295, 4.4316546762589928, 2.512753433616743, 4.2017658600392416, 0.57652060170045782]
[2.5298605630097342, 8.6827150749802691, 2.5338068929229149, 10.484872401999473, 2.4956590370955012, 4.5609050249934224, 2.4714548802946594, 10.158379373848987, 2.5035516969218627, 6.527492765061826, 0.62878189950013152]
[2.5132290184921762, 4.0045519203413944, 2.4830725462304408, 7.7889046941678517, 2.5041251778093883, 3.8719772403982931, 2.4773826458036985, 3.8867709815078237, 2.4665718349928878, 5.2938833570412518, 0.78975817923186342]
kpp
seed array
[array([  4.,   8.,   3.,  12.,   2.,   1.,   3.,   4.,   1.,  10.,   0.]), array([  3.,   1.,   3.,   5.,   4.,  10.,   2.,   5.,   3.,   9.,   1.]), array([  4.,   8.,   3.,   8.,   1.,  11.,   3.,   3.,   2.,   9.,   1.]), array([ 1.,  4.,  3.,  5.,  1.,  8.,  1.,  2.,  1.,  1.,  0.]), array([ 2.,  5.,  3.,  4.,  1.,  2.,  1.,  8.,  1.,  1.,  0.]), array([  4.,   9.,   1.,  11.,   3.,  12.,   4.,  12.,   4.,  11.,   2.]), array([  1.,  13.,   3.,  10.,   3.,   8.,   4.,   8.,   1.,   4.,   1.])]
将numpy 数组 转化为 多维空间 point
开始 Kmeans
划定聚类中心
开始迭代
迭代中.
迭代结束
迭代次数 count=100
[2.4951158247278817, 7.8459391571308963, 2.4803237510466092, 7.8621267094613456, 2.4903711973206808, 3.5018141222439296, 2.5185598660340496, 3.4370639129221323, 2.5006977393245884, 9.4046888082612341, 0.58303097962601169]
[2.5152660657167782, 4.171561500436173, 2.5068333817970339, 3.5475428903751092, 2.5411456818842688, 9.6885722593777253, 2.4853154986914801, 8.5588833963361441, 2.4821168944460599, 8.8386158767083458, 0.54521663274207621]
[2.5029085140137495, 10.098625066102592, 2.5193019566367001, 6.1615547329455316, 2.5457429931253306, 10.446060285563194, 2.5079323109465892, 3.9357482813326281, 2.5195663670015866, 7.2493389740877845, 0.56002115282919085]
[2.5123406563601844, 3.3186872796311366, 2.454570111201519, 7.5234608082451855, 2.5063737455926227, 6.9945755356658532, 2.4998643883916465, 4.689720640086791, 2.4711147274206673, 3.5020341741253049, 0.75698399783021431]
[2.4709239130434781, 9.1429347826086964, 2.5146739130434783, 3.6021739130434782, 2.4915760869565218, 4.1277173913043477, 2.4880434782608694, 9.554347826086957, 2.4926630434782608, 6.159782608695652, 0.60163043478260869]
[2.5534262485481998, 4.9488966318234615, 2.5081300813008132, 10.471254355400697, 2.4907084785133566, 6.935830429732869, 2.4878048780487805, 9.3902439024390247, 2.4985481997677121, 10.054006968641115, 0.69047619047619047]
[2.5148748159057437, 9.241237113402061, 2.5007363770250368, 10.219145802650957, 2.5045655375552283, 7.4182621502209134, 2.4818851251840943, 9.4863033873343152, 2.516642120765832, 3.6589101620029454, 0.60972017673048606]
afkmc2_with_weight
kpp
seed array
[array([  3.,   4.,   4.,  10.,   2.,   8.,   4.,   4.,   3.,  12.,   1.]), array([  2.,  11.,   1.,   6.,   1.,   8.,   4.,   5.,   1.,   1.,   0.]), array([ 3.,  1.,  3.,  9.,  3.,  6.,  1.,  8.,  1.,  2.,  0.]), array([  1.,   4.,   3.,   7.,   2.,  10.,   3.,  12.,   1.,  10.,   1.]), array([  2.,  13.,   1.,  12.,   1.,   9.,   2.,   5.,   4.,  13.,   1.]), array([ 3.,  7.,  1.,  8.,  2.,  7.,  3.,  8.,  4.,  4.,  2.]), array([  2.,   4.,   1.,  13.,   3.,   1.,   3.,   5.,   4.,   6.,   0.])]
将numpy 数组 转化为 多维空间 point
开始 Kmeans
划定聚类中心
开始迭代
迭代中..
迭代结束
迭代次数 count=5
[2.4990848078096399, 3.9514948139109212, 2.5103721781574131, 5.877364246491763, 2.490543014032947, 8.3169615619280055, 2.4832214765100673, 3.4771201952410005, 2.4743746186699207, 9.9411226357535085, 0.55094569859670528]
[2.5092127303182581, 9.7560022333891681, 2.4944165270798435, 5.0625348967057509, 2.5142378559463987, 8.2118927973199334, 2.5120044667783361, 3.7691233947515355, 2.5122836404243438, 4.0703517587939695, 0.5901730876605249]
[2.5114192495921697, 3.162588363240892, 2.4630233822729743, 7.2253942359978245, 2.542958129418162, 8.5818379554105491, 2.5067971723762916, 7.8942359978249046, 2.5100598151169113, 3.3920609026644915, 0.66530723219140842]
[2.5282561894510227, 5.3759418729817003, 2.4849300322927879, 5.0317545748116252, 2.5468245425188374, 7.5670075349838539, 2.5037674919268031, 10.694833153928956, 2.4951560818083962, 10.148008611410118, 0.61894510226049515]
[2.5268505079825836, 10.883599419448476, 2.49288824383164, 8.3494920174165461, 2.5184325108853409, 7.5973875181422352, 2.4966618287373006, 5.8638606676342526, 2.513497822931785, 10.429027576197388, 0.73207547169811316]
[2.4726488817030452, 10.007275666936136, 2.5251953651306924, 6.9970358393963892, 2.4742656965777416, 5.809215844785772, 2.5044462409054162, 10.63433036917273, 2.4888170304500137, 4.2980328752357853, 0.60603610886553494]
[2.5141666666666667, 5.7811111111111115, 2.5144444444444445, 10.561666666666667, 2.4822222222222221, 3.1477777777777778, 2.4627777777777777, 5.6361111111111111, 2.4858333333333333, 6.9186111111111108, 0.58250000000000002]
min_dist=55.454862154
seed array
[array([ 2.,  5.,  2.,  7.,  3.,  9.,  4.,  7.,  1.,  1.,  1.]), array([  3.,   3.,   4.,   4.,   1.,   8.,   2.,   2.,   1.,  10.,   0.]), array([  3.,   2.,   2.,   8.,   3.,  11.,   3.,   8.,   3.,   1.,   1.]), array([  3.,   5.,   1.,  11.,   2.,   2.,   4.,   3.,   2.,   5.,   1.]), array([  1.,  11.,   1.,  10.,   3.,   7.,   1.,   4.,   2.,  10.,   1.]), array([  4.,   7.,   1.,  11.,   2.,   4.,   1.,   6.,   2.,   8.,   0.]), array([ 3.,  9.,  1.,  7.,  1.,  8.,  3.,  4.,  4.,  3.,  0.])]
将numpy 数组 转化为 多维空间 point
开始 Kmeans
划定聚类中心
开始迭代
迭代中.
迭代结束
迭代次数 count=100
[2.4815220366821791, 7.750342184505886, 2.5313441007391186, 3.9926088146728715, 2.4990418833835202, 6.098275390090337, 2.4965781549411443, 10.257049000821242, 2.4861757459622229, 3.7476047084588009, 0.58581987407610181]
[2.5188118811881188, 3.7253182461103251, 2.4973125884016971, 3.4944837340876944, 2.5272984441301274, 9.4995756718528988, 2.507213578500707, 7.0302687411598299, 2.5083451202263083, 8.8540311173974544, 0.5592644978783593]
[2.5024306548470117, 4.7826708607377748, 2.4675436088075493, 10.507291964541036, 2.5347440663425793, 10.690020017157563, 2.4778381469831285, 7.9708321418358592, 2.5027166142407777, 6.9419502430654845, 0.65856448384329425]
[2.5070892410341949, 4.0013900472616069, 2.4945788156797333, 8.1281623575201554, 2.4984709480122325, 3.7595218237420074, 2.5054211843202667, 3.7422852376980815, 2.4776202390881288, 6.5507367250486519, 0.75840978593272168]
[2.5212564310858379, 10.478743568914162, 2.4763065258597345, 5.0078526942864876, 2.5245058218250747, 6.6829136203628483, 2.5052802599512591, 5.4224207961007309, 2.4749526130517197, 10.518007040346601, 0.62388302193338752]
[2.5334088335220839, 7.8887315968289924, 2.5251981879954699, 10.233861834654586, 2.4776330690826729, 3.9159116647791619, 2.4773499433748585, 10.185447338618346, 2.5331257078142695, 8.3077576443941101, 0.61891279728199322]
[2.4970025692263773, 10.217242363688268, 2.4912931772766203, 7.9548958035969166, 2.5101341707108191, 8.6066228946617187, 2.5009991435912076, 3.9894376248929491, 2.5001427347987439, 3.7465029974307735, 0.54153582643448472]
error_afkmc2             = 1128342.91693    during_afkmc2 = 231.122138023
error_kpp                = 1130794.15755    during_kpp = 233.450261116
error_afkmc2_with_weight = 1127788.2302    during_afkmc2_with_weight = 250.37856698

Process finished with exit code 0
