/usr/bin/python /Users/sahara/PycharmProjects/Kmeans/testKmeans.py
初始化数组
afkmc2
seed array
[array([  4.,  13.,   1.,  12.,   3.,  10.,   2.,   9.,   2.,   1.,   0.]), array([  2.,   4.,   3.,   1.,   1.,   4.,   3.,  12.,   1.,   8.,   1.]), array([  4.,  10.,   3.,   2.,   1.,  11.,   2.,   4.,   1.,   8.,   0.]), array([  2.,   2.,   3.,   8.,   2.,  11.,   3.,   2.,   3.,   7.,   1.]), array([  3.,   2.,   3.,  13.,   1.,   5.,   4.,   9.,   2.,  13.,   1.]), array([  1.,   7.,   4.,   8.,   3.,  10.,   4.,   4.,   4.,   6.,   0.]), array([  4.,  10.,   2.,  10.,   1.,   4.,   2.,  12.,   2.,   9.,   1.])]
将numpy 数组 转化为 多维空间 point
开始 Kmeans
划定聚类中心
开始迭代
迭代中.
迭代结束
迭代次数 count=100
[2.5021540118470651, 8.8505654281098547, 2.4827679052234788, 9.4787291330102317, 2.5156165858912223, 10.086160473882606, 2.4830371567043619, 8.9380721593968762, 2.4951534733441032, 4.0993537964458806, 0.64001077005923535]
[2.5166023166023166, 4.4751608751608751, 2.506048906048906, 3.9799227799227799, 2.4857142857142858, 5.5976833976833973, 2.5016731016731018, 10.422136422136422, 2.5117117117117118, 6.2007722007722004, 0.6043758043758044]
[2.5060865060865063, 10.156695156695157, 2.4985754985754984, 3.9567469567469566, 2.5356125356125356, 7.712768712768713, 2.5094535094535093, 6.1950271950271949, 2.4848484848484849, 10.181041181041181, 0.58300958300958305]
[2.4770992366412212, 5.2650936849410135, 2.4888965995836223, 3.9385843164469119, 2.5194309507286605, 9.9424011103400414, 2.5117973629424011, 4.1530187369882023, 2.5100624566273422, 4.3504510756419155, 0.65301873698820267]
[2.5282312014985284, 3.8300776023548302, 2.4990634198554988, 9.4292213005084289, 2.502809740433503, 8.7366871822317371, 2.4765854963874765, 5.0171260369280173, 2.4913031843724913, 9.9561145303719556, 0.58683435911158688]
[2.5078822911192855, 8.1234892275354706, 2.4947451392538098, 8.2075669994745137, 2.5254860746190224, 3.5530740935365213, 2.4858118759852865, 3.8342091434576986, 2.4960588544403572, 4.4319495533368363, 0.65764582238570679]
[2.5171199999999998, 8.0236800000000006, 2.51424, 10.12992, 2.4847999999999999, 3.71584, 2.5081600000000002, 9.8287999999999993, 2.4944000000000002, 9.24864, 0.63392000000000004]
kpp
seed array
[array([  4.,   9.,   4.,  12.,   1.,   1.,   2.,   1.,   4.,   6.,   1.]), array([  2.,   4.,   2.,   2.,   3.,   1.,   1.,  10.,   4.,   7.,   0.]), array([ 1.,  2.,  1.,  7.,  3.,  2.,  4.,  1.,  4.,  5.,  1.]), array([  1.,   4.,   2.,   2.,   3.,   4.,   4.,   2.,   1.,  12.,   2.]), array([  4.,  10.,   1.,  10.,   1.,   9.,   3.,  13.,   3.,  12.,   1.]), array([  2.,   7.,   4.,   9.,   3.,  11.,   1.,  11.,   1.,   5.,   1.]), array([  2.,  12.,   4.,   2.,   1.,   8.,   3.,  11.,   4.,  10.,   0.])]
将numpy 数组 转化为 多维空间 point
开始 Kmeans
划定聚类中心
开始迭代
迭代中.
迭代结束
迭代次数 count=100
[2.5097087378640777, 10.348705501618124, 2.4886731391585761, 9.968985976267529, 2.5048543689320391, 5.8478964401294498, 2.5218446601941746, 3.8446601941747574, 2.5202265372168284, 6.0010787486515644, 0.55177993527508096]
[2.4758789860997545, 8.2504769692014168, 2.5004088307440719, 3.5581902425729082, 2.5080403379667486, 4.0645952575633686, 2.4985009539384029, 9.9760152630144461, 2.4731534478059416, 6.3723085309348599, 0.5737258108476424]
[2.5272305909617612, 3.5955967555040558, 2.4768250289687139, 5.9466975666280417, 2.4852259559675551, 5.4255504055619932, 2.5069524913093857, 3.8815179606025492, 2.4739281575898029, 4.4049826187717267, 0.84414831981460026]
[2.505750350631136, 3.7130434782608694, 2.5110799438990181, 6.7122019635343619, 2.5158485273492288, 9.84039270687237, 2.4833099579242637, 5.8970546984572234, 2.4925666199158485, 10.455539971949509, 0.54389901823281905]
[2.5472417840375585, 6.290786384976526, 2.540786384976526, 10.086854460093896, 2.4753521126760565, 3.954518779342723, 2.5017605633802815, 9.2749413145539901, 2.5090962441314555, 9.827464788732394, 0.63497652582159625]
[2.5066560170394037, 6.3162939297124598, 2.473908413205538, 8.9635250266240689, 2.5268903088391905, 9.9558040468583595, 2.466986155484558, 9.9797657082002136, 2.5085197018104366, 3.9696485623003195, 0.62113951011714585]
[2.4915990730011588, 10.282444959443801, 2.4950753186558519, 3.7384125144843567, 2.5538818076477403, 9.8916570104287374, 2.4930475086906143, 5.5787949015063729, 2.5028968713789106, 8.0023174971031281, 0.58922363847045189]
afkmc2_with_weight
kpp
seed array
[array([  2.,   1.,   4.,   9.,   3.,   4.,   2.,  12.,   2.,   6.,   0.]), array([ 3.,  2.,  2.,  6.,  2.,  7.,  2.,  5.,  3.,  3.,  0.]), array([  1.,   3.,   3.,  13.,   1.,   5.,   1.,   2.,   2.,   3.,   1.]), array([ 3.,  2.,  2.,  2.,  4.,  5.,  3.,  6.,  1.,  2.,  3.]), array([  1.,   7.,   2.,   8.,   1.,  11.,   3.,   8.,   2.,  11.,   2.]), array([  2.,  11.,   1.,   3.,   4.,  13.,   3.,   1.,   4.,   4.,   0.]), array([  3.,  11.,   4.,   4.,   1.,   2.,   2.,   9.,   2.,   4.,   1.])]
将numpy 数组 转化为 多维空间 point
开始 Kmeans
划定聚类中心
开始迭代
迭代中..
迭代结束
迭代次数 count=5
[2.5583634175691938, 4.6314681107099878, 2.5027075812274369, 10.192539109506619, 2.5, 5.0165463297232247, 2.4831528279181709, 10.573104693140793, 2.5015042117930206, 7.0959687123947051, 0.55144404332129959]
[2.4929824561403509, 3.3880116959064326, 2.462280701754386, 6.412573099415205, 2.5271929824561403, 10.704970760233918, 2.5146198830409356, 6.8061403508771932, 2.5014619883040936, 4.6690058479532164, 0.55438596491228065]
[2.507940709370037, 7.1368448914769722, 2.4735309687665432, 10.514028586553732, 2.5074113287453681, 4.6191106405505558, 2.4896770778189516, 3.3051879301217575, 2.4846479618845949, 6.8631551085230278, 0.55637903652726306]
[2.5073056691992988, 4.2483927527761542, 2.4810052600818233, 3.190239625949737, 2.4877264757451782, 4.2255990648743422, 2.5014611338398596, 6.0911747516072472, 2.4856808883693748, 7.4514903565166568, 0.79456458211572178]
[2.5200101962783585, 7.6793270456283453, 2.5156767779760387, 7.2554167728778998, 2.5460107060922765, 10.336477185827173, 2.4779505480499617, 7.6915625796584246, 2.5016568952332401, 11.01121590619424, 0.74815192454754009]
[2.4837853773584904, 10.50058962264151, 2.5020636792452828, 5.7612028301886795, 2.5306603773584904, 10.042747641509434, 2.4988207547169812, 4.8832547169811322, 2.5088443396226414, 4.6173349056603774, 0.55896226415094341]
[2.492135430551853, 10.856838176486271, 2.5425219941348973, 5.5905091975473207, 2.4713409757398028, 4.1620901093041853, 2.5075979738736338, 9.3681684884030929, 2.4982671287656624, 6.4772060783790986, 0.57424686750199949]
min_dist=55.1537508463
seed array
[array([  2.,  12.,   3.,   4.,   2.,   8.,   2.,   3.,   3.,   5.,   0.]), array([  2.,   5.,   3.,   5.,   2.,  10.,   2.,   9.,   2.,  11.,   1.]), array([  1.,   5.,   3.,  12.,   4.,   5.,   1.,  10.,   1.,   9.,   1.]), array([ 3.,  9.,  3.,  7.,  3.,  4.,  3.,  8.,  4.,  9.,  1.]), array([  3.,   2.,   4.,  10.,   2.,   6.,   2.,  10.,   2.,   8.,   1.]), array([  3.,   6.,   3.,  12.,   3.,   3.,   4.,   4.,   1.,   9.,   0.]), array([  3.,   8.,   2.,   8.,   2.,  13.,   1.,   7.,   4.,   9.,   1.])]
将numpy 数组 转化为 多维空间 point
开始 Kmeans
划定聚类中心
开始迭代
迭代中.
迭代结束
迭代次数 count=100
[2.4788398934596034, 9.9316365788694885, 2.4800236756436815, 3.9751405741343593, 2.4924533885765019, 6.1373187333530632, 2.5019236460491268, 4.7972773009766199, 2.5173128144421426, 3.8872447469665583, 0.64516129032258063]
[2.5040462427745664, 4.1635838150289013, 2.4994219653179193, 5.6580924855491332, 2.5297687861271676, 10.308670520231214, 2.4823699421965317, 5.7338150289017342, 2.4927745664739884, 10.257803468208092, 0.55115606936416184]
[2.5582670688236906, 7.433506992048259, 2.5322182615848643, 10.625171373731835, 2.4847820126131066, 4.4891691801480667, 2.4740882917466411, 10.494927337537701, 2.4960241294214423, 6.7167534960241291, 0.6029613380860982]
[2.4880410022779045, 9.3485193621867886, 2.4894646924829158, 3.9530182232346243, 2.5156605922551254, 5.6110478359908882, 2.5170842824601367, 9.2371867881548972, 2.4968678815489751, 10.196469248291573, 0.58228929384965833]
[2.5032644178454841, 3.9842219804134928, 2.4752448313384114, 5.4357997823721433, 2.5397170837867247, 8.7581610446137113, 2.5, 9.501632208922743, 2.5029923830250271, 3.6683895538628946, 0.61316648531011975]
[2.5069387755102039, 4.6726530612244899, 2.5031292517006802, 8.7692517006802717, 2.4819047619047621, 3.6653061224489796, 2.5072108843537415, 3.6206802721088436, 2.4775510204081632, 7.751292517006803, 0.68000000000000005]
[2.5187107347719202, 9.6219612127833933, 2.5031412182463808, 10.263316033870527, 2.527178366566512, 10.181644359464627, 2.4892105981972139, 5.0893198579623053, 2.4990439770554493, 6.3463534553400711, 0.66948921059819722]
error_afkmc2             = 1131442.86375    during_afkmc2 = 240.227362871
error_kpp                = 1131538.1091    during_kpp = 242.941991091
error_afkmc2_with_weight = 1126230.96718    during_afkmc2_with_weight = 260.44038105

Process finished with exit code 0
